#
# A fatal error has been detected by the Java Runtime Environment:
#
#  EXCEPTION_ACCESS_VIOLATION (0xc0000005) at pc=0x00007ff980ef0465, pid=8676, tid=1224
#
# JRE version: OpenJDK Runtime Environment (11.0.15) (build 11.0.15+0-b2043.56-8887301)
# Java VM: OpenJDK 64-Bit Server VM (11.0.15+0-b2043.56-8887301, mixed mode, tiered, compressed oops, g1 gc, windows-amd64)
# Problematic frame:
# V  [jvm.dll+0x300465]
#
# No core dump will be written. Minidumps are not enabled by default on client versions of Windows
#
# If you would like to submit a bug report, please visit:
#   https://bugreport.java.com/bugreport/crash.jsp
#

---------------  S U M M A R Y ------------

Command Line: --add-opens=java.base/java.util=ALL-UNNAMED --add-opens=java.base/java.lang=ALL-UNNAMED --add-opens=java.base/java.lang.invoke=ALL-UNNAMED --add-opens=java.base/java.util=ALL-UNNAMED --add-opens=java.prefs/java.util.prefs=ALL-UNNAMED --add-opens=java.prefs/java.util.prefs=ALL-UNNAMED --add-opens=java.base/java.nio.charset=ALL-UNNAMED --add-opens=java.base/java.net=ALL-UNNAMED --add-opens=java.base/java.util.concurrent.atomic=ALL-UNNAMED -Xmx2048m -Dfile.encoding=UTF-8 -Duser.country=US -Duser.language=en -Duser.variant org.gradle.launcher.daemon.bootstrap.GradleDaemon 7.5

Host: Intel(R) Core(TM) i5-3230M CPU @ 2.60GHz, 4 cores, 3G,  Windows 10 , 64 bit Build 19041 (10.0.19041.2913)
Time: Thu Jun  8 22:19:48 2023 Sri Lanka Standard Time elapsed time: 2322.157956 seconds (0d 0h 38m 42s)

---------------  T H R E A D  ---------------

Current thread (0x000001e45970e800):  ConcurrentGCThread "G1 Conc#0" [stack: 0x00000070d2600000,0x00000070d2700000] [id=1224]

Stack: [0x00000070d2600000,0x00000070d2700000],  sp=0x00000070d26ff2a0,  free space=1020k
Native frames: (J=compiled Java code, j=interpreted, Vv=VM code, C=native code)
V  [jvm.dll+0x300465]
V  [jvm.dll+0x300342]
V  [jvm.dll+0x2f7c6d]
V  [jvm.dll+0x2f7811]
V  [jvm.dll+0x3090a3]
V  [jvm.dll+0x3084a0]
V  [jvm.dll+0x30ce06]
V  [jvm.dll+0x802c20]
V  [jvm.dll+0x78dc24]
V  [jvm.dll+0x6400f6]
C  [ucrtbase.dll+0x21bb2]
C  [KERNEL32.DLL+0x17614]
C  [ntdll.dll+0x526a1]


siginfo: EXCEPTION_ACCESS_VIOLATION (0xc0000005), reading address 0x0000000000000160


Register to memory mapping:

RIP=0x00007ff980ef0465 jvm.dll
RAX=0x000001e4596ec800 points into unknown readable memory: 0x0000000000000000 | 00 00 00 00 00 00 00 00
RBX=0x000001e4597101a0 points into unknown readable memory: 0x00007ff9814cbc60 | 60 bc 4c 81 f9 7f 00 00
RCX=0x0000000000000014 is an unknown value
RDX=0x0 is NULL
RSP=0x00000070d26ff2a0 points into unknown readable memory: 0x01d99a23d471bb45 | 45 bb 71 d4 23 9a d9 01
RBP=0x0 is NULL
RSI=0x000000010001ac30 is pointing into metadata
RDI=0x0000000000800000 is an unknown value
R8 =0x0000000000800000 is an unknown value
R9 =0x0 is NULL
R10=0x0 is NULL
R11=0x346dc5d63886594b is an unknown value
R12=0x0 is NULL
R13=0x0 is NULL
R14=0x000000010001ac38 is a pointer to class: 
R15=0x000001e4597041a0 points into unknown readable memory: 0x000001e45970d000 | 00 d0 70 59 e4 01 00 00


Registers:
RAX=0x000001e4596ec800, RBX=0x000001e4597101a0, RCX=0x0000000000000014, RDX=0x0000000000000000
RSP=0x00000070d26ff2a0, RBP=0x0000000000000000, RSI=0x000000010001ac30, RDI=0x0000000000800000
R8 =0x0000000000800000, R9 =0x0000000000000000, R10=0x0000000000000000, R11=0x346dc5d63886594b
R12=0x0000000000000000, R13=0x0000000000000000, R14=0x000000010001ac38, R15=0x000001e4597041a0
RIP=0x00007ff980ef0465, EFLAGS=0x0000000000010202

Top of Stack: (sp=0x00000070d26ff2a0)
0x00000070d26ff2a0:   01d99a23d471bb45 0000000000000000
0x00000070d26ff2b0:   000000000108a506 00000000061741ec
0x00000070d26ff2c0:   00000000812e17a8 0000000000000000
0x00000070d26ff2d0:   0000000000800000 00007ff980ef0342
0x00000070d26ff2e0:   000001e4597101a0 000000010001ac30
0x00000070d26ff2f0:   000000010001ac38 00000070d26ff440
0x00000070d26ff300:   00000000812e17c4 00007ff980ee7c6d
0x00000070d26ff310:   00000000812e17c8 00000000812e17c0
0x00000070d26ff320:   00000070d26ff350 000001e45970e800
0x00000070d26ff330:   0000000000000040 000001e459710180
0x00000070d26ff340:   00000000812e17a8 00007ff980ee7811
0x00000070d26ff350:   000000010001a9e8 0000000000000004
0x00000070d26ff360:   00000070d26ff440 0000000000000000
0x00000070d26ff370:   000001e4597101a0 00007ff980ef90a3
0x00000070d26ff380:   00000000812e17a8 0000000000000056
0x00000070d26ff390:   000001e4597101a0 00007ff980ef9a1c 

Instructions: (pc=0x00007ff980ef0465)
0x00007ff980ef0365:   c0 74 12 48 3b f8 72 16 48 3b bb a0 00 00 00 0f
0x00007ff980ef0375:   82 9b 00 00 00 48 3b f9 0f 83 92 00 00 00 80 3d
0x00007ff980ef0385:   17 6c 7e 00 00 74 15 8b 47 08 8b 0d c3 b3 79 00
0x00007ff980ef0395:   48 d3 e0 48 03 05 b1 b3 79 00 eb 04 48 8b 47 08
0x00007ff980ef03a5:   81 78 08 00 00 00 c0 72 35 48 8b 83 b0 00 00 00
0x00007ff980ef03b5:   48 39 83 a8 00 00 00 73 10 48 8b 83 c8 00 00 00
0x00007ff980ef03c5:   48 39 83 c0 00 00 00 72 47 48 8b cb e8 7a a6 00
0x00007ff980ef03d5:   00 b0 01 48 8b 5c 24 38 48 83 c4 20 5f c3 48 8b
0x00007ff980ef03e5:   4b 30 48 8d 54 24 30 48 89 7c 24 30 e8 fa 1b 00
0x00007ff980ef03f5:   00 84 c0 75 1b 48 8b cb e8 0e 99 00 00 48 8b 4b
0x00007ff980ef0405:   30 48 8d 54 24 30 48 89 7c 24 30 e8 db 1b 00 00
0x00007ff980ef0415:   48 8b 5c 24 38 b0 01 48 83 c4 20 5f c3 cc cc cc
0x00007ff980ef0425:   cc cc cc cc cc cc cc cc cc cc cc 48 89 6c 24 20
0x00007ff980ef0435:   57 41 54 41 57 48 83 ec 20 48 8b 41 08 4c 8b f9
0x00007ff980ef0445:   4d 8b d0 44 8b e2 49 8b e9 49 8b f8 8b 88 c0 02
0x00007ff980ef0455:   00 00 48 8b 80 b0 02 00 00 49 d3 ea 4e 8b 14 d0
0x00007ff980ef0465:   4d 3b 82 60 01 00 00 72 11 32 c0 48 8b 6c 24 58
0x00007ff980ef0475:   48 83 c4 20 41 5f 41 5c 5f c3 49 8b 87 90 00 00
0x00007ff980ef0485:   00 48 8b d7 48 89 5c 24 40 48 89 74 24 48 be 01
0x00007ff980ef0495:   00 00 00 4c 89 74 24 50 48 2b 10 8b 48 10 48 8b
0x00007ff980ef04a5:   40 18 48 c1 ea 03 48 d3 ea 48 8b ca 48 c1 e9 06
0x00007ff980ef04b5:   48 8b 1c c8 4c 8d 34 c8 0f b6 ca 48 8b c3 80 e1
0x00007ff980ef04c5:   3f 48 d3 e6 48 0b c6 48 3b c3 74 35 0f 1f 40 00
0x00007ff980ef04d5:   66 66 66 0f 1f 84 00 00 00 00 00 4c 8b 0d e1 85
0x00007ff980ef04e5:   79 00 4c 8b c3 49 8b d6 48 8b c8 41 ff d1 48 8b
0x00007ff980ef04f5:   c8 48 3b c3 74 30 48 8b d8 48 0b c6 48 3b c3 75
0x00007ff980ef0505:   da 40 32 f6 4c 8b 74 24 50 40 0f b6 c6 48 8b 74
0x00007ff980ef0515:   24 48 48 8b 5c 24 40 48 8b 6c 24 58 48 83 c4 20
0x00007ff980ef0525:   41 5f 41 5c 5f c3 40 b6 01 48 85 ed 75 2d 40 38
0x00007ff980ef0535:   2d 67 6a 7e 00 74 15 8b 57 08 8b 0d 13 b2 79 00
0x00007ff980ef0545:   48 d3 e2 48 03 15 01 b2 79 00 eb 04 48 8b 57 08
0x00007ff980ef0555:   48 8b cf e8 43 83 ea ff 48 63 e8 49 8b 87 f0 02 


Stack slot to memory mapping:
stack at sp + 0 slots: 0x01d99a23d471bb45 is an unknown value
stack at sp + 1 slots: 0x0 is NULL
stack at sp + 2 slots: 0x000000000108a506 is an unknown value
stack at sp + 3 slots: 0x00000000061741ec is an unknown value
stack at sp + 4 slots: 0x00000000812e17a8 is an oop: java.util.concurrent.ConcurrentHashMap$Node 
{0x00000000812e17a8} - klass: 'java/util/concurrent/ConcurrentHashMap$Node'
stack at sp + 5 slots: 0x0 is NULL
stack at sp + 6 slots: 0x0000000000800000 is an unknown value
stack at sp + 7 slots: 0x00007ff980ef0342 jvm.dll


---------------  P R O C E S S  ---------------

Threads class SMR info:
_java_thread_list=0x000001e4757e3680, length=95, elements={
0x000001e4596c0000, 0x000001e47329c800, 0x000001e47329e800, 0x000001e473c22800,
0x000001e473c24000, 0x000001e473c27000, 0x000001e473c2c800, 0x000001e473c2f000,
0x000001e473304800, 0x000001e473d72000, 0x000001e474c5e000, 0x000001e474d73800,
0x000001e474f14800, 0x000001e4753f9000, 0x000001e4753fd800, 0x000001e4753fe000,
0x000001e4753fb800, 0x000001e4753ff000, 0x000001e4753fa000, 0x000001e477d12000,
0x000001e477d12800, 0x000001e477d13800, 0x000001e477d15000, 0x000001e477d0f800,
0x000001e475f05000, 0x000001e475f06000, 0x000001e47c3b8000, 0x000001e400099000,
0x000001e477d1b800, 0x000001e47c145000, 0x000001e47c140000, 0x000001e47c142000,
0x000001e47c146800, 0x000001e47c142800, 0x000001e47c143800, 0x000001e47c144000,
0x000001e47c146000, 0x000001e47c141000, 0x000001e47c14b800, 0x000001e47c149000,
0x000001e47c14c800, 0x000001e47c14a000, 0x000001e47c14a800, 0x000001e47c14d000,
0x000001e47c147800, 0x000001e47c14e000, 0x000001e47c148800, 0x000001e47c14f000,
0x000001e40009d000, 0x000001e40009c800, 0x000001e40009b800, 0x000001e40009e000,
0x000001e400098000, 0x000001e40009a000, 0x000001e40009f000, 0x000001e40009f800,
0x000001e4000a0800, 0x000001e40009a800, 0x000001e4000a3000, 0x000001e4000a3800,
0x000001e4000a7000, 0x000001e4000a4800, 0x000001e4000a1000, 0x000001e4000a2000,
0x000001e4000a5800, 0x000001e4000a6000, 0x000001e475efd800, 0x000001e475efd000,
0x000001e475efb000, 0x000001e475ef8800, 0x000001e475efc000, 0x000001e475efe800,
0x000001e475eff800, 0x000001e475ef9800, 0x000001e475f00000, 0x000001e475efa800,
0x000001e475f04000, 0x000001e475f06800, 0x000001e475f01800, 0x000001e475f01000,
0x000001e475f07800, 0x000001e475f02800, 0x000001e475f03800, 0x000001e47c3b6000,
0x000001e47c3bb000, 0x000001e47c3b9800, 0x000001e47c3ba800, 0x000001e47c3bc000,
0x000001e47c3b7000, 0x000001e47c3c1000, 0x000001e47c3be800, 0x000001e47c3bd800,
0x000001e47c3c3000, 0x000001e47c3c0000, 0x000001e47c3c1800
}

Java Threads: ( => current thread )
  0x000001e4596c0000 JavaThread "main" [_thread_blocked, id=704, stack(0x00000070d2300000,0x00000070d2400000)]
  0x000001e47329c800 JavaThread "Reference Handler" daemon [_thread_blocked, id=4164, stack(0x00000070d2a00000,0x00000070d2b00000)]
  0x000001e47329e800 JavaThread "Finalizer" daemon [_thread_blocked, id=2260, stack(0x00000070d2b00000,0x00000070d2c00000)]
  0x000001e473c22800 JavaThread "Signal Dispatcher" daemon [_thread_blocked, id=2060, stack(0x00000070d2c00000,0x00000070d2d00000)]
  0x000001e473c24000 JavaThread "Attach Listener" daemon [_thread_blocked, id=6128, stack(0x00000070d2d00000,0x00000070d2e00000)]
  0x000001e473c27000 JavaThread "Service Thread" daemon [_thread_blocked, id=11180, stack(0x00000070d2e00000,0x00000070d2f00000)]
  0x000001e473c2c800 JavaThread "C2 CompilerThread0" daemon [_thread_blocked, id=2756, stack(0x00000070d2f00000,0x00000070d3000000)]
  0x000001e473c2f000 JavaThread "C1 CompilerThread0" daemon [_thread_blocked, id=4340, stack(0x00000070d3000000,0x00000070d3100000)]
  0x000001e473304800 JavaThread "Sweeper thread" daemon [_thread_blocked, id=3084, stack(0x00000070d3100000,0x00000070d3200000)]
  0x000001e473d72000 JavaThread "Common-Cleaner" daemon [_thread_blocked, id=5820, stack(0x00000070d3200000,0x00000070d3300000)]
  0x000001e474c5e000 JavaThread "Daemon health stats" [_thread_blocked, id=4844, stack(0x00000070d3500000,0x00000070d3600000)]
  0x000001e474d73800 JavaThread "Incoming local TCP Connector on port 56140" [_thread_in_native, id=1948, stack(0x00000070d3600000,0x00000070d3700000)]
  0x000001e474f14800 JavaThread "Daemon periodic checks" [_thread_blocked, id=7456, stack(0x00000070d3700000,0x00000070d3800000)]
  0x000001e4753f9000 JavaThread "Cache worker for journal cache (C:\Users\thima\AndroidStudioProjects\DemoApp\caches\journal-1)" [_thread_blocked, id=3172, stack(0x00000070d4100000,0x00000070d4200000)]
  0x000001e4753fd800 JavaThread "File lock request listener" [_thread_in_native, id=1080, stack(0x00000070d4200000,0x00000070d4300000)]
  0x000001e4753fe000 JavaThread "Cache worker for file hash cache (C:\Users\thima\AndroidStudioProjects\DemoApp\caches\7.5\fileHashes)" [_thread_blocked, id=3632, stack(0x00000070d4300000,0x00000070d4400000)]
  0x000001e4753fb800 JavaThread "File watcher server" daemon [_thread_in_native, id=9648, stack(0x00000070d4400000,0x00000070d4500000)]
  0x000001e4753ff000 JavaThread "File watcher consumer" daemon [_thread_blocked, id=10404, stack(0x00000070d4500000,0x00000070d4600000)]
  0x000001e4753fa000 JavaThread "Cache worker for file content cache (C:\Users\thima\AndroidStudioProjects\DemoApp\caches\7.5\fileContent)" [_thread_blocked, id=7856, stack(0x00000070d4800000,0x00000070d4900000)]
  0x000001e477d12000 JavaThread "Cache worker for execution history cache (C:\Users\thima\AndroidStudioProjects\DemoApp\caches\7.5\executionHistory)" [_thread_blocked, id=6312, stack(0x00000070d4b00000,0x00000070d4c00000)]
  0x000001e477d12800 JavaThread "jar transforms" [_thread_blocked, id=9744, stack(0x00000070d4c00000,0x00000070d4d00000)]
  0x000001e477d13800 JavaThread "jar transforms Thread 2" [_thread_blocked, id=7228, stack(0x00000070d4d00000,0x00000070d4e00000)]
  0x000001e477d15000 JavaThread "jar transforms Thread 3" [_thread_blocked, id=10984, stack(0x00000070d4e00000,0x00000070d4f00000)]
  0x000001e477d0f800 JavaThread "jar transforms Thread 4" [_thread_blocked, id=1352, stack(0x00000070d4f00000,0x00000070d5000000)]
  0x000001e475f05000 JavaThread "Memory manager" [_thread_blocked, id=7288, stack(0x00000070d7c00000,0x00000070d7d00000)]
  0x000001e475f06000 JavaThread "pool-3-thread-1" [_thread_blocked, id=10612, stack(0x00000070d2000000,0x00000070d2100000)]
  0x000001e47c3b8000 JavaThread "Cache worker for Java compile cache (C:\Users\thima\AndroidStudioProjects\DemoApp\caches\7.5\javaCompile)" [_thread_blocked, id=10000, stack(0x00000070d8b00000,0x00000070d8c00000)]
  0x000001e400099000 JavaThread "pool-8-thread-1" [_thread_blocked, id=4756, stack(0x00000070d7b00000,0x00000070d7c00000)]
  0x000001e477d1b800 JavaThread "pool-11-thread-1" [_thread_blocked, id=8156, stack(0x00000070d7900000,0x00000070d7a00000)]
  0x000001e47c145000 JavaThread "ForkJoinPool.commonPool-worker-1" daemon [_thread_blocked, id=9300, stack(0x00000070d8900000,0x00000070d8a00000)]
  0x000001e47c140000 JavaThread "Daemon Thread 3" [_thread_blocked, id=6076, stack(0x00000070d2100000,0x00000070d2200000)]
  0x000001e47c142000 JavaThread "Handler for socket connection from /127.0.0.1:56140 to /127.0.0.1:56963" [_thread_in_native, id=2024, stack(0x00000070d2200000,0x00000070d2300000)]
  0x000001e47c146800 JavaThread "Cancel handler" [_thread_blocked, id=1308, stack(0x00000070d3800000,0x00000070d3900000)]
  0x000001e47c142800 JavaThread "Daemon worker Thread 3" [_thread_blocked, id=7148, stack(0x00000070d3900000,0x00000070d3a00000)]
  0x000001e47c143800 JavaThread "Asynchronous log dispatcher for DefaultDaemonConnection: socket connection from /127.0.0.1:56140 to /127.0.0.1:56963" [_thread_blocked, id=5232, stack(0x00000070d3a00000,0x00000070d3b00000)]
  0x000001e47c144000 JavaThread "Stdin handler" [_thread_blocked, id=2760, stack(0x00000070d3b00000,0x00000070d3c00000)]
  0x000001e47c146000 JavaThread "Daemon client event forwarder" [_thread_blocked, id=1040, stack(0x00000070d3c00000,0x00000070d3d00000)]
  0x000001e47c141000 JavaThread "Cache worker for checksums cache (D:\Pits_stop\.gradle\7.5\checksums)" [_thread_blocked, id=3124, stack(0x00000070d3d00000,0x00000070d3e00000)]
  0x000001e47c14b800 JavaThread "Cache worker for cache directory md-rule (C:\Users\thima\AndroidStudioProjects\DemoApp\caches\7.5\md-rule)" [_thread_blocked, id=9400, stack(0x00000070d3e00000,0x00000070d3f00000)]
  0x000001e47c149000 JavaThread "Cache worker for file hash cache (D:\Pits_stop\.gradle\7.5\fileHashes)" [_thread_blocked, id=1312, stack(0x00000070d4600000,0x00000070d4700000)]
  0x000001e47c14c800 JavaThread "Cache worker for cache directory md-supplier (C:\Users\thima\AndroidStudioProjects\DemoApp\caches\7.5\md-supplier)" [_thread_blocked, id=10676, stack(0x00000070d4700000,0x00000070d4800000)]
  0x000001e47c14a000 JavaThread "Cache worker for dependencies-accessors (D:\Pits_stop\.gradle\7.5\dependencies-accessors)" [_thread_blocked, id=10060, stack(0x00000070d4900000,0x00000070d4a00000)]
  0x000001e47c14a800 JavaThread "Cache worker for Build Output Cleanup Cache (D:\Pits_stop\.gradle\buildOutputCleanup)" [_thread_blocked, id=5968, stack(0x00000070d4a00000,0x00000070d4b00000)]
  0x000001e47c14d000 JavaThread "Unconstrained build operations" [_thread_blocked, id=6668, stack(0x00000070d5000000,0x00000070d5100000)]
  0x000001e47c147800 JavaThread "Unconstrained build operations Thread 2" [_thread_blocked, id=9804, stack(0x00000070d5100000,0x00000070d5200000)]
  0x000001e47c14e000 JavaThread "Unconstrained build operations Thread 3" [_thread_blocked, id=4412, stack(0x00000070d5200000,0x00000070d5300000)]
  0x000001e47c148800 JavaThread "Unconstrained build operations Thread 4" [_thread_blocked, id=1136, stack(0x00000070d5300000,0x00000070d5400000)]
  0x000001e47c14f000 JavaThread "Unconstrained build operations Thread 5" [_thread_blocked, id=1164, stack(0x00000070d5400000,0x00000070d5500000)]
  0x000001e40009d000 JavaThread "Unconstrained build operations Thread 6" [_thread_blocked, id=10848, stack(0x00000070d5500000,0x00000070d5600000)]
  0x000001e40009c800 JavaThread "Unconstrained build operations Thread 7" [_thread_blocked, id=9292, stack(0x00000070d5600000,0x00000070d5700000)]
  0x000001e40009b800 JavaThread "Unconstrained build operations Thread 8" [_thread_blocked, id=1360, stack(0x00000070d5700000,0x00000070d5800000)]
  0x000001e40009e000 JavaThread "Unconstrained build operations Thread 9" [_thread_blocked, id=6676, stack(0x00000070d5800000,0x00000070d5900000)]
  0x000001e400098000 JavaThread "Unconstrained build operations Thread 10" [_thread_blocked, id=6364, stack(0x00000070d5900000,0x00000070d5a00000)]
  0x000001e40009a000 JavaThread "Unconstrained build operations Thread 11" [_thread_blocked, id=7744, stack(0x00000070d5a00000,0x00000070d5b00000)]
  0x000001e40009f000 JavaThread "Unconstrained build operations Thread 12" [_thread_blocked, id=8732, stack(0x00000070d5b00000,0x00000070d5c00000)]
  0x000001e40009f800 JavaThread "Unconstrained build operations Thread 13" [_thread_blocked, id=11204, stack(0x00000070d5c00000,0x00000070d5d00000)]
  0x000001e4000a0800 JavaThread "Unconstrained build operations Thread 14" [_thread_blocked, id=2744, stack(0x00000070d5d00000,0x00000070d5e00000)]
  0x000001e40009a800 JavaThread "Unconstrained build operations Thread 15" [_thread_blocked, id=2816, stack(0x00000070d5e00000,0x00000070d5f00000)]
  0x000001e4000a3000 JavaThread "Unconstrained build operations Thread 16" [_thread_blocked, id=700, stack(0x00000070d5f00000,0x00000070d6000000)]
  0x000001e4000a3800 JavaThread "Unconstrained build operations Thread 17" [_thread_blocked, id=10064, stack(0x00000070d6000000,0x00000070d6100000)]
  0x000001e4000a7000 JavaThread "Unconstrained build operations Thread 18" [_thread_blocked, id=10264, stack(0x00000070d6100000,0x00000070d6200000)]
  0x000001e4000a4800 JavaThread "Unconstrained build operations Thread 19" [_thread_blocked, id=2952, stack(0x00000070d6200000,0x00000070d6300000)]
  0x000001e4000a1000 JavaThread "Unconstrained build operations Thread 20" [_thread_blocked, id=4932, stack(0x00000070d6300000,0x00000070d6400000)]
  0x000001e4000a2000 JavaThread "Unconstrained build operations Thread 21" [_thread_blocked, id=3160, stack(0x00000070d6400000,0x00000070d6500000)]
  0x000001e4000a5800 JavaThread "Unconstrained build operations Thread 22" [_thread_blocked, id=3860, stack(0x00000070d6500000,0x00000070d6600000)]
  0x000001e4000a6000 JavaThread "Unconstrained build operations Thread 23" [_thread_blocked, id=1068, stack(0x00000070d6600000,0x00000070d6700000)]
  0x000001e475efd800 JavaThread "Unconstrained build operations Thread 24" [_thread_blocked, id=10108, stack(0x00000070d6700000,0x00000070d6800000)]
  0x000001e475efd000 JavaThread "Unconstrained build operations Thread 25" [_thread_blocked, id=5072, stack(0x00000070d6800000,0x00000070d6900000)]
  0x000001e475efb000 JavaThread "Unconstrained build operations Thread 26" [_thread_blocked, id=4200, stack(0x00000070d6900000,0x00000070d6a00000)]
  0x000001e475ef8800 JavaThread "Unconstrained build operations Thread 27" [_thread_blocked, id=4768, stack(0x00000070d6a00000,0x00000070d6b00000)]
  0x000001e475efc000 JavaThread "Unconstrained build operations Thread 28" [_thread_blocked, id=6880, stack(0x00000070d6b00000,0x00000070d6c00000)]
  0x000001e475efe800 JavaThread "Unconstrained build operations Thread 29" [_thread_blocked, id=68, stack(0x00000070d6c00000,0x00000070d6d00000)]
  0x000001e475eff800 JavaThread "Unconstrained build operations Thread 30" [_thread_blocked, id=3288, stack(0x00000070d6d00000,0x00000070d6e00000)]
  0x000001e475ef9800 JavaThread "Unconstrained build operations Thread 31" [_thread_blocked, id=10888, stack(0x00000070d6e00000,0x00000070d6f00000)]
  0x000001e475f00000 JavaThread "Unconstrained build operations Thread 32" [_thread_blocked, id=9560, stack(0x00000070d6f00000,0x00000070d7000000)]
  0x000001e475efa800 JavaThread "Unconstrained build operations Thread 33" [_thread_blocked, id=1280, stack(0x00000070d7000000,0x00000070d7100000)]
  0x000001e475f04000 JavaThread "Unconstrained build operations Thread 34" [_thread_blocked, id=10820, stack(0x00000070d7100000,0x00000070d7200000)]
  0x000001e475f06800 JavaThread "Unconstrained build operations Thread 35" [_thread_blocked, id=5624, stack(0x00000070d7200000,0x00000070d7300000)]
  0x000001e475f01800 JavaThread "Unconstrained build operations Thread 36" [_thread_blocked, id=3888, stack(0x00000070d7300000,0x00000070d7400000)]
  0x000001e475f01000 JavaThread "Unconstrained build operations Thread 37" [_thread_blocked, id=7336, stack(0x00000070d7400000,0x00000070d7500000)]
  0x000001e475f07800 JavaThread "Unconstrained build operations Thread 38" [_thread_blocked, id=7132, stack(0x00000070d7500000,0x00000070d7600000)]
  0x000001e475f02800 JavaThread "Unconstrained build operations Thread 39" [_thread_blocked, id=7844, stack(0x00000070d7600000,0x00000070d7700000)]
  0x000001e475f03800 JavaThread "Unconstrained build operations Thread 40" [_thread_blocked, id=9388, stack(0x00000070d7700000,0x00000070d7800000)]
  0x000001e47c3b6000 JavaThread "build event listener" [_thread_blocked, id=3384, stack(0x00000070d7800000,0x00000070d7900000)]
  0x000001e47c3bb000 JavaThread "pool-15-thread-1" [_thread_blocked, id=9212, stack(0x00000070d7a00000,0x00000070d7b00000)]
  0x000001e47c3b9800 JavaThread "build event listener" [_thread_blocked, id=5492, stack(0x00000070d7d00000,0x00000070d7e00000)]
  0x000001e47c3ba800 JavaThread "included builds" [_thread_in_native, id=5744, stack(0x00000070d7f00000,0x00000070d8000000)]
  0x000001e47c3bc000 JavaThread "Execution worker" [_thread_blocked, id=9016, stack(0x00000070d8000000,0x00000070d8100000)]
  0x000001e47c3b7000 JavaThread "Execution worker Thread 2" [_thread_blocked, id=8340, stack(0x00000070d8100000,0x00000070d8200000)]
  0x000001e47c3c1000 JavaThread "Execution worker Thread 3" [_thread_blocked, id=10548, stack(0x00000070d8200000,0x00000070d8300000)]
  0x000001e47c3be800 JavaThread "Cache worker for execution history cache (D:\Pits_stop\.gradle\7.5\executionHistory)" [_thread_blocked, id=7928, stack(0x00000070d8300000,0x00000070d8400000)]
  0x000001e47c3bd800 JavaThread "Build operations" [_thread_blocked, id=7380, stack(0x00000070d8400000,0x00000070d8500000)]
  0x000001e47c3c3000 JavaThread "Build operations Thread 2" [_thread_blocked, id=9800, stack(0x00000070d8500000,0x00000070d8600000)]
  0x000001e47c3c0000 JavaThread "Build operations Thread 3" [_thread_blocked, id=2032, stack(0x00000070d8600000,0x00000070d8700000)]
  0x000001e47c3c1800 JavaThread "Build operations Thread 4" [_thread_blocked, id=8644, stack(0x00000070d8700000,0x00000070d8800000)]

Other Threads:
  0x000001e47329a000 VMThread "VM Thread" [stack: 0x00000070d2900000,0x00000070d2a00000] [id=9884]
  0x000001e473d77800 WatcherThread [stack: 0x00000070d3300000,0x00000070d3400000] [id=1096]
  0x000001e4596d9800 GCTaskThread "GC Thread#0" [stack: 0x00000070d2400000,0x00000070d2500000] [id=10768]
  0x000001e4741f8000 GCTaskThread "GC Thread#1" [stack: 0x00000070d3400000,0x00000070d3500000] [id=7644]
  0x000001e475401000 GCTaskThread "GC Thread#2" [stack: 0x00000070d3f00000,0x00000070d4000000] [id=10396]
  0x000001e474196000 GCTaskThread "GC Thread#3" [stack: 0x00000070d4000000,0x00000070d4100000] [id=2388]
  0x000001e45970d000 ConcurrentGCThread "G1 Main Marker" [stack: 0x00000070d2500000,0x00000070d2600000] [id=6648]
=>0x000001e45970e800 ConcurrentGCThread "G1 Conc#0" [stack: 0x00000070d2600000,0x00000070d2700000] [id=1224]
  0x000001e459766000 ConcurrentGCThread "G1 Refine#0" [stack: 0x00000070d2700000,0x00000070d2800000] [id=8404]
  0x000001e47c058800 ConcurrentGCThread "G1 Refine#1" [stack: 0x00000070d7e00000,0x00000070d7f00000] [id=9488]
  0x000001e459767000 ConcurrentGCThread "G1 Young RemSet Sampling" [stack: 0x00000070d2800000,0x00000070d2900000] [id=10464]

Threads with active compile tasks:

VM state:not at safepoint (normal execution)

VM Mutex/Monitor currently owned by a thread: None

Heap address: 0x0000000080000000, size: 2048 MB, Compressed Oops mode: 32-bit
Narrow klass base: 0x0000000000000000, Narrow klass shift: 3
Compressed class space size: 1073741824 Address: 0x0000000100000000

Heap:
 garbage-first heap   total 233472K, used 142278K [0x0000000080000000, 0x0000000100000000)
  region size 1024K, 19 young (19456K), 6 survivors (6144K)
 Metaspace       used 138981K, capacity 143207K, committed 143312K, reserved 1173504K
  class space    used 17328K, capacity 18932K, committed 19020K, reserved 1048576K
Heap Regions: E=young(eden), S=young(survivor), O=old, HS=humongous(starts), HC=humongous(continues), CS=collection set, F=free, A=archive, TAMS=top-at-mark-start (previous, next)
|   0|0x0000000080000000, 0x0000000080100000, 0x0000000080100000|100%|HS|  |TAMS 0x0000000080100000, 0x0000000080100000| Complete 
|   1|0x0000000080100000, 0x0000000080200000, 0x0000000080200000|100%|HC|  |TAMS 0x0000000080200000, 0x0000000080200000| Complete 
|   2|0x0000000080200000, 0x0000000080300000, 0x0000000080300000|100%|HC|  |TAMS 0x0000000080300000, 0x0000000080300000| Complete 
|   3|0x0000000080300000, 0x0000000080400000, 0x0000000080400000|100%| O|  |TAMS 0x0000000080400000, 0x0000000080400000| Untracked 
|   4|0x0000000080400000, 0x0000000080500000, 0x0000000080500000|100%| O|  |TAMS 0x0000000080500000, 0x0000000080500000| Untracked 
|   5|0x0000000080500000, 0x0000000080600000, 0x0000000080600000|100%| O|  |TAMS 0x0000000080600000, 0x0000000080600000| Untracked 
|   6|0x0000000080600000, 0x0000000080700000, 0x0000000080700000|100%| O|  |TAMS 0x0000000080700000, 0x0000000080700000| Untracked 
|   7|0x0000000080700000, 0x0000000080800000, 0x0000000080800000|100%| O|  |TAMS 0x0000000080800000, 0x0000000080800000| Untracked 
|   8|0x0000000080800000, 0x0000000080900000, 0x0000000080900000|100%| O|  |TAMS 0x0000000080900000, 0x0000000080900000| Untracked 
|   9|0x0000000080900000, 0x0000000080a00000, 0x0000000080a00000|100%| O|  |TAMS 0x0000000080a00000, 0x0000000080a00000| Untracked 
|  10|0x0000000080a00000, 0x0000000080b00000, 0x0000000080b00000|100%| O|  |TAMS 0x0000000080b00000, 0x0000000080b00000| Untracked 
|  11|0x0000000080b00000, 0x0000000080c00000, 0x0000000080c00000|100%| O|  |TAMS 0x0000000080c00000, 0x0000000080c00000| Untracked 
|  12|0x0000000080c00000, 0x0000000080d00000, 0x0000000080d00000|100%| O|  |TAMS 0x0000000080d00000, 0x0000000080d00000| Untracked 
|  13|0x0000000080d00000, 0x0000000080e00000, 0x0000000080e00000|100%| O|  |TAMS 0x0000000080e00000, 0x0000000080e00000| Untracked 
|  14|0x0000000080e00000, 0x0000000080f00000, 0x0000000080f00000|100%| O|  |TAMS 0x0000000080f00000, 0x0000000080f00000| Untracked 
|  15|0x0000000080f00000, 0x0000000081000000, 0x0000000081000000|100%| O|  |TAMS 0x0000000081000000, 0x0000000081000000| Untracked 
|  16|0x0000000081000000, 0x0000000081100000, 0x0000000081100000|100%| O|  |TAMS 0x0000000081100000, 0x0000000081100000| Untracked 
|  17|0x0000000081100000, 0x0000000081200000, 0x0000000081200000|100%| O|  |TAMS 0x0000000081200000, 0x0000000081200000| Untracked 
|  18|0x0000000081200000, 0x0000000081300000, 0x0000000081300000|100%| O|  |TAMS 0x0000000081300000, 0x0000000081300000| Untracked 
|  19|0x0000000081300000, 0x0000000081400000, 0x0000000081400000|100%| O|  |TAMS 0x0000000081400000, 0x0000000081400000| Untracked 
|  20|0x0000000081400000, 0x0000000081500000, 0x0000000081500000|100%| O|  |TAMS 0x0000000081500000, 0x0000000081500000| Untracked 
|  21|0x0000000081500000, 0x0000000081600000, 0x0000000081600000|100%| O|  |TAMS 0x0000000081600000, 0x0000000081600000| Untracked 
|  22|0x0000000081600000, 0x0000000081700000, 0x0000000081700000|100%| O|  |TAMS 0x0000000081700000, 0x0000000081700000| Untracked 
|  23|0x0000000081700000, 0x0000000081800000, 0x0000000081800000|100%| O|  |TAMS 0x0000000081800000, 0x0000000081800000| Untracked 
|  24|0x0000000081800000, 0x0000000081900000, 0x0000000081900000|100%| O|  |TAMS 0x0000000081900000, 0x0000000081900000| Untracked 
|  25|0x0000000081900000, 0x0000000081a00000, 0x0000000081a00000|100%| O|  |TAMS 0x0000000081a00000, 0x0000000081a00000| Untracked 
|  26|0x0000000081a00000, 0x0000000081b00000, 0x0000000081b00000|100%| O|  |TAMS 0x0000000081b00000, 0x0000000081b00000| Untracked 
|  27|0x0000000081b00000, 0x0000000081b00000, 0x0000000081c00000|  0%| F|  |TAMS 0x0000000081b00000, 0x0000000081b00000| Untracked 
|  28|0x0000000081c00000, 0x0000000081d00000, 0x0000000081d00000|100%| O|  |TAMS 0x0000000081d00000, 0x0000000081d00000| Untracked 
|  29|0x0000000081d00000, 0x0000000081e00000, 0x0000000081e00000|100%| O|  |TAMS 0x0000000081e00000, 0x0000000081e00000| Untracked 
|  30|0x0000000081e00000, 0x0000000081f00000, 0x0000000081f00000|100%| O|  |TAMS 0x0000000081f00000, 0x0000000081f00000| Untracked 
|  31|0x0000000081f00000, 0x0000000082000000, 0x0000000082000000|100%| O|  |TAMS 0x0000000082000000, 0x0000000082000000| Untracked 
|  32|0x0000000082000000, 0x0000000082100000, 0x0000000082100000|100%| O|  |TAMS 0x0000000082100000, 0x0000000082100000| Untracked 
|  33|0x0000000082100000, 0x0000000082200000, 0x0000000082200000|100%| O|  |TAMS 0x0000000082200000, 0x0000000082200000| Untracked 
|  34|0x0000000082200000, 0x0000000082300000, 0x0000000082300000|100%| O|  |TAMS 0x0000000082300000, 0x0000000082300000| Untracked 
|  35|0x0000000082300000, 0x0000000082400000, 0x0000000082400000|100%|HS|  |TAMS 0x0000000082400000, 0x0000000082400000| Complete 
|  36|0x0000000082400000, 0x0000000082500000, 0x0000000082500000|100%|HS|  |TAMS 0x0000000082500000, 0x0000000082500000| Complete 
|  37|0x0000000082500000, 0x0000000082600000, 0x0000000082600000|100%| O|  |TAMS 0x0000000082600000, 0x0000000082600000| Untracked 
|  38|0x0000000082600000, 0x0000000082700000, 0x0000000082700000|100%| O|  |TAMS 0x0000000082700000, 0x0000000082700000| Untracked 
|  39|0x0000000082700000, 0x0000000082800000, 0x0000000082800000|100%| O|  |TAMS 0x0000000082800000, 0x0000000082800000| Untracked 
|  40|0x0000000082800000, 0x0000000082900000, 0x0000000082900000|100%| O|  |TAMS 0x0000000082900000, 0x0000000082900000| Untracked 
|  41|0x0000000082900000, 0x0000000082a00000, 0x0000000082a00000|100%| O|  |TAMS 0x0000000082a00000, 0x0000000082a00000| Untracked 
|  42|0x0000000082a00000, 0x0000000082b00000, 0x0000000082b00000|100%| O|  |TAMS 0x0000000082b00000, 0x0000000082b00000| Untracked 
|  43|0x0000000082b00000, 0x0000000082c00000, 0x0000000082c00000|100%| O|  |TAMS 0x0000000082c00000, 0x0000000082c00000| Untracked 
|  44|0x0000000082c00000, 0x0000000082d00000, 0x0000000082d00000|100%| O|  |TAMS 0x0000000082d00000, 0x0000000082d00000| Untracked 
|  45|0x0000000082d00000, 0x0000000082e00000, 0x0000000082e00000|100%| O|  |TAMS 0x0000000082e00000, 0x0000000082e00000| Untracked 
|  46|0x0000000082e00000, 0x0000000082f00000, 0x0000000082f00000|100%| O|  |TAMS 0x0000000082f00000, 0x0000000082f00000| Untracked 
|  47|0x0000000082f00000, 0x0000000083000000, 0x0000000083000000|100%| O|  |TAMS 0x0000000083000000, 0x0000000083000000| Untracked 
|  48|0x0000000083000000, 0x0000000083100000, 0x0000000083100000|100%| O|  |TAMS 0x0000000083100000, 0x0000000083100000| Untracked 
|  49|0x0000000083100000, 0x0000000083200000, 0x0000000083200000|100%| O|  |TAMS 0x0000000083200000, 0x0000000083200000| Untracked 
|  50|0x0000000083200000, 0x0000000083300000, 0x0000000083300000|100%| O|  |TAMS 0x0000000083300000, 0x0000000083300000| Untracked 
|  51|0x0000000083300000, 0x0000000083400000, 0x0000000083400000|100%| O|  |TAMS 0x0000000083400000, 0x0000000083400000| Untracked 
|  52|0x0000000083400000, 0x0000000083500000, 0x0000000083500000|100%| O|  |TAMS 0x0000000083500000, 0x0000000083500000| Untracked 
|  53|0x0000000083500000, 0x0000000083600000, 0x0000000083600000|100%| O|  |TAMS 0x0000000083600000, 0x0000000083600000| Untracked 
|  54|0x0000000083600000, 0x0000000083700000, 0x0000000083700000|100%| O|  |TAMS 0x0000000083700000, 0x0000000083700000| Untracked 
|  55|0x0000000083700000, 0x0000000083700000, 0x0000000083800000|  0%| F|  |TAMS 0x0000000083700000, 0x0000000083700000| Untracked 
|  56|0x0000000083800000, 0x0000000083900000, 0x0000000083900000|100%| O|  |TAMS 0x0000000083900000, 0x0000000083900000| Untracked 
|  57|0x0000000083900000, 0x0000000083a00000, 0x0000000083a00000|100%| O|  |TAMS 0x0000000083a00000, 0x0000000083a00000| Untracked 
|  58|0x0000000083a00000, 0x0000000083b00000, 0x0000000083b00000|100%| O|  |TAMS 0x0000000083b00000, 0x0000000083b00000| Untracked 
|  59|0x0000000083b00000, 0x0000000083c00000, 0x0000000083c00000|100%| O|  |TAMS 0x0000000083c00000, 0x0000000083c00000| Untracked 
|  60|0x0000000083c00000, 0x0000000083d00000, 0x0000000083d00000|100%| O|  |TAMS 0x0000000083d00000, 0x0000000083d00000| Untracked 
|  61|0x0000000083d00000, 0x0000000083e00000, 0x0000000083e00000|100%| O|  |TAMS 0x0000000083e00000, 0x0000000083e00000| Untracked 
|  62|0x0000000083e00000, 0x0000000083f00000, 0x0000000083f00000|100%| O|  |TAMS 0x0000000083f00000, 0x0000000083f00000| Untracked 
|  63|0x0000000083f00000, 0x0000000084000000, 0x0000000084000000|100%| O|  |TAMS 0x0000000084000000, 0x0000000084000000| Untracked 
|  64|0x0000000084000000, 0x0000000084100000, 0x0000000084100000|100%| O|  |TAMS 0x0000000084100000, 0x0000000084100000| Untracked 
|  65|0x0000000084100000, 0x0000000084200000, 0x0000000084200000|100%| O|  |TAMS 0x0000000084200000, 0x0000000084200000| Untracked 
|  66|0x0000000084200000, 0x0000000084300000, 0x0000000084300000|100%| O|  |TAMS 0x0000000084300000, 0x0000000084300000| Untracked 
|  67|0x0000000084300000, 0x0000000084400000, 0x0000000084400000|100%| O|  |TAMS 0x0000000084400000, 0x0000000084400000| Untracked 
|  68|0x0000000084400000, 0x0000000084500000, 0x0000000084500000|100%| O|  |TAMS 0x0000000084500000, 0x0000000084500000| Untracked 
|  69|0x0000000084500000, 0x0000000084600000, 0x0000000084600000|100%| O|  |TAMS 0x0000000084600000, 0x0000000084600000| Untracked 
|  70|0x0000000084600000, 0x0000000084700000, 0x0000000084700000|100%| O|  |TAMS 0x0000000084700000, 0x0000000084700000| Untracked 
|  71|0x0000000084700000, 0x0000000084800000, 0x0000000084800000|100%| O|  |TAMS 0x0000000084800000, 0x0000000084800000| Untracked 
|  72|0x0000000084800000, 0x0000000084900000, 0x0000000084900000|100%| O|  |TAMS 0x0000000084900000, 0x0000000084900000| Untracked 
|  73|0x0000000084900000, 0x0000000084a00000, 0x0000000084a00000|100%| O|  |TAMS 0x0000000084a00000, 0x0000000084a00000| Untracked 
|  74|0x0000000084a00000, 0x0000000084b00000, 0x0000000084b00000|100%| O|  |TAMS 0x0000000084b00000, 0x0000000084b00000| Untracked 
|  75|0x0000000084b00000, 0x0000000084c00000, 0x0000000084c00000|100%| O|  |TAMS 0x0000000084c00000, 0x0000000084c00000| Untracked 
|  76|0x0000000084c00000, 0x0000000084d00000, 0x0000000084d00000|100%| O|  |TAMS 0x0000000084d00000, 0x0000000084d00000| Untracked 
|  77|0x0000000084d00000, 0x0000000084e00000, 0x0000000084e00000|100%| O|  |TAMS 0x0000000084e00000, 0x0000000084e00000| Untracked 
|  78|0x0000000084e00000, 0x0000000084f00000, 0x0000000084f00000|100%| O|  |TAMS 0x0000000084f00000, 0x0000000084f00000| Untracked 
|  79|0x0000000084f00000, 0x0000000085000000, 0x0000000085000000|100%| O|  |TAMS 0x0000000085000000, 0x0000000085000000| Untracked 
|  80|0x0000000085000000, 0x0000000085100000, 0x0000000085100000|100%| O|  |TAMS 0x0000000085100000, 0x0000000085100000| Untracked 
|  81|0x0000000085100000, 0x0000000085200000, 0x0000000085200000|100%| O|  |TAMS 0x0000000085200000, 0x0000000085200000| Untracked 
|  82|0x0000000085200000, 0x0000000085300000, 0x0000000085300000|100%| O|  |TAMS 0x0000000085300000, 0x0000000085300000| Untracked 
|  83|0x0000000085300000, 0x0000000085400000, 0x0000000085400000|100%| O|  |TAMS 0x0000000085400000, 0x0000000085400000| Untracked 
|  84|0x0000000085400000, 0x0000000085500000, 0x0000000085500000|100%|HS|  |TAMS 0x0000000085400000, 0x0000000085400000| Complete 
|  85|0x0000000085500000, 0x0000000085600000, 0x0000000085600000|100%|HC|  |TAMS 0x0000000085500000, 0x0000000085500000| Complete 
|  86|0x0000000085600000, 0x0000000085600000, 0x0000000085700000|  0%| F|  |TAMS 0x0000000085600000, 0x0000000085600000| Untracked 
|  87|0x0000000085700000, 0x0000000085800000, 0x0000000085800000|100%| O|  |TAMS 0x0000000085800000, 0x0000000085800000| Untracked 
|  88|0x0000000085800000, 0x0000000085900000, 0x0000000085900000|100%| O|  |TAMS 0x0000000085900000, 0x0000000085900000| Untracked 
|  89|0x0000000085900000, 0x0000000085900000, 0x0000000085a00000|  0%| F|  |TAMS 0x0000000085900000, 0x0000000085900000| Untracked 
|  90|0x0000000085a00000, 0x0000000085b00000, 0x0000000085b00000|100%| O|  |TAMS 0x0000000085b00000, 0x0000000085b00000| Untracked 
|  91|0x0000000085b00000, 0x0000000085c00000, 0x0000000085c00000|100%| O|  |TAMS 0x0000000085c00000, 0x0000000085c00000| Untracked 
|  92|0x0000000085c00000, 0x0000000085d00000, 0x0000000085d00000|100%| O|  |TAMS 0x0000000085d00000, 0x0000000085d00000| Untracked 
|  93|0x0000000085d00000, 0x0000000085e00000, 0x0000000085e00000|100%| O|  |TAMS 0x0000000085e00000, 0x0000000085e00000| Untracked 
|  94|0x0000000085e00000, 0x0000000085e00000, 0x0000000085f00000|  0%| F|  |TAMS 0x0000000085e00000, 0x0000000085e00000| Untracked 
|  95|0x0000000085f00000, 0x0000000085f00000, 0x0000000086000000|  0%| F|  |TAMS 0x0000000085f00000, 0x0000000085f00000| Untracked 
|  96|0x0000000086000000, 0x0000000086100000, 0x0000000086100000|100%| O|  |TAMS 0x0000000086100000, 0x0000000086100000| Untracked 
|  97|0x0000000086100000, 0x0000000086200000, 0x0000000086200000|100%| O|  |TAMS 0x0000000086200000, 0x0000000086200000| Untracked 
|  98|0x0000000086200000, 0x0000000086300000, 0x0000000086300000|100%| O|  |TAMS 0x0000000086300000, 0x0000000086300000| Untracked 
|  99|0x0000000086300000, 0x0000000086300000, 0x0000000086400000|  0%| F|  |TAMS 0x0000000086300000, 0x0000000086300000| Untracked 
| 100|0x0000000086400000, 0x0000000086500000, 0x0000000086500000|100%| O|  |TAMS 0x0000000086500000, 0x0000000086500000| Untracked 
| 101|0x0000000086500000, 0x0000000086600000, 0x0000000086600000|100%| O|  |TAMS 0x0000000086600000, 0x0000000086600000| Untracked 
| 102|0x0000000086600000, 0x0000000086700000, 0x0000000086700000|100%| O|  |TAMS 0x0000000086700000, 0x0000000086700000| Untracked 
| 103|0x0000000086700000, 0x0000000086800000, 0x0000000086800000|100%| O|  |TAMS 0x0000000086800000, 0x0000000086800000| Untracked 
| 104|0x0000000086800000, 0x0000000086900000, 0x0000000086900000|100%| O|  |TAMS 0x0000000086900000, 0x0000000086900000| Untracked 
| 105|0x0000000086900000, 0x0000000086a00000, 0x0000000086a00000|100%| O|  |TAMS 0x0000000086a00000, 0x0000000086a00000| Untracked 
| 106|0x0000000086a00000, 0x0000000086a00000, 0x0000000086b00000|  0%| F|  |TAMS 0x0000000086a00000, 0x0000000086a00000| Untracked 
| 107|0x0000000086b00000, 0x0000000086c00000, 0x0000000086c00000|100%| O|  |TAMS 0x0000000086b00000, 0x0000000086c00000| Untracked 
| 108|0x0000000086c00000, 0x0000000086d00000, 0x0000000086d00000|100%| O|  |TAMS 0x0000000086c00000, 0x0000000086d00000| Untracked 
| 109|0x0000000086d00000, 0x0000000086d00000, 0x0000000086e00000|  0%| F|  |TAMS 0x0000000086d00000, 0x0000000086d00000| Untracked 
| 110|0x0000000086e00000, 0x0000000086f00000, 0x0000000086f00000|100%| O|  |TAMS 0x0000000086f00000, 0x0000000086f00000| Untracked 
| 111|0x0000000086f00000, 0x0000000086f00000, 0x0000000087000000|  0%| F|  |TAMS 0x0000000086f00000, 0x0000000086f00000| Untracked 
| 112|0x0000000087000000, 0x0000000087000000, 0x0000000087100000|  0%| F|  |TAMS 0x0000000087000000, 0x0000000087000000| Untracked 
| 113|0x0000000087100000, 0x0000000087100000, 0x0000000087200000|  0%| F|  |TAMS 0x0000000087100000, 0x0000000087100000| Untracked 
| 114|0x0000000087200000, 0x0000000087300000, 0x0000000087300000|100%| O|  |TAMS 0x0000000087300000, 0x0000000087300000| Untracked 
| 115|0x0000000087300000, 0x0000000087400000, 0x0000000087400000|100%| O|  |TAMS 0x0000000087346e00, 0x0000000087400000| Untracked 
| 116|0x0000000087400000, 0x0000000087500000, 0x0000000087500000|100%| O|  |TAMS 0x0000000087400000, 0x0000000087500000| Untracked 
| 117|0x0000000087500000, 0x0000000087600000, 0x0000000087600000|100%| O|  |TAMS 0x0000000087500000, 0x0000000087600000| Untracked 
| 118|0x0000000087600000, 0x0000000087600000, 0x0000000087700000|  0%| F|  |TAMS 0x0000000087600000, 0x0000000087600000| Untracked 
| 119|0x0000000087700000, 0x0000000087800000, 0x0000000087800000|100%| O|  |TAMS 0x0000000087800000, 0x0000000087800000| Untracked 
| 120|0x0000000087800000, 0x0000000087800000, 0x0000000087900000|  0%| F|  |TAMS 0x0000000087800000, 0x0000000087800000| Untracked 
| 121|0x0000000087900000, 0x0000000087900000, 0x0000000087a00000|  0%| F|  |TAMS 0x0000000087900000, 0x0000000087900000| Untracked 
| 122|0x0000000087a00000, 0x0000000087b00000, 0x0000000087b00000|100%| O|  |TAMS 0x0000000087b00000, 0x0000000087b00000| Untracked 
| 123|0x0000000087b00000, 0x0000000087b00000, 0x0000000087c00000|  0%| F|  |TAMS 0x0000000087b00000, 0x0000000087b00000| Untracked 
| 124|0x0000000087c00000, 0x0000000087d00000, 0x0000000087d00000|100%| O|  |TAMS 0x0000000087d00000, 0x0000000087d00000| Untracked 
| 125|0x0000000087d00000, 0x0000000087e00000, 0x0000000087e00000|100%| O|  |TAMS 0x0000000087e00000, 0x0000000087e00000| Untracked 
| 126|0x0000000087e00000, 0x0000000087f00000, 0x0000000087f00000|100%| O|  |TAMS 0x0000000087f00000, 0x0000000087f00000| Untracked 
| 127|0x0000000087f00000, 0x0000000088000000, 0x0000000088000000|100%| O|  |TAMS 0x0000000088000000, 0x0000000088000000| Untracked 
| 128|0x0000000088000000, 0x0000000088100000, 0x0000000088100000|100%| O|  |TAMS 0x0000000088100000, 0x0000000088100000| Untracked 
| 129|0x0000000088100000, 0x0000000088200000, 0x0000000088200000|100%| O|  |TAMS 0x0000000088100000, 0x0000000088200000| Untracked 
| 130|0x0000000088200000, 0x0000000088300000, 0x0000000088300000|100%| O|  |TAMS 0x0000000088200000, 0x0000000088300000| Untracked 
| 131|0x0000000088300000, 0x0000000088400000, 0x0000000088400000|100%| O|  |TAMS 0x0000000088400000, 0x0000000088400000| Untracked 
| 132|0x0000000088400000, 0x0000000088458c00, 0x0000000088500000| 34%| O|  |TAMS 0x0000000088400000, 0x0000000088458c00| Untracked 
| 133|0x0000000088500000, 0x0000000088600000, 0x0000000088600000|100%| O|  |TAMS 0x0000000088600000, 0x0000000088600000| Untracked 
| 134|0x0000000088600000, 0x0000000088600000, 0x0000000088700000|  0%| F|  |TAMS 0x0000000088600000, 0x0000000088600000| Untracked 
| 135|0x0000000088700000, 0x0000000088700000, 0x0000000088800000|  0%| F|  |TAMS 0x0000000088700000, 0x0000000088700000| Untracked 
| 136|0x0000000088800000, 0x0000000088800000, 0x0000000088900000|  0%| F|  |TAMS 0x0000000088800000, 0x0000000088800000| Untracked 
| 137|0x0000000088900000, 0x0000000088a00000, 0x0000000088a00000|100%| O|  |TAMS 0x0000000088a00000, 0x0000000088a00000| Untracked 
| 138|0x0000000088a00000, 0x0000000088b00000, 0x0000000088b00000|100%| O|  |TAMS 0x0000000088b00000, 0x0000000088b00000| Untracked 
| 139|0x0000000088b00000, 0x0000000088c00000, 0x0000000088c00000|100%| O|  |TAMS 0x0000000088c00000, 0x0000000088c00000| Untracked 
| 140|0x0000000088c00000, 0x0000000088d00000, 0x0000000088d00000|100%| O|  |TAMS 0x0000000088d00000, 0x0000000088d00000| Untracked 
| 141|0x0000000088d00000, 0x0000000088d00000, 0x0000000088e00000|  0%| F|  |TAMS 0x0000000088d00000, 0x0000000088d00000| Untracked 
| 142|0x0000000088e00000, 0x0000000088e00000, 0x0000000088f00000|  0%| F|  |TAMS 0x0000000088e00000, 0x0000000088e00000| Untracked 
| 143|0x0000000088f00000, 0x0000000088f00000, 0x0000000089000000|  0%| F|  |TAMS 0x0000000088f00000, 0x0000000088f00000| Untracked 
| 144|0x0000000089000000, 0x0000000089000000, 0x0000000089100000|  0%| F|  |TAMS 0x0000000089000000, 0x0000000089000000| Untracked 
| 145|0x0000000089100000, 0x0000000089100000, 0x0000000089200000|  0%| F|  |TAMS 0x0000000089100000, 0x0000000089100000| Untracked 
| 146|0x0000000089200000, 0x0000000089200000, 0x0000000089300000|  0%| F|  |TAMS 0x0000000089200000, 0x0000000089200000| Untracked 
| 147|0x0000000089300000, 0x0000000089300000, 0x0000000089400000|  0%| F|  |TAMS 0x0000000089300000, 0x0000000089300000| Untracked 
| 148|0x0000000089400000, 0x0000000089400000, 0x0000000089500000|  0%| F|  |TAMS 0x0000000089400000, 0x0000000089400000| Untracked 
| 149|0x0000000089500000, 0x0000000089500000, 0x0000000089600000|  0%| F|  |TAMS 0x0000000089500000, 0x0000000089500000| Untracked 
| 150|0x0000000089600000, 0x0000000089600000, 0x0000000089700000|  0%| F|  |TAMS 0x0000000089600000, 0x0000000089600000| Untracked 
| 151|0x0000000089700000, 0x0000000089700000, 0x0000000089800000|  0%| F|  |TAMS 0x0000000089700000, 0x0000000089700000| Untracked 
| 152|0x0000000089800000, 0x0000000089800000, 0x0000000089900000|  0%| F|  |TAMS 0x0000000089800000, 0x0000000089800000| Untracked 
| 153|0x0000000089900000, 0x0000000089900000, 0x0000000089a00000|  0%| F|  |TAMS 0x0000000089900000, 0x0000000089900000| Untracked 
| 154|0x0000000089a00000, 0x0000000089a00000, 0x0000000089b00000|  0%| F|  |TAMS 0x0000000089a00000, 0x0000000089a00000| Untracked 
| 155|0x0000000089b00000, 0x0000000089b00000, 0x0000000089c00000|  0%| F|  |TAMS 0x0000000089b00000, 0x0000000089b00000| Untracked 
| 156|0x0000000089c00000, 0x0000000089c00000, 0x0000000089d00000|  0%| F|  |TAMS 0x0000000089c00000, 0x0000000089c00000| Untracked 
| 157|0x0000000089d00000, 0x0000000089d00000, 0x0000000089e00000|  0%| F|  |TAMS 0x0000000089d00000, 0x0000000089d00000| Untracked 
| 158|0x0000000089e00000, 0x0000000089e00000, 0x0000000089f00000|  0%| F|  |TAMS 0x0000000089e00000, 0x0000000089e00000| Untracked 
| 159|0x0000000089f00000, 0x0000000089f00000, 0x000000008a000000|  0%| F|  |TAMS 0x0000000089f00000, 0x0000000089f00000| Untracked 
| 160|0x000000008a000000, 0x000000008a000000, 0x000000008a100000|  0%| F|  |TAMS 0x000000008a000000, 0x000000008a000000| Untracked 
| 161|0x000000008a100000, 0x000000008a100000, 0x000000008a200000|  0%| F|  |TAMS 0x000000008a100000, 0x000000008a100000| Untracked 
| 162|0x000000008a200000, 0x000000008a200000, 0x000000008a300000|  0%| F|  |TAMS 0x000000008a200000, 0x000000008a200000| Untracked 
| 163|0x000000008a300000, 0x000000008a300000, 0x000000008a400000|  0%| F|  |TAMS 0x000000008a300000, 0x000000008a300000| Untracked 
| 164|0x000000008a400000, 0x000000008a400000, 0x000000008a500000|  0%| F|  |TAMS 0x000000008a400000, 0x000000008a400000| Untracked 
| 165|0x000000008a500000, 0x000000008a500000, 0x000000008a600000|  0%| F|  |TAMS 0x000000008a500000, 0x000000008a500000| Untracked 
| 166|0x000000008a600000, 0x000000008a600000, 0x000000008a700000|  0%| F|  |TAMS 0x000000008a600000, 0x000000008a600000| Untracked 
| 167|0x000000008a700000, 0x000000008a700000, 0x000000008a800000|  0%| F|  |TAMS 0x000000008a700000, 0x000000008a700000| Untracked 
| 168|0x000000008a800000, 0x000000008a800000, 0x000000008a900000|  0%| F|  |TAMS 0x000000008a800000, 0x000000008a800000| Untracked 
| 169|0x000000008a900000, 0x000000008a900000, 0x000000008aa00000|  0%| F|  |TAMS 0x000000008a900000, 0x000000008a900000| Untracked 
| 170|0x000000008aa00000, 0x000000008aa00000, 0x000000008ab00000|  0%| F|  |TAMS 0x000000008aa00000, 0x000000008aa00000| Untracked 
| 171|0x000000008ab00000, 0x000000008ab00000, 0x000000008ac00000|  0%| F|  |TAMS 0x000000008ab00000, 0x000000008ab00000| Untracked 
| 172|0x000000008ac00000, 0x000000008ac00000, 0x000000008ad00000|  0%| F|  |TAMS 0x000000008ac00000, 0x000000008ac00000| Untracked 
| 173|0x000000008ad00000, 0x000000008ad00000, 0x000000008ae00000|  0%| F|  |TAMS 0x000000008ad00000, 0x000000008ad00000| Untracked 
| 174|0x000000008ae00000, 0x000000008ae00000, 0x000000008af00000|  0%| F|  |TAMS 0x000000008ae00000, 0x000000008ae00000| Untracked 
| 175|0x000000008af00000, 0x000000008af00000, 0x000000008b000000|  0%| F|  |TAMS 0x000000008af00000, 0x000000008af00000| Untracked 
| 176|0x000000008b000000, 0x000000008b000000, 0x000000008b100000|  0%| F|  |TAMS 0x000000008b000000, 0x000000008b000000| Untracked 
| 177|0x000000008b100000, 0x000000008b100000, 0x000000008b200000|  0%| F|  |TAMS 0x000000008b100000, 0x000000008b100000| Untracked 
| 178|0x000000008b200000, 0x000000008b200000, 0x000000008b300000|  0%| F|  |TAMS 0x000000008b200000, 0x000000008b200000| Untracked 
| 179|0x000000008b300000, 0x000000008b398f60, 0x000000008b400000| 59%| S|CS|TAMS 0x000000008b300000, 0x000000008b300000| Complete 
| 180|0x000000008b400000, 0x000000008b500000, 0x000000008b500000|100%| S|CS|TAMS 0x000000008b400000, 0x000000008b400000| Complete 
| 181|0x000000008b500000, 0x000000008b600000, 0x000000008b600000|100%| S|CS|TAMS 0x000000008b500000, 0x000000008b500000| Complete 
| 182|0x000000008b600000, 0x000000008b700000, 0x000000008b700000|100%| S|CS|TAMS 0x000000008b600000, 0x000000008b600000| Complete 
| 183|0x000000008b700000, 0x000000008b800000, 0x000000008b800000|100%| S|CS|TAMS 0x000000008b700000, 0x000000008b700000| Complete 
| 184|0x000000008b800000, 0x000000008b900000, 0x000000008b900000|100%| S|CS|TAMS 0x000000008b800000, 0x000000008b800000| Complete 
| 185|0x000000008b900000, 0x000000008b900000, 0x000000008ba00000|  0%| F|  |TAMS 0x000000008b900000, 0x000000008b900000| Untracked 
| 186|0x000000008ba00000, 0x000000008ba00000, 0x000000008bb00000|  0%| F|  |TAMS 0x000000008ba00000, 0x000000008ba00000| Untracked 
| 187|0x000000008bb00000, 0x000000008bb00000, 0x000000008bc00000|  0%| F|  |TAMS 0x000000008bb00000, 0x000000008bb00000| Untracked 
| 188|0x000000008bc00000, 0x000000008bc00000, 0x000000008bd00000|  0%| F|  |TAMS 0x000000008bc00000, 0x000000008bc00000| Untracked 
| 189|0x000000008bd00000, 0x000000008bd00000, 0x000000008be00000|  0%| F|  |TAMS 0x000000008bd00000, 0x000000008bd00000| Untracked 
| 190|0x000000008be00000, 0x000000008be00000, 0x000000008bf00000|  0%| F|  |TAMS 0x000000008be00000, 0x000000008be00000| Untracked 
| 191|0x000000008bf00000, 0x000000008bf00000, 0x000000008c000000|  0%| F|  |TAMS 0x000000008bf00000, 0x000000008bf00000| Untracked 
| 192|0x000000008c000000, 0x000000008c000000, 0x000000008c100000|  0%| F|  |TAMS 0x000000008c000000, 0x000000008c000000| Untracked 
| 193|0x000000008c100000, 0x000000008c100000, 0x000000008c200000|  0%| F|  |TAMS 0x000000008c100000, 0x000000008c100000| Untracked 
| 194|0x000000008c200000, 0x000000008c200000, 0x000000008c300000|  0%| F|  |TAMS 0x000000008c200000, 0x000000008c200000| Untracked 
| 195|0x000000008c300000, 0x000000008c300000, 0x000000008c400000|  0%| F|  |TAMS 0x000000008c300000, 0x000000008c300000| Untracked 
| 196|0x000000008c400000, 0x000000008c400000, 0x000000008c500000|  0%| F|  |TAMS 0x000000008c400000, 0x000000008c400000| Untracked 
| 197|0x000000008c500000, 0x000000008c500000, 0x000000008c600000|  0%| F|  |TAMS 0x000000008c500000, 0x000000008c500000| Untracked 
| 198|0x000000008c600000, 0x000000008c600000, 0x000000008c700000|  0%| F|  |TAMS 0x000000008c600000, 0x000000008c600000| Untracked 
| 199|0x000000008c700000, 0x000000008c700000, 0x000000008c800000|  0%| F|  |TAMS 0x000000008c700000, 0x000000008c700000| Untracked 
| 200|0x000000008c800000, 0x000000008c800000, 0x000000008c900000|  0%| F|  |TAMS 0x000000008c800000, 0x000000008c800000| Untracked 
| 201|0x000000008c900000, 0x000000008c900000, 0x000000008ca00000|  0%| F|  |TAMS 0x000000008c900000, 0x000000008c900000| Untracked 
| 202|0x000000008ca00000, 0x000000008ca00000, 0x000000008cb00000|  0%| F|  |TAMS 0x000000008ca00000, 0x000000008ca00000| Untracked 
| 203|0x000000008cb00000, 0x000000008cb00000, 0x000000008cc00000|  0%| F|  |TAMS 0x000000008cb00000, 0x000000008cb00000| Untracked 
| 204|0x000000008cc00000, 0x000000008cc00000, 0x000000008cd00000|  0%| F|  |TAMS 0x000000008cc00000, 0x000000008cc00000| Untracked 
| 205|0x000000008cd00000, 0x000000008cd00000, 0x000000008ce00000|  0%| F|  |TAMS 0x000000008cd00000, 0x000000008cd00000| Untracked 
| 206|0x000000008ce00000, 0x000000008ce00000, 0x000000008cf00000|  0%| F|  |TAMS 0x000000008ce00000, 0x000000008ce00000| Untracked 
| 207|0x000000008cf00000, 0x000000008cf00000, 0x000000008d000000|  0%| F|  |TAMS 0x000000008cf00000, 0x000000008cf00000| Untracked 
| 208|0x000000008d000000, 0x000000008d000000, 0x000000008d100000|  0%| F|  |TAMS 0x000000008d000000, 0x000000008d000000| Untracked 
| 209|0x000000008d100000, 0x000000008d100000, 0x000000008d200000|  0%| F|  |TAMS 0x000000008d100000, 0x000000008d100000| Untracked 
| 210|0x000000008d200000, 0x000000008d200000, 0x000000008d300000|  0%| F|  |TAMS 0x000000008d200000, 0x000000008d200000| Untracked 
| 211|0x000000008d300000, 0x000000008d300000, 0x000000008d400000|  0%| F|  |TAMS 0x000000008d300000, 0x000000008d300000| Untracked 
| 212|0x000000008d400000, 0x000000008d400000, 0x000000008d500000|  0%| F|  |TAMS 0x000000008d400000, 0x000000008d400000| Untracked 
| 213|0x000000008d500000, 0x000000008d500000, 0x000000008d600000|  0%| F|  |TAMS 0x000000008d500000, 0x000000008d500000| Untracked 
| 214|0x000000008d600000, 0x000000008d700000, 0x000000008d700000|100%| E|  |TAMS 0x000000008d600000, 0x000000008d600000| Complete 
| 215|0x000000008d700000, 0x000000008d800000, 0x000000008d800000|100%| E|CS|TAMS 0x000000008d700000, 0x000000008d700000| Complete 
| 216|0x000000008d800000, 0x000000008d900000, 0x000000008d900000|100%| E|CS|TAMS 0x000000008d800000, 0x000000008d800000| Complete 
| 217|0x000000008d900000, 0x000000008da00000, 0x000000008da00000|100%| E|CS|TAMS 0x000000008d900000, 0x000000008d900000| Complete 
| 218|0x000000008da00000, 0x000000008db00000, 0x000000008db00000|100%| E|CS|TAMS 0x000000008da00000, 0x000000008da00000| Complete 
| 219|0x000000008db00000, 0x000000008dc00000, 0x000000008dc00000|100%| E|CS|TAMS 0x000000008db00000, 0x000000008db00000| Complete 
| 220|0x000000008dc00000, 0x000000008dd00000, 0x000000008dd00000|100%| E|CS|TAMS 0x000000008dc00000, 0x000000008dc00000| Complete 
| 221|0x000000008dd00000, 0x000000008de00000, 0x000000008de00000|100%| E|CS|TAMS 0x000000008dd00000, 0x000000008dd00000| Complete 
| 222|0x000000008de00000, 0x000000008df00000, 0x000000008df00000|100%| E|CS|TAMS 0x000000008de00000, 0x000000008de00000| Complete 
| 223|0x000000008df00000, 0x000000008e000000, 0x000000008e000000|100%| E|CS|TAMS 0x000000008df00000, 0x000000008df00000| Complete 
| 224|0x000000008e000000, 0x000000008e100000, 0x000000008e100000|100%| E|CS|TAMS 0x000000008e000000, 0x000000008e000000| Complete 
| 225|0x000000008e100000, 0x000000008e200000, 0x000000008e200000|100%| O|  |TAMS 0x000000008e200000, 0x000000008e200000| Untracked 
| 226|0x000000008e200000, 0x000000008e300000, 0x000000008e300000|100%| E|  |TAMS 0x000000008e200000, 0x000000008e200000| Complete 
| 227|0x000000008e300000, 0x000000008e400000, 0x000000008e400000|100%| E|CS|TAMS 0x000000008e300000, 0x000000008e300000| Complete 

Card table byte_map: [0x000001e46c5f0000,0x000001e46c9f0000] _byte_map_base: 0x000001e46c1f0000

Marking Bits (Prev, Next): (CMBitMap*) 0x000001e4597041b8, (CMBitMap*) 0x000001e4597041f0
 Prev Bits: [0x000001e46cdf0000, 0x000001e46edf0000)
 Next Bits: [0x000001e46edf0000, 0x000001e470df0000)

Polling page: 0x000001e458ea0000

Metaspace:

Usage:
  Non-class:    121.36 MB capacity,   118.80 MB ( 98%) used,     2.05 MB (  2%) free+waste,   524.81 KB ( <1%) overhead. 
      Class:     18.49 MB capacity,    16.92 MB ( 92%) used,     1.34 MB (  7%) free+waste,   232.38 KB (  1%) overhead. 
       Both:    139.85 MB capacity,   135.72 MB ( 97%) used,     3.39 MB (  2%) free+waste,   757.19 KB ( <1%) overhead. 

Virtual space:
  Non-class space:      122.00 MB reserved,     121.38 MB (>99%) committed 
      Class space:        1.00 GB reserved,      18.57 MB (  2%) committed 
             Both:        1.12 GB reserved,     139.95 MB ( 12%) committed 

Chunk freelists:
   Non-Class:  17.00 KB
       Class:  44.00 KB
        Both:  61.00 KB

MaxMetaspaceSize: 17179869184.00 GB
CompressedClassSpaceSize: 1.00 GB
Initial GC threshold: 20.80 MB
Current GC threshold: 232.42 MB
CDS: off

CodeHeap 'non-profiled nmethods': size=120064Kb used=15181Kb max_used=15181Kb free=104882Kb
 bounds [0x000001e464cb0000, 0x000001e465b90000, 0x000001e46c1f0000]
CodeHeap 'profiled nmethods': size=120000Kb used=48459Kb max_used=48459Kb free=71541Kb
 bounds [0x000001e45d780000, 0x000001e4606e0000, 0x000001e464cb0000]
CodeHeap 'non-nmethods': size=5696Kb used=2486Kb max_used=2562Kb free=3210Kb
 bounds [0x000001e45d1f0000, 0x000001e45d480000, 0x000001e45d780000]
 total_blobs=22662 nmethods=21637 adapters=935
 compilation: enabled
              stopped_count=0, restarted_count=0
 full_count=0

Compilation events (20 events):
Event: 2320.709 Thread 0x000001e473c2f000 23689       3       com.sun.tools.javac.parser.Tokens::enterKeyword (39 bytes)
Event: 2320.714 Thread 0x000001e473c2f000 nmethod 23689 0x000001e4606d0d90 code [0x000001e4606d1000, 0x000001e4606d1b08]
Event: 2320.722 Thread 0x000001e473c2f000 23690       3       com.sun.tools.javac.code.DeferredCompletionFailureHandler::setHandler (43 bytes)
Event: 2320.723 Thread 0x000001e473c2f000 nmethod 23690 0x000001e4606d1f10 code [0x000001e4606d20e0, 0x000001e4606d2418]
Event: 2320.762 Thread 0x000001e473c2c800 23691       4       com.sun.tools.javac.parser.JavaTokenizer::scanIdent (733 bytes)
Event: 2320.780 Thread 0x000001e473c2f000 23693       3       com.sun.tools.javac.tree.JCTree$JCVariableDecl::<init> (43 bytes)
Event: 2320.782 Thread 0x000001e473c2f000 nmethod 23693 0x000001e4606d2510 code [0x000001e4606d26e0, 0x000001e4606d2ad8]
Event: 2320.793 Thread 0x000001e473c2f000 23695       3       com.sun.tools.javac.parser.JavacParser::bracketsOpt (116 bytes)
Event: 2320.800 Thread 0x000001e473c2f000 nmethod 23695 0x000001e4606d2c10 code [0x000001e4606d2f20, 0x000001e4606d4098]
Event: 2320.800 Thread 0x000001e473c2f000 23696       3       com.sun.tools.javac.parser.JavacParser::arguments (109 bytes)
Event: 2320.806 Thread 0x000001e473c2f000 nmethod 23696 0x000001e4606d4710 code [0x000001e4606d4a80, 0x000001e4606d5e38]
Event: 2320.809 Thread 0x000001e473c2c800 nmethod 23691 0x000001e465b81010 code [0x000001e465b81200, 0x000001e465b81d48]
Event: 2320.809 Thread 0x000001e473c2c800 23697       4       com.sun.tools.javac.util.IntHashTable::lookup (94 bytes)
Event: 2320.812 Thread 0x000001e473c2c800 nmethod 23697 0x000001e465b82510 code [0x000001e465b826a0, 0x000001e465b827d8]
Event: 2320.812 Thread 0x000001e473c2c800 23692       4       com.sun.tools.javac.parser.UnicodeReader::putChar (10 bytes)
Event: 2320.816 Thread 0x000001e473c2c800 nmethod 23692 0x000001e465b82910 code [0x000001e465b82ac0, 0x000001e465b82d58]
Event: 2320.816 Thread 0x000001e473c2c800 23694       4       com.sun.tools.javac.parser.Scanner::token (30 bytes)
Event: 2320.892 Thread 0x000001e473c2c800 nmethod 23694 0x000001e465b82f90 code [0x000001e465b83140, 0x000001e465b83368]
Event: 2321.615 Thread 0x000001e473c2f000 23698       3       com.sun.tools.javac.util.Assert::checkNonNull (10 bytes)
Event: 2321.615 Thread 0x000001e473c2f000 nmethod 23698 0x000001e4606d6590 code [0x000001e4606d6760, 0x000001e4606d69a8]

GC Heap History (20 events):
Event: 1788.717 GC heap before
{Heap before GC invocations=93 (full 0):
 garbage-first heap   total 231424K, used 185673K [0x0000000080000000, 0x0000000100000000)
  region size 1024K, 52 young (53248K), 2 survivors (2048K)
 Metaspace       used 137654K, capacity 141816K, committed 142032K, reserved 1173504K
  class space    used 17263K, capacity 18837K, committed 19020K, reserved 1048576K
}
Event: 1789.136 GC heap after
{Heap after GC invocations=94 (full 0):
 garbage-first heap   total 231424K, used 136657K [0x0000000080000000, 0x0000000100000000)
  region size 1024K, 3 young (3072K), 3 survivors (3072K)
 Metaspace       used 137654K, capacity 141816K, committed 142032K, reserved 1173504K
  class space    used 17263K, capacity 18837K, committed 19020K, reserved 1048576K
}
Event: 1791.932 GC heap before
{Heap before GC invocations=94 (full 0):
 garbage-first heap   total 231424K, used 144849K [0x0000000080000000, 0x0000000100000000)
  region size 1024K, 11 young (11264K), 3 survivors (3072K)
 Metaspace       used 137724K, capacity 141962K, committed 142288K, reserved 1173504K
  class space    used 17265K, capacity 18840K, committed 19020K, reserved 1048576K
}
Event: 1792.009 GC heap after
{Heap after GC invocations=95 (full 0):
 garbage-first heap   total 231424K, used 138035K [0x0000000080000000, 0x0000000100000000)
  region size 1024K, 2 young (2048K), 2 survivors (2048K)
 Metaspace       used 137724K, capacity 141962K, committed 142288K, reserved 1173504K
  class space    used 17265K, capacity 18840K, committed 19020K, reserved 1048576K
}
Event: 1807.703 GC heap before
{Heap before GC invocations=96 (full 0):
 garbage-first heap   total 231424K, used 169779K [0x0000000080000000, 0x0000000100000000)
  region size 1024K, 36 young (36864K), 2 survivors (2048K)
 Metaspace       used 137827K, capacity 141913K, committed 142288K, reserved 1173504K
  class space    used 17238K, capacity 18793K, committed 19020K, reserved 1048576K
}
Event: 1807.750 GC heap after
{Heap after GC invocations=97 (full 0):
 garbage-first heap   total 231424K, used 139970K [0x0000000080000000, 0x0000000100000000)
  region size 1024K, 5 young (5120K), 5 survivors (5120K)
 Metaspace       used 137827K, capacity 141913K, committed 142288K, reserved 1173504K
  class space    used 17238K, capacity 18793K, committed 19020K, reserved 1048576K
}
Event: 1808.267 GC heap before
{Heap before GC invocations=97 (full 0):
 garbage-first heap   total 231424K, used 146114K [0x0000000080000000, 0x0000000100000000)
  region size 1024K, 11 young (11264K), 5 survivors (5120K)
 Metaspace       used 137853K, capacity 141932K, committed 142288K, reserved 1173504K
  class space    used 17240K, capacity 18797K, committed 19020K, reserved 1048576K
}
Event: 1808.374 GC heap after
{Heap after GC invocations=98 (full 0):
 garbage-first heap   total 231424K, used 123429K [0x0000000080000000, 0x0000000100000000)
  region size 1024K, 1 young (1024K), 1 survivors (1024K)
 Metaspace       used 137853K, capacity 141932K, committed 142288K, reserved 1173504K
  class space    used 17240K, capacity 18797K, committed 19020K, reserved 1048576K
}
Event: 1809.422 GC heap before
{Heap before GC invocations=98 (full 0):
 garbage-first heap   total 231424K, used 135717K [0x0000000080000000, 0x0000000100000000)
  region size 1024K, 11 young (11264K), 1 survivors (1024K)
 Metaspace       used 137913K, capacity 141996K, committed 142544K, reserved 1173504K
  class space    used 17241K, capacity 18797K, committed 19020K, reserved 1048576K
}
Event: 1809.471 GC heap after
{Heap after GC invocations=99 (full 0):
 garbage-first heap   total 231424K, used 126783K [0x0000000080000000, 0x0000000100000000)
  region size 1024K, 2 young (2048K), 2 survivors (2048K)
 Metaspace       used 137913K, capacity 141996K, committed 142544K, reserved 1173504K
  class space    used 17241K, capacity 18797K, committed 19020K, reserved 1048576K
}
Event: 1814.616 GC heap before
{Heap before GC invocations=99 (full 0):
 garbage-first heap   total 231424K, used 180031K [0x0000000080000000, 0x0000000100000000)
  region size 1024K, 54 young (55296K), 2 survivors (2048K)
 Metaspace       used 138166K, capacity 142323K, committed 142800K, reserved 1173504K
  class space    used 17252K, capacity 18818K, committed 19020K, reserved 1048576K
}
Event: 1814.681 GC heap after
{Heap after GC invocations=100 (full 0):
 garbage-first heap   total 231424K, used 134247K [0x0000000080000000, 0x0000000100000000)
  region size 1024K, 7 young (7168K), 7 survivors (7168K)
 Metaspace       used 138166K, capacity 142323K, committed 142800K, reserved 1173504K
  class space    used 17252K, capacity 18818K, committed 19020K, reserved 1048576K
}
Event: 1818.556 GC heap before
{Heap before GC invocations=100 (full 0):
 garbage-first heap   total 231424K, used 162919K [0x0000000080000000, 0x0000000100000000)
  region size 1024K, 37 young (37888K), 7 survivors (7168K)
 Metaspace       used 138501K, capacity 142611K, committed 142800K, reserved 1173504K
  class space    used 17290K, capacity 18865K, committed 19020K, reserved 1048576K
}
Event: 1818.594 GC heap after
{Heap after GC invocations=101 (full 0):
 garbage-first heap   total 231424K, used 136055K [0x0000000080000000, 0x0000000100000000)
  region size 1024K, 2 young (2048K), 2 survivors (2048K)
 Metaspace       used 138501K, capacity 142611K, committed 142800K, reserved 1173504K
  class space    used 17290K, capacity 18865K, committed 19020K, reserved 1048576K
}
Event: 2314.584 GC heap before
{Heap before GC invocations=102 (full 0):
 garbage-first heap   total 231424K, used 226167K [0x0000000080000000, 0x0000000100000000)
  region size 1024K, 44 young (45056K), 2 survivors (2048K)
 Metaspace       used 138729K, capacity 142978K, committed 143312K, reserved 1173504K
  class space    used 17303K, capacity 18886K, committed 19020K, reserved 1048576K
}
Event: 2314.875 GC heap after
{Heap after GC invocations=103 (full 0):
 garbage-first heap   total 233472K, used 135667K [0x0000000080000000, 0x0000000100000000)
  region size 1024K, 5 young (5120K), 5 survivors (5120K)
 Metaspace       used 138729K, capacity 142978K, committed 143312K, reserved 1173504K
  class space    used 17303K, capacity 18886K, committed 19020K, reserved 1048576K
}
Event: 2316.122 GC heap before
{Heap before GC invocations=103 (full 0):
 garbage-first heap   total 233472K, used 141811K [0x0000000080000000, 0x0000000100000000)
  region size 1024K, 11 young (11264K), 5 survivors (5120K)
 Metaspace       used 138820K, capacity 143015K, committed 143312K, reserved 1173504K
  class space    used 17307K, capacity 18892K, committed 19020K, reserved 1048576K
}
Event: 2316.294 GC heap after
{Heap after GC invocations=104 (full 0):
 garbage-first heap   total 233472K, used 124613K [0x0000000080000000, 0x0000000100000000)
  region size 1024K, 2 young (2048K), 2 survivors (2048K)
 Metaspace       used 138820K, capacity 143015K, committed 143312K, reserved 1173504K
  class space    used 17307K, capacity 18892K, committed 19020K, reserved 1048576K
}
Event: 2320.826 GC heap before
{Heap before GC invocations=104 (full 0):
 garbage-first heap   total 233472K, used 163525K [0x0000000080000000, 0x0000000100000000)
  region size 1024K, 42 young (43008K), 2 survivors (2048K)
 Metaspace       used 138981K, capacity 143207K, committed 143312K, reserved 1173504K
  class space    used 17328K, capacity 18932K, committed 19020K, reserved 1048576K
}
Event: 2320.892 GC heap after
{Heap after GC invocations=105 (full 0):
 garbage-first heap   total 233472K, used 128966K [0x0000000080000000, 0x0000000100000000)
  region size 1024K, 6 young (6144K), 6 survivors (6144K)
 Metaspace       used 138981K, capacity 143207K, committed 143312K, reserved 1173504K
  class space    used 17328K, capacity 18932K, committed 19020K, reserved 1048576K
}

Deoptimization events (20 events):
Event: 2312.076 Thread 0x000001e40009d000 Uncommon trap: reason=unstable_if action=reinterpret pc=0x000001e46527e70c method=java.util.concurrent.ConcurrentLinkedQueue.offer(Ljava/lang/Object;)Z @ 77 c2
Event: 2312.076 Thread 0x000001e40009d000 DEOPT PACKING pc=0x000001e46527e70c sp=0x00000070d55fd530
Event: 2312.077 Thread 0x000001e40009d000 DEOPT UNPACKING pc=0x000001e45d23a1af sp=0x00000070d55fd4c8 mode 2
Event: 2312.079 Thread 0x000001e47c14e000 DEOPT UNPACKING pc=0x000001e45d23a1af sp=0x00000070d52fd808 mode 2
Event: 2312.079 Thread 0x000001e4000a6000 Uncommon trap: trap_request=0xffffff4d fr.pc=0x000001e465793514 relative=0x00000000000013d4
Event: 2312.080 Thread 0x000001e4000a6000 Uncommon trap: reason=unstable_if action=reinterpret pc=0x000001e465793514 method=java.util.concurrent.ConcurrentHashMap.sumCount()J @ 41 c2
Event: 2312.081 Thread 0x000001e4000a6000 DEOPT PACKING pc=0x000001e465793514 sp=0x00000070d66fe950
Event: 2312.086 Thread 0x000001e4000a6000 DEOPT UNPACKING pc=0x000001e45d23a1af sp=0x00000070d66fe798 mode 2
Event: 2312.457 Thread 0x000001e477d15000 Uncommon trap: trap_request=0xffffff4d fr.pc=0x000001e4652e95ac relative=0x00000000000009ac
Event: 2312.457 Thread 0x000001e477d15000 Uncommon trap: reason=unstable_if action=reinterpret pc=0x000001e4652e95ac method=java.util.concurrent.ConcurrentLinkedQueue.poll()Ljava/lang/Object; @ 24 c2
Event: 2312.457 Thread 0x000001e477d15000 DEOPT PACKING pc=0x000001e4652e95ac sp=0x00000070d4efe920
Event: 2312.458 Thread 0x000001e477d15000 DEOPT UNPACKING pc=0x000001e45d23a1af sp=0x00000070d4efe868 mode 2
Event: 2315.721 Thread 0x000001e47c142800 DEOPT PACKING pc=0x000001e45e9ffd1e sp=0x00000070d39f8c60
Event: 2315.723 Thread 0x000001e47c142800 DEOPT UNPACKING pc=0x000001e45d23a95e sp=0x00000070d39f81b0 mode 0
Event: 2319.317 Thread 0x000001e47c3ba800 Uncommon trap: trap_request=0xffffffdc fr.pc=0x000001e465b70c08 relative=0x0000000000000248
Event: 2319.317 Thread 0x000001e47c3ba800 Uncommon trap: reason=class_check action=make_not_entrant pc=0x000001e465b70c08 method=java.util.ArrayDeque.toArray(Ljava/lang/Class;)[Ljava/lang/Object; @ 45 c2
Event: 2319.317 Thread 0x000001e47c3ba800 DEOPT PACKING pc=0x000001e465b70c08 sp=0x00000070d7ff9580
Event: 2319.319 Thread 0x000001e47c3ba800 DEOPT UNPACKING pc=0x000001e45d23a1af sp=0x00000070d7ff9530 mode 2
Event: 2320.594 Thread 0x000001e47c3ba800 DEOPT PACKING pc=0x000001e45e2098ab sp=0x00000070d7ff8b70
Event: 2320.595 Thread 0x000001e47c3ba800 DEOPT UNPACKING pc=0x000001e45d23a95e sp=0x00000070d7ff8008 mode 0

Classes redefined (0 events):
No events

Internal exceptions (20 events):
Event: 1815.571 Thread 0x000001e47c144000 Exception <a 'sun/nio/fs/WindowsException'{0x000000008d2c36d8}> (0x000000008d2c36d8) thrown at [src/hotspot/share/prims/jni.cpp, line 617]
Event: 1817.343 Thread 0x000001e47c142000 Exception <a 'sun/nio/fs/WindowsException'{0x000000008cffdc68}> (0x000000008cffdc68) thrown at [src/hotspot/share/prims/jni.cpp, line 617]
Event: 1817.411 Thread 0x000001e47c142000 Exception <a 'sun/nio/fs/WindowsException'{0x000000008cbcff60}> (0x000000008cbcff60) thrown at [src/hotspot/share/prims/jni.cpp, line 617]
Event: 1819.724 Thread 0x000001e4753fc800 Exception <a 'java/lang/NoSuchMethodError'{0x000000008e022858}: 'java.lang.Object java.lang.invoke.DirectMethodHandle$Holder.invokeVirtual(java.lang.Object, java.lang.Object, int)'> (0x000000008e022858) thrown at [src/hotspot/share/interpreter/linkResolver.cpp, line 773]
Event: 1820.014 Thread 0x000001e47c141000 Exception <a 'sun/nio/fs/WindowsException'{0x000000008de59000}> (0x000000008de59000) thrown at [src/hotspot/share/prims/jni.cpp, line 617]
Event: 1820.086 Thread 0x000001e40009f800 Exception <a 'sun/nio/fs/WindowsException'{0x000000008de1ef30}> (0x000000008de1ef30) thrown at [src/hotspot/share/prims/jni.cpp, line 617]
Event: 1820.086 Thread 0x000001e40009f800 Exception <a 'sun/nio/fs/WindowsException'{0x000000008de1efb8}> (0x000000008de1efb8) thrown at [src/hotspot/share/prims/jni.cpp, line 617]
Event: 1820.086 Thread 0x000001e40009f800 Exception <a 'sun/nio/fs/WindowsException'{0x000000008de20818}> (0x000000008de20818) thrown at [src/hotspot/share/prims/jni.cpp, line 617]
Event: 2312.079 Thread 0x000001e4000a6000 Implicit null exception at 0x000001e465792c1d to 0x000001e4657934ec
Event: 2313.378 Thread 0x000001e47c142800 Exception <a 'sun/nio/fs/WindowsException'{0x000000008bb84a18}> (0x000000008bb84a18) thrown at [src/hotspot/share/prims/jni.cpp, line 617]
Event: 2314.245 Thread 0x000001e47c142800 Exception <a 'java/lang/NoClassDefFoundError'{0x000000008883c6c0}: org/jetbrains/kotlin/gradle/plugin/KotlinBasePluginWrapper> (0x000000008883c6c0) thrown at [src/hotspot/share/oops/constantPool.cpp, line 775]
Event: 2314.898 Thread 0x000001e47c142800 Exception <a 'sun/nio/fs/WindowsException'{0x000000008e007cf8}> (0x000000008e007cf8) thrown at [src/hotspot/share/prims/jni.cpp, line 617]
Event: 2315.058 Thread 0x000001e47c142800 Exception <a 'sun/nio/fs/WindowsException'{0x000000008e0b1680}> (0x000000008e0b1680) thrown at [src/hotspot/share/prims/jni.cpp, line 617]
Event: 2315.062 Thread 0x000001e47c142800 Exception <a 'sun/nio/fs/WindowsException'{0x000000008e0b29f8}> (0x000000008e0b29f8) thrown at [src/hotspot/share/prims/jni.cpp, line 617]
Event: 2315.062 Thread 0x000001e47c142800 Exception <a 'sun/nio/fs/WindowsException'{0x000000008e0b4040}> (0x000000008e0b4040) thrown at [src/hotspot/share/prims/jni.cpp, line 617]
Event: 2315.062 Thread 0x000001e47c142800 Exception <a 'sun/nio/fs/WindowsException'{0x000000008e0b5408}> (0x000000008e0b5408) thrown at [src/hotspot/share/prims/jni.cpp, line 617]
Event: 2315.776 Thread 0x000001e47c142800 Exception <a 'sun/nio/fs/WindowsException'{0x000000008db07bd0}> (0x000000008db07bd0) thrown at [src/hotspot/share/prims/jni.cpp, line 617]
Event: 2320.584 Thread 0x000001e47c3ba800 Exception <a 'sun/nio/fs/WindowsException'{0x000000008baf6c40}> (0x000000008baf6c40) thrown at [src/hotspot/share/prims/jni.cpp, line 617]
Event: 2320.806 Thread 0x000001e47c3ba800 Exception <a 'sun/nio/fs/WindowsException'{0x000000008b9de4f8}> (0x000000008b9de4f8) thrown at [src/hotspot/share/prims/jni.cpp, line 617]
Event: 2320.806 Thread 0x000001e47c3ba800 Exception <a 'sun/nio/fs/WindowsException'{0x000000008b9de608}> (0x000000008b9de608) thrown at [src/hotspot/share/prims/jni.cpp, line 617]

Events (20 events):
Event: 2318.877 Executing VM operation: RevokeBias
Event: 2318.880 Executing VM operation: RevokeBias done
Event: 2318.880 Executing VM operation: RevokeBias
Event: 2318.881 Executing VM operation: RevokeBias done
Event: 2318.881 Executing VM operation: RevokeBias
Event: 2318.881 Executing VM operation: RevokeBias done
Event: 2318.881 Executing VM operation: RevokeBias
Event: 2318.881 Executing VM operation: RevokeBias done
Event: 2318.881 Executing VM operation: RevokeBias
Event: 2318.882 Executing VM operation: RevokeBias done
Event: 2318.882 Executing VM operation: RevokeBias
Event: 2318.882 Executing VM operation: RevokeBias done
Event: 2319.531 Executing VM operation: RevokeBias
Event: 2319.534 Executing VM operation: RevokeBias done
Event: 2319.784 Thread 0x000001e47c3bd800 Thread added: 0x000001e47c3bd800
Event: 2319.785 Thread 0x000001e47c3c3000 Thread added: 0x000001e47c3c3000
Event: 2319.786 Thread 0x000001e47c3c0000 Thread added: 0x000001e47c3c0000
Event: 2319.786 Thread 0x000001e47c3c1800 Thread added: 0x000001e47c3c1800
Event: 2320.824 Executing VM operation: G1CollectForAllocation
Event: 2320.892 Executing VM operation: G1CollectForAllocation done


Dynamic libraries:
0x00007ff6c5d80000 - 0x00007ff6c5d8a000 	C:\Program Files\Android\Android Studio\jbr\bin\java.exe
0x00007ff9c4350000 - 0x00007ff9c4548000 	C:\WINDOWS\SYSTEM32\ntdll.dll
0x00007ff9c24e0000 - 0x00007ff9c259f000 	C:\WINDOWS\System32\KERNEL32.DLL
0x00007ff9c1e10000 - 0x00007ff9c2106000 	C:\WINDOWS\System32\KERNELBASE.dll
0x00007ff9c1ca0000 - 0x00007ff9c1da0000 	C:\WINDOWS\System32\ucrtbase.dll
0x00007ff9a93f0000 - 0x00007ff9a940b000 	C:\Program Files\Android\Android Studio\jbr\bin\VCRUNTIME140.dll
0x00007ff9a9ba0000 - 0x00007ff9a9bb7000 	C:\Program Files\Android\Android Studio\jbr\bin\jli.dll
0x00007ff9c3a90000 - 0x00007ff9c3c2d000 	C:\WINDOWS\System32\USER32.dll
0x00007ff9c2350000 - 0x00007ff9c2372000 	C:\WINDOWS\System32\win32u.dll
0x00007ff9b4a00000 - 0x00007ff9b4c9a000 	C:\WINDOWS\WinSxS\amd64_microsoft.windows.common-controls_6595b64144ccf1df_6.0.19041.1110_none_60b5254171f9507e\COMCTL32.dll
0x00007ff9c41d0000 - 0x00007ff9c41fc000 	C:\WINDOWS\System32\GDI32.dll
0x00007ff9c4110000 - 0x00007ff9c41ae000 	C:\WINDOWS\System32\msvcrt.dll
0x00007ff9c1b80000 - 0x00007ff9c1c95000 	C:\WINDOWS\System32\gdi32full.dll
0x00007ff9c1ae0000 - 0x00007ff9c1b7d000 	C:\WINDOWS\System32\msvcp_win.dll
0x00007ff9c3e10000 - 0x00007ff9c3e40000 	C:\WINDOWS\System32\IMM32.DLL
0x00007ff9a5e50000 - 0x00007ff9a5edd000 	C:\Program Files\Android\Android Studio\jbr\bin\msvcp140.dll
0x00007ff9ab570000 - 0x00007ff9ab57c000 	C:\WINDOWS\SYSTEM32\VCRUNTIME140_1.dll
0x00007ff980bf0000 - 0x00007ff9817ac000 	C:\Program Files\Android\Android Studio\jbr\bin\server\jvm.dll
0x00007ff9c3d60000 - 0x00007ff9c3e0f000 	C:\WINDOWS\System32\ADVAPI32.dll
0x00007ff9c4070000 - 0x00007ff9c410c000 	C:\WINDOWS\System32\sechost.dll
0x00007ff9c3960000 - 0x00007ff9c3a86000 	C:\WINDOWS\System32\RPCRT4.dll
0x00007ff9c37b0000 - 0x00007ff9c37b8000 	C:\WINDOWS\System32\PSAPI.DLL
0x00007ff9c0180000 - 0x00007ff9c018a000 	C:\WINDOWS\SYSTEM32\VERSION.dll
0x00007ff9b4fe0000 - 0x00007ff9b5007000 	C:\WINDOWS\SYSTEM32\WINMM.dll
0x00007ff9ac1a0000 - 0x00007ff9ac1a9000 	C:\WINDOWS\SYSTEM32\WSOCK32.dll
0x00007ff9c37c0000 - 0x00007ff9c382b000 	C:\WINDOWS\System32\WS2_32.dll
0x00007ff9c0280000 - 0x00007ff9c0292000 	C:\WINDOWS\SYSTEM32\kernel.appcore.dll
0x00007ff9aa020000 - 0x00007ff9aa030000 	C:\Program Files\Android\Android Studio\jbr\bin\verify.dll
0x00007ff9b4d10000 - 0x00007ff9b4ef4000 	C:\WINDOWS\SYSTEM32\DBGHELP.DLL
0x00007ff9b4cd0000 - 0x00007ff9b4d04000 	C:\WINDOWS\SYSTEM32\dbgcore.DLL
0x00007ff9c2270000 - 0x00007ff9c22f2000 	C:\WINDOWS\System32\bcryptPrimitives.dll
0x00007ff99e510000 - 0x00007ff99e538000 	C:\Program Files\Android\Android Studio\jbr\bin\java.dll
0x00007ff9a9a30000 - 0x00007ff9a9a3a000 	C:\Program Files\Android\Android Studio\jbr\bin\jimage.dll
0x00007ff99dde0000 - 0x00007ff99ddf8000 	C:\Program Files\Android\Android Studio\jbr\bin\zip.dll
0x00007ff9c2700000 - 0x00007ff9c2e44000 	C:\WINDOWS\System32\SHELL32.dll
0x00007ff9bf930000 - 0x00007ff9c00c3000 	C:\WINDOWS\SYSTEM32\windows.storage.dll
0x00007ff9c32c0000 - 0x00007ff9c3614000 	C:\WINDOWS\System32\combase.dll
0x00007ff9c1420000 - 0x00007ff9c144e000 	C:\WINDOWS\SYSTEM32\Wldp.dll
0x00007ff9c3700000 - 0x00007ff9c37ad000 	C:\WINDOWS\System32\SHCORE.dll
0x00007ff9c3d00000 - 0x00007ff9c3d55000 	C:\WINDOWS\System32\shlwapi.dll
0x00007ff9c1970000 - 0x00007ff9c198f000 	C:\WINDOWS\SYSTEM32\profapi.dll
0x00007ff9aec00000 - 0x00007ff9aec19000 	C:\Program Files\Android\Android Studio\jbr\bin\net.dll
0x00007ff9b88f0000 - 0x00007ff9b89fa000 	C:\WINDOWS\SYSTEM32\WINHTTP.dll
0x00007ff9c1110000 - 0x00007ff9c117a000 	C:\WINDOWS\system32\mswsock.dll
0x00007ff990d20000 - 0x00007ff990d33000 	C:\Program Files\Android\Android Studio\jbr\bin\nio.dll
0x00007ff9a9410000 - 0x00007ff9a9437000 	C:\Users\thima\AndroidStudioProjects\DemoApp\native\e1d6ef7f7dcc3fd88c89a11ec53ec762bb8ba0a96d01ffa2cd45eb1d1d8dd5c5\windows-amd64\native-platform.dll
0x00007ff9a5b60000 - 0x00007ff9a5ca4000 	C:\Users\thima\AndroidStudioProjects\DemoApp\native\0d407fdbe67a94daf76414ababcb853783967236a71b16ec16e742cd7a986fd3\windows-amd64\native-platform-file-events.dll
0x00007ff9bee10000 - 0x00007ff9bee1a000 	C:\Program Files\Android\Android Studio\jbr\bin\management.dll
0x00007ff9bee00000 - 0x00007ff9bee0b000 	C:\Program Files\Android\Android Studio\jbr\bin\management_ext.dll
0x00007ff9c1380000 - 0x00007ff9c1398000 	C:\WINDOWS\SYSTEM32\CRYPTSP.dll
0x00007ff9c0a30000 - 0x00007ff9c0a64000 	C:\WINDOWS\system32\rsaenh.dll
0x00007ff9c2380000 - 0x00007ff9c23a7000 	C:\WINDOWS\System32\bcrypt.dll
0x00007ff9c18f0000 - 0x00007ff9c191e000 	C:\WINDOWS\SYSTEM32\USERENV.dll
0x00007ff9c1370000 - 0x00007ff9c137c000 	C:\WINDOWS\SYSTEM32\CRYPTBASE.dll
0x00007ff9c0e00000 - 0x00007ff9c0e3c000 	C:\WINDOWS\SYSTEM32\IPHLPAPI.DLL
0x00007ff9c2600000 - 0x00007ff9c2608000 	C:\WINDOWS\System32\NSI.dll
0x00007ff9bb000000 - 0x00007ff9bb017000 	C:\WINDOWS\SYSTEM32\dhcpcsvc6.DLL
0x00007ff9bb120000 - 0x00007ff9bb13d000 	C:\WINDOWS\SYSTEM32\dhcpcsvc.DLL
0x00007ff9c0e40000 - 0x00007ff9c0f0b000 	C:\WINDOWS\SYSTEM32\DNSAPI.dll
0x00007ff98f0b0000 - 0x00007ff98f0d7000 	C:\Program Files\Android\Android Studio\jbr\bin\sunec.dll
0x00007ff9b88a0000 - 0x00007ff9b88aa000 	C:\Windows\System32\rasadhlp.dll
0x00007ff9b87b0000 - 0x00007ff9b8832000 	C:\WINDOWS\System32\fwpuclnt.dll
0x00007ff9c0b70000 - 0x00007ff9c0ba3000 	C:\WINDOWS\SYSTEM32\ntmarta.dll

dbghelp: loaded successfully - version: 4.0.5 - missing functions: none
symbol engine: initialized successfully - sym options: 0x614 - pdb path: .;C:\Program Files\Android\Android Studio\jbr\bin;C:\WINDOWS\SYSTEM32;C:\WINDOWS\WinSxS\amd64_microsoft.windows.common-controls_6595b64144ccf1df_6.0.19041.1110_none_60b5254171f9507e;C:\Program Files\Android\Android Studio\jbr\bin\server;C:\Users\thima\AndroidStudioProjects\DemoApp\native\e1d6ef7f7dcc3fd88c89a11ec53ec762bb8ba0a96d01ffa2cd45eb1d1d8dd5c5\windows-amd64;C:\Users\thima\AndroidStudioProjects\DemoApp\native\0d407fdbe67a94daf76414ababcb853783967236a71b16ec16e742cd7a986fd3\windows-amd64

VM Arguments:
jvm_args: --add-opens=java.base/java.util=ALL-UNNAMED --add-opens=java.base/java.lang=ALL-UNNAMED --add-opens=java.base/java.lang.invoke=ALL-UNNAMED --add-opens=java.base/java.util=ALL-UNNAMED --add-opens=java.prefs/java.util.prefs=ALL-UNNAMED --add-opens=java.prefs/java.util.prefs=ALL-UNNAMED --add-opens=java.base/java.nio.charset=ALL-UNNAMED --add-opens=java.base/java.net=ALL-UNNAMED --add-opens=java.base/java.util.concurrent.atomic=ALL-UNNAMED -Xmx2048m -Dfile.encoding=UTF-8 -Duser.country=US -Duser.language=en -Duser.variant 
java_command: org.gradle.launcher.daemon.bootstrap.GradleDaemon 7.5
java_class_path (initial): C:\Users\thima\AndroidStudioProjects\DemoApp\wrapper\dists\gradle-7.5-bin\f1w0cc9nuo0eivz97x2xlu9sv\gradle-7.5\lib\gradle-launcher-7.5.jar
Launcher Type: SUN_STANDARD

[Global flags]
     intx CICompilerCount                          = 3                                         {product} {ergonomic}
     uint ConcGCThreads                            = 1                                         {product} {ergonomic}
     uint G1ConcRefinementThreads                  = 4                                         {product} {ergonomic}
   size_t G1HeapRegionSize                         = 1048576                                   {product} {ergonomic}
    uintx GCDrainStackTargetSize                   = 64                                        {product} {ergonomic}
   size_t InitialHeapSize                          = 67108864                                  {product} {ergonomic}
   size_t MarkStackSize                            = 4194304                                   {product} {ergonomic}
   size_t MaxHeapSize                              = 2147483648                                {product} {command line}
   size_t MaxNewSize                               = 1287651328                                {product} {ergonomic}
   size_t MinHeapDeltaBytes                        = 1048576                                   {product} {ergonomic}
    uintx NonNMethodCodeHeapSize                   = 5830732                                {pd product} {ergonomic}
    uintx NonProfiledCodeHeapSize                  = 122913754                              {pd product} {ergonomic}
    uintx ProfiledCodeHeapSize                     = 122913754                              {pd product} {ergonomic}
    uintx ReservedCodeCacheSize                    = 251658240                              {pd product} {ergonomic}
     bool SegmentedCodeCache                       = true                                      {product} {ergonomic}
     bool UseCompressedClassPointers               = true                                 {lp64_product} {ergonomic}
     bool UseCompressedOops                        = true                                 {lp64_product} {ergonomic}
     bool UseG1GC                                  = true                                      {product} {ergonomic}
     bool UseLargePagesIndividualAllocation        = false                                  {pd product} {ergonomic}

Logging:
Log output configuration:
 #0: stdout all=warning uptime,level,tags
 #1: stderr all=off uptime,level,tags

Environment Variables:
JAVA_HOME=C:\Program Files\Java\jdk1.8.0_333
PATH=C:\Python310\Scripts\;C:\Python310\;C:\Program Files (x86)\Common Files\Oracle\Java\javapath;C:\WINDOWS\system32;C:\WINDOWS;C:\WINDOWS\System32\Wbem;C:\WINDOWS\System32\WindowsPowerShell\v1.0\;C:\WINDOWS\System32\OpenSSH\;C:\Program Files\Java\jdk1.8.0_333\bin;C:\ProgramData\chocolatey\bin;C:\Program Files\nodejs\;C:\xampp\php;C:\ProgramData\ComposerSetup\bin;C:\Program Files\Git\cmd;C:\Users\thima\AppData\Local\Microsoft\WindowsApps;C:\Users\thima\AppData\Local\Programs\Microsoft VS Code\bin;C:\Users\thima\AppData\Roaming\npm;C:\Program Files\CodeBlocks\MinGW\bin;C:\Users\thima\AppData\Roaming\Composer\vendor\bin;C:\Program Files\Git\bin\git.exe;
USERNAME=thima
OS=Windows_NT
PROCESSOR_IDENTIFIER=Intel64 Family 6 Model 58 Stepping 9, GenuineIntel



---------------  S Y S T E M  ---------------

OS: Windows 10 , 64 bit Build 19041 (10.0.19041.2913)
OS uptime: 0 days 10:41 hours

CPU:total 4 (initial active 4) (2 cores per cpu, 2 threads per core) family 6 model 58 stepping 9 microcode 0x21, cmov, cx8, fxsr, mmx, sse, sse2, sse3, ssse3, sse4.1, sse4.2, popcnt, avx, aes, clmul, erms, ht, tsc, tscinvbit, tscinv

Memory: 4k page, system-wide physical 3969M (215M free)
TotalPageFile size 9969M (AvailPageFile size 2116M)
current process WorkingSet (physical memory assigned to process): 248M, peak: 528M
current process commit charge ("private bytes"): 623M, peak: 626M

vm_info: OpenJDK 64-Bit Server VM (11.0.15+0-b2043.56-8887301) for windows-amd64 JRE (11.0.15+0-b2043.56-8887301), built on Jul 29 2022 23:19:47 by "builduser" with unknown MS VC++:1929

END.
