#
# A fatal error has been detected by the Java Runtime Environment:
#
#  EXCEPTION_ACCESS_VIOLATION (0xc0000005) at pc=0x00007ff8d35e88a6, pid=10280, tid=10808
#
# JRE version: OpenJDK Runtime Environment (11.0.15) (build 11.0.15+0-b2043.56-8887301)
# Java VM: OpenJDK 64-Bit Server VM (11.0.15+0-b2043.56-8887301, mixed mode, tiered, compressed oops, g1 gc, windows-amd64)
# Problematic frame:
# V  [jvm.dll+0x1a88a6]
#
# No core dump will be written. Minidumps are not enabled by default on client versions of Windows
#
# If you would like to submit a bug report, please visit:
#   https://bugreport.java.com/bugreport/crash.jsp
#

---------------  S U M M A R Y ------------

Command Line: --add-opens=java.base/java.util=ALL-UNNAMED --add-opens=java.base/java.lang=ALL-UNNAMED --add-opens=java.base/java.lang.invoke=ALL-UNNAMED --add-opens=java.base/java.util=ALL-UNNAMED --add-opens=java.prefs/java.util.prefs=ALL-UNNAMED --add-opens=java.prefs/java.util.prefs=ALL-UNNAMED --add-opens=java.base/java.nio.charset=ALL-UNNAMED --add-opens=java.base/java.net=ALL-UNNAMED --add-opens=java.base/java.util.concurrent.atomic=ALL-UNNAMED -Xmx2048m -Dfile.encoding=UTF-8 -Duser.country=US -Duser.language=en -Duser.variant org.gradle.launcher.daemon.bootstrap.GradleDaemon 7.5

Host: Intel(R) Core(TM) i5-3230M CPU @ 2.60GHz, 4 cores, 3G,  Windows 10 , 64 bit Build 19041 (10.0.19041.2913)
Time: Tue Jun  6 22:32:10 2023 Sri Lanka Standard Time elapsed time: 14.785138 seconds (0d 0h 0m 14s)

---------------  T H R E A D  ---------------

Current thread (0x0000023680ad6800):  GCTaskThread "GC Thread#2" [stack: 0x0000005e1fa00000,0x0000005e1fb00000] [id=10808]

Stack: [0x0000005e1fa00000,0x0000005e1fb00000],  sp=0x0000005e1faff548,  free space=1021k
Native frames: (J=compiled Java code, j=interpreted, Vv=VM code, C=native code)
V  [jvm.dll+0x1a88a6]


siginfo: EXCEPTION_ACCESS_VIOLATION (0xc0000005), reading address 0x0000000104031410


Register to memory mapping:

RIP=0x00007ff8d35e88a6 jvm.dll
RAX=0x0000000000000001 is an unknown value
RBX=0x0000000083e16b78 is pointing into object: [Ljava.util.HashMap$Node; 
{0x0000000083e14408} - klass: 'java/util/HashMap$Node'[]
 - length: 8192
RCX=
[error occurred during error reporting (printing register info), id 0xc0000005, EXCEPTION_ACCESS_VIOLATION (0xc0000005) at pc=0x00007ff8d35e88a6]

Registers:
RAX=0x0000000000000001, RBX=0x0000000083e16b78, RCX=0x0000000085ce87b8, RDX=0x0000000085ce87b8
RSP=0x0000005e1faff548, RBP=0x000002368049d640, RSI=0x000002368049d640, RDI=0x0000000000000001
R8 =0x0000000085ce87b8, R9 =0x0000000104031408, R10=0x0000000083ebd97c, R11=0x000002368049d7b0
R12=0x0000000000000000, R13=0x00000000000003d8, R14=0x0000000085ce87b8, R15=0x0000000000000005
RIP=0x00007ff8d35e88a6, EFLAGS=0x0000000000010202

Top of Stack: (sp=0x0000005e1faff548)
0x0000005e1faff548:   00007ff8d376438f 0000000083ebd901
0x0000005e1faff558:   0000000083ebd988 000002368049d640
0x0000005e1faff568:   00007ff8d3739904 00007ff800000400
0x0000005e1faff578:   0000000083ebc509 0000000000000004
0x0000005e1faff588:   0000000000000000 000002368049d640
0x0000005e1faff598:   0000000000000000 00000236e4d6af50
0x0000005e1faff5a8:   00000000000003d8 0000000000000000
0x0000005e1faff5b8:   0000000000000000 00000000000006b1
0x0000005e1faff5c8:   00007ff8d3762cb1 00000000000009f6
0x0000005e1faff5d8:   00007ff8d3737643 0000000000000009
0x0000005e1faff5e8:   0000000083e16b78 0000000000000000
0x0000005e1faff5f8:   0000000000000000 00000236ff4052c0
0x0000005e1faff608:   00000236ff4052d0 00000236e4d5d710
0x0000005e1faff618:   0000005e1faff710 000002368049d640
0x0000005e1faff628:   00007ff8d3764f8a 00000236e4d6aed0
0x0000005e1faff638:   00000236ff4052c0 000002368049d640 

Instructions: (pc=0x00007ff8d35e88a6)
0x00007ff8d35e87a6:   eb 04 48 8b 43 08 81 78 08 00 00 00 c0 0f 83 81
0x00007ff8d35e87b6:   00 00 00 48 8b 4f 38 48 8b d3 48 8b 01 ff 50 20
0x00007ff8d35e87c6:   84 c0 75 70 38 05 d1 e7 93 00 74 15 8b 53 08 8b
0x00007ff8d35e87d6:   0d 7d 2f 8f 00 48 d3 e2 48 03 15 6b 2f 8f 00 eb
0x00007ff8d35e87e6:   04 48 8b 53 08 48 8b cb 48 89 5c 24 20 e8 a8 00
0x00007ff8d35e87f6:   00 00 80 7f 30 00 48 63 c8 48 89 4c 24 28 74 1c
0x00007ff8d35e8806:   0f 10 44 24 20 0f 11 86 98 03 00 00 48 8b 5c 24
0x00007ff8d35e8816:   40 48 8b 74 24 48 48 83 c4 30 5f c3 48 8b 07 48
0x00007ff8d35e8826:   8d 54 24 20 48 89 4c 24 28 48 8b cf 48 89 5c 24
0x00007ff8d35e8836:   20 ff 50 38 48 8b 5c 24 40 48 8b 74 24 48 48 83
0x00007ff8d35e8846:   c4 30 5f c3 cc cc cc cc cc cc 48 8b 49 38 48 8b
0x00007ff8d35e8856:   01 48 ff 60 28 cc cc cc cc cc 80 3d 3a e7 93 00
0x00007ff8d35e8866:   00 48 8b c1 74 1b 8b 51 08 8b 0d e3 2e 8f 00 48
0x00007ff8d35e8876:   d3 e2 48 8b c8 48 03 15 ce 2e 8f 00 e9 19 00 00
0x00007ff8d35e8886:   00 48 8b 51 08 48 8b c8 e9 0d 00 00 00 cc cc cc
0x00007ff8d35e8896:   cc cc cc cc cc cc cc cc cc cc 4c 8b ca 48 8b d1
0x00007ff8d35e88a6:   45 8b 41 08 45 85 c0 7e 0e 41 f6 c0 01 75 56 41
0x00007ff8d35e88b6:   c1 f8 03 41 8b c0 c3 79 4c 80 3d db e6 93 00 00
0x00007ff8d35e88c6:   b8 0c 00 00 00 b9 10 00 00 00 0f 45 c8 8b 05 9b
0x00007ff8d35e88d6:   5e 8d 00 ff c8 4c 63 c8 48 63 14 11 41 8b c8 83
0x00007ff8d35e88e6:   e1 3f 48 d3 e2 41 8b c8 48 c1 f9 10 0f b6 c1 49
0x00007ff8d35e88f6:   8d 0c 11 49 f7 d1 48 03 c1 49 c1 e9 03 48 c1 e8
0x00007ff8d35e8906:   03 41 23 c1 c3 49 8b 01 49 8b c9 48 ff a0 10 01
0x00007ff8d35e8916:   00 00 cc cc cc cc cc cc cc cc 48 8b c2 c3 cc cc
0x00007ff8d35e8926:   cc cc cc cc cc cc cc cc cc cc 48 83 ec 38 48 8b
0x00007ff8d35e8936:   c1 48 8b 49 38 80 79 08 00 74 05 90 48 8b 48 38
0x00007ff8d35e8946:   0f 10 02 48 8d 54 24 20 0f 29 44 24 20 e8 28 f0
0x00007ff8d35e8956:   ff ff 48 83 c4 38 c3 cc cc cc 48 83 ec 38 0f 10
0x00007ff8d35e8966:   02 48 8b 01 48 8d 54 24 20 0f 29 44 24 20 ff 50
0x00007ff8d35e8976:   38 48 83 c4 38 c3 cc cc cc cc 48 89 5c 24 08 55
0x00007ff8d35e8986:   56 57 41 54 41 55 41 56 41 57 48 8d 6c 24 e0 48
0x00007ff8d35e8996:   81 ec 20 01 00 00 48 8b 05 85 b6 90 00 48 33 c4 


Stack slot to memory mapping:
stack at sp + 0 slots: 0x00007ff8d376438f jvm.dll
stack at sp + 1 slots: 0x0000000083ebd901 is pointing into object: java.util.LinkedHashMap 
{0x0000000083ebd8e0} - klass: 'java/util/LinkedHashMap'
stack at sp + 2 slots: 0x0000000083ebd988 is an oop: [B 
{0x0000000083ebd988} - klass: {type array byte}
 - length: 44
stack at sp + 3 slots: 0x000002368049d640 points into unknown readable memory: 0x00007ff8d3d1fe48 | 48 fe d1 d3 f8 7f 00 00
stack at sp + 4 slots: 0x00007ff8d3739904 jvm.dll
stack at sp + 5 slots: 0x00007ff800000400 is an unknown value
stack at sp + 6 slots: 0x0000000083ebc509 is pointing into object: java.util.HashMap$Node 
{0x0000000083ebc4f8} - klass: 'java/util/HashMap$Node'
stack at sp + 7 slots: 0x0000000000000004 is an unknown value


---------------  P R O C E S S  ---------------

Threads class SMR info:
_java_thread_list=0x0000023682b313b0, length=79, elements={
0x00000236e2cba800, 0x00000236fe931800, 0x00000236fe932800, 0x00000236fe98f000,
0x00000236fe990000, 0x00000236fe992000, 0x00000236fe99d800, 0x00000236fe9a2000,
0x00000236fe9a3000, 0x00000236ff401000, 0x0000023681296000, 0x0000023681436000,
0x00000236815e7800, 0x000002368163e000, 0x0000023681bb1000, 0x00000236808bd000,
0x00000236808be000, 0x0000023680e64800, 0x0000023680e80000, 0x0000023681e56800,
0x00000236818fe800, 0x00000236818ff000, 0x00000236818fc000, 0x00000236818fb000,
0x00000236818fc800, 0x0000023681900000, 0x00000236818fa000, 0x0000023681900800,
0x00000236818fd800, 0x0000023680837800, 0x0000023680836800, 0x0000023680838000,
0x0000023680839000, 0x0000023680835000, 0x000002368083c000, 0x0000023680840800,
0x000002368083f800, 0x000002368083e800, 0x000002368083e000, 0x000002368083b800,
0x000002368083a800, 0x0000023680841000, 0x0000023680842000, 0x000002368249f800,
0x00000236824a1000, 0x00000236824a0000, 0x000002368249e800, 0x000002368249d800,
0x000002368249b800, 0x00000236824a2000, 0x000002368249c000, 0x00000236824a2800,
0x000002368249d000, 0x00000236824a9000, 0x00000236824a6000, 0x00000236824a5000,
0x00000236824a3800, 0x00000236824a7800, 0x00000236824a6800, 0x00000236824a8800,
0x00000236824aa000, 0x00000236824a4800, 0x0000023681589000, 0x0000023681587000,
0x0000023681588800, 0x0000023681587800, 0x0000023681586000, 0x000002368158a000,
0x0000023681585000, 0x0000023681584800, 0x000002368158d800, 0x000002368158f000,
0x000002368158f800, 0x0000023681590800, 0x000002368158b000, 0x000002368158b800,
0x0000023681591800, 0x000002368158e000, 0x0000023681592000
}

Java Threads: ( => current thread )
  0x00000236e2cba800 JavaThread "main" [_thread_blocked, id=4564, stack(0x0000005e1e600000,0x0000005e1e700000)]
  0x00000236fe931800 JavaThread "Reference Handler" daemon [_thread_blocked, id=3568, stack(0x0000005e1ed00000,0x0000005e1ee00000)]
  0x00000236fe932800 JavaThread "Finalizer" daemon [_thread_blocked, id=2800, stack(0x0000005e1ee00000,0x0000005e1ef00000)]
  0x00000236fe98f000 JavaThread "Signal Dispatcher" daemon [_thread_blocked, id=3960, stack(0x0000005e1ef00000,0x0000005e1f000000)]
  0x00000236fe990000 JavaThread "Attach Listener" daemon [_thread_blocked, id=5044, stack(0x0000005e1f000000,0x0000005e1f100000)]
  0x00000236fe992000 JavaThread "Service Thread" daemon [_thread_blocked, id=2636, stack(0x0000005e1f100000,0x0000005e1f200000)]
  0x00000236fe99d800 JavaThread "C2 CompilerThread0" daemon [_thread_blocked, id=1620, stack(0x0000005e1f200000,0x0000005e1f300000)]
  0x00000236fe9a2000 JavaThread "C1 CompilerThread0" daemon [_thread_blocked, id=9320, stack(0x0000005e1f300000,0x0000005e1f400000)]
  0x00000236fe9a3000 JavaThread "Sweeper thread" daemon [_thread_blocked, id=9120, stack(0x0000005e1f400000,0x0000005e1f500000)]
  0x00000236ff401000 JavaThread "Common-Cleaner" daemon [_thread_blocked, id=1480, stack(0x0000005e1f500000,0x0000005e1f600000)]
  0x0000023681296000 JavaThread "Daemon health stats" [_thread_blocked, id=5492, stack(0x0000005e1f900000,0x0000005e1fa00000)]
  0x0000023681436000 JavaThread "Incoming local TCP Connector on port 52056" [_thread_in_native, id=2736, stack(0x0000005e1f700000,0x0000005e1f800000)]
  0x00000236815e7800 JavaThread "Daemon periodic checks" [_thread_blocked, id=1804, stack(0x0000005e1fc00000,0x0000005e1fd00000)]
  0x000002368163e000 JavaThread "Daemon" [_thread_blocked, id=2620, stack(0x0000005e1fd00000,0x0000005e1fe00000)]
  0x0000023681bb1000 JavaThread "Handler for socket connection from /127.0.0.1:52056 to /127.0.0.1:52057" [_thread_in_native, id=5532, stack(0x0000005e1fe00000,0x0000005e1ff00000)]
  0x00000236808bd000 JavaThread "Cancel handler" [_thread_blocked, id=4584, stack(0x0000005e1ff00000,0x0000005e20000000)]
  0x00000236808be000 JavaThread "Daemon worker" [_thread_blocked, id=4656, stack(0x0000005e20000000,0x0000005e20100000)]
  0x0000023680e64800 JavaThread "Asynchronous log dispatcher for DefaultDaemonConnection: socket connection from /127.0.0.1:52056 to /127.0.0.1:52057" [_thread_blocked, id=8704, stack(0x0000005e20100000,0x0000005e20200000)]
  0x0000023680e80000 JavaThread "Stdin handler" [_thread_blocked, id=3848, stack(0x0000005e20200000,0x0000005e20300000)]
  0x0000023681e56800 JavaThread "Daemon client event forwarder" [_thread_blocked, id=9836, stack(0x0000005e20300000,0x0000005e20400000)]
  0x00000236818fe800 JavaThread "Cache worker for journal cache (C:\Users\thima\AndroidStudioProjects\DemoApp\caches\journal-1)" [_thread_blocked, id=8620, stack(0x0000005e20400000,0x0000005e20500000)]
  0x00000236818ff000 JavaThread "File lock request listener" [_thread_in_native, id=9980, stack(0x0000005e20500000,0x0000005e20600000)]
  0x00000236818fc000 JavaThread "Cache worker for file hash cache (C:\Users\thima\AndroidStudioProjects\DemoApp\caches\7.5\fileHashes)" [_thread_blocked, id=8224, stack(0x0000005e20600000,0x0000005e20700000)]
  0x00000236818fb000 JavaThread "File watcher server" daemon [_thread_in_native, id=9540, stack(0x0000005e20800000,0x0000005e20900000)]
  0x00000236818fc800 JavaThread "File watcher consumer" daemon [_thread_blocked, id=4268, stack(0x0000005e20900000,0x0000005e20a00000)]
  0x0000023681900000 JavaThread "Cache worker for checksums cache (D:\Pits_stop\.gradle\7.5\checksums)" [_thread_blocked, id=3864, stack(0x0000005e20a00000,0x0000005e20b00000)]
  0x00000236818fa000 JavaThread "Cache worker for cache directory md-rule (C:\Users\thima\AndroidStudioProjects\DemoApp\caches\7.5\md-rule)" [_thread_blocked, id=8600, stack(0x0000005e20b00000,0x0000005e20c00000)]
  0x0000023681900800 JavaThread "Cache worker for file content cache (C:\Users\thima\AndroidStudioProjects\DemoApp\caches\7.5\fileContent)" [_thread_blocked, id=1796, stack(0x0000005e20c00000,0x0000005e20d00000)]
  0x00000236818fd800 JavaThread "Cache worker for file hash cache (D:\Pits_stop\.gradle\7.5\fileHashes)" [_thread_blocked, id=340, stack(0x0000005e20d00000,0x0000005e20e00000)]
  0x0000023680837800 JavaThread "Cache worker for cache directory md-supplier (C:\Users\thima\AndroidStudioProjects\DemoApp\caches\7.5\md-supplier)" [_thread_blocked, id=10004, stack(0x0000005e20e00000,0x0000005e20f00000)]
  0x0000023680836800 JavaThread "Cache worker for execution history cache (C:\Users\thima\AndroidStudioProjects\DemoApp\caches\7.5\executionHistory)" [_thread_blocked, id=5336, stack(0x0000005e20f00000,0x0000005e21000000)]
  0x0000023680838000 JavaThread "jar transforms" [_thread_blocked, id=2696, stack(0x0000005e20700000,0x0000005e20800000)]
  0x0000023680839000 JavaThread "jar transforms Thread 2" [_thread_blocked, id=8196, stack(0x0000005e21000000,0x0000005e21100000)]
  0x0000023680835000 JavaThread "jar transforms Thread 3" [_thread_blocked, id=10844, stack(0x0000005e21100000,0x0000005e21200000)]
  0x000002368083c000 JavaThread "jar transforms Thread 4" [_thread_blocked, id=10672, stack(0x0000005e21200000,0x0000005e21300000)]
  0x0000023680840800 JavaThread "Cache worker for dependencies-accessors (D:\Pits_stop\.gradle\7.5\dependencies-accessors)" [_thread_blocked, id=8508, stack(0x0000005e21300000,0x0000005e21400000)]
  0x000002368083f800 JavaThread "Cache worker for Build Output Cleanup Cache (D:\Pits_stop\.gradle\buildOutputCleanup)" [_thread_blocked, id=9512, stack(0x0000005e21400000,0x0000005e21500000)]
  0x000002368083e800 JavaThread "Unconstrained build operations" [_thread_blocked, id=8812, stack(0x0000005e21500000,0x0000005e21600000)]
  0x000002368083e000 JavaThread "Unconstrained build operations Thread 2" [_thread_blocked, id=6076, stack(0x0000005e21600000,0x0000005e21700000)]
  0x000002368083b800 JavaThread "Unconstrained build operations Thread 3" [_thread_blocked, id=6096, stack(0x0000005e21700000,0x0000005e21800000)]
  0x000002368083a800 JavaThread "Unconstrained build operations Thread 4" [_thread_blocked, id=8228, stack(0x0000005e21800000,0x0000005e21900000)]
  0x0000023680841000 JavaThread "Unconstrained build operations Thread 5" [_thread_blocked, id=4312, stack(0x0000005e21900000,0x0000005e21a00000)]
  0x0000023680842000 JavaThread "Unconstrained build operations Thread 6" [_thread_blocked, id=7828, stack(0x0000005e21a00000,0x0000005e21b00000)]
  0x000002368249f800 JavaThread "Unconstrained build operations Thread 7" [_thread_blocked, id=3276, stack(0x0000005e21b00000,0x0000005e21c00000)]
  0x00000236824a1000 JavaThread "Unconstrained build operations Thread 8" [_thread_blocked, id=6168, stack(0x0000005e21c00000,0x0000005e21d00000)]
  0x00000236824a0000 JavaThread "Unconstrained build operations Thread 9" [_thread_blocked, id=7740, stack(0x0000005e21d00000,0x0000005e21e00000)]
  0x000002368249e800 JavaThread "Unconstrained build operations Thread 10" [_thread_blocked, id=6172, stack(0x0000005e21e00000,0x0000005e21f00000)]
  0x000002368249d800 JavaThread "Unconstrained build operations Thread 11" [_thread_blocked, id=10764, stack(0x0000005e21f00000,0x0000005e22000000)]
  0x000002368249b800 JavaThread "Unconstrained build operations Thread 12" [_thread_blocked, id=10932, stack(0x0000005e22000000,0x0000005e22100000)]
  0x00000236824a2000 JavaThread "Unconstrained build operations Thread 13" [_thread_blocked, id=10132, stack(0x0000005e22100000,0x0000005e22200000)]
  0x000002368249c000 JavaThread "Unconstrained build operations Thread 14" [_thread_blocked, id=10416, stack(0x0000005e22200000,0x0000005e22300000)]
  0x00000236824a2800 JavaThread "Unconstrained build operations Thread 15" [_thread_blocked, id=9832, stack(0x0000005e22300000,0x0000005e22400000)]
  0x000002368249d000 JavaThread "Unconstrained build operations Thread 16" [_thread_blocked, id=4640, stack(0x0000005e22400000,0x0000005e22500000)]
  0x00000236824a9000 JavaThread "Unconstrained build operations Thread 17" [_thread_blocked, id=3336, stack(0x0000005e22500000,0x0000005e22600000)]
  0x00000236824a6000 JavaThread "Unconstrained build operations Thread 18" [_thread_blocked, id=3868, stack(0x0000005e22600000,0x0000005e22700000)]
  0x00000236824a5000 JavaThread "Unconstrained build operations Thread 19" [_thread_blocked, id=7176, stack(0x0000005e22700000,0x0000005e22800000)]
  0x00000236824a3800 JavaThread "Unconstrained build operations Thread 20" [_thread_blocked, id=3948, stack(0x0000005e22800000,0x0000005e22900000)]
  0x00000236824a7800 JavaThread "Unconstrained build operations Thread 21" [_thread_blocked, id=4184, stack(0x0000005e22900000,0x0000005e22a00000)]
  0x00000236824a6800 JavaThread "Unconstrained build operations Thread 22" [_thread_blocked, id=10316, stack(0x0000005e22a00000,0x0000005e22b00000)]
  0x00000236824a8800 JavaThread "Unconstrained build operations Thread 23" [_thread_blocked, id=8540, stack(0x0000005e22b00000,0x0000005e22c00000)]
  0x00000236824aa000 JavaThread "Unconstrained build operations Thread 24" [_thread_blocked, id=32, stack(0x0000005e22c00000,0x0000005e22d00000)]
  0x00000236824a4800 JavaThread "Unconstrained build operations Thread 25" [_thread_blocked, id=1420, stack(0x0000005e22d00000,0x0000005e22e00000)]
  0x0000023681589000 JavaThread "Unconstrained build operations Thread 26" [_thread_blocked, id=5644, stack(0x0000005e22e00000,0x0000005e22f00000)]
  0x0000023681587000 JavaThread "Unconstrained build operations Thread 27" [_thread_blocked, id=4432, stack(0x0000005e22f00000,0x0000005e23000000)]
  0x0000023681588800 JavaThread "Unconstrained build operations Thread 28" [_thread_blocked, id=324, stack(0x0000005e23000000,0x0000005e23100000)]
  0x0000023681587800 JavaThread "Unconstrained build operations Thread 29" [_thread_blocked, id=8628, stack(0x0000005e23100000,0x0000005e23200000)]
  0x0000023681586000 JavaThread "Unconstrained build operations Thread 30" [_thread_blocked, id=4828, stack(0x0000005e23200000,0x0000005e23300000)]
  0x000002368158a000 JavaThread "Unconstrained build operations Thread 31" [_thread_blocked, id=10796, stack(0x0000005e23300000,0x0000005e23400000)]
  0x0000023681585000 JavaThread "Unconstrained build operations Thread 32" [_thread_blocked, id=896, stack(0x0000005e23400000,0x0000005e23500000)]
  0x0000023681584800 JavaThread "Unconstrained build operations Thread 33" [_thread_blocked, id=3048, stack(0x0000005e23500000,0x0000005e23600000)]
  0x000002368158d800 JavaThread "Unconstrained build operations Thread 34" [_thread_blocked, id=10028, stack(0x0000005e23600000,0x0000005e23700000)]
  0x000002368158f000 JavaThread "Unconstrained build operations Thread 35" [_thread_blocked, id=9376, stack(0x0000005e23700000,0x0000005e23800000)]
  0x000002368158f800 JavaThread "Unconstrained build operations Thread 36" [_thread_blocked, id=9488, stack(0x0000005e23800000,0x0000005e23900000)]
  0x0000023681590800 JavaThread "Unconstrained build operations Thread 37" [_thread_blocked, id=4452, stack(0x0000005e23900000,0x0000005e23a00000)]
  0x000002368158b000 JavaThread "Unconstrained build operations Thread 38" [_thread_blocked, id=192, stack(0x0000005e23a00000,0x0000005e23b00000)]
  0x000002368158b800 JavaThread "Unconstrained build operations Thread 39" [_thread_blocked, id=2180, stack(0x0000005e23b00000,0x0000005e23c00000)]
  0x0000023681591800 JavaThread "Unconstrained build operations Thread 40" [_thread_blocked, id=8644, stack(0x0000005e23c00000,0x0000005e23d00000)]
  0x000002368158e000 JavaThread "build event listener" [_thread_blocked, id=2556, stack(0x0000005e23d00000,0x0000005e23e00000)]
  0x0000023681592000 JavaThread "Memory manager" [_thread_blocked, id=7428, stack(0x0000005e23e00000,0x0000005e23f00000)]

Other Threads:
  0x00000236fe92e000 VMThread "VM Thread" [stack: 0x0000005e1ec00000,0x0000005e1ed00000] [id=8824]
  0x00000236ff406000 WatcherThread [stack: 0x0000005e1f600000,0x0000005e1f700000] [id=3524]
  0x00000236e4d6a000 GCTaskThread "GC Thread#0" [stack: 0x0000005e1e700000,0x0000005e1e800000] [id=1064]
  0x00000236ffa43000 GCTaskThread "GC Thread#1" [stack: 0x0000005e1f800000,0x0000005e1f900000] [id=4420]
=>0x0000023680ad6800 GCTaskThread "GC Thread#2" [stack: 0x0000005e1fa00000,0x0000005e1fb00000] [id=10808]
  0x00000236802dc800 GCTaskThread "GC Thread#3" [stack: 0x0000005e1fb00000,0x0000005e1fc00000] [id=9536]
  0x00000236e4d9d800 ConcurrentGCThread "G1 Main Marker" [stack: 0x0000005e1e800000,0x0000005e1e900000] [id=9636]
  0x00000236e4d9f000 ConcurrentGCThread "G1 Conc#0" [stack: 0x0000005e1e900000,0x0000005e1ea00000] [id=9816]
  0x00000236e4dfa800 ConcurrentGCThread "G1 Refine#0" [stack: 0x0000005e1ea00000,0x0000005e1eb00000] [id=1684]
  0x00000236e4dfb800 ConcurrentGCThread "G1 Young RemSet Sampling" [stack: 0x0000005e1eb00000,0x0000005e1ec00000] [id=10104]

Threads with active compile tasks:
C2 CompilerThread0    14849 6261   !   4       java.util.concurrent.ConcurrentHashMap::putVal (432 bytes)

VM state:at safepoint (normal execution)

VM Mutex/Monitor currently owned by a thread:  ([mutex/lock_event])
[0x00000236e4d513a0] Threads_lock - owner thread: 0x00000236fe92e000
[0x00000236e4d518b0] Heap_lock - owner thread: 0x00000236808be000

Heap address: 0x0000000080000000, size: 2048 MB, Compressed Oops mode: 32-bit
Narrow klass base: 0x0000000000000000, Narrow klass shift: 3
Compressed class space size: 1073741824 Address: 0x0000000100000000

Heap:
 garbage-first heap   total 95232K, used 79405K [0x0000000080000000, 0x0000000100000000)
  region size 1024K, 28 young (28672K), 4 survivors (4096K)
 Metaspace       used 62736K, capacity 64330K, committed 64592K, reserved 1105920K
  class space    used 7892K, capacity 8517K, committed 8652K, reserved 1048576K
Heap Regions: E=young(eden), S=young(survivor), O=old, HS=humongous(starts), HC=humongous(continues), CS=collection set, F=free, A=archive, TAMS=top-at-mark-start (previous, next)
|   0|0x0000000080000000, 0x0000000080100000, 0x0000000080100000|100%|HS|  |TAMS 0x0000000080100000, 0x0000000080000000| Complete 
|   1|0x0000000080100000, 0x0000000080200000, 0x0000000080200000|100%|HC|  |TAMS 0x0000000080200000, 0x0000000080100000| Complete 
|   2|0x0000000080200000, 0x0000000080300000, 0x0000000080300000|100%|HC|  |TAMS 0x0000000080300000, 0x0000000080200000| Complete 
|   3|0x0000000080300000, 0x0000000080400000, 0x0000000080400000|100%| O|  |TAMS 0x0000000080400000, 0x0000000080300000| Untracked 
|   4|0x0000000080400000, 0x0000000080500000, 0x0000000080500000|100%| O|  |TAMS 0x0000000080500000, 0x0000000080400000| Untracked 
|   5|0x0000000080500000, 0x0000000080600000, 0x0000000080600000|100%| O|  |TAMS 0x0000000080600000, 0x0000000080500000| Untracked 
|   6|0x0000000080600000, 0x0000000080700000, 0x0000000080700000|100%| O|  |TAMS 0x0000000080700000, 0x0000000080600000| Untracked 
|   7|0x0000000080700000, 0x0000000080800000, 0x0000000080800000|100%| O|  |TAMS 0x0000000080800000, 0x0000000080700000| Untracked 
|   8|0x0000000080800000, 0x0000000080900000, 0x0000000080900000|100%| O|  |TAMS 0x0000000080900000, 0x0000000080800000| Untracked 
|   9|0x0000000080900000, 0x0000000080a00000, 0x0000000080a00000|100%| O|  |TAMS 0x0000000080a00000, 0x0000000080900000| Untracked 
|  10|0x0000000080a00000, 0x0000000080b00000, 0x0000000080b00000|100%| O|  |TAMS 0x0000000080b00000, 0x0000000080a00000| Untracked 
|  11|0x0000000080b00000, 0x0000000080c00000, 0x0000000080c00000|100%| O|  |TAMS 0x0000000080c00000, 0x0000000080b00000| Untracked 
|  12|0x0000000080c00000, 0x0000000080d00000, 0x0000000080d00000|100%| O|  |TAMS 0x0000000080d00000, 0x0000000080c00000| Untracked 
|  13|0x0000000080d00000, 0x0000000080e00000, 0x0000000080e00000|100%| O|  |TAMS 0x0000000080e00000, 0x0000000080d00000| Untracked 
|  14|0x0000000080e00000, 0x0000000080f00000, 0x0000000080f00000|100%| O|  |TAMS 0x0000000080f00000, 0x0000000080e00000| Untracked 
|  15|0x0000000080f00000, 0x0000000081000000, 0x0000000081000000|100%| O|  |TAMS 0x0000000081000000, 0x0000000080f00000| Untracked 
|  16|0x0000000081000000, 0x0000000081100000, 0x0000000081100000|100%| O|  |TAMS 0x0000000081100000, 0x0000000081000000| Untracked 
|  17|0x0000000081100000, 0x0000000081200000, 0x0000000081200000|100%| O|  |TAMS 0x0000000081200000, 0x0000000081100000| Untracked 
|  18|0x0000000081200000, 0x0000000081300000, 0x0000000081300000|100%| O|  |TAMS 0x0000000081300000, 0x0000000081200000| Untracked 
|  19|0x0000000081300000, 0x0000000081400000, 0x0000000081400000|100%| O|  |TAMS 0x0000000081400000, 0x0000000081300000| Untracked 
|  20|0x0000000081400000, 0x0000000081500000, 0x0000000081500000|100%| O|  |TAMS 0x0000000081500000, 0x0000000081400000| Untracked 
|  21|0x0000000081500000, 0x0000000081600000, 0x0000000081600000|100%| O|  |TAMS 0x0000000081600000, 0x0000000081500000| Untracked 
|  22|0x0000000081600000, 0x0000000081700000, 0x0000000081700000|100%| O|  |TAMS 0x0000000081700000, 0x0000000081600000| Untracked 
|  23|0x0000000081700000, 0x0000000081800000, 0x0000000081800000|100%| O|  |TAMS 0x0000000081800000, 0x0000000081700000| Untracked 
|  24|0x0000000081800000, 0x0000000081900000, 0x0000000081900000|100%| O|  |TAMS 0x0000000081900000, 0x0000000081800000| Untracked 
|  25|0x0000000081900000, 0x0000000081a00000, 0x0000000081a00000|100%| O|  |TAMS 0x0000000081a00000, 0x0000000081900000| Untracked 
|  26|0x0000000081a00000, 0x0000000081b00000, 0x0000000081b00000|100%| O|  |TAMS 0x0000000081b00000, 0x0000000081a00000| Untracked 
|  27|0x0000000081b00000, 0x0000000081c00000, 0x0000000081c00000|100%| O|  |TAMS 0x0000000081c00000, 0x0000000081b00000| Untracked 
|  28|0x0000000081c00000, 0x0000000081d00000, 0x0000000081d00000|100%| O|  |TAMS 0x0000000081d00000, 0x0000000081c00000| Untracked 
|  29|0x0000000081d00000, 0x0000000081e00000, 0x0000000081e00000|100%| O|  |TAMS 0x0000000081e00000, 0x0000000081d00000| Untracked 
|  30|0x0000000081e00000, 0x0000000081f00000, 0x0000000081f00000|100%| O|  |TAMS 0x0000000081f00000, 0x0000000081e00000| Untracked 
|  31|0x0000000081f00000, 0x0000000082000000, 0x0000000082000000|100%|HS|  |TAMS 0x0000000082000000, 0x0000000081f00000| Complete 
|  32|0x0000000082000000, 0x0000000082100000, 0x0000000082100000|100%|HS|  |TAMS 0x0000000082100000, 0x0000000082000000| Complete 
|  33|0x0000000082100000, 0x0000000082200000, 0x0000000082200000|100%| O|  |TAMS 0x0000000082200000, 0x0000000082100000| Untracked 
|  34|0x0000000082200000, 0x0000000082300000, 0x0000000082300000|100%| O|  |TAMS 0x0000000082300000, 0x0000000082200000| Untracked 
|  35|0x0000000082300000, 0x0000000082400000, 0x0000000082400000|100%| O|  |TAMS 0x0000000082400000, 0x0000000082300000| Untracked 
|  36|0x0000000082400000, 0x0000000082500000, 0x0000000082500000|100%| O|  |TAMS 0x0000000082500000, 0x0000000082400000| Untracked 
|  37|0x0000000082500000, 0x0000000082600000, 0x0000000082600000|100%| O|  |TAMS 0x0000000082600000, 0x0000000082500000| Untracked 
|  38|0x0000000082600000, 0x0000000082700000, 0x0000000082700000|100%| O|  |TAMS 0x0000000082700000, 0x0000000082600000| Untracked 
|  39|0x0000000082700000, 0x0000000082800000, 0x0000000082800000|100%| O|  |TAMS 0x0000000082800000, 0x0000000082700000| Untracked 
|  40|0x0000000082800000, 0x0000000082900000, 0x0000000082900000|100%| O|  |TAMS 0x0000000082900000, 0x0000000082800000| Untracked 
|  41|0x0000000082900000, 0x0000000082a00000, 0x0000000082a00000|100%| O|  |TAMS 0x0000000082a00000, 0x0000000082900000| Untracked 
|  42|0x0000000082a00000, 0x0000000082b00000, 0x0000000082b00000|100%| O|  |TAMS 0x0000000082b00000, 0x0000000082a00000| Untracked 
|  43|0x0000000082b00000, 0x0000000082c00000, 0x0000000082c00000|100%| O|  |TAMS 0x0000000082b3d800, 0x0000000082b00000| Untracked 
|  44|0x0000000082c00000, 0x0000000082d00000, 0x0000000082d00000|100%|HS|  |TAMS 0x0000000082c00000, 0x0000000082c00000| Complete 
|  45|0x0000000082d00000, 0x0000000082e00000, 0x0000000082e00000|100%|HS|  |TAMS 0x0000000082d00000, 0x0000000082d00000| Complete 
|  46|0x0000000082e00000, 0x0000000082f00000, 0x0000000082f00000|100%|HS|  |TAMS 0x0000000082e00000, 0x0000000082e00000| Complete 
|  47|0x0000000082f00000, 0x0000000083000000, 0x0000000083000000|100%|HS|  |TAMS 0x0000000082f00000, 0x0000000082f00000| Complete 
|  48|0x0000000083000000, 0x0000000083100000, 0x0000000083100000|100%|HS|  |TAMS 0x0000000083000000, 0x0000000083000000| Complete 
|  49|0x0000000083100000, 0x0000000083200000, 0x0000000083200000|100%|HS|  |TAMS 0x0000000083100000, 0x0000000083100000| Complete 
|  50|0x0000000083200000, 0x0000000083300000, 0x0000000083300000|100%|HS|  |TAMS 0x0000000083200000, 0x0000000083200000| Complete 
|  51|0x0000000083300000, 0x00000000833c75a0, 0x0000000083400000| 77%| O|  |TAMS 0x0000000083300000, 0x0000000083300000| Untracked 
|  52|0x0000000083400000, 0x0000000083400000, 0x0000000083500000|  0%| F|  |TAMS 0x0000000083400000, 0x0000000083400000| Untracked 
|  53|0x0000000083500000, 0x0000000083500000, 0x0000000083600000|  0%| F|  |TAMS 0x0000000083500000, 0x0000000083500000| Untracked 
|  54|0x0000000083600000, 0x0000000083600000, 0x0000000083700000|  0%| F|  |TAMS 0x0000000083600000, 0x0000000083600000| Untracked 
|  55|0x0000000083700000, 0x0000000083700000, 0x0000000083800000|  0%| F|  |TAMS 0x0000000083700000, 0x0000000083700000| Untracked 
|  56|0x0000000083800000, 0x0000000083800000, 0x0000000083900000|  0%| F|  |TAMS 0x0000000083800000, 0x0000000083800000| Untracked 
|  57|0x0000000083900000, 0x0000000083900000, 0x0000000083a00000|  0%| F|  |TAMS 0x0000000083900000, 0x0000000083900000| Untracked 
|  58|0x0000000083a00000, 0x0000000083a00000, 0x0000000083b00000|  0%| F|  |TAMS 0x0000000083a00000, 0x0000000083a00000| Untracked 
|  59|0x0000000083b00000, 0x0000000083b00000, 0x0000000083c00000|  0%| F|  |TAMS 0x0000000083b00000, 0x0000000083b00000| Untracked 
|  60|0x0000000083c00000, 0x0000000083c00000, 0x0000000083d00000|  0%| F|  |TAMS 0x0000000083c00000, 0x0000000083c00000| Untracked 
|  61|0x0000000083d00000, 0x0000000083dfb628, 0x0000000083e00000| 98%| S|  |TAMS 0x0000000083d00000, 0x0000000083d00000| Complete 
|  62|0x0000000083e00000, 0x0000000083f00000, 0x0000000083f00000|100%| S|  |TAMS 0x0000000083e00000, 0x0000000083e00000| Complete 
|  63|0x0000000083f00000, 0x0000000084000000, 0x0000000084000000|100%| S|  |TAMS 0x0000000083f00000, 0x0000000083f00000| Complete 
|  64|0x0000000084000000, 0x0000000084100000, 0x0000000084100000|100%| S|  |TAMS 0x0000000084000000, 0x0000000084000000| Complete 
|  65|0x0000000084100000, 0x0000000084200000, 0x0000000084200000|100%| E|CS|TAMS 0x0000000084100000, 0x0000000084100000| Complete 
|  66|0x0000000084200000, 0x0000000084300000, 0x0000000084300000|100%| E|CS|TAMS 0x0000000084200000, 0x0000000084200000| Complete 
|  67|0x0000000084300000, 0x0000000084400000, 0x0000000084400000|100%| E|CS|TAMS 0x0000000084300000, 0x0000000084300000| Complete 
|  68|0x0000000084400000, 0x0000000084500000, 0x0000000084500000|100%| E|CS|TAMS 0x0000000084400000, 0x0000000084400000| Complete 
|  69|0x0000000084500000, 0x0000000084600000, 0x0000000084600000|100%| E|CS|TAMS 0x0000000084500000, 0x0000000084500000| Complete 
|  70|0x0000000084600000, 0x0000000084700000, 0x0000000084700000|100%| E|CS|TAMS 0x0000000084600000, 0x0000000084600000| Complete 
|  71|0x0000000084700000, 0x0000000084800000, 0x0000000084800000|100%| E|CS|TAMS 0x0000000084700000, 0x0000000084700000| Complete 
|  72|0x0000000084800000, 0x0000000084900000, 0x0000000084900000|100%| E|CS|TAMS 0x0000000084800000, 0x0000000084800000| Complete 
|  73|0x0000000084900000, 0x0000000084a00000, 0x0000000084a00000|100%| E|CS|TAMS 0x0000000084900000, 0x0000000084900000| Complete 
|  74|0x0000000084a00000, 0x0000000084b00000, 0x0000000084b00000|100%| E|CS|TAMS 0x0000000084a00000, 0x0000000084a00000| Complete 
|  75|0x0000000084b00000, 0x0000000084c00000, 0x0000000084c00000|100%| E|CS|TAMS 0x0000000084b00000, 0x0000000084b00000| Complete 
|  76|0x0000000084c00000, 0x0000000084d00000, 0x0000000084d00000|100%| E|CS|TAMS 0x0000000084c00000, 0x0000000084c00000| Complete 
|  77|0x0000000084d00000, 0x0000000084e00000, 0x0000000084e00000|100%| E|CS|TAMS 0x0000000084d00000, 0x0000000084d00000| Complete 
|  78|0x0000000084e00000, 0x0000000084f00000, 0x0000000084f00000|100%| E|CS|TAMS 0x0000000084e00000, 0x0000000084e00000| Complete 
|  79|0x0000000084f00000, 0x0000000084f4df70, 0x0000000085000000| 30%| E|CS|TAMS 0x0000000084f00000, 0x0000000084f00000| Complete 
|  80|0x0000000085000000, 0x0000000085100000, 0x0000000085100000|100%| E|CS|TAMS 0x0000000085000000, 0x0000000085000000| Complete 
|  81|0x0000000085100000, 0x0000000085200000, 0x0000000085200000|100%| E|CS|TAMS 0x0000000085100000, 0x0000000085100000| Complete 
|  82|0x0000000085200000, 0x0000000085300000, 0x0000000085300000|100%| E|CS|TAMS 0x0000000085200000, 0x0000000085200000| Complete 
|  83|0x0000000085300000, 0x0000000085400000, 0x0000000085400000|100%| E|CS|TAMS 0x0000000085300000, 0x0000000085300000| Complete 
|  84|0x0000000085400000, 0x0000000085500000, 0x0000000085500000|100%| E|CS|TAMS 0x0000000085400000, 0x0000000085400000| Complete 
|  85|0x0000000085500000, 0x0000000085600000, 0x0000000085600000|100%| E|CS|TAMS 0x0000000085500000, 0x0000000085500000| Complete 
|  86|0x0000000085600000, 0x0000000085700000, 0x0000000085700000|100%| E|CS|TAMS 0x0000000085600000, 0x0000000085600000| Complete 
|  87|0x0000000085700000, 0x0000000085800000, 0x0000000085800000|100%| E|CS|TAMS 0x0000000085700000, 0x0000000085700000| Complete 
|  88|0x0000000085800000, 0x0000000085900000, 0x0000000085900000|100%| E|CS|TAMS 0x0000000085800000, 0x0000000085800000| Complete 
|  89|0x0000000085900000, 0x0000000085a00000, 0x0000000085a00000|100%| E|CS|TAMS 0x0000000085900000, 0x0000000085900000| Complete 
|  90|0x0000000085a00000, 0x0000000085b00000, 0x0000000085b00000|100%| E|CS|TAMS 0x0000000085a00000, 0x0000000085a00000| Complete 
|  91|0x0000000085b00000, 0x0000000085c00000, 0x0000000085c00000|100%| E|CS|TAMS 0x0000000085b00000, 0x0000000085b00000| Complete 
|  92|0x0000000085c00000, 0x0000000085d00000, 0x0000000085d00000|100%| E|CS|TAMS 0x0000000085c00000, 0x0000000085c00000| Complete 

Card table byte_map: [0x00000236f7c80000,0x00000236f8080000] _byte_map_base: 0x00000236f7880000

Marking Bits (Prev, Next): (CMBitMap*) 0x00000236e4d94c70, (CMBitMap*) 0x00000236e4d94c38
 Prev Bits: [0x00000236fa480000, 0x00000236fc480000)
 Next Bits: [0x00000236f8480000, 0x00000236fa480000)

Polling page: 0x00000236e2ba0000

Metaspace:

Usage:
  Non-class:     54.50 MB capacity,    53.56 MB ( 98%) used,   794.02 KB (  1%) free+waste,   174.25 KB ( <1%) overhead. 
      Class:      8.32 MB capacity,     7.71 MB ( 93%) used,   541.92 KB (  6%) free+waste,    82.94 KB ( <1%) overhead. 
       Both:     62.82 MB capacity,    61.27 MB ( 98%) used,     1.30 MB (  2%) free+waste,   257.19 KB ( <1%) overhead. 

Virtual space:
  Non-class space:       56.00 MB reserved,      54.63 MB ( 98%) committed 
      Class space:        1.00 GB reserved,       8.45 MB ( <1%) committed 
             Both:        1.05 GB reserved,      63.08 MB (  6%) committed 

Chunk freelists:
   Non-Class:  63.00 KB
       Class:  27.00 KB
        Both:  90.00 KB

MaxMetaspaceSize: 17179869184.00 GB
CompressedClassSpaceSize: 1.00 GB
Initial GC threshold: 20.80 MB
Current GC threshold: 103.05 MB
CDS: off

CodeHeap 'non-profiled nmethods': size=120064Kb used=2936Kb max_used=2936Kb free=117127Kb
 bounds [0x00000236f0340000, 0x00000236f0620000, 0x00000236f7880000]
CodeHeap 'profiled nmethods': size=120000Kb used=12510Kb max_used=12510Kb free=107489Kb
 bounds [0x00000236e8e10000, 0x00000236e9a50000, 0x00000236f0340000]
CodeHeap 'non-nmethods': size=5696Kb used=2363Kb max_used=2388Kb free=3332Kb
 bounds [0x00000236e8880000, 0x00000236e8af0000, 0x00000236e8e10000]
 total_blobs=7076 nmethods=6211 adapters=775
 compilation: enabled
              stopped_count=0, restarted_count=0
 full_count=0

Compilation events (20 events):
Event: 14.672 Thread 0x00000236fe9a2000 6275       3       org.gradle.util.internal.CollectionUtils::collectArray (17 bytes)
Event: 14.673 Thread 0x00000236fe9a2000 nmethod 6275 0x00000236e9a41910 code [0x00000236e9a41ae0, 0x00000236e9a41d78]
Event: 14.674 Thread 0x00000236fe9a2000 6279       1       org.gradle.internal.instantiation.generator.AbstractClassGenerator::getRoleHandler (5 bytes)
Event: 14.674 Thread 0x00000236fe9a2000 nmethod 6279 0x00000236f061de10 code [0x00000236f061dfc0, 0x00000236f061e078]
Event: 14.674 Thread 0x00000236fe9a2000 6280  s    3       org.gradle.internal.classloader.VisitableURLClassLoader::getUserData (48 bytes)
Event: 14.674 Thread 0x00000236fe9a2000 nmethod 6280 0x00000236e9a41f10 code [0x00000236e9a42120, 0x00000236e9a427b8]
Event: 14.679 Thread 0x00000236fe9a2000 6281       3       java.lang.invoke.LambdaForm$MH/0x0000000100313c40::linkToTargetMethod (17 bytes)
Event: 14.679 Thread 0x00000236fe9a2000 nmethod 6281 0x00000236e9a42990 code [0x00000236e9a42b60, 0x00000236e9a42f98]
Event: 14.690 Thread 0x00000236fe9a2000 6282       3       sun.reflect.generics.tree.Wildcard::accept (8 bytes)
Event: 14.691 Thread 0x00000236fe9a2000 nmethod 6282 0x00000236e9a43090 code [0x00000236e9a432c0, 0x00000236e9a43a38]
Event: 14.691 Thread 0x00000236fe9a2000 6283       3       sun.reflect.generics.visitor.Reifier::visitWildcard (22 bytes)
Event: 14.692 Thread 0x00000236fe9a2000 nmethod 6283 0x00000236e9a43d10 code [0x00000236e9a43f20, 0x00000236e9a445f8]
Event: 14.692 Thread 0x00000236fe9a2000 6284       3       sun.reflect.generics.reflectiveObjects.WildcardTypeImpl::<init> (16 bytes)
Event: 14.692 Thread 0x00000236fe9a2000 nmethod 6284 0x00000236e9a44890 code [0x00000236e9a44a60, 0x00000236e9a44d38]
Event: 14.694 Thread 0x00000236fe9a2000 6285       3       java.lang.invoke.DirectMethodHandle$Holder::invokeStatic (22 bytes)
Event: 14.695 Thread 0x00000236fe9a2000 nmethod 6285 0x00000236e9a44e10 code [0x00000236e9a44fe0, 0x00000236e9a45518]
Event: 14.704 Thread 0x00000236fe9a2000 6286   !   3       org.objectweb.asm.ClassWriter::getCommonSuperClass (141 bytes)
Event: 14.706 Thread 0x00000236fe9a2000 nmethod 6286 0x00000236e9a45690 code [0x00000236e9a45980, 0x00000236e9a46498]
Event: 14.706 Thread 0x00000236fe9a2000 6287       3       org.objectweb.asm.ClassWriter::getClassLoader (8 bytes)
Event: 14.707 Thread 0x00000236fe9a2000 nmethod 6287 0x00000236e9a46a90 code [0x00000236e9a46cc0, 0x00000236e9a475d8]

GC Heap History (20 events):
Event: 7.888 GC heap after
{Heap after GC invocations=10 (full 0):
 garbage-first heap   total 78848K, used 23275K [0x0000000080000000, 0x0000000100000000)
  region size 1024K, 5 young (5120K), 5 survivors (5120K)
 Metaspace       used 35077K, capacity 35957K, committed 36048K, reserved 1081344K
  class space    used 4569K, capacity 4921K, committed 4940K, reserved 1048576K
}
Event: 8.522 GC heap before
{Heap before GC invocations=11 (full 0):
 garbage-first heap   total 78848K, used 57067K [0x0000000080000000, 0x0000000100000000)
  region size 1024K, 38 young (38912K), 5 survivors (5120K)
 Metaspace       used 38657K, capacity 39612K, committed 39888K, reserved 1083392K
  class space    used 4959K, capacity 5326K, committed 5452K, reserved 1048576K
}
Event: 8.539 GC heap after
{Heap after GC invocations=12 (full 0):
 garbage-first heap   total 78848K, used 26417K [0x0000000080000000, 0x0000000100000000)
  region size 1024K, 5 young (5120K), 5 survivors (5120K)
 Metaspace       used 38657K, capacity 39612K, committed 39888K, reserved 1083392K
  class space    used 4959K, capacity 5326K, committed 5452K, reserved 1048576K
}
Event: 9.142 GC heap before
{Heap before GC invocations=13 (full 0):
 garbage-first heap   total 78848K, used 61233K [0x0000000080000000, 0x0000000100000000)
  region size 1024K, 37 young (37888K), 5 survivors (5120K)
 Metaspace       used 41054K, capacity 42003K, committed 42064K, reserved 1085440K
  class space    used 5199K, capacity 5563K, committed 5580K, reserved 1048576K
}
Event: 9.155 GC heap after
{Heap after GC invocations=14 (full 0):
 garbage-first heap   total 78848K, used 29466K [0x0000000080000000, 0x0000000100000000)
  region size 1024K, 3 young (3072K), 3 survivors (3072K)
 Metaspace       used 41054K, capacity 42003K, committed 42064K, reserved 1085440K
  class space    used 5199K, capacity 5563K, committed 5580K, reserved 1048576K
}
Event: 9.782 GC heap before
{Heap before GC invocations=14 (full 0):
 garbage-first heap   total 78848K, used 61210K [0x0000000080000000, 0x0000000100000000)
  region size 1024K, 34 young (34816K), 3 survivors (3072K)
 Metaspace       used 43846K, capacity 44900K, committed 45136K, reserved 1089536K
  class space    used 5622K, capacity 6032K, committed 6092K, reserved 1048576K
}
Event: 9.794 GC heap after
{Heap after GC invocations=15 (full 0):
 garbage-first heap   total 78848K, used 30887K [0x0000000080000000, 0x0000000100000000)
  region size 1024K, 5 young (5120K), 5 survivors (5120K)
 Metaspace       used 43846K, capacity 44900K, committed 45136K, reserved 1089536K
  class space    used 5622K, capacity 6032K, committed 6092K, reserved 1048576K
}
Event: 10.277 GC heap before
{Heap before GC invocations=15 (full 0):
 garbage-first heap   total 78848K, used 61607K [0x0000000080000000, 0x0000000100000000)
  region size 1024K, 35 young (35840K), 5 survivors (5120K)
 Metaspace       used 46425K, capacity 47557K, committed 47824K, reserved 1091584K
  class space    used 5922K, capacity 6340K, committed 6476K, reserved 1048576K
}
Event: 10.288 GC heap after
{Heap after GC invocations=16 (full 0):
 garbage-first heap   total 95232K, used 32151K [0x0000000080000000, 0x0000000100000000)
  region size 1024K, 3 young (3072K), 3 survivors (3072K)
 Metaspace       used 46425K, capacity 47557K, committed 47824K, reserved 1091584K
  class space    used 5922K, capacity 6340K, committed 6476K, reserved 1048576K
}
Event: 11.225 GC heap before
{Heap before GC invocations=16 (full 0):
 garbage-first heap   total 95232K, used 70039K [0x0000000080000000, 0x0000000100000000)
  region size 1024K, 40 young (40960K), 3 survivors (3072K)
 Metaspace       used 49133K, capacity 50374K, committed 50640K, reserved 1093632K
  class space    used 6241K, capacity 6703K, committed 6732K, reserved 1048576K
}
Event: 11.237 GC heap after
{Heap after GC invocations=17 (full 0):
 garbage-first heap   total 95232K, used 33623K [0x0000000080000000, 0x0000000100000000)
  region size 1024K, 3 young (3072K), 3 survivors (3072K)
 Metaspace       used 49133K, capacity 50374K, committed 50640K, reserved 1093632K
  class space    used 6241K, capacity 6703K, committed 6732K, reserved 1048576K
}
Event: 12.389 GC heap before
{Heap before GC invocations=17 (full 0):
 garbage-first heap   total 95232K, used 72535K [0x0000000080000000, 0x0000000100000000)
  region size 1024K, 39 young (39936K), 3 survivors (3072K)
 Metaspace       used 50963K, capacity 52293K, committed 52432K, reserved 1095680K
  class space    used 6441K, capacity 6942K, committed 6988K, reserved 1048576K
}
Event: 12.399 GC heap after
{Heap after GC invocations=18 (full 0):
 garbage-first heap   total 95232K, used 43420K [0x0000000080000000, 0x0000000100000000)
  region size 1024K, 5 young (5120K), 5 survivors (5120K)
 Metaspace       used 50963K, capacity 52293K, committed 52432K, reserved 1095680K
  class space    used 6441K, capacity 6942K, committed 6988K, reserved 1048576K
}
Event: 13.052 GC heap before
{Heap before GC invocations=18 (full 0):
 garbage-first heap   total 95232K, used 74140K [0x0000000080000000, 0x0000000100000000)
  region size 1024K, 35 young (35840K), 5 survivors (5120K)
 Metaspace       used 55413K, capacity 56824K, committed 57168K, reserved 1099776K
  class space    used 6977K, capacity 7533K, committed 7628K, reserved 1048576K
}
Event: 13.058 GC heap after
{Heap after GC invocations=19 (full 0):
 garbage-first heap   total 95232K, used 44346K [0x0000000080000000, 0x0000000100000000)
  region size 1024K, 1 young (1024K), 1 survivors (1024K)
 Metaspace       used 55413K, capacity 56824K, committed 57168K, reserved 1099776K
  class space    used 6977K, capacity 7533K, committed 7628K, reserved 1048576K
}
Event: 13.877 GC heap before
{Heap before GC invocations=19 (full 0):
 garbage-first heap   total 95232K, used 75066K [0x0000000080000000, 0x0000000100000000)
  region size 1024K, 31 young (31744K), 1 survivors (1024K)
 Metaspace       used 59652K, capacity 61253K, committed 61392K, reserved 1101824K
  class space    used 7517K, capacity 8160K, committed 8268K, reserved 1048576K
}
Event: 13.884 GC heap after
{Heap after GC invocations=20 (full 0):
 garbage-first heap   total 95232K, used 45882K [0x0000000080000000, 0x0000000100000000)
  region size 1024K, 3 young (3072K), 3 survivors (3072K)
 Metaspace       used 59652K, capacity 61253K, committed 61392K, reserved 1101824K
  class space    used 7517K, capacity 8160K, committed 8268K, reserved 1048576K
}
Event: 14.241 GC heap before
{Heap before GC invocations=21 (full 0):
 garbage-first heap   total 95232K, used 55098K [0x0000000080000000, 0x0000000100000000)
  region size 1024K, 13 young (13312K), 3 survivors (3072K)
 Metaspace       used 61508K, capacity 63080K, committed 63312K, reserved 1103872K
  class space    used 7726K, capacity 8320K, committed 8396K, reserved 1048576K
}
Event: 14.250 GC heap after
{Heap after GC invocations=22 (full 0):
 garbage-first heap   total 95232K, used 47661K [0x0000000080000000, 0x0000000100000000)
  region size 1024K, 4 young (4096K), 4 survivors (4096K)
 Metaspace       used 61508K, capacity 63080K, committed 63312K, reserved 1103872K
  class space    used 7726K, capacity 8320K, committed 8396K, reserved 1048576K
}
Event: 14.710 GC heap before
{Heap before GC invocations=23 (full 0):
 garbage-first heap   total 95232K, used 79405K [0x0000000080000000, 0x0000000100000000)
  region size 1024K, 28 young (28672K), 4 survivors (4096K)
 Metaspace       used 62736K, capacity 64330K, committed 64592K, reserved 1105920K
  class space    used 7892K, capacity 8517K, committed 8652K, reserved 1048576K
}

Deoptimization events (20 events):
Event: 14.233 Thread 0x00000236808be000 DEOPT PACKING pc=0x00000236f05ff69c sp=0x0000005e200f3840
Event: 14.233 Thread 0x00000236808be000 DEOPT UNPACKING pc=0x00000236e88ca1af sp=0x0000005e200f3800 mode 2
Event: 14.234 Thread 0x00000236808be000 Uncommon trap: trap_request=0xffffff4d fr.pc=0x00000236f0513a3c relative=0x0000000000002a3c
Event: 14.234 Thread 0x00000236808be000 Uncommon trap: reason=unstable_if action=reinterpret pc=0x00000236f0513a3c method=java.security.CodeSource.<init>(Ljava/net/URL;[Ljava/security/CodeSigner;)V @ 37 c2
Event: 14.234 Thread 0x00000236808be000 DEOPT PACKING pc=0x00000236f0513a3c sp=0x0000005e200f38c0
Event: 14.234 Thread 0x00000236808be000 DEOPT UNPACKING pc=0x00000236e88ca1af sp=0x0000005e200f38d8 mode 2
Event: 14.234 Thread 0x00000236808be000 Uncommon trap: trap_request=0xffffff4d fr.pc=0x00000236f047be10 relative=0x0000000000000070
Event: 14.234 Thread 0x00000236808be000 Uncommon trap: reason=unstable_if action=reinterpret pc=0x00000236f047be10 method=java.security.CodeSource.getCertificates()[Ljava/security/cert/Certificate; @ 22 c2
Event: 14.234 Thread 0x00000236808be000 DEOPT PACKING pc=0x00000236f047be10 sp=0x0000005e200f3660
Event: 14.234 Thread 0x00000236808be000 DEOPT UNPACKING pc=0x00000236e88ca1af sp=0x0000005e200f35e8 mode 2
Event: 14.236 Thread 0x00000236808be000 Uncommon trap: trap_request=0xffffff4d fr.pc=0x00000236f048be18 relative=0x0000000000000798
Event: 14.236 Thread 0x00000236808be000 Uncommon trap: reason=unstable_if action=reinterpret pc=0x00000236f048be18 method=java.util.jar.JarFile.getVersionedEntry(Ljava/lang/String;Ljava/util/jar/JarEntry;)Ljava/util/jar/JarEntry; @ 67 c2
Event: 14.236 Thread 0x00000236808be000 DEOPT PACKING pc=0x00000236f048be18 sp=0x0000005e200f3420
Event: 14.236 Thread 0x00000236808be000 DEOPT UNPACKING pc=0x00000236e88ca1af sp=0x0000005e200f3408 mode 2
Event: 14.286 Thread 0x00000236808be000 Uncommon trap: trap_request=0xffffff4d fr.pc=0x00000236f059249c relative=0x000000000000025c
Event: 14.286 Thread 0x00000236808be000 Uncommon trap: reason=unstable_if action=reinterpret pc=0x00000236f059249c method=java.util.LinkedHashMap.get(Ljava/lang/Object;)Ljava/lang/Object; @ 20 c2
Event: 14.286 Thread 0x00000236808be000 DEOPT PACKING pc=0x00000236f059249c sp=0x0000005e200f2c00
Event: 14.286 Thread 0x00000236808be000 DEOPT UNPACKING pc=0x00000236e88ca1af sp=0x0000005e200f2bb8 mode 2
Event: 14.401 Thread 0x00000236808be000 DEOPT PACKING pc=0x00000236e99ed083 sp=0x0000005e200f2420
Event: 14.401 Thread 0x00000236808be000 DEOPT UNPACKING pc=0x00000236e88ca95e sp=0x0000005e200f18a0 mode 0

Classes redefined (0 events):
No events

Internal exceptions (20 events):
Event: 12.445 Thread 0x00000236808be000 Exception <a 'java/lang/NoSuchMethodError'{0x0000000085a73948}: 'java.lang.Object java.lang.invoke.Invokers$Holder.linkToTargetMethod(java.lang.Object, java.lang.Object, java.lang.Object, int, java.lang.Object)'> (0x0000000085a73948) thrown at [src/hotspot/share/interpreter/linkResolver.cpp, line 773]
Event: 12.466 Thread 0x00000236808be000 Exception <a 'java/lang/NoSuchMethodError'{0x000000008593c4d8}: 'java.lang.Object java.lang.invoke.Invokers$Holder.linkToTargetMethod(java.lang.Object, int, int, java.lang.Object)'> (0x000000008593c4d8) thrown at [src/hotspot/share/interpreter/linkResolver.cpp, line 773]
Event: 12.468 Thread 0x00000236808be000 Exception <a 'java/lang/NoSuchMethodError'{0x0000000085953fc0}: 'java.lang.Object java.lang.invoke.DirectMethodHandle$Holder.invokeStatic(java.lang.Object, java.lang.Object, int, int, java.lang.Object, java.lang.Object)'> (0x0000000085953fc0) thrown at [src/hotspot/share/interpreter/linkResolver.cpp, line 773]
Event: 12.795 Thread 0x00000236808be000 Exception <a 'java/lang/NoSuchMethodError'{0x0000000084b3cd30}: 'java.lang.Object java.lang.invoke.DirectMethodHandle$Holder.invokeStatic(java.lang.Object, java.lang.Object, java.lang.Object, java.lang.Object, java.lang.Object, java.lang.Object, java.lang.Object, java.lang.Object, java.lang.Object, java.lang.Object, java.lang.Object, java.lang.Object, java.lang.Object, int)'> (0x0000000084b3cd30) thrown at [src/hotspot/share/interpreter/linkResolver.cpp, line 773]
Event: 12.797 Thread 0x00000236808be000 Exception <a 'java/lang/NoSuchMethodError'{0x0000000084b4a718}: 'java.lang.Object java.lang.invoke.DirectMethodHandle$Holder.invokeStatic(java.lang.Object, java.lang.Object, java.lang.Object, java.lang.Object, java.lang.Object, java.lang.Object, java.lang.Object, java.lang.Object, java.lang.Object, java.lang.Object, java.lang.Object, java.lang.Object, java.lang.Object, int, int)'> (0x0000000084b4a718) thrown at [src/hotspot/share/interpreter/linkResolver.cpp, line 773]
Event: 12.848 Thread 0x00000236808be000 Exception <a 'java/lang/NoSuchMethodError'{0x00000000849a4cd0}: 'int java.lang.invoke.DirectMethodHandle$Holder.invokeInterface(java.lang.Object, java.lang.Object, java.lang.Object, java.lang.Object)'> (0x00000000849a4cd0) thrown at [src/hotspot/share/interpreter/linkResolver.cpp, line 773]
Event: 13.497 Thread 0x00000236808be000 Exception <a 'java/lang/NoSuchMethodError'{0x0000000084e6fbb8}: 'java.lang.Object java.lang.invoke.DirectMethodHandle$Holder.invokeSpecial(java.lang.Object, java.lang.Object, int, int, int, java.lang.Object, java.lang.Object, java.lang.Object, java.lang.Object)'> (0x0000000084e6fbb8) thrown at [src/hotspot/share/interpreter/linkResolver.cpp, line 773]
Event: 13.497 Thread 0x00000236808be000 Exception <a 'java/lang/NoSuchMethodError'{0x0000000084e74360}: 'java.lang.Object java.lang.invoke.DelegatingMethodHandle$Holder.reinvoke_L(java.lang.Object, int, int, int, java.lang.Object, java.lang.Object, java.lang.Object, java.lang.Object)'> (0x0000000084e74360) thrown at [src/hotspot/share/interpreter/linkResolver.cpp, line 773]
Event: 13.498 Thread 0x00000236808be000 Exception <a 'java/lang/NoSuchMethodError'{0x0000000084e7cac0}: 'java.lang.Object java.lang.invoke.DirectMethodHandle$Holder.invokeStatic(java.lang.Object, java.lang.Object, java.lang.Object, java.lang.Object, java.lang.Object, int)'> (0x0000000084e7cac0) thrown at [src/hotspot/share/interpreter/linkResolver.cpp, line 773]
Event: 13.668 Thread 0x00000236808be000 Exception <a 'java/lang/NoSuchMethodError'{0x0000000084536758}: 'java.lang.Object java.lang.invoke.DirectMethodHandle$Holder.invokeSpecial(java.lang.Object, java.lang.Object, int, int, java.lang.Object, java.lang.Object, java.lang.Object)'> (0x0000000084536758) thrown at [src/hotspot/share/interpreter/linkResolver.cpp, line 773]
Event: 13.669 Thread 0x00000236808be000 Exception <a 'java/lang/NoSuchMethodError'{0x000000008453b228}: 'java.lang.Object java.lang.invoke.DelegatingMethodHandle$Holder.reinvoke_L(java.lang.Object, int, int, java.lang.Object, java.lang.Object, java.lang.Object)'> (0x000000008453b228) thrown at [src/hotspot/share/interpreter/linkResolver.cpp, line 773]
Event: 13.671 Thread 0x00000236808be000 Exception <a 'java/lang/NoSuchMethodError'{0x0000000084551af8}: 'java.lang.Object java.lang.invoke.DirectMethodHandle$Holder.invokeStatic(java.lang.Object, java.lang.Object, java.lang.Object, java.lang.Object, int, int)'> (0x0000000084551af8) thrown at [src/hotspot/share/interpreter/linkResolver.cpp, line 773]
Event: 13.673 Thread 0x00000236808be000 Exception <a 'java/lang/NoSuchMethodError'{0x0000000084568170}: 'java.lang.Object java.lang.invoke.DirectMethodHandle$Holder.invokeStatic(java.lang.Object, java.lang.Object, java.lang.Object, java.lang.Object, int, int, java.lang.Object)'> (0x0000000084568170) thrown at [src/hotspot/share/interpreter/linkResolver.cpp, line 773]
Event: 13.675 Thread 0x00000236808be000 Exception <a 'java/lang/NoSuchMethodError'{0x0000000084580160}: 'java.lang.Object java.lang.invoke.DirectMethodHandle$Holder.invokeStatic(java.lang.Object, java.lang.Object, java.lang.Object, java.lang.Object, int, int, java.lang.Object, java.lang.Object)'> (0x0000000084580160) thrown at [src/hotspot/share/interpreter/linkResolver.cpp, line 773]
Event: 13.678 Thread 0x00000236808be000 Exception <a 'java/lang/NoSuchMethodError'{0x00000000845999a0}: 'java.lang.Object java.lang.invoke.DirectMethodHandle$Holder.invokeStatic(java.lang.Object, java.lang.Object, java.lang.Object, java.lang.Object, int, int, java.lang.Object, java.lang.Object, java.lang.Object)'> (0x00000000845999a0) thrown at [src/hotspot/share/interpreter/linkResolver.cpp, line 773]
Event: 13.730 Thread 0x00000236808be000 Exception <a 'java/lang/IncompatibleClassChangeError'{0x00000000844c1150}: Found class java.lang.Object, but interface was expected> (0x00000000844c1150) thrown at [src/hotspot/share/interpreter/linkResolver.cpp, line 839]
Event: 13.808 Thread 0x00000236808be000 Implicit null exception at 0x00000236f05b4e54 to 0x00000236f05b4fd0
Event: 14.010 Thread 0x00000236808be000 Implicit null exception at 0x00000236f048ae8b to 0x00000236f048af64
Event: 14.119 Thread 0x00000236815e7800 Implicit null exception at 0x00000236f03761f4 to 0x00000236f03766c4
Event: 14.529 Thread 0x00000236808be000 Exception <a 'sun/nio/fs/WindowsException'{0x0000000084a63520}> (0x0000000084a63520) thrown at [src/hotspot/share/prims/jni.cpp, line 617]

Events (20 events):
Event: 14.689 loading class com/android/build/api/dsl/ExternalNativeNdkBuildOptions done
Event: 14.696 loading class com/google/common/collect/Sets
Event: 14.696 loading class com/google/common/collect/Sets done
Event: 14.698 loading class com/google/common/collect/Sets$SetView
Event: 14.698 loading class com/google/common/collect/Sets$SetView done
Event: 14.699 loading class com/google/common/collect/Sets$3
Event: 14.699 loading class com/google/common/collect/Sets$3 done
Event: 14.700 loading class com/google/common/collect/Sets$2
Event: 14.700 loading class com/google/common/collect/Sets$2 done
Event: 14.701 loading class com/google/common/collect/ImmutableEnumSet
Event: 14.701 loading class com/google/common/collect/ImmutableEnumSet done
Event: 14.702 loading class com/google/common/collect/Sets$4
Event: 14.702 loading class com/google/common/collect/Sets$4 done
Event: 14.702 loading class com/google/common/collect/Sets$1
Event: 14.702 loading class com/google/common/collect/Sets$1 done
Event: 14.708 loading class com/google/common/primitives/Ints
Event: 14.708 loading class com/google/common/primitives/Ints done
Event: 14.710 loading class com/google/common/primitives/IntsMethodsForWeb
Event: 14.710 loading class com/google/common/primitives/IntsMethodsForWeb done
Event: 14.710 Executing VM operation: G1CollectForAllocation


Dynamic libraries:
0x00007ff6b93c0000 - 0x00007ff6b93ca000 	C:\Program Files\Android\Android Studio\jbr\bin\java.exe
0x00007ff8fdc10000 - 0x00007ff8fde08000 	C:\WINDOWS\SYSTEM32\ntdll.dll
0x00007ff8fbd10000 - 0x00007ff8fbdcf000 	C:\WINDOWS\System32\KERNEL32.DLL
0x00007ff8fb2f0000 - 0x00007ff8fb5e6000 	C:\WINDOWS\System32\KERNELBASE.dll
0x00007ff8fb6c0000 - 0x00007ff8fb7c0000 	C:\WINDOWS\System32\ucrtbase.dll
0x00007ff8e5780000 - 0x00007ff8e5797000 	C:\Program Files\Android\Android Studio\jbr\bin\jli.dll
0x00007ff8e5760000 - 0x00007ff8e577b000 	C:\Program Files\Android\Android Studio\jbr\bin\VCRUNTIME140.dll
0x00007ff8fc560000 - 0x00007ff8fc6fd000 	C:\WINDOWS\System32\USER32.dll
0x00007ff8fb5f0000 - 0x00007ff8fb612000 	C:\WINDOWS\System32\win32u.dll
0x00007ff8fa680000 - 0x00007ff8fa91a000 	C:\WINDOWS\WinSxS\amd64_microsoft.windows.common-controls_6595b64144ccf1df_6.0.19041.1110_none_60b5254171f9507e\COMCTL32.dll
0x00007ff8fc700000 - 0x00007ff8fc72c000 	C:\WINDOWS\System32\GDI32.dll
0x00007ff8fbc70000 - 0x00007ff8fbd0e000 	C:\WINDOWS\System32\msvcrt.dll
0x00007ff8fbb00000 - 0x00007ff8fbc15000 	C:\WINDOWS\System32\gdi32full.dll
0x00007ff8fb620000 - 0x00007ff8fb6bd000 	C:\WINDOWS\System32\msvcp_win.dll
0x00007ff8fc990000 - 0x00007ff8fc9c0000 	C:\WINDOWS\System32\IMM32.DLL
0x00007ff8d80c0000 - 0x00007ff8d814d000 	C:\Program Files\Android\Android Studio\jbr\bin\msvcp140.dll
0x00007ff8f6260000 - 0x00007ff8f626c000 	C:\WINDOWS\SYSTEM32\VCRUNTIME140_1.dll
0x00007ff8d3440000 - 0x00007ff8d3ffc000 	C:\Program Files\Android\Android Studio\jbr\bin\server\jvm.dll
0x00007ff8fcc00000 - 0x00007ff8fccaf000 	C:\WINDOWS\System32\ADVAPI32.dll
0x00007ff8fbe30000 - 0x00007ff8fbecc000 	C:\WINDOWS\System32\sechost.dll
0x00007ff8fd680000 - 0x00007ff8fd7a6000 	C:\WINDOWS\System32\RPCRT4.dll
0x00007ff8fcb20000 - 0x00007ff8fcb28000 	C:\WINDOWS\System32\PSAPI.DLL
0x00007ff8f60a0000 - 0x00007ff8f60a9000 	C:\WINDOWS\SYSTEM32\WSOCK32.dll
0x00007ff8ecfd0000 - 0x00007ff8ecff7000 	C:\WINDOWS\SYSTEM32\WINMM.dll
0x00007ff8fcec0000 - 0x00007ff8fcf2b000 	C:\WINDOWS\System32\WS2_32.dll
0x00007ff8ec1d0000 - 0x00007ff8ec1da000 	C:\WINDOWS\SYSTEM32\VERSION.dll
0x00007ff8f83b0000 - 0x00007ff8f83c2000 	C:\WINDOWS\SYSTEM32\kernel.appcore.dll
0x00007ff8f6090000 - 0x00007ff8f60a0000 	C:\Program Files\Android\Android Studio\jbr\bin\verify.dll
0x00007ff8fad00000 - 0x00007ff8faee4000 	C:\WINDOWS\SYSTEM32\DBGHELP.DLL
0x00007ff8faaa0000 - 0x00007ff8faad4000 	C:\WINDOWS\SYSTEM32\dbgcore.DLL
0x00007ff8fb830000 - 0x00007ff8fb8b2000 	C:\WINDOWS\System32\bcryptPrimitives.dll
0x00007ff8f6040000 - 0x00007ff8f6068000 	C:\Program Files\Android\Android Studio\jbr\bin\java.dll
0x00007ff8f6010000 - 0x00007ff8f601a000 	C:\Program Files\Android\Android Studio\jbr\bin\jimage.dll
0x00007ff8f2780000 - 0x00007ff8f2798000 	C:\Program Files\Android\Android Studio\jbr\bin\zip.dll
0x00007ff8fcf30000 - 0x00007ff8fd674000 	C:\WINDOWS\System32\SHELL32.dll
0x00007ff8f85b0000 - 0x00007ff8f8d43000 	C:\WINDOWS\SYSTEM32\windows.storage.dll
0x00007ff8fd7c0000 - 0x00007ff8fdb14000 	C:\WINDOWS\System32\combase.dll
0x00007ff8fa5e0000 - 0x00007ff8fa60e000 	C:\WINDOWS\SYSTEM32\Wldp.dll
0x00007ff8fbed0000 - 0x00007ff8fbf7d000 	C:\WINDOWS\System32\SHCORE.dll
0x00007ff8fbdd0000 - 0x00007ff8fbe25000 	C:\WINDOWS\System32\shlwapi.dll
0x00007ff8fb230000 - 0x00007ff8fb24f000 	C:\WINDOWS\SYSTEM32\profapi.dll
0x00007ff8eb250000 - 0x00007ff8eb269000 	C:\Program Files\Android\Android Studio\jbr\bin\net.dll
0x00007ff8f0fe0000 - 0x00007ff8f10ea000 	C:\WINDOWS\SYSTEM32\WINHTTP.dll
0x00007ff8fa4b0000 - 0x00007ff8fa51a000 	C:\WINDOWS\system32\mswsock.dll
0x00007ff8eb230000 - 0x00007ff8eb243000 	C:\Program Files\Android\Android Studio\jbr\bin\nio.dll
0x00007ff8e57a0000 - 0x00007ff8e57c7000 	C:\Users\thima\AndroidStudioProjects\DemoApp\native\e1d6ef7f7dcc3fd88c89a11ec53ec762bb8ba0a96d01ffa2cd45eb1d1d8dd5c5\windows-amd64\native-platform.dll
0x00007ff8d7370000 - 0x00007ff8d74b4000 	C:\Users\thima\AndroidStudioProjects\DemoApp\native\0d407fdbe67a94daf76414ababcb853783967236a71b16ec16e742cd7a986fd3\windows-amd64\native-platform-file-events.dll
0x00007ff8f5fe0000 - 0x00007ff8f5fea000 	C:\Program Files\Android\Android Studio\jbr\bin\management.dll
0x00007ff8f2770000 - 0x00007ff8f277b000 	C:\Program Files\Android\Android Studio\jbr\bin\management_ext.dll
0x00007ff8fb010000 - 0x00007ff8fb028000 	C:\WINDOWS\SYSTEM32\CRYPTSP.dll
0x00007ff8f9cc0000 - 0x00007ff8f9cf4000 	C:\WINDOWS\system32\rsaenh.dll
0x00007ff8fbad0000 - 0x00007ff8fbaf7000 	C:\WINDOWS\System32\bcrypt.dll
0x00007ff8fb1b0000 - 0x00007ff8fb1de000 	C:\WINDOWS\SYSTEM32\USERENV.dll
0x00007ff8fa5a0000 - 0x00007ff8fa5ac000 	C:\WINDOWS\SYSTEM32\CRYPTBASE.dll
0x00007ff8fa030000 - 0x00007ff8fa06c000 	C:\WINDOWS\SYSTEM32\IPHLPAPI.DLL
0x00007ff8fd7b0000 - 0x00007ff8fd7b8000 	C:\WINDOWS\System32\NSI.dll
0x00007ff8f37f0000 - 0x00007ff8f3807000 	C:\WINDOWS\SYSTEM32\dhcpcsvc6.DLL
0x00007ff8f37a0000 - 0x00007ff8f37bd000 	C:\WINDOWS\SYSTEM32\dhcpcsvc.DLL
0x00007ff8fa070000 - 0x00007ff8fa13b000 	C:\WINDOWS\SYSTEM32\DNSAPI.dll

dbghelp: loaded successfully - version: 4.0.5 - missing functions: none
symbol engine: initialized successfully - sym options: 0x614 - pdb path: .;C:\Program Files\Android\Android Studio\jbr\bin;C:\WINDOWS\SYSTEM32;C:\WINDOWS\WinSxS\amd64_microsoft.windows.common-controls_6595b64144ccf1df_6.0.19041.1110_none_60b5254171f9507e;C:\Program Files\Android\Android Studio\jbr\bin\server;C:\Users\thima\AndroidStudioProjects\DemoApp\native\e1d6ef7f7dcc3fd88c89a11ec53ec762bb8ba0a96d01ffa2cd45eb1d1d8dd5c5\windows-amd64;C:\Users\thima\AndroidStudioProjects\DemoApp\native\0d407fdbe67a94daf76414ababcb853783967236a71b16ec16e742cd7a986fd3\windows-amd64

VM Arguments:
jvm_args: --add-opens=java.base/java.util=ALL-UNNAMED --add-opens=java.base/java.lang=ALL-UNNAMED --add-opens=java.base/java.lang.invoke=ALL-UNNAMED --add-opens=java.base/java.util=ALL-UNNAMED --add-opens=java.prefs/java.util.prefs=ALL-UNNAMED --add-opens=java.prefs/java.util.prefs=ALL-UNNAMED --add-opens=java.base/java.nio.charset=ALL-UNNAMED --add-opens=java.base/java.net=ALL-UNNAMED --add-opens=java.base/java.util.concurrent.atomic=ALL-UNNAMED -Xmx2048m -Dfile.encoding=UTF-8 -Duser.country=US -Duser.language=en -Duser.variant 
java_command: org.gradle.launcher.daemon.bootstrap.GradleDaemon 7.5
java_class_path (initial): C:\Users\thima\AndroidStudioProjects\DemoApp\wrapper\dists\gradle-7.5-bin\f1w0cc9nuo0eivz97x2xlu9sv\gradle-7.5\lib\gradle-launcher-7.5.jar
Launcher Type: SUN_STANDARD

[Global flags]
     intx CICompilerCount                          = 3                                         {product} {ergonomic}
     uint ConcGCThreads                            = 1                                         {product} {ergonomic}
     uint G1ConcRefinementThreads                  = 4                                         {product} {ergonomic}
   size_t G1HeapRegionSize                         = 1048576                                   {product} {ergonomic}
    uintx GCDrainStackTargetSize                   = 64                                        {product} {ergonomic}
   size_t InitialHeapSize                          = 67108864                                  {product} {ergonomic}
   size_t MarkStackSize                            = 4194304                                   {product} {ergonomic}
   size_t MaxHeapSize                              = 2147483648                                {product} {command line}
   size_t MaxNewSize                               = 1287651328                                {product} {ergonomic}
   size_t MinHeapDeltaBytes                        = 1048576                                   {product} {ergonomic}
    uintx NonNMethodCodeHeapSize                   = 5830732                                {pd product} {ergonomic}
    uintx NonProfiledCodeHeapSize                  = 122913754                              {pd product} {ergonomic}
    uintx ProfiledCodeHeapSize                     = 122913754                              {pd product} {ergonomic}
    uintx ReservedCodeCacheSize                    = 251658240                              {pd product} {ergonomic}
     bool SegmentedCodeCache                       = true                                      {product} {ergonomic}
     bool UseCompressedClassPointers               = true                                 {lp64_product} {ergonomic}
     bool UseCompressedOops                        = true                                 {lp64_product} {ergonomic}
     bool UseG1GC                                  = true                                      {product} {ergonomic}
     bool UseLargePagesIndividualAllocation        = false                                  {pd product} {ergonomic}

Logging:
Log output configuration:
 #0: stdout all=warning uptime,level,tags
 #1: stderr all=off uptime,level,tags

Environment Variables:
JAVA_HOME=C:\Program Files\Java\jdk1.8.0_333
PATH=C:\Python310\Scripts\;C:\Python310\;C:\Program Files (x86)\Common Files\Oracle\Java\javapath;C:\WINDOWS\system32;C:\WINDOWS;C:\WINDOWS\System32\Wbem;C:\WINDOWS\System32\WindowsPowerShell\v1.0\;C:\WINDOWS\System32\OpenSSH\;C:\Program Files\Java\jdk1.8.0_333\bin;C:\ProgramData\chocolatey\bin;C:\Program Files\nodejs\;C:\xampp\php;C:\ProgramData\ComposerSetup\bin;C:\Program Files\Git\cmd;C:\Users\thima\AppData\Local\Microsoft\WindowsApps;C:\Users\thima\AppData\Local\Programs\Microsoft VS Code\bin;C:\Users\thima\AppData\Roaming\npm;C:\Program Files\CodeBlocks\MinGW\bin;C:\Users\thima\AppData\Roaming\Composer\vendor\bin;C:\Program Files\Git\bin\git.exe;
USERNAME=thima
OS=Windows_NT
PROCESSOR_IDENTIFIER=Intel64 Family 6 Model 58 Stepping 9, GenuineIntel



---------------  S Y S T E M  ---------------

OS: Windows 10 , 64 bit Build 19041 (10.0.19041.2913)
OS uptime: 0 days 2:45 hours

CPU:total 4 (initial active 4) (2 cores per cpu, 2 threads per core) family 6 model 58 stepping 9 microcode 0x21, cmov, cx8, fxsr, mmx, sse, sse2, sse3, ssse3, sse4.1, sse4.2, popcnt, avx, aes, clmul, erms, ht, tsc, tscinvbit, tscinv

Memory: 4k page, system-wide physical 3969M (330M free)
TotalPageFile size 8536M (AvailPageFile size 3031M)
current process WorkingSet (physical memory assigned to process): 278M, peak: 280M
current process commit charge ("private bytes"): 306M, peak: 309M

vm_info: OpenJDK 64-Bit Server VM (11.0.15+0-b2043.56-8887301) for windows-amd64 JRE (11.0.15+0-b2043.56-8887301), built on Jul 29 2022 23:19:47 by "builduser" with unknown MS VC++:1929

END.
