#
# A fatal error has been detected by the Java Runtime Environment:
#
#  EXCEPTION_ACCESS_VIOLATION (0xc0000005) at pc=0x00007ffed1c87726, pid=6424, tid=952
#
# JRE version: OpenJDK Runtime Environment (11.0.15) (build 11.0.15+0-b2043.56-8887301)
# Java VM: OpenJDK 64-Bit Server VM (11.0.15+0-b2043.56-8887301, mixed mode, tiered, compressed oops, g1 gc, windows-amd64)
# Problematic frame:
# V  [jvm.dll+0x5f7726]
#
# No core dump will be written. Minidumps are not enabled by default on client versions of Windows
#
# If you would like to submit a bug report, please visit:
#   https://bugreport.java.com/bugreport/crash.jsp
#

---------------  S U M M A R Y ------------

Command Line: --add-opens=java.base/java.util=ALL-UNNAMED --add-opens=java.base/java.lang=ALL-UNNAMED --add-opens=java.base/java.lang.invoke=ALL-UNNAMED --add-opens=java.base/java.util=ALL-UNNAMED --add-opens=java.prefs/java.util.prefs=ALL-UNNAMED --add-opens=java.prefs/java.util.prefs=ALL-UNNAMED --add-opens=java.base/java.nio.charset=ALL-UNNAMED --add-opens=java.base/java.net=ALL-UNNAMED --add-opens=java.base/java.util.concurrent.atomic=ALL-UNNAMED -Xmx2048m -Dfile.encoding=UTF-8 -Duser.country=US -Duser.language=en -Duser.variant org.gradle.launcher.daemon.bootstrap.GradleDaemon 7.5

Host: Intel(R) Core(TM) i5-3230M CPU @ 2.60GHz, 4 cores, 3G,  Windows 10 , 64 bit Build 19041 (10.0.19041.2913)
Time: Mon Jun 12 10:08:11 2023 Sri Lanka Standard Time elapsed time: 3517.491411 seconds (0d 0h 58m 37s)

---------------  T H R E A D  ---------------

Current thread (0x0000013353a09800):  GCTaskThread "GC Thread#2" [stack: 0x00000008d9400000,0x00000008d9500000] [id=952]

Stack: [0x00000008d9400000,0x00000008d9500000],  sp=0x00000008d94ff6c0,  free space=1021k
Native frames: (J=compiled Java code, j=interpreted, Vv=VM code, C=native code)
V  [jvm.dll+0x5f7726]
V  [jvm.dll+0x5f7855]
V  [jvm.dll+0x5f75f0]
V  [jvm.dll+0x37fe98]
V  [jvm.dll+0x30363f]
V  [jvm.dll+0x802c20]
V  [jvm.dll+0x78dc24]
V  [jvm.dll+0x6400f6]
C  [ucrtbase.dll+0x21bb2]
C  [KERNEL32.DLL+0x17614]
C  [ntdll.dll+0x526a1]


siginfo: EXCEPTION_ACCESS_VIOLATION (0xc0000005), reading address 0x0000000000800098


Register to memory mapping:

RIP=0x00007ffed1c87726 jvm.dll
RAX=0x0000000000800000 is an unknown value
RBX=0x0000000000000001 is an unknown value
RCX=0x000001335ffa9798 is pointing into metadata
RDX=0x0 is NULL
RSP=0x00000008d94ff6c0 points into unknown readable memory: 0x00000000000003d8 | d8 03 00 00 00 00 00 00
RBP=0x0 is NULL
RSI=0x0000000000000004 is an unknown value
RDI=0x000001335205b840 points into unknown readable memory: 0x00007ffed1f4a830 | 30 a8 f4 d1 fe 7f 00 00
R8 =0x0 is NULL
R9 =0x000001335ffb6880 is pointing into metadata
R10=0x0 is NULL
R11=0x000001335ffb6870 is pointing into metadata
R12=0x000001335205b5e0 points into unknown readable memory: 0x00007ffed1f4a830 | 30 a8 f4 d1 fe 7f 00 00
R13=0x000001335205b9b8 points into unknown readable memory: 0x880008e06ff86c76 | 76 6c f8 6f e0 08 00 88
R14=0x0 is NULL
R15=0x000001335205b5d0 points into unknown readable memory: 0x0000000000000000 | 00 00 00 00 00 00 00 00


Registers:
RAX=0x0000000000800000, RBX=0x0000000000000001, RCX=0x000001335ffa9798, RDX=0x0000000000000000
RSP=0x00000008d94ff6c0, RBP=0x0000000000000000, RSI=0x0000000000000004, RDI=0x000001335205b840
R8 =0x0000000000000000, R9 =0x000001335ffb6880, R10=0x0000000000000000, R11=0x000001335ffb6870
R12=0x000001335205b5e0, R13=0x000001335205b9b8, R14=0x0000000000000000, R15=0x000001335205b5d0
RIP=0x00007ffed1c87726, EFLAGS=0x0000000000010246

Top of Stack: (sp=0x00000008d94ff6c0)
0x00000008d94ff6c0:   00000000000003d8 00007ffed1c8735c
0x00000008d94ff6d0:   00000000000003d8 000001335ffa9978
0x00000008d94ff6e0:   0000000000000000 00007ffed1c87855
0x00000008d94ff6f0:   000001335ffa8ef8 000001335205b840
0x00000008d94ff700:   00000133542c98d0 0000000000000000
0x00000008d94ff710:   000001335205b840 00007ffed1c875f0
0x00000008d94ff720:   0000000000000890 0000000000000700
0x00000008d94ff730:   00000133542c98d0 000001335205b7c0
0x00000008d94ff740:   00007ffed1fad578 00007ffed1a12a00
0x00000008d94ff750:   00000000000003d8 0000000100fd1da8
0x00000008d94ff760:   00000008d86fe440 0000000000000000
0x00000008d94ff770:   0000000000000017 00007ffed1a0fe98
0x00000008d94ff780:   00000000000003d8 000001335ffa8ef8
0x00000008d94ff790:   00000000000000b8 000001335205b5d0
0x00000008d94ff7a0:   000001335205b5d0 000001335205b9b8
0x00000008d94ff7b0:   00000133542c98d0 00007ffed199363f 

Instructions: (pc=0x00007ffed1c87726)
0x00007ffed1c87626:   8b 7c 24 60 48 63 86 30 01 00 00 83 f8 fe 74 35
0x00007ffed1c87636:   48 8d 8e 38 01 00 00 48 03 c8 e8 fb 0c 00 00 48
0x00007ffed1c87646:   8b c8 48 8b d8 48 8b 10 ff 52 68 33 c9 84 c0 48
0x00007ffed1c87656:   0f 45 cb 48 85 c9 74 0d 48 8b 01 41 0f b6 d6 ff
0x00007ffed1c87666:   90 80 00 00 00 48 8d 05 06 5f 32 00 44 88 74 24
0x00007ffed1c87676:   28 48 8d 54 24 20 48 89 44 24 20 48 8b ce e8 a7
0x00007ffed1c87686:   fc ff ff 49 83 3f 00 74 13 48 8b d7 48 8b cd e8
0x00007ffed1c87696:   56 ac ac ff 49 8b cf e8 be ab ac ff 48 8b 5c 24
0x00007ffed1c876a6:   68 48 8b 74 24 78 4c 89 7d 10 4c 89 65 18 4c 89
0x00007ffed1c876b6:   6d 20 48 8b 6c 24 70 48 83 c4 30 41 5f 41 5e 41
0x00007ffed1c876c6:   5d 41 5c 5f c3 cc cc cc cc cc 48 89 5c 24 10 48
0x00007ffed1c876d6:   89 6c 24 18 48 89 7c 24 20 41 56 48 83 ec 20 45
0x00007ffed1c876e6:   33 f6 0f b6 ea 41 8b de 48 8b f9 39 1d b1 74 48
0x00007ffed1c876f6:   00 76 7e 48 89 74 24 30 be 02 00 00 00 0f 1f 40
0x00007ffed1c87706:   00 66 0f 1f 84 00 00 00 00 00 48 8b 4f 08 48 63
0x00007ffed1c87716:   c6 48 8b 44 c1 08 48 85 c0 74 44 40 84 ed 75 0d
0x00007ffed1c87726:   48 8b 80 98 00 00 00 44 38 70 20 74 32 4c 89 71
0x00007ffed1c87736:   08 48 63 c3 48 8d 0c 00 48 8b 47 08 4c 89 74 c8
0x00007ffed1c87746:   18 48 8b 47 08 4c 89 74 c8 20 48 8b cf 48 8b 07
0x00007ffed1c87756:   ff 50 28 84 c0 75 08 48 8b 47 08 4c 89 70 10 ff
0x00007ffed1c87766:   c3 83 c6 02 3b 1d 38 74 48 00 72 9e 48 8b 74 24
0x00007ffed1c87776:   30 48 8b 5c 24 38 48 8b 6c 24 40 48 8b 7c 24 48
0x00007ffed1c87786:   48 83 c4 20 41 5e c3 cc cc cc 48 8b 01 4c 63 41
0x00007ffed1c87796:   08 48 8b 48 08 4e 8d 0c c1 4a 8b 4c c1 08 48 8b
0x00007ffed1c877a6:   c1 48 83 e0 fc 74 17 84 d2 75 0c 48 8b 80 98 00
0x00007ffed1c877b6:   00 00 38 50 20 74 07 83 e1 03 49 89 49 08 c3 cc
0x00007ffed1c877c6:   cc cc cc cc cc cc cc cc cc cc 48 89 5c 24 08 33
0x00007ffed1c877d6:   c0 0f b6 da 4c 8b d1 39 41 10 7e 54 44 8b c8 66
0x00007ffed1c877e6:   66 66 0f 1f 84 00 00 00 00 00 41 8b 52 08 49 8b
0x00007ffed1c877f6:   0a 41 03 d1 4c 63 c2 48 8b 51 08 4e 8d 1c c2 4a
0x00007ffed1c87806:   8b 54 c2 10 48 8b ca 48 83 e1 fc 74 17 84 db 75
0x00007ffed1c87816:   0c 48 8b 89 98 00 00 00 38 59 20 74 07 83 e2 03 


Stack slot to memory mapping:
stack at sp + 0 slots: 0x00000000000003d8 is an unknown value
stack at sp + 1 slots: 0x00007ffed1c8735c jvm.dll
stack at sp + 2 slots: 0x00000000000003d8 is an unknown value
stack at sp + 3 slots: 0x000001335ffa9978 is pointing into metadata
stack at sp + 4 slots: 0x0 is NULL
stack at sp + 5 slots: 0x00007ffed1c87855 jvm.dll
stack at sp + 6 slots: 0x000001335ffa8ef8 is pointing into metadata
stack at sp + 7 slots: 0x000001335205b840 points into unknown readable memory: 0x00007ffed1f4a830 | 30 a8 f4 d1 fe 7f 00 00


---------------  P R O C E S S  ---------------

Threads class SMR info:
_java_thread_list=0x000001335dac0740, length=83, elements={
0x000001333593d000, 0x000001335157f800, 0x0000013351580800, 0x0000013351f02800,
0x0000013351f03800, 0x0000013351f05800, 0x00000133515de800, 0x00000133515e2800,
0x00000133515e4000, 0x0000013352056800, 0x0000013354713800, 0x00000133522f5000,
0x00000133540c7800, 0x00000133538de000, 0x00000133538e0800, 0x00000133538e2000,
0x00000133538e3800, 0x00000133538de800, 0x00000133538e3000, 0x0000013355ad3800,
0x0000013355ad5800, 0x0000013355ad6800, 0x0000013355ada000, 0x0000013355ad4000,
0x00000133549ad800, 0x00000133549ac800, 0x000001335a7f2000, 0x00000133554a8000,
0x000001335a7f6000, 0x0000013355adb800, 0x00000133554a1800, 0x00000133554a5000,
0x00000133554a2800, 0x00000133554a5800, 0x00000133554a7800, 0x00000133554a6800,
0x00000133554a4000, 0x00000133554a3000, 0x00000133554ac000, 0x00000133554ab800,
0x00000133554ad000, 0x00000133554a9000, 0x00000133554ae800, 0x00000133554ae000,
0x00000133554af800, 0x00000133554a9800, 0x00000133554b0800, 0x00000133549a3000,
0x00000133549a2000, 0x000001335499f800, 0x00000133549a3800, 0x00000133549a6000,
0x00000133549a5800, 0x00000133549a0800, 0x00000133549a4800, 0x00000133549a7000,
0x00000133549a1800, 0x00000133549a9800, 0x00000133549ab000, 0x00000133549a8800,
0x00000133549ac000, 0x00000133549a8000, 0x00000133549aa000, 0x00000133549ae800,
0x000001335a7f2800, 0x000001335a7f4800, 0x000001335a7f0800, 0x000001335a7f3800,
0x000001335a7f7000, 0x000001335a7f1000, 0x000001335a7fa000, 0x000001335a7f7800,
0x000001335a7fb800, 0x000001335a7f8800, 0x000001335a7fc800, 0x000001335a7ff000,
0x000001335a7fb000, 0x000001335a7fe000, 0x0000013355ad9000, 0x0000013355ada800,
0x0000013355ad7800, 0x0000013355ad5000, 0x0000013355add000
}

Java Threads: ( => current thread )
  0x000001333593d000 JavaThread "main" [_thread_blocked, id=8772, stack(0x00000008d8000000,0x00000008d8100000)]
  0x000001335157f800 JavaThread "Reference Handler" daemon [_thread_blocked, id=6912, stack(0x00000008d8700000,0x00000008d8800000)]
  0x0000013351580800 JavaThread "Finalizer" daemon [_thread_blocked, id=2052, stack(0x00000008d8800000,0x00000008d8900000)]
  0x0000013351f02800 JavaThread "Signal Dispatcher" daemon [_thread_blocked, id=7264, stack(0x00000008d8900000,0x00000008d8a00000)]
  0x0000013351f03800 JavaThread "Attach Listener" daemon [_thread_blocked, id=6964, stack(0x00000008d8a00000,0x00000008d8b00000)]
  0x0000013351f05800 JavaThread "Service Thread" daemon [_thread_blocked, id=6884, stack(0x00000008d8b00000,0x00000008d8c00000)]
  0x00000133515de800 JavaThread "C2 CompilerThread0" daemon [_thread_blocked, id=6880, stack(0x00000008d8c00000,0x00000008d8d00000)]
  0x00000133515e2800 JavaThread "C1 CompilerThread0" daemon [_thread_blocked, id=6916, stack(0x00000008d8d00000,0x00000008d8e00000)]
  0x00000133515e4000 JavaThread "Sweeper thread" daemon [_thread_blocked, id=2452, stack(0x00000008d8e00000,0x00000008d8f00000)]
  0x0000013352056800 JavaThread "Common-Cleaner" daemon [_thread_blocked, id=3444, stack(0x00000008d8f00000,0x00000008d9000000)]
  0x0000013354713800 JavaThread "Daemon health stats" [_thread_blocked, id=6888, stack(0x00000008d9300000,0x00000008d9400000)]
  0x00000133522f5000 JavaThread "Incoming local TCP Connector on port 54038" [_thread_in_native, id=6436, stack(0x00000008d9100000,0x00000008d9200000)]
  0x00000133540c7800 JavaThread "Daemon periodic checks" [_thread_blocked, id=8744, stack(0x00000008d9600000,0x00000008d9700000)]
  0x00000133538de000 JavaThread "Cache worker for journal cache (C:\Users\thima\AndroidStudioProjects\DemoApp\caches\journal-1)" [_thread_blocked, id=7856, stack(0x00000008d9e00000,0x00000008d9f00000)]
  0x00000133538e0800 JavaThread "File lock request listener" [_thread_in_native, id=3960, stack(0x00000008d9f00000,0x00000008da000000)]
  0x00000133538e2000 JavaThread "Cache worker for file hash cache (C:\Users\thima\AndroidStudioProjects\DemoApp\caches\7.5\fileHashes)" [_thread_blocked, id=6868, stack(0x00000008da000000,0x00000008da100000)]
  0x00000133538e3800 JavaThread "File watcher server" daemon [_thread_blocked, id=6920, stack(0x00000008da100000,0x00000008da200000)]
  0x00000133538de800 JavaThread "File watcher consumer" daemon [_thread_blocked, id=3104, stack(0x00000008da200000,0x00000008da300000)]
  0x00000133538e3000 JavaThread "Cache worker for file content cache (C:\Users\thima\AndroidStudioProjects\DemoApp\caches\7.5\fileContent)" [_thread_blocked, id=6876, stack(0x00000008da500000,0x00000008da600000)]
  0x0000013355ad3800 JavaThread "Cache worker for execution history cache (C:\Users\thima\AndroidStudioProjects\DemoApp\caches\7.5\executionHistory)" [_thread_blocked, id=2292, stack(0x00000008da800000,0x00000008da900000)]
  0x0000013355ad5800 JavaThread "jar transforms" [_thread_blocked, id=7712, stack(0x00000008da900000,0x00000008daa00000)]
  0x0000013355ad6800 JavaThread "jar transforms Thread 2" [_thread_blocked, id=7020, stack(0x00000008daa00000,0x00000008dab00000)]
  0x0000013355ada000 JavaThread "jar transforms Thread 3" [_thread_blocked, id=4240, stack(0x00000008dab00000,0x00000008dac00000)]
  0x0000013355ad4000 JavaThread "jar transforms Thread 4" [_thread_blocked, id=6804, stack(0x00000008dac00000,0x00000008dad00000)]
  0x00000133549ad800 JavaThread "Memory manager" [_thread_blocked, id=2720, stack(0x00000008dd800000,0x00000008dd900000)]
  0x00000133549ac800 JavaThread "pool-3-thread-1" [_thread_blocked, id=5736, stack(0x00000008dd900000,0x00000008dda00000)]
  0x000001335a7f2000 JavaThread "Cache worker for Java compile cache (C:\Users\thima\AndroidStudioProjects\DemoApp\caches\7.5\javaCompile)" [_thread_blocked, id=4560, stack(0x00000008de900000,0x00000008dea00000)]
  0x00000133554a8000 JavaThread "pool-8-thread-1" [_thread_blocked, id=8472, stack(0x00000008dd600000,0x00000008dd700000)]
  0x000001335a7f6000 JavaThread "pool-12-thread-1" [_thread_blocked, id=4492, stack(0x00000008dd500000,0x00000008dd600000)]
  0x0000013355adb800 JavaThread "ForkJoinPool.commonPool-worker-7" daemon [_thread_blocked, id=7244, stack(0x00000008dea00000,0x00000008deb00000)]
  0x00000133554a1800 JavaThread "Daemon Thread 4" [_thread_blocked, id=4520, stack(0x00000008d7d00000,0x00000008d7e00000)]
  0x00000133554a5000 JavaThread "Handler for socket connection from /127.0.0.1:54038 to /127.0.0.1:56328" [_thread_in_native, id=1524, stack(0x00000008d7e00000,0x00000008d7f00000)]
  0x00000133554a2800 JavaThread "Cancel handler" [_thread_blocked, id=5132, stack(0x00000008d7f00000,0x00000008d8000000)]
  0x00000133554a5800 JavaThread "Daemon worker Thread 4" [_thread_blocked, id=10156, stack(0x00000008d9700000,0x00000008d9800000)]
  0x00000133554a7800 JavaThread "Asynchronous log dispatcher for DefaultDaemonConnection: socket connection from /127.0.0.1:54038 to /127.0.0.1:56328" [_thread_blocked, id=9492, stack(0x00000008d9800000,0x00000008d9900000)]
  0x00000133554a6800 JavaThread "Stdin handler" [_thread_blocked, id=4468, stack(0x00000008d9900000,0x00000008d9a00000)]
  0x00000133554a4000 JavaThread "Daemon client event forwarder" [_thread_blocked, id=7756, stack(0x00000008d9a00000,0x00000008d9b00000)]
  0x00000133554a3000 JavaThread "Cache worker for checksums cache (D:\Pits_stop\.gradle\7.5\checksums)" [_thread_blocked, id=536, stack(0x00000008d9b00000,0x00000008d9c00000)]
  0x00000133554ac000 JavaThread "Cache worker for cache directory md-rule (C:\Users\thima\AndroidStudioProjects\DemoApp\caches\7.5\md-rule)" [_thread_blocked, id=10232, stack(0x00000008d9c00000,0x00000008d9d00000)]
  0x00000133554ab800 JavaThread "Cache worker for file hash cache (D:\Pits_stop\.gradle\7.5\fileHashes)" [_thread_blocked, id=4112, stack(0x00000008d9d00000,0x00000008d9e00000)]
  0x00000133554ad000 JavaThread "Cache worker for cache directory md-supplier (C:\Users\thima\AndroidStudioProjects\DemoApp\caches\7.5\md-supplier)" [_thread_blocked, id=368, stack(0x00000008da300000,0x00000008da400000)]
  0x00000133554a9000 JavaThread "Cache worker for dependencies-accessors (D:\Pits_stop\.gradle\7.5\dependencies-accessors)" [_thread_blocked, id=9496, stack(0x00000008da400000,0x00000008da500000)]
  0x00000133554ae800 JavaThread "Cache worker for Build Output Cleanup Cache (D:\Pits_stop\.gradle\buildOutputCleanup)" [_thread_blocked, id=4676, stack(0x00000008da600000,0x00000008da700000)]
  0x00000133554ae000 JavaThread "Unconstrained build operations" [_thread_blocked, id=9540, stack(0x00000008da700000,0x00000008da800000)]
  0x00000133554af800 JavaThread "Unconstrained build operations Thread 2" [_thread_blocked, id=1660, stack(0x00000008dad00000,0x00000008dae00000)]
  0x00000133554a9800 JavaThread "Unconstrained build operations Thread 3" [_thread_blocked, id=8612, stack(0x00000008dae00000,0x00000008daf00000)]
  0x00000133554b0800 JavaThread "Unconstrained build operations Thread 4" [_thread_blocked, id=9736, stack(0x00000008daf00000,0x00000008db000000)]
  0x00000133549a3000 JavaThread "Unconstrained build operations Thread 5" [_thread_blocked, id=5648, stack(0x00000008db000000,0x00000008db100000)]
  0x00000133549a2000 JavaThread "Unconstrained build operations Thread 6" [_thread_blocked, id=504, stack(0x00000008db100000,0x00000008db200000)]
  0x000001335499f800 JavaThread "Unconstrained build operations Thread 7" [_thread_blocked, id=8332, stack(0x00000008db200000,0x00000008db300000)]
  0x00000133549a3800 JavaThread "Unconstrained build operations Thread 8" [_thread_blocked, id=9272, stack(0x00000008db300000,0x00000008db400000)]
  0x00000133549a6000 JavaThread "Unconstrained build operations Thread 9" [_thread_blocked, id=7648, stack(0x00000008db400000,0x00000008db500000)]
  0x00000133549a5800 JavaThread "Unconstrained build operations Thread 10" [_thread_blocked, id=1716, stack(0x00000008db500000,0x00000008db600000)]
  0x00000133549a0800 JavaThread "Unconstrained build operations Thread 11" [_thread_blocked, id=10196, stack(0x00000008db600000,0x00000008db700000)]
  0x00000133549a4800 JavaThread "Unconstrained build operations Thread 12" [_thread_blocked, id=5516, stack(0x00000008db700000,0x00000008db800000)]
  0x00000133549a7000 JavaThread "Unconstrained build operations Thread 13" [_thread_blocked, id=9784, stack(0x00000008db800000,0x00000008db900000)]
  0x00000133549a1800 JavaThread "Unconstrained build operations Thread 14" [_thread_blocked, id=9304, stack(0x00000008db900000,0x00000008dba00000)]
  0x00000133549a9800 JavaThread "Unconstrained build operations Thread 15" [_thread_blocked, id=7180, stack(0x00000008dba00000,0x00000008dbb00000)]
  0x00000133549ab000 JavaThread "Unconstrained build operations Thread 16" [_thread_blocked, id=6268, stack(0x00000008dbb00000,0x00000008dbc00000)]
  0x00000133549a8800 JavaThread "Unconstrained build operations Thread 17" [_thread_blocked, id=6512, stack(0x00000008dbc00000,0x00000008dbd00000)]
  0x00000133549ac000 JavaThread "Unconstrained build operations Thread 18" [_thread_blocked, id=5220, stack(0x00000008dbd00000,0x00000008dbe00000)]
  0x00000133549a8000 JavaThread "Unconstrained build operations Thread 19" [_thread_blocked, id=6552, stack(0x00000008dbe00000,0x00000008dbf00000)]
  0x00000133549aa000 JavaThread "Unconstrained build operations Thread 20" [_thread_blocked, id=9464, stack(0x00000008dbf00000,0x00000008dc000000)]
  0x00000133549ae800 JavaThread "Unconstrained build operations Thread 21" [_thread_blocked, id=768, stack(0x00000008dc000000,0x00000008dc100000)]
  0x000001335a7f2800 JavaThread "Unconstrained build operations Thread 22" [_thread_blocked, id=5428, stack(0x00000008dc100000,0x00000008dc200000)]
  0x000001335a7f4800 JavaThread "Unconstrained build operations Thread 23" [_thread_blocked, id=9488, stack(0x00000008dc200000,0x00000008dc300000)]
  0x000001335a7f0800 JavaThread "Unconstrained build operations Thread 24" [_thread_blocked, id=6372, stack(0x00000008dc300000,0x00000008dc400000)]
  0x000001335a7f3800 JavaThread "Unconstrained build operations Thread 25" [_thread_blocked, id=7268, stack(0x00000008dc400000,0x00000008dc500000)]
  0x000001335a7f7000 JavaThread "Unconstrained build operations Thread 26" [_thread_blocked, id=6320, stack(0x00000008dc500000,0x00000008dc600000)]
  0x000001335a7f1000 JavaThread "Unconstrained build operations Thread 27" [_thread_blocked, id=9116, stack(0x00000008dc600000,0x00000008dc700000)]
  0x000001335a7fa000 JavaThread "Unconstrained build operations Thread 28" [_thread_blocked, id=8648, stack(0x00000008dc700000,0x00000008dc800000)]
  0x000001335a7f7800 JavaThread "Unconstrained build operations Thread 29" [_thread_blocked, id=9456, stack(0x00000008dc800000,0x00000008dc900000)]
  0x000001335a7fb800 JavaThread "Unconstrained build operations Thread 30" [_thread_blocked, id=8160, stack(0x00000008dc900000,0x00000008dca00000)]
  0x000001335a7f8800 JavaThread "Unconstrained build operations Thread 31" [_thread_blocked, id=10200, stack(0x00000008dca00000,0x00000008dcb00000)]
  0x000001335a7fc800 JavaThread "Unconstrained build operations Thread 32" [_thread_blocked, id=6032, stack(0x00000008dcb00000,0x00000008dcc00000)]
  0x000001335a7ff000 JavaThread "Unconstrained build operations Thread 33" [_thread_blocked, id=6588, stack(0x00000008dcc00000,0x00000008dcd00000)]
  0x000001335a7fb000 JavaThread "Unconstrained build operations Thread 34" [_thread_blocked, id=6600, stack(0x00000008dcd00000,0x00000008dce00000)]
  0x000001335a7fe000 JavaThread "Unconstrained build operations Thread 35" [_thread_blocked, id=8272, stack(0x00000008dce00000,0x00000008dcf00000)]
  0x0000013355ad9000 JavaThread "Unconstrained build operations Thread 36" [_thread_blocked, id=9316, stack(0x00000008dcf00000,0x00000008dd000000)]
  0x0000013355ada800 JavaThread "Unconstrained build operations Thread 37" [_thread_blocked, id=3392, stack(0x00000008dd000000,0x00000008dd100000)]
  0x0000013355ad7800 JavaThread "Unconstrained build operations Thread 38" [_thread_blocked, id=124, stack(0x00000008dd100000,0x00000008dd200000)]
  0x0000013355ad5000 JavaThread "Unconstrained build operations Thread 39" [_thread_blocked, id=9260, stack(0x00000008dd200000,0x00000008dd300000)]
  0x0000013355add000 JavaThread "Unconstrained build operations Thread 40" [_thread_blocked, id=3492, stack(0x00000008dd300000,0x00000008dd400000)]

Other Threads:
  0x000001335157e000 VMThread "VM Thread" [stack: 0x00000008d8600000,0x00000008d8700000] [id=7216]
  0x0000013352057800 WatcherThread [stack: 0x00000008d9000000,0x00000008d9100000] [id=3340]
  0x00000133379ba800 GCTaskThread "GC Thread#0" [stack: 0x00000008d8100000,0x00000008d8200000] [id=8228]
  0x0000013352554000 GCTaskThread "GC Thread#1" [stack: 0x00000008d9200000,0x00000008d9300000] [id=3924]
=>0x0000013353a09800 GCTaskThread "GC Thread#2" [stack: 0x00000008d9400000,0x00000008d9500000] [id=952]
  0x0000013353f91000 GCTaskThread "GC Thread#3" [stack: 0x00000008d9500000,0x00000008d9600000] [id=7684]
  0x00000133379ed000 ConcurrentGCThread "G1 Main Marker" [stack: 0x00000008d8200000,0x00000008d8300000] [id=7028]
  0x00000133379ee800 ConcurrentGCThread "G1 Conc#0" [stack: 0x00000008d8300000,0x00000008d8400000] [id=7172]
  0x0000013337a4a800 ConcurrentGCThread "G1 Refine#0" [stack: 0x00000008d8400000,0x00000008d8500000] [id=7212]
  0x000001335da6e800 ConcurrentGCThread "G1 Refine#1" [stack: 0x00000008deb00000,0x00000008dec00000] [id=9144]
  0x0000013337a4b800 ConcurrentGCThread "G1 Young RemSet Sampling" [stack: 0x00000008d8500000,0x00000008d8600000] [id=7208]

Threads with active compile tasks:
C2 CompilerThread0  3517602 25730       4       groovyjarjarantlr4.v4.runtime.atn.PredictionContext::join (569 bytes)

VM state:at safepoint (normal execution)

VM Mutex/Monitor currently owned by a thread:  ([mutex/lock_event])
[0x00000133379a2d40] Threads_lock - owner thread: 0x000001335157e000
[0x00000133379a3f40] Heap_lock - owner thread: 0x00000133379ed000

Heap address: 0x0000000080000000, size: 2048 MB, Compressed Oops mode: 32-bit
Narrow klass base: 0x0000000000000000, Narrow klass shift: 3
Compressed class space size: 1073741824 Address: 0x0000000100000000

Heap:
 garbage-first heap   total 265216K, used 166343K [0x0000000080000000, 0x0000000100000000)
  region size 1024K, 12 young (12288K), 5 survivors (5120K)
 Metaspace       used 144376K, capacity 148479K, committed 149200K, reserved 1179648K
  class space    used 17883K, capacity 19483K, committed 19788K, reserved 1048576K
Heap Regions: E=young(eden), S=young(survivor), O=old, HS=humongous(starts), HC=humongous(continues), CS=collection set, F=free, A=archive, TAMS=top-at-mark-start (previous, next)
|   0|0x0000000080000000, 0x0000000080100000, 0x0000000080100000|100%|HS|  |TAMS 0x0000000080100000, 0x0000000080100000| Complete 
|   1|0x0000000080100000, 0x0000000080200000, 0x0000000080200000|100%|HC|  |TAMS 0x0000000080200000, 0x0000000080200000| Complete 
|   2|0x0000000080200000, 0x0000000080300000, 0x0000000080300000|100%|HC|  |TAMS 0x0000000080300000, 0x0000000080300000| Complete 
|   3|0x0000000080300000, 0x0000000080400000, 0x0000000080400000|100%| O|  |TAMS 0x0000000080400000, 0x0000000080400000| Untracked 
|   4|0x0000000080400000, 0x0000000080500000, 0x0000000080500000|100%| O|  |TAMS 0x0000000080500000, 0x0000000080500000| Untracked 
|   5|0x0000000080500000, 0x0000000080600000, 0x0000000080600000|100%| O|  |TAMS 0x0000000080600000, 0x0000000080600000| Untracked 
|   6|0x0000000080600000, 0x0000000080700000, 0x0000000080700000|100%| O|  |TAMS 0x0000000080700000, 0x0000000080700000| Untracked 
|   7|0x0000000080700000, 0x0000000080800000, 0x0000000080800000|100%| O|  |TAMS 0x0000000080800000, 0x0000000080800000| Untracked 
|   8|0x0000000080800000, 0x0000000080900000, 0x0000000080900000|100%| O|  |TAMS 0x0000000080900000, 0x0000000080900000| Untracked 
|   9|0x0000000080900000, 0x0000000080a00000, 0x0000000080a00000|100%| O|  |TAMS 0x0000000080a00000, 0x0000000080a00000| Untracked 
|  10|0x0000000080a00000, 0x0000000080b00000, 0x0000000080b00000|100%| O|  |TAMS 0x0000000080b00000, 0x0000000080b00000| Untracked 
|  11|0x0000000080b00000, 0x0000000080c00000, 0x0000000080c00000|100%| O|  |TAMS 0x0000000080c00000, 0x0000000080c00000| Untracked 
|  12|0x0000000080c00000, 0x0000000080d00000, 0x0000000080d00000|100%| O|  |TAMS 0x0000000080d00000, 0x0000000080d00000| Untracked 
|  13|0x0000000080d00000, 0x0000000080e00000, 0x0000000080e00000|100%| O|  |TAMS 0x0000000080e00000, 0x0000000080e00000| Untracked 
|  14|0x0000000080e00000, 0x0000000080f00000, 0x0000000080f00000|100%| O|  |TAMS 0x0000000080f00000, 0x0000000080f00000| Untracked 
|  15|0x0000000080f00000, 0x0000000081000000, 0x0000000081000000|100%| O|  |TAMS 0x0000000081000000, 0x0000000081000000| Untracked 
|  16|0x0000000081000000, 0x0000000081100000, 0x0000000081100000|100%| O|  |TAMS 0x0000000081100000, 0x0000000081100000| Untracked 
|  17|0x0000000081100000, 0x0000000081200000, 0x0000000081200000|100%| O|  |TAMS 0x0000000081200000, 0x0000000081200000| Untracked 
|  18|0x0000000081200000, 0x0000000081300000, 0x0000000081300000|100%| O|  |TAMS 0x0000000081300000, 0x0000000081300000| Untracked 
|  19|0x0000000081300000, 0x0000000081400000, 0x0000000081400000|100%| O|  |TAMS 0x0000000081400000, 0x0000000081400000| Untracked 
|  20|0x0000000081400000, 0x0000000081500000, 0x0000000081500000|100%| O|  |TAMS 0x0000000081500000, 0x0000000081500000| Untracked 
|  21|0x0000000081500000, 0x0000000081600000, 0x0000000081600000|100%|HS|  |TAMS 0x0000000081600000, 0x0000000081600000| Complete 
|  22|0x0000000081600000, 0x0000000081700000, 0x0000000081700000|100%| O|  |TAMS 0x0000000081700000, 0x0000000081700000| Untracked 
|  23|0x0000000081700000, 0x0000000081800000, 0x0000000081800000|100%| O|  |TAMS 0x0000000081800000, 0x0000000081800000| Untracked 
|  24|0x0000000081800000, 0x0000000081900000, 0x0000000081900000|100%| O|  |TAMS 0x0000000081900000, 0x0000000081900000| Untracked 
|  25|0x0000000081900000, 0x0000000081a00000, 0x0000000081a00000|100%| O|  |TAMS 0x0000000081a00000, 0x0000000081a00000| Untracked 
|  26|0x0000000081a00000, 0x0000000081b00000, 0x0000000081b00000|100%| O|  |TAMS 0x0000000081b00000, 0x0000000081b00000| Untracked 
|  27|0x0000000081b00000, 0x0000000081c00000, 0x0000000081c00000|100%| O|  |TAMS 0x0000000081c00000, 0x0000000081c00000| Untracked 
|  28|0x0000000081c00000, 0x0000000081d00000, 0x0000000081d00000|100%| O|  |TAMS 0x0000000081d00000, 0x0000000081d00000| Untracked 
|  29|0x0000000081d00000, 0x0000000081e00000, 0x0000000081e00000|100%|HS|  |TAMS 0x0000000081e00000, 0x0000000081e00000| Complete 
|  30|0x0000000081e00000, 0x0000000081f00000, 0x0000000081f00000|100%| O|  |TAMS 0x0000000081f00000, 0x0000000081f00000| Untracked 
|  31|0x0000000081f00000, 0x0000000082000000, 0x0000000082000000|100%| O|  |TAMS 0x0000000082000000, 0x0000000082000000| Untracked 
|  32|0x0000000082000000, 0x0000000082000000, 0x0000000082100000|  0%| F|  |TAMS 0x0000000082000000, 0x0000000082000000| Untracked 
|  33|0x0000000082100000, 0x0000000082200000, 0x0000000082200000|100%| O|  |TAMS 0x0000000082200000, 0x0000000082200000| Untracked 
|  34|0x0000000082200000, 0x0000000082300000, 0x0000000082300000|100%| O|  |TAMS 0x0000000082300000, 0x0000000082300000| Untracked 
|  35|0x0000000082300000, 0x0000000082400000, 0x0000000082400000|100%| O|  |TAMS 0x0000000082400000, 0x0000000082400000| Untracked 
|  36|0x0000000082400000, 0x0000000082500000, 0x0000000082500000|100%| O|  |TAMS 0x0000000082500000, 0x0000000082500000| Untracked 
|  37|0x0000000082500000, 0x0000000082600000, 0x0000000082600000|100%| O|  |TAMS 0x0000000082600000, 0x0000000082600000| Untracked 
|  38|0x0000000082600000, 0x0000000082700000, 0x0000000082700000|100%| O|  |TAMS 0x0000000082700000, 0x0000000082700000| Untracked 
|  39|0x0000000082700000, 0x0000000082800000, 0x0000000082800000|100%| O|  |TAMS 0x0000000082800000, 0x0000000082800000| Untracked 
|  40|0x0000000082800000, 0x0000000082800000, 0x0000000082900000|  0%| F|  |TAMS 0x0000000082800000, 0x0000000082800000| Untracked 
|  41|0x0000000082900000, 0x0000000082a00000, 0x0000000082a00000|100%| O|  |TAMS 0x0000000082900000, 0x0000000082a00000| Untracked 
|  42|0x0000000082a00000, 0x0000000082a00000, 0x0000000082b00000|  0%| F|  |TAMS 0x0000000082a00000, 0x0000000082a00000| Untracked 
|  43|0x0000000082b00000, 0x0000000082c00000, 0x0000000082c00000|100%| O|  |TAMS 0x0000000082c00000, 0x0000000082c00000| Untracked 
|  44|0x0000000082c00000, 0x0000000082d00000, 0x0000000082d00000|100%| O|  |TAMS 0x0000000082d00000, 0x0000000082d00000| Untracked 
|  45|0x0000000082d00000, 0x0000000082e00000, 0x0000000082e00000|100%| O|  |TAMS 0x0000000082e00000, 0x0000000082e00000| Untracked 
|  46|0x0000000082e00000, 0x0000000082f00000, 0x0000000082f00000|100%| O|  |TAMS 0x0000000082f00000, 0x0000000082f00000| Untracked 
|  47|0x0000000082f00000, 0x0000000083000000, 0x0000000083000000|100%| O|  |TAMS 0x0000000082f00000, 0x0000000083000000| Untracked 
|  48|0x0000000083000000, 0x0000000083100000, 0x0000000083100000|100%| O|  |TAMS 0x0000000083080000, 0x0000000083100000| Untracked 
|  49|0x0000000083100000, 0x0000000083200000, 0x0000000083200000|100%| O|  |TAMS 0x0000000083200000, 0x0000000083200000| Untracked 
|  50|0x0000000083200000, 0x0000000083300000, 0x0000000083300000|100%| O|  |TAMS 0x0000000083300000, 0x0000000083300000| Untracked 
|  51|0x0000000083300000, 0x0000000083400000, 0x0000000083400000|100%|HS|  |TAMS 0x0000000083300000, 0x0000000083400000| Complete 
|  52|0x0000000083400000, 0x0000000083500000, 0x0000000083500000|100%|HC|  |TAMS 0x0000000083400000, 0x0000000083500000| Complete 
|  53|0x0000000083500000, 0x0000000083600000, 0x0000000083600000|100%| O|  |TAMS 0x0000000083600000, 0x0000000083600000| Untracked 
|  54|0x0000000083600000, 0x0000000083700000, 0x0000000083700000|100%| O|  |TAMS 0x0000000083700000, 0x0000000083700000| Untracked 
|  55|0x0000000083700000, 0x0000000083800000, 0x0000000083800000|100%| O|  |TAMS 0x0000000083800000, 0x0000000083800000| Untracked 
|  56|0x0000000083800000, 0x0000000083900000, 0x0000000083900000|100%| O|  |TAMS 0x0000000083900000, 0x0000000083900000| Untracked 
|  57|0x0000000083900000, 0x0000000083a00000, 0x0000000083a00000|100%| O|  |TAMS 0x0000000083a00000, 0x0000000083a00000| Untracked 
|  58|0x0000000083a00000, 0x0000000083b00000, 0x0000000083b00000|100%| O|  |TAMS 0x0000000083a00000, 0x0000000083b00000| Untracked 
|  59|0x0000000083b00000, 0x0000000083c00000, 0x0000000083c00000|100%| O|  |TAMS 0x0000000083b00000, 0x0000000083c00000| Untracked 
|  60|0x0000000083c00000, 0x0000000083d00000, 0x0000000083d00000|100%| O|  |TAMS 0x0000000083d00000, 0x0000000083d00000| Untracked 
|  61|0x0000000083d00000, 0x0000000083e00000, 0x0000000083e00000|100%| O|  |TAMS 0x0000000083e00000, 0x0000000083e00000| Untracked 
|  62|0x0000000083e00000, 0x0000000083f00000, 0x0000000083f00000|100%| O|  |TAMS 0x0000000083e00000, 0x0000000083f00000| Untracked 
|  63|0x0000000083f00000, 0x0000000084000000, 0x0000000084000000|100%| O|  |TAMS 0x0000000084000000, 0x0000000084000000| Untracked 
|  64|0x0000000084000000, 0x0000000084100000, 0x0000000084100000|100%| O|  |TAMS 0x0000000084100000, 0x0000000084100000| Untracked 
|  65|0x0000000084100000, 0x0000000084100000, 0x0000000084200000|  0%| F|  |TAMS 0x0000000084100000, 0x0000000084100000| Untracked 
|  66|0x0000000084200000, 0x0000000084300000, 0x0000000084300000|100%|HS|  |TAMS 0x0000000084200000, 0x0000000084300000| Complete 
|  67|0x0000000084300000, 0x0000000084400000, 0x0000000084400000|100%|HC|  |TAMS 0x0000000084300000, 0x0000000084400000| Complete 
|  68|0x0000000084400000, 0x0000000084500000, 0x0000000084500000|100%| O|  |TAMS 0x0000000084500000, 0x0000000084500000| Untracked 
|  69|0x0000000084500000, 0x0000000084600000, 0x0000000084600000|100%|HS|  |TAMS 0x0000000084500000, 0x0000000084600000| Complete 
|  70|0x0000000084600000, 0x0000000084700000, 0x0000000084700000|100%|HC|  |TAMS 0x0000000084600000, 0x0000000084700000| Complete 
|  71|0x0000000084700000, 0x0000000084800000, 0x0000000084800000|100%| O|  |TAMS 0x0000000084800000, 0x0000000084800000| Untracked 
|  72|0x0000000084800000, 0x0000000084900000, 0x0000000084900000|100%| O|  |TAMS 0x0000000084900000, 0x0000000084900000| Untracked 
|  73|0x0000000084900000, 0x0000000084a00000, 0x0000000084a00000|100%| O|  |TAMS 0x0000000084a00000, 0x0000000084a00000| Untracked 
|  74|0x0000000084a00000, 0x0000000084b00000, 0x0000000084b00000|100%| O|  |TAMS 0x0000000084b00000, 0x0000000084b00000| Untracked 
|  75|0x0000000084b00000, 0x0000000084c00000, 0x0000000084c00000|100%|HS|  |TAMS 0x0000000084b00000, 0x0000000084c00000| Complete 
|  76|0x0000000084c00000, 0x0000000084d00000, 0x0000000084d00000|100%|HC|  |TAMS 0x0000000084c00000, 0x0000000084d00000| Complete 
|  77|0x0000000084d00000, 0x0000000084e00000, 0x0000000084e00000|100%|HC|  |TAMS 0x0000000084d00000, 0x0000000084e00000| Complete 
|  78|0x0000000084e00000, 0x0000000084e00000, 0x0000000084f00000|  0%| F|  |TAMS 0x0000000084e00000, 0x0000000084e00000| Untracked 
|  79|0x0000000084f00000, 0x0000000085000000, 0x0000000085000000|100%| O|  |TAMS 0x0000000085000000, 0x0000000085000000| Untracked 
|  80|0x0000000085000000, 0x0000000085000000, 0x0000000085100000|  0%| F|  |TAMS 0x0000000085000000, 0x0000000085000000| Untracked 
|  81|0x0000000085100000, 0x0000000085200000, 0x0000000085200000|100%|HS|  |TAMS 0x0000000085100000, 0x0000000085200000| Complete 
|  82|0x0000000085200000, 0x0000000085300000, 0x0000000085300000|100%|HC|  |TAMS 0x0000000085200000, 0x0000000085300000| Complete 
|  83|0x0000000085300000, 0x0000000085400000, 0x0000000085400000|100%| O|  |TAMS 0x0000000085400000, 0x0000000085400000| Untracked 
|  84|0x0000000085400000, 0x0000000085400000, 0x0000000085500000|  0%| F|  |TAMS 0x0000000085400000, 0x0000000085400000| Untracked 
|  85|0x0000000085500000, 0x0000000085600000, 0x0000000085600000|100%| O|  |TAMS 0x0000000085500000, 0x0000000085600000| Untracked 
|  86|0x0000000085600000, 0x0000000085700000, 0x0000000085700000|100%| O|  |TAMS 0x0000000085600000, 0x0000000085700000| Untracked 
|  87|0x0000000085700000, 0x0000000085800000, 0x0000000085800000|100%| O|  |TAMS 0x0000000085700000, 0x0000000085800000| Untracked 
|  88|0x0000000085800000, 0x0000000085900000, 0x0000000085900000|100%| O|  |TAMS 0x0000000085800000, 0x0000000085900000| Untracked 
|  89|0x0000000085900000, 0x0000000085a00000, 0x0000000085a00000|100%| O|  |TAMS 0x0000000085900000, 0x0000000085a00000| Untracked 
|  90|0x0000000085a00000, 0x0000000085b00000, 0x0000000085b00000|100%| O|  |TAMS 0x0000000085a00000, 0x0000000085b00000| Untracked 
|  91|0x0000000085b00000, 0x0000000085c00000, 0x0000000085c00000|100%| O|  |TAMS 0x0000000085c00000, 0x0000000085c00000| Untracked 
|  92|0x0000000085c00000, 0x0000000085d00000, 0x0000000085d00000|100%| O|  |TAMS 0x0000000085d00000, 0x0000000085d00000| Untracked 
|  93|0x0000000085d00000, 0x0000000085e00000, 0x0000000085e00000|100%| O|  |TAMS 0x0000000085d00000, 0x0000000085e00000| Untracked 
|  94|0x0000000085e00000, 0x0000000085f00000, 0x0000000085f00000|100%| O|  |TAMS 0x0000000085f00000, 0x0000000085f00000| Untracked 
|  95|0x0000000085f00000, 0x0000000086000000, 0x0000000086000000|100%| O|  |TAMS 0x0000000086000000, 0x0000000086000000| Untracked 
|  96|0x0000000086000000, 0x0000000086100000, 0x0000000086100000|100%| O|  |TAMS 0x0000000086000000, 0x0000000086100000| Untracked 
|  97|0x0000000086100000, 0x0000000086200000, 0x0000000086200000|100%| O|  |TAMS 0x0000000086100000, 0x0000000086200000| Untracked 
|  98|0x0000000086200000, 0x00000000862b9200, 0x0000000086300000| 72%| O|  |TAMS 0x0000000086200000, 0x00000000862b9200| Untracked 
|  99|0x0000000086300000, 0x0000000086400000, 0x0000000086400000|100%| O|  |TAMS 0x0000000086400000, 0x0000000086400000| Untracked 
| 100|0x0000000086400000, 0x0000000086500000, 0x0000000086500000|100%|HS|  |TAMS 0x0000000086400000, 0x0000000086500000| Complete 
| 101|0x0000000086500000, 0x0000000086600000, 0x0000000086600000|100%|HC|  |TAMS 0x0000000086500000, 0x0000000086600000| Complete 
| 102|0x0000000086600000, 0x0000000086700000, 0x0000000086700000|100%|HC|  |TAMS 0x0000000086600000, 0x0000000086700000| Complete 
| 103|0x0000000086700000, 0x0000000086800000, 0x0000000086800000|100%| O|  |TAMS 0x0000000086700000, 0x0000000086800000| Untracked 
| 104|0x0000000086800000, 0x0000000086900000, 0x0000000086900000|100%| O|  |TAMS 0x0000000086800000, 0x0000000086900000| Untracked 
| 105|0x0000000086900000, 0x0000000086a00000, 0x0000000086a00000|100%| O|  |TAMS 0x0000000086a00000, 0x0000000086a00000| Untracked 
| 106|0x0000000086a00000, 0x0000000086b00000, 0x0000000086b00000|100%| O|  |TAMS 0x0000000086a00000, 0x0000000086b00000| Untracked 
| 107|0x0000000086b00000, 0x0000000086c00000, 0x0000000086c00000|100%| O|  |TAMS 0x0000000086c00000, 0x0000000086c00000| Untracked 
| 108|0x0000000086c00000, 0x0000000086c00000, 0x0000000086d00000|  0%| F|  |TAMS 0x0000000086c00000, 0x0000000086c00000| Untracked 
| 109|0x0000000086d00000, 0x0000000086e00000, 0x0000000086e00000|100%| O|  |TAMS 0x0000000086e00000, 0x0000000086e00000| Untracked 
| 110|0x0000000086e00000, 0x0000000086e00000, 0x0000000086f00000|  0%| F|  |TAMS 0x0000000086e00000, 0x0000000086e00000| Untracked 
| 111|0x0000000086f00000, 0x0000000087000000, 0x0000000087000000|100%| O|  |TAMS 0x0000000087000000, 0x0000000087000000| Untracked 
| 112|0x0000000087000000, 0x0000000087100000, 0x0000000087100000|100%| O|  |TAMS 0x0000000087100000, 0x0000000087100000| Untracked 
| 113|0x0000000087100000, 0x0000000087200000, 0x0000000087200000|100%| O|  |TAMS 0x0000000087200000, 0x0000000087200000| Untracked 
| 114|0x0000000087200000, 0x0000000087200000, 0x0000000087300000|  0%| F|  |TAMS 0x0000000087200000, 0x0000000087200000| Untracked 
| 115|0x0000000087300000, 0x0000000087400000, 0x0000000087400000|100%| O|  |TAMS 0x0000000087400000, 0x0000000087400000| Untracked 
| 116|0x0000000087400000, 0x0000000087400000, 0x0000000087500000|  0%| F|  |TAMS 0x0000000087400000, 0x0000000087400000| Untracked 
| 117|0x0000000087500000, 0x0000000087500000, 0x0000000087600000|  0%| F|  |TAMS 0x0000000087500000, 0x0000000087500000| Untracked 
| 118|0x0000000087600000, 0x0000000087700000, 0x0000000087700000|100%| O|  |TAMS 0x0000000087700000, 0x0000000087700000| Untracked 
| 119|0x0000000087700000, 0x0000000087800000, 0x0000000087800000|100%| O|  |TAMS 0x0000000087800000, 0x0000000087800000| Untracked 
| 120|0x0000000087800000, 0x0000000087900000, 0x0000000087900000|100%| O|  |TAMS 0x0000000087900000, 0x0000000087900000| Untracked 
| 121|0x0000000087900000, 0x0000000087a00000, 0x0000000087a00000|100%| O|  |TAMS 0x0000000087a00000, 0x0000000087a00000| Untracked 
| 122|0x0000000087a00000, 0x0000000087a00000, 0x0000000087b00000|  0%| F|  |TAMS 0x0000000087a00000, 0x0000000087a00000| Untracked 
| 123|0x0000000087b00000, 0x0000000087b00000, 0x0000000087c00000|  0%| F|  |TAMS 0x0000000087b00000, 0x0000000087b00000| Untracked 
| 124|0x0000000087c00000, 0x0000000087d00000, 0x0000000087d00000|100%| O|  |TAMS 0x0000000087d00000, 0x0000000087d00000| Untracked 
| 125|0x0000000087d00000, 0x0000000087d00000, 0x0000000087e00000|  0%| F|  |TAMS 0x0000000087d00000, 0x0000000087d00000| Untracked 
| 126|0x0000000087e00000, 0x0000000087e00000, 0x0000000087f00000|  0%| F|  |TAMS 0x0000000087e00000, 0x0000000087e00000| Untracked 
| 127|0x0000000087f00000, 0x0000000087f00000, 0x0000000088000000|  0%| F|  |TAMS 0x0000000087f00000, 0x0000000087f00000| Untracked 
| 128|0x0000000088000000, 0x0000000088000000, 0x0000000088100000|  0%| F|  |TAMS 0x0000000088000000, 0x0000000088000000| Untracked 
| 129|0x0000000088100000, 0x0000000088200000, 0x0000000088200000|100%| O|  |TAMS 0x0000000088200000, 0x0000000088200000| Untracked 
| 130|0x0000000088200000, 0x0000000088300000, 0x0000000088300000|100%| O|  |TAMS 0x0000000088300000, 0x0000000088300000| Untracked 
| 131|0x0000000088300000, 0x0000000088300000, 0x0000000088400000|  0%| F|  |TAMS 0x0000000088300000, 0x0000000088300000| Untracked 
| 132|0x0000000088400000, 0x0000000088400000, 0x0000000088500000|  0%| F|  |TAMS 0x0000000088400000, 0x0000000088400000| Untracked 
| 133|0x0000000088500000, 0x0000000088600000, 0x0000000088600000|100%| O|  |TAMS 0x0000000088600000, 0x0000000088600000| Untracked 
| 134|0x0000000088600000, 0x0000000088700000, 0x0000000088700000|100%| O|  |TAMS 0x0000000088700000, 0x0000000088700000| Untracked 
| 135|0x0000000088700000, 0x0000000088800000, 0x0000000088800000|100%|HS|  |TAMS 0x0000000088700000, 0x0000000088800000| Complete 
| 136|0x0000000088800000, 0x0000000088900000, 0x0000000088900000|100%|HC|  |TAMS 0x0000000088800000, 0x0000000088900000| Complete 
| 137|0x0000000088900000, 0x0000000088a00000, 0x0000000088a00000|100%|HC|  |TAMS 0x0000000088900000, 0x0000000088a00000| Complete 
| 138|0x0000000088a00000, 0x0000000088b00000, 0x0000000088b00000|100%|HC|  |TAMS 0x0000000088a00000, 0x0000000088b00000| Complete 
| 139|0x0000000088b00000, 0x0000000088c00000, 0x0000000088c00000|100%|HC|  |TAMS 0x0000000088b00000, 0x0000000088c00000| Complete 
| 140|0x0000000088c00000, 0x0000000088c00000, 0x0000000088d00000|  0%| F|  |TAMS 0x0000000088c00000, 0x0000000088c00000| Untracked 
| 141|0x0000000088d00000, 0x0000000088e00000, 0x0000000088e00000|100%| O|  |TAMS 0x0000000088e00000, 0x0000000088e00000| Untracked 
| 142|0x0000000088e00000, 0x0000000088f00000, 0x0000000088f00000|100%| O|  |TAMS 0x0000000088f00000, 0x0000000088f00000| Untracked 
| 143|0x0000000088f00000, 0x0000000089000000, 0x0000000089000000|100%|HS|  |TAMS 0x0000000088f00000, 0x0000000089000000| Complete 
| 144|0x0000000089000000, 0x0000000089100000, 0x0000000089100000|100%|HC|  |TAMS 0x0000000089000000, 0x0000000089100000| Complete 
| 145|0x0000000089100000, 0x0000000089200000, 0x0000000089200000|100%|HC|  |TAMS 0x0000000089100000, 0x0000000089200000| Complete 
| 146|0x0000000089200000, 0x0000000089300000, 0x0000000089300000|100%|HC|  |TAMS 0x0000000089200000, 0x0000000089300000| Complete 
| 147|0x0000000089300000, 0x0000000089400000, 0x0000000089400000|100%|HC|  |TAMS 0x0000000089300000, 0x0000000089400000| Complete 
| 148|0x0000000089400000, 0x0000000089500000, 0x0000000089500000|100%|HC|  |TAMS 0x0000000089400000, 0x0000000089500000| Complete 
| 149|0x0000000089500000, 0x0000000089600000, 0x0000000089600000|100%|HC|  |TAMS 0x0000000089500000, 0x0000000089600000| Complete 
| 150|0x0000000089600000, 0x0000000089700000, 0x0000000089700000|100%|HC|  |TAMS 0x0000000089600000, 0x0000000089700000| Complete 
| 151|0x0000000089700000, 0x0000000089800000, 0x0000000089800000|100%|HC|  |TAMS 0x0000000089700000, 0x0000000089800000| Complete 
| 152|0x0000000089800000, 0x0000000089900000, 0x0000000089900000|100%|HC|  |TAMS 0x0000000089800000, 0x0000000089900000| Complete 
| 153|0x0000000089900000, 0x0000000089a00000, 0x0000000089a00000|100%|HS|  |TAMS 0x0000000089900000, 0x0000000089a00000| Complete 
| 154|0x0000000089a00000, 0x0000000089b00000, 0x0000000089b00000|100%|HC|  |TAMS 0x0000000089a00000, 0x0000000089b00000| Complete 
| 155|0x0000000089b00000, 0x0000000089c00000, 0x0000000089c00000|100%|HC|  |TAMS 0x0000000089b00000, 0x0000000089c00000| Complete 
| 156|0x0000000089c00000, 0x0000000089d00000, 0x0000000089d00000|100%|HS|  |TAMS 0x0000000089c00000, 0x0000000089d00000| Complete 
| 157|0x0000000089d00000, 0x0000000089e00000, 0x0000000089e00000|100%|HC|  |TAMS 0x0000000089d00000, 0x0000000089e00000| Complete 
| 158|0x0000000089e00000, 0x0000000089f00000, 0x0000000089f00000|100%|HC|  |TAMS 0x0000000089e00000, 0x0000000089f00000| Complete 
| 159|0x0000000089f00000, 0x000000008a000000, 0x000000008a000000|100%|HS|  |TAMS 0x0000000089f00000, 0x000000008a000000| Complete 
| 160|0x000000008a000000, 0x000000008a100000, 0x000000008a100000|100%|HC|  |TAMS 0x000000008a000000, 0x000000008a100000| Complete 
| 161|0x000000008a100000, 0x000000008a200000, 0x000000008a200000|100%|HC|  |TAMS 0x000000008a100000, 0x000000008a200000| Complete 
| 162|0x000000008a200000, 0x000000008a300000, 0x000000008a300000|100%|HC|  |TAMS 0x000000008a200000, 0x000000008a300000| Complete 
| 163|0x000000008a300000, 0x000000008a400000, 0x000000008a400000|100%|HC|  |TAMS 0x000000008a300000, 0x000000008a400000| Complete 
| 164|0x000000008a400000, 0x000000008a400000, 0x000000008a500000|  0%| F|  |TAMS 0x000000008a400000, 0x000000008a400000| Untracked 
| 165|0x000000008a500000, 0x000000008a500000, 0x000000008a600000|  0%| F|  |TAMS 0x000000008a500000, 0x000000008a500000| Untracked 
| 166|0x000000008a600000, 0x000000008a600000, 0x000000008a700000|  0%| F|  |TAMS 0x000000008a600000, 0x000000008a600000| Untracked 
| 167|0x000000008a700000, 0x000000008a700000, 0x000000008a800000|  0%| F|  |TAMS 0x000000008a700000, 0x000000008a700000| Untracked 
| 168|0x000000008a800000, 0x000000008a800000, 0x000000008a900000|  0%| F|  |TAMS 0x000000008a800000, 0x000000008a800000| Untracked 
| 169|0x000000008a900000, 0x000000008a900000, 0x000000008aa00000|  0%| F|  |TAMS 0x000000008a900000, 0x000000008a900000| Untracked 
| 170|0x000000008aa00000, 0x000000008aa00000, 0x000000008ab00000|  0%| F|  |TAMS 0x000000008aa00000, 0x000000008aa00000| Untracked 
| 171|0x000000008ab00000, 0x000000008ab00000, 0x000000008ac00000|  0%| F|  |TAMS 0x000000008ab00000, 0x000000008ab00000| Untracked 
| 172|0x000000008ac00000, 0x000000008ac00000, 0x000000008ad00000|  0%| F|  |TAMS 0x000000008ac00000, 0x000000008ac00000| Untracked 
| 173|0x000000008ad00000, 0x000000008ad00000, 0x000000008ae00000|  0%| F|  |TAMS 0x000000008ad00000, 0x000000008ad00000| Untracked 
| 174|0x000000008ae00000, 0x000000008ae00000, 0x000000008af00000|  0%| F|  |TAMS 0x000000008ae00000, 0x000000008ae00000| Untracked 
| 175|0x000000008af00000, 0x000000008af00000, 0x000000008b000000|  0%| F|  |TAMS 0x000000008af00000, 0x000000008af00000| Untracked 
| 176|0x000000008b000000, 0x000000008b000000, 0x000000008b100000|  0%| F|  |TAMS 0x000000008b000000, 0x000000008b000000| Untracked 
| 177|0x000000008b100000, 0x000000008b100000, 0x000000008b200000|  0%| F|  |TAMS 0x000000008b100000, 0x000000008b100000| Untracked 
| 178|0x000000008b200000, 0x000000008b200000, 0x000000008b300000|  0%| F|  |TAMS 0x000000008b200000, 0x000000008b200000| Untracked 
| 179|0x000000008b300000, 0x000000008b300000, 0x000000008b400000|  0%| F|  |TAMS 0x000000008b300000, 0x000000008b300000| Untracked 
| 180|0x000000008b400000, 0x000000008b400000, 0x000000008b500000|  0%| F|  |TAMS 0x000000008b400000, 0x000000008b400000| Untracked 
| 181|0x000000008b500000, 0x000000008b500000, 0x000000008b600000|  0%| F|  |TAMS 0x000000008b500000, 0x000000008b500000| Untracked 
| 182|0x000000008b600000, 0x000000008b600000, 0x000000008b700000|  0%| F|  |TAMS 0x000000008b600000, 0x000000008b600000| Untracked 
| 183|0x000000008b700000, 0x000000008b700000, 0x000000008b800000|  0%| F|  |TAMS 0x000000008b700000, 0x000000008b700000| Untracked 
| 184|0x000000008b800000, 0x000000008b800000, 0x000000008b900000|  0%| F|  |TAMS 0x000000008b800000, 0x000000008b800000| Untracked 
| 185|0x000000008b900000, 0x000000008b900000, 0x000000008ba00000|  0%| F|  |TAMS 0x000000008b900000, 0x000000008b900000| Untracked 
| 186|0x000000008ba00000, 0x000000008ba00000, 0x000000008bb00000|  0%| F|  |TAMS 0x000000008ba00000, 0x000000008ba00000| Untracked 
| 187|0x000000008bb00000, 0x000000008bb00000, 0x000000008bc00000|  0%| F|  |TAMS 0x000000008bb00000, 0x000000008bb00000| Untracked 
| 188|0x000000008bc00000, 0x000000008bc00000, 0x000000008bd00000|  0%| F|  |TAMS 0x000000008bc00000, 0x000000008bc00000| Untracked 
| 189|0x000000008bd00000, 0x000000008be00000, 0x000000008be00000|100%| O|  |TAMS 0x000000008be00000, 0x000000008be00000| Untracked 
| 190|0x000000008be00000, 0x000000008bf00000, 0x000000008bf00000|100%| O|  |TAMS 0x000000008bf00000, 0x000000008bf00000| Untracked 
| 191|0x000000008bf00000, 0x000000008c000000, 0x000000008c000000|100%| O|  |TAMS 0x000000008c000000, 0x000000008c000000| Untracked 
| 192|0x000000008c000000, 0x000000008c100000, 0x000000008c100000|100%| O|  |TAMS 0x000000008c100000, 0x000000008c100000| Untracked 
| 193|0x000000008c100000, 0x000000008c200000, 0x000000008c200000|100%| O|  |TAMS 0x000000008c200000, 0x000000008c200000| Untracked 
| 194|0x000000008c200000, 0x000000008c300000, 0x000000008c300000|100%| O|  |TAMS 0x000000008c300000, 0x000000008c300000| Untracked 
| 195|0x000000008c300000, 0x000000008c400000, 0x000000008c400000|100%| O|  |TAMS 0x000000008c400000, 0x000000008c400000| Untracked 
| 196|0x000000008c400000, 0x000000008c500000, 0x000000008c500000|100%| O|  |TAMS 0x000000008c500000, 0x000000008c500000| Untracked 
| 197|0x000000008c500000, 0x000000008c600000, 0x000000008c600000|100%| O|  |TAMS 0x000000008c600000, 0x000000008c600000| Untracked 
| 198|0x000000008c600000, 0x000000008c600000, 0x000000008c700000|  0%| F|  |TAMS 0x000000008c600000, 0x000000008c600000| Untracked 
| 199|0x000000008c700000, 0x000000008c700000, 0x000000008c800000|  0%| F|  |TAMS 0x000000008c700000, 0x000000008c700000| Untracked 
| 200|0x000000008c800000, 0x000000008c8b8c40, 0x000000008c900000| 72%| S|CS|TAMS 0x000000008c800000, 0x000000008c800000| Complete 
| 201|0x000000008c900000, 0x000000008ca00000, 0x000000008ca00000|100%| S|CS|TAMS 0x000000008c900000, 0x000000008c900000| Complete 
| 202|0x000000008ca00000, 0x000000008cb00000, 0x000000008cb00000|100%| S|CS|TAMS 0x000000008ca00000, 0x000000008ca00000| Complete 
| 203|0x000000008cb00000, 0x000000008cc00000, 0x000000008cc00000|100%| S|CS|TAMS 0x000000008cb00000, 0x000000008cb00000| Complete 
| 204|0x000000008cc00000, 0x000000008cd00000, 0x000000008cd00000|100%| S|CS|TAMS 0x000000008cc00000, 0x000000008cc00000| Complete 
| 205|0x000000008cd00000, 0x000000008cd00000, 0x000000008ce00000|  0%| F|  |TAMS 0x000000008cd00000, 0x000000008cd00000| Untracked 
| 206|0x000000008ce00000, 0x000000008ce00000, 0x000000008cf00000|  0%| F|  |TAMS 0x000000008ce00000, 0x000000008ce00000| Untracked 
| 207|0x000000008cf00000, 0x000000008cf00000, 0x000000008d000000|  0%| F|  |TAMS 0x000000008cf00000, 0x000000008cf00000| Untracked 
| 208|0x000000008d000000, 0x000000008d000000, 0x000000008d100000|  0%| F|  |TAMS 0x000000008d000000, 0x000000008d000000| Untracked 
| 209|0x000000008d100000, 0x000000008d100000, 0x000000008d200000|  0%| F|  |TAMS 0x000000008d100000, 0x000000008d100000| Untracked 
| 210|0x000000008d200000, 0x000000008d200000, 0x000000008d300000|  0%| F|  |TAMS 0x000000008d200000, 0x000000008d200000| Untracked 
| 211|0x000000008d300000, 0x000000008d300000, 0x000000008d400000|  0%| F|  |TAMS 0x000000008d300000, 0x000000008d300000| Untracked 
| 212|0x000000008d400000, 0x000000008d400000, 0x000000008d500000|  0%| F|  |TAMS 0x000000008d400000, 0x000000008d400000| Untracked 
| 213|0x000000008d500000, 0x000000008d500000, 0x000000008d600000|  0%| F|  |TAMS 0x000000008d500000, 0x000000008d500000| Untracked 
| 214|0x000000008d600000, 0x000000008d600000, 0x000000008d700000|  0%| F|  |TAMS 0x000000008d600000, 0x000000008d600000| Untracked 
| 215|0x000000008d700000, 0x000000008d700000, 0x000000008d800000|  0%| F|  |TAMS 0x000000008d700000, 0x000000008d700000| Untracked 
| 216|0x000000008d800000, 0x000000008d800000, 0x000000008d900000|  0%| F|  |TAMS 0x000000008d800000, 0x000000008d800000| Untracked 
| 217|0x000000008d900000, 0x000000008d900000, 0x000000008da00000|  0%| F|  |TAMS 0x000000008d900000, 0x000000008d900000| Untracked 
| 218|0x000000008da00000, 0x000000008da00000, 0x000000008db00000|  0%| F|  |TAMS 0x000000008da00000, 0x000000008da00000| Untracked 
| 219|0x000000008db00000, 0x000000008db00000, 0x000000008dc00000|  0%| F|  |TAMS 0x000000008db00000, 0x000000008db00000| Untracked 
| 220|0x000000008dc00000, 0x000000008dc00000, 0x000000008dd00000|  0%| F|  |TAMS 0x000000008dc00000, 0x000000008dc00000| Untracked 
| 221|0x000000008dd00000, 0x000000008dd00000, 0x000000008de00000|  0%| F|  |TAMS 0x000000008dd00000, 0x000000008dd00000| Untracked 
| 222|0x000000008de00000, 0x000000008de00000, 0x000000008df00000|  0%| F|  |TAMS 0x000000008de00000, 0x000000008de00000| Untracked 
| 223|0x000000008df00000, 0x000000008df00000, 0x000000008e000000|  0%| F|  |TAMS 0x000000008df00000, 0x000000008df00000| Untracked 
| 224|0x000000008e000000, 0x000000008e000000, 0x000000008e100000|  0%| F|  |TAMS 0x000000008e000000, 0x000000008e000000| Untracked 
| 225|0x000000008e100000, 0x000000008e100000, 0x000000008e200000|  0%| F|  |TAMS 0x000000008e100000, 0x000000008e100000| Untracked 
| 226|0x000000008e200000, 0x000000008e200000, 0x000000008e300000|  0%| F|  |TAMS 0x000000008e200000, 0x000000008e200000| Untracked 
| 227|0x000000008e300000, 0x000000008e300000, 0x000000008e400000|  0%| F|  |TAMS 0x000000008e300000, 0x000000008e300000| Untracked 
| 228|0x000000008e400000, 0x000000008e400000, 0x000000008e500000|  0%| F|  |TAMS 0x000000008e400000, 0x000000008e400000| Untracked 
| 229|0x000000008e500000, 0x000000008e500000, 0x000000008e600000|  0%| F|  |TAMS 0x000000008e500000, 0x000000008e500000| Untracked 
| 230|0x000000008e600000, 0x000000008e600000, 0x000000008e700000|  0%| F|  |TAMS 0x000000008e600000, 0x000000008e600000| Untracked 
| 231|0x000000008e700000, 0x000000008e700000, 0x000000008e800000|  0%| F|  |TAMS 0x000000008e700000, 0x000000008e700000| Untracked 
| 232|0x000000008e800000, 0x000000008e800000, 0x000000008e900000|  0%| F|  |TAMS 0x000000008e800000, 0x000000008e800000| Untracked 
| 233|0x000000008e900000, 0x000000008e900000, 0x000000008ea00000|  0%| F|  |TAMS 0x000000008e900000, 0x000000008e900000| Untracked 
| 234|0x000000008ea00000, 0x000000008ea00000, 0x000000008eb00000|  0%| F|  |TAMS 0x000000008ea00000, 0x000000008ea00000| Untracked 
| 235|0x000000008eb00000, 0x000000008eb00000, 0x000000008ec00000|  0%| F|  |TAMS 0x000000008eb00000, 0x000000008eb00000| Untracked 
| 236|0x000000008ec00000, 0x000000008ec00000, 0x000000008ed00000|  0%| F|  |TAMS 0x000000008ec00000, 0x000000008ec00000| Untracked 
| 237|0x000000008ed00000, 0x000000008ed00000, 0x000000008ee00000|  0%| F|  |TAMS 0x000000008ed00000, 0x000000008ed00000| Untracked 
| 238|0x000000008ee00000, 0x000000008ee00000, 0x000000008ef00000|  0%| F|  |TAMS 0x000000008ee00000, 0x000000008ee00000| Untracked 
| 239|0x000000008ef00000, 0x000000008ef00000, 0x000000008f000000|  0%| F|  |TAMS 0x000000008ef00000, 0x000000008ef00000| Untracked 
| 240|0x000000008f000000, 0x000000008f000000, 0x000000008f100000|  0%| F|  |TAMS 0x000000008f000000, 0x000000008f000000| Untracked 
| 241|0x000000008f100000, 0x000000008f100000, 0x000000008f200000|  0%| F|  |TAMS 0x000000008f100000, 0x000000008f100000| Untracked 
| 242|0x000000008f200000, 0x000000008f200000, 0x000000008f300000|  0%| F|  |TAMS 0x000000008f200000, 0x000000008f200000| Untracked 
| 243|0x000000008f300000, 0x000000008f300000, 0x000000008f400000|  0%| F|  |TAMS 0x000000008f300000, 0x000000008f300000| Untracked 
| 244|0x000000008f400000, 0x000000008f400000, 0x000000008f500000|  0%| F|  |TAMS 0x000000008f400000, 0x000000008f400000| Untracked 
| 245|0x000000008f500000, 0x000000008f500000, 0x000000008f600000|  0%| F|  |TAMS 0x000000008f500000, 0x000000008f500000| Untracked 
| 246|0x000000008f600000, 0x000000008f600000, 0x000000008f700000|  0%| F|  |TAMS 0x000000008f600000, 0x000000008f600000| Untracked 
| 247|0x000000008f700000, 0x000000008f700000, 0x000000008f800000|  0%| F|  |TAMS 0x000000008f700000, 0x000000008f700000| Untracked 
| 248|0x000000008f800000, 0x000000008f800000, 0x000000008f900000|  0%| F|  |TAMS 0x000000008f800000, 0x000000008f800000| Untracked 
| 249|0x000000008f900000, 0x000000008f900000, 0x000000008fa00000|  0%| F|  |TAMS 0x000000008f900000, 0x000000008f900000| Untracked 
| 250|0x000000008fa00000, 0x000000008fa00000, 0x000000008fb00000|  0%| F|  |TAMS 0x000000008fa00000, 0x000000008fa00000| Untracked 
| 251|0x000000008fb00000, 0x000000008fb00000, 0x000000008fc00000|  0%| F|  |TAMS 0x000000008fb00000, 0x000000008fb00000| Untracked 
| 252|0x000000008fc00000, 0x000000008fc80800, 0x000000008fd00000| 50%| E|  |TAMS 0x000000008fc00000, 0x000000008fc00000| Complete 
| 253|0x000000008fd00000, 0x000000008fe00000, 0x000000008fe00000|100%| E|CS|TAMS 0x000000008fd00000, 0x000000008fd00000| Complete 
| 254|0x000000008fe00000, 0x000000008ff00000, 0x000000008ff00000|100%| E|CS|TAMS 0x000000008fe00000, 0x000000008fe00000| Complete 
| 255|0x000000008ff00000, 0x0000000090000000, 0x0000000090000000|100%| E|CS|TAMS 0x000000008ff00000, 0x000000008ff00000| Complete 
| 256|0x0000000090000000, 0x0000000090100000, 0x0000000090100000|100%| E|CS|TAMS 0x0000000090000000, 0x0000000090000000| Complete 
| 257|0x0000000090100000, 0x0000000090200000, 0x0000000090200000|100%| E|CS|TAMS 0x0000000090100000, 0x0000000090100000| Complete 
| 258|0x0000000090200000, 0x0000000090300000, 0x0000000090300000|100%| E|CS|TAMS 0x0000000090200000, 0x0000000090200000| Complete 

Card table byte_map: [0x000001334a8d0000,0x000001334acd0000] _byte_map_base: 0x000001334a4d0000

Marking Bits (Prev, Next): (CMBitMap*) 0x00000133379e4638, (CMBitMap*) 0x00000133379e4670
 Prev Bits: [0x000001334b0d0000, 0x000001334d0d0000)
 Next Bits: [0x000001334d0d0000, 0x000001334f0d0000)

Polling page: 0x0000013337180000

Metaspace:

Usage:
  Non-class:    125.97 MB capacity,   123.53 MB ( 98%) used,     1.96 MB (  2%) free+waste,   497.56 KB ( <1%) overhead. 
      Class:     19.03 MB capacity,    17.46 MB ( 92%) used,     1.35 MB (  7%) free+waste,   216.88 KB (  1%) overhead. 
       Both:    145.00 MB capacity,   140.99 MB ( 97%) used,     3.31 MB (  2%) free+waste,   714.44 KB ( <1%) overhead. 

Virtual space:
  Non-class space:      128.00 MB reserved,     126.38 MB ( 99%) committed 
      Class space:        1.00 GB reserved,      19.32 MB (  2%) committed 
             Both:        1.12 GB reserved,     145.70 MB ( 13%) committed 

Chunk freelists:
   Non-Class:  352.00 KB
       Class:  229.00 KB
        Both:  581.00 KB

MaxMetaspaceSize: 17179869184.00 GB
CompressedClassSpaceSize: 1.00 GB
Initial GC threshold: 20.80 MB
Current GC threshold: 232.63 MB
CDS: off

CodeHeap 'non-profiled nmethods': size=120064Kb used=12009Kb max_used=12009Kb free=108054Kb
 bounds [0x0000013342f90000, 0x0000013343b60000, 0x000001334a4d0000]
CodeHeap 'profiled nmethods': size=120000Kb used=49525Kb max_used=50509Kb free=70474Kb
 bounds [0x000001333ba60000, 0x000001333ebd0000, 0x0000013342f90000]
CodeHeap 'non-nmethods': size=5696Kb used=2479Kb max_used=2526Kb free=3216Kb
 bounds [0x000001333b4d0000, 0x000001333b750000, 0x000001333ba60000]
 total_blobs=24782 nmethods=23762 adapters=931
 compilation: enabled
              stopped_count=0, restarted_count=0
 full_count=0

Compilation events (20 events):
Event: 3517.219 Thread 0x00000133515e2800 26061       2       groovyjarjarasm.asm.AnnotationWriter::computeAnnotationsSize (66 bytes)
Event: 3517.220 Thread 0x00000133515e2800 nmethod 26061 0x000001333cf00910 code [0x000001333cf00b00, 0x000001333cf00cf8]
Event: 3517.220 Thread 0x00000133515e2800 26062       2       groovyjarjarasm.asm.Attribute::putAttributes (78 bytes)
Event: 3517.220 Thread 0x00000133515e2800 nmethod 26062 0x000001333cf00110 code [0x000001333cf00340, 0x000001333cf00638]
Event: 3517.282 Thread 0x00000133515e2800 26063       2       java.lang.ClassValue::get (31 bytes)
Event: 3517.283 Thread 0x00000133515e2800 nmethod 26063 0x000001333cd75110 code [0x000001333cd752e0, 0x000001333cd75518]
Event: 3517.292 Thread 0x00000133515e2800 26064       2       org.gradle.internal.logging.services.DefaultLoggingManager$StartableLoggingSystem::start (52 bytes)
Event: 3517.293 Thread 0x00000133515e2800 nmethod 26064 0x000001333cd74c10 code [0x000001333cd74de0, 0x000001333cd74fe8]
Event: 3517.312 Thread 0x00000133515e2800 26065       1       com.google.common.cache.LocalCache$WeakEntry::getValueReference (5 bytes)
Event: 3517.312 Thread 0x00000133515e2800 nmethod 26065 0x0000013342fe2410 code [0x0000013342fe25c0, 0x0000013342fe2678]
Event: 3517.313 Thread 0x00000133515e2800 26066       2       org.gradle.internal.operations.BuildOperationDescriptor$Builder::name (7 bytes)
Event: 3517.313 Thread 0x00000133515e2800 nmethod 26066 0x000001333cd74890 code [0x000001333cd74a40, 0x000001333cd74b98]
Event: 3517.337 Thread 0x00000133515e2800 26067       2       org.gradle.internal.event.DefaultListenerManager$ListenerDetails::useAsListener (46 bytes)
Event: 3517.337 Thread 0x00000133515e2800 nmethod 26067 0x000001333d027990 code [0x000001333d027b80, 0x000001333d027de8]
Event: 3517.343 Thread 0x00000133515e2800 26068       2       org.gradle.internal.service.DefaultServiceRegistry$ClassInspector$ClassDetails::collectTypes (63 bytes)
Event: 3517.343 Thread 0x00000133515e2800 nmethod 26068 0x000001333d027310 code [0x000001333d027500, 0x000001333d027788]
Event: 3517.366 Thread 0x00000133515e2800 26069       2       java.util.concurrent.locks.AbstractQueuedSynchronizer$ConditionObject::awaitNanos (181 bytes)
Event: 3517.370 Thread 0x00000133515e2800 nmethod 26069 0x000001333d144d10 code [0x000001333d145000, 0x000001333d145bd8]
Event: 3517.371 Thread 0x00000133515e2800 26070       2       java.time.format.DateTimeFormatterBuilder::appendInternal (97 bytes)
Event: 3517.372 Thread 0x00000133515e2800 nmethod 26070 0x000001333d026c10 code [0x000001333d026e00, 0x000001333d0270d8]

GC Heap History (20 events):
Event: 2006.785 GC heap before
{Heap before GC invocations=73 (full 0):
 garbage-first heap   total 265216K, used 213038K [0x0000000080000000, 0x0000000100000000)
  region size 1024K, 61 young (62464K), 1 survivors (1024K)
 Metaspace       used 138110K, capacity 142288K, committed 142416K, reserved 1173504K
  class space    used 17130K, capacity 18769K, committed 18892K, reserved 1048576K
}
Event: 2007.025 GC heap after
{Heap after GC invocations=74 (full 0):
 garbage-first heap   total 265216K, used 122986K [0x0000000080000000, 0x0000000100000000)
  region size 1024K, 5 young (5120K), 5 survivors (5120K)
 Metaspace       used 138110K, capacity 142288K, committed 142416K, reserved 1173504K
  class space    used 17130K, capacity 18769K, committed 18892K, reserved 1048576K
}
Event: 2010.857 GC heap before
{Heap before GC invocations=74 (full 0):
 garbage-first heap   total 265216K, used 164970K [0x0000000080000000, 0x0000000100000000)
  region size 1024K, 48 young (49152K), 5 survivors (5120K)
 Metaspace       used 138222K, capacity 142442K, committed 142672K, reserved 1173504K
  class space    used 17133K, capacity 18774K, committed 18892K, reserved 1048576K
}
Event: 2010.902 GC heap after
{Heap after GC invocations=75 (full 0):
 garbage-first heap   total 265216K, used 127550K [0x0000000080000000, 0x0000000100000000)
  region size 1024K, 10 young (10240K), 10 survivors (10240K)
 Metaspace       used 138222K, capacity 142442K, committed 142672K, reserved 1173504K
  class space    used 17133K, capacity 18774K, committed 18892K, reserved 1048576K
}
Event: 2016.932 GC heap before
{Heap before GC invocations=76 (full 0):
 garbage-first heap   total 265216K, used 194110K [0x0000000080000000, 0x0000000100000000)
  region size 1024K, 74 young (75776K), 10 survivors (10240K)
 Metaspace       used 137584K, capacity 141415K, committed 142928K, reserved 1173504K
  class space    used 16923K, capacity 18364K, committed 18892K, reserved 1048576K
}
Event: 2017.023 GC heap after
{Heap after GC invocations=77 (full 0):
 garbage-first heap   total 265216K, used 130640K [0x0000000080000000, 0x0000000100000000)
  region size 1024K, 6 young (6144K), 6 survivors (6144K)
 Metaspace       used 137584K, capacity 141415K, committed 142928K, reserved 1173504K
  class space    used 16923K, capacity 18364K, committed 18892K, reserved 1048576K
}
Event: 2019.358 GC heap before
{Heap before GC invocations=77 (full 0):
 garbage-first heap   total 265216K, used 187984K [0x0000000080000000, 0x0000000100000000)
  region size 1024K, 12 young (12288K), 6 survivors (6144K)
 Metaspace       used 137588K, capacity 141415K, committed 142928K, reserved 1173504K
  class space    used 16923K, capacity 18364K, committed 18892K, reserved 1048576K
}
Event: 2019.458 GC heap after
{Heap after GC invocations=78 (full 0):
 garbage-first heap   total 265216K, used 117233K [0x0000000080000000, 0x0000000100000000)
  region size 1024K, 1 young (1024K), 1 survivors (1024K)
 Metaspace       used 137588K, capacity 141415K, committed 142928K, reserved 1173504K
  class space    used 16923K, capacity 18364K, committed 18892K, reserved 1048576K
}
Event: 2473.880 GC heap before
{Heap before GC invocations=78 (full 0):
 garbage-first heap   total 265216K, used 127473K [0x0000000080000000, 0x0000000100000000)
  region size 1024K, 12 young (12288K), 1 survivors (1024K)
 Metaspace       used 137606K, capacity 141416K, committed 142928K, reserved 1173504K
  class space    used 16923K, capacity 18364K, committed 18892K, reserved 1048576K
}
Event: 2474.325 GC heap after
{Heap after GC invocations=79 (full 0):
 garbage-first heap   total 265216K, used 114459K [0x0000000080000000, 0x0000000100000000)
  region size 1024K, 1 young (1024K), 1 survivors (1024K)
 Metaspace       used 137606K, capacity 141416K, committed 142928K, reserved 1173504K
  class space    used 16923K, capacity 18364K, committed 18892K, reserved 1048576K
}
Event: 3499.486 GC heap before
{Heap before GC invocations=79 (full 0):
 garbage-first heap   total 265216K, used 134939K [0x0000000080000000, 0x0000000100000000)
  region size 1024K, 23 young (23552K), 1 survivors (1024K)
 Metaspace       used 137748K, capacity 141590K, committed 142928K, reserved 1173504K
  class space    used 16941K, capacity 18388K, committed 18892K, reserved 1048576K
}
Event: 3499.726 GC heap after
{Heap after GC invocations=80 (full 0):
 garbage-first heap   total 265216K, used 114696K [0x0000000080000000, 0x0000000100000000)
  region size 1024K, 1 young (1024K), 1 survivors (1024K)
 Metaspace       used 137748K, capacity 141590K, committed 142928K, reserved 1173504K
  class space    used 16941K, capacity 18388K, committed 18892K, reserved 1048576K
}
Event: 3512.211 GC heap before
{Heap before GC invocations=81 (full 0):
 garbage-first heap   total 265216K, used 188424K [0x0000000080000000, 0x0000000100000000)
  region size 1024K, 39 young (39936K), 1 survivors (1024K)
 Metaspace       used 139001K, capacity 142969K, committed 144080K, reserved 1175552K
  class space    used 17117K, capacity 18591K, committed 19020K, reserved 1048576K
}
Event: 3512.278 GC heap after
{Heap after GC invocations=82 (full 0):
 garbage-first heap   total 265216K, used 158216K [0x0000000080000000, 0x0000000100000000)
  region size 1024K, 5 young (5120K), 5 survivors (5120K)
 Metaspace       used 139001K, capacity 142969K, committed 144080K, reserved 1175552K
  class space    used 17117K, capacity 18591K, committed 19020K, reserved 1048576K
}
Event: 3512.735 GC heap before
{Heap before GC invocations=82 (full 0):
 garbage-first heap   total 265216K, used 170504K [0x0000000080000000, 0x0000000100000000)
  region size 1024K, 12 young (12288K), 5 survivors (5120K)
 Metaspace       used 139333K, capacity 143280K, committed 144464K, reserved 1175552K
  class space    used 17176K, capacity 18672K, committed 19148K, reserved 1048576K
}
Event: 3512.815 GC heap after
{Heap after GC invocations=83 (full 0):
 garbage-first heap   total 265216K, used 158251K [0x0000000080000000, 0x0000000100000000)
  region size 1024K, 1 young (1024K), 1 survivors (1024K)
 Metaspace       used 139333K, capacity 143280K, committed 144464K, reserved 1175552K
  class space    used 17176K, capacity 18672K, committed 19148K, reserved 1048576K
}
Event: 3513.825 GC heap before
{Heap before GC invocations=83 (full 0):
 garbage-first heap   total 265216K, used 169515K [0x0000000080000000, 0x0000000100000000)
  region size 1024K, 12 young (12288K), 1 survivors (1024K)
 Metaspace       used 139522K, capacity 143513K, committed 144464K, reserved 1175552K
  class space    used 17212K, capacity 18749K, committed 19148K, reserved 1048576K
}
Event: 3513.892 GC heap after
{Heap after GC invocations=84 (full 0):
 garbage-first heap   total 265216K, used 157412K [0x0000000080000000, 0x0000000100000000)
  region size 1024K, 2 young (2048K), 2 survivors (2048K)
 Metaspace       used 139522K, capacity 143513K, committed 144464K, reserved 1175552K
  class space    used 17212K, capacity 18749K, committed 19148K, reserved 1048576K
}
Event: 3516.896 GC heap before
{Heap before GC invocations=84 (full 0):
 garbage-first heap   total 265216K, used 210660K [0x0000000080000000, 0x0000000100000000)
  region size 1024K, 54 young (55296K), 2 survivors (2048K)
 Metaspace       used 143341K, capacity 147433K, committed 148304K, reserved 1177600K
  class space    used 17782K, capacity 19330K, committed 19660K, reserved 1048576K
}
Event: 3516.944 GC heap after
{Heap after GC invocations=85 (full 0):
 garbage-first heap   total 265216K, used 160199K [0x0000000080000000, 0x0000000100000000)
  region size 1024K, 5 young (5120K), 5 survivors (5120K)
 Metaspace       used 143341K, capacity 147433K, committed 148304K, reserved 1177600K
  class space    used 17782K, capacity 19330K, committed 19660K, reserved 1048576K
}

Deoptimization events (20 events):
Event: 3517.168 Thread 0x00000133554a5800 Uncommon trap: trap_request=0xffffffde fr.pc=0x0000013342fb4350 relative=0x00000000000001b0
Event: 3517.168 Thread 0x00000133554a5800 Uncommon trap: reason=class_check action=maybe_recompile pc=0x0000013342fb4350 method=java.lang.String.equals(Ljava/lang/Object;)Z @ 8 c2
Event: 3517.168 Thread 0x00000133554a5800 DEOPT PACKING pc=0x0000013342fb4350 sp=0x00000008d97f7600
Event: 3517.168 Thread 0x00000133554a5800 DEOPT UNPACKING pc=0x000001333b51a1af sp=0x00000008d97f75a8 mode 2
Event: 3517.250 Thread 0x00000133554a5800 Uncommon trap: trap_request=0xffffffc6 fr.pc=0x00000133438d73b0 relative=0x00000000000007b0
Event: 3517.250 Thread 0x00000133554a5800 Uncommon trap: reason=bimorphic_or_optimized_type_check action=maybe_recompile pc=0x00000133438d73b0 method=java.nio.charset.CharsetEncoder.encode(Ljava/nio/CharBuffer;Ljava/nio/ByteBuffer;Z)Ljava/nio/charset/CoderResult; @ 57 c2
Event: 3517.250 Thread 0x00000133554a5800 DEOPT PACKING pc=0x00000133438d73b0 sp=0x00000008d97f8ac0
Event: 3517.251 Thread 0x00000133554a5800 DEOPT UNPACKING pc=0x000001333b51a1af sp=0x00000008d97f8a68 mode 2
Event: 3517.259 Thread 0x00000133554a5800 Uncommon trap: trap_request=0xfffffff4 fr.pc=0x0000013343a8b034 relative=0x0000000000000a74
Event: 3517.260 Thread 0x00000133554a5800 Uncommon trap: reason=null_check action=make_not_entrant pc=0x0000013343a8b034 method=org.gradle.api.internal.changedetection.state.CachingFileHasher.snapshot(Ljava/io/File;JJ)Lorg/gradle/api/internal/changedetection/state/CachingFileHasher$FileInfo; @ 31
Event: 3517.260 Thread 0x00000133554a5800 DEOPT PACKING pc=0x0000013343a8b034 sp=0x00000008d97f83c0
Event: 3517.260 Thread 0x00000133554a5800 DEOPT UNPACKING pc=0x000001333b51a1af sp=0x00000008d97f82e0 mode 2
Event: 3517.281 Thread 0x00000133554a5800 Uncommon trap: trap_request=0xffffff4d fr.pc=0x000001334397f484 relative=0x0000000000000144
Event: 3517.281 Thread 0x00000133554a5800 Uncommon trap: reason=unstable_if action=reinterpret pc=0x000001334397f484 method=java.lang.ClassValue.match(Ljava/lang/ClassValue$Entry;)Z @ 12 c2
Event: 3517.282 Thread 0x00000133554a5800 DEOPT PACKING pc=0x000001334397f484 sp=0x00000008d97f8890
Event: 3517.282 Thread 0x00000133554a5800 DEOPT UNPACKING pc=0x000001333b51a1af sp=0x00000008d97f87e0 mode 2
Event: 3517.342 Thread 0x00000133554a5800 Uncommon trap: trap_request=0xffffff4d fr.pc=0x0000013343239bc8 relative=0x00000000000017e8
Event: 3517.342 Thread 0x00000133554a5800 Uncommon trap: reason=unstable_if action=reinterpret pc=0x0000013343239bc8 method=java.lang.ref.SoftReference.get()Ljava/lang/Object; @ 6 c2
Event: 3517.342 Thread 0x00000133554a5800 DEOPT PACKING pc=0x0000013343239bc8 sp=0x00000008d97f61e0
Event: 3517.342 Thread 0x00000133554a5800 DEOPT UNPACKING pc=0x000001333b51a1af sp=0x00000008d97f6010 mode 2

Classes redefined (0 events):
No events

Internal exceptions (20 events):
Event: 3512.189 Thread 0x00000133554a5800 Exception <a 'java/lang/ClassNotFoundException'{0x000000008dc68fa8}: org/jetbrains/plugins/gradle/tooling/builder/ExternalTestsModelBuilderImplBeanInfo> (0x000000008dc68fa8) thrown at [src/hotspot/share/classfile/systemDictionary.cpp, line 230]
Event: 3512.191 Thread 0x00000133554a5800 Exception <a 'java/lang/ClassNotFoundException'{0x000000008dc75e58}: org/jetbrains/plugins/gradle/tooling/builder/ExternalTestsModelBuilderImplCustomizer> (0x000000008dc75e58) thrown at [src/hotspot/share/classfile/systemDictionary.cpp, line 230]
Event: 3512.207 Thread 0x00000133554a5800 Exception <a 'java/lang/ClassNotFoundException'{0x000000008dce6d58}: org/jetbrains/plugins/gradle/tooling/builder/ProjectExtensionsDataBuilderImplBeanInfo> (0x000000008dce6d58) thrown at [src/hotspot/share/classfile/systemDictionary.cpp, line 230]
Event: 3512.208 Thread 0x00000133554a5800 Exception <a 'java/lang/ClassNotFoundException'{0x000000008dcf3cb0}: org/jetbrains/plugins/gradle/tooling/builder/ProjectExtensionsDataBuilderImplCustomizer> (0x000000008dcf3cb0) thrown at [src/hotspot/share/classfile/systemDictionary.cpp, line 230]
Event: 3512.284 Thread 0x00000133554a5800 Exception <a 'java/lang/ClassNotFoundException'{0x000000009022c570}: org/jetbrains/plugins/gradle/tooling/builder/IntelliJSettingsBuilderBeanInfo> (0x000000009022c570) thrown at [src/hotspot/share/classfile/systemDictionary.cpp, line 230]
Event: 3512.285 Thread 0x00000133554a5800 Exception <a 'java/lang/ClassNotFoundException'{0x0000000090238db0}: org/jetbrains/plugins/gradle/tooling/builder/IntelliJSettingsBuilderCustomizer> (0x0000000090238db0) thrown at [src/hotspot/share/classfile/systemDictionary.cpp, line 230]
Event: 3512.294 Thread 0x00000133554a5800 Exception <a 'java/lang/ClassNotFoundException'{0x00000000902707b8}: org/jetbrains/plugins/gradle/tooling/builder/IntelliJProjectSettingsBuilderBeanInfo> (0x00000000902707b8) thrown at [src/hotspot/share/classfile/systemDictionary.cpp, line 230]
Event: 3512.295 Thread 0x00000133554a5800 Exception <a 'java/lang/ClassNotFoundException'{0x000000009027d418}: org/jetbrains/plugins/gradle/tooling/builder/IntelliJProjectSettingsBuilderCustomizer> (0x000000009027d418) thrown at [src/hotspot/share/classfile/systemDictionary.cpp, line 230]
Event: 3512.608 Thread 0x00000133554a5800 Exception <a 'java/lang/ClassNotFoundException'{0x000000008fdd76d0}: org/jetbrains/plugins/gradle/model/web/WebConfigurationBeanInfo> (0x000000008fdd76d0) thrown at [src/hotspot/share/classfile/systemDictionary.cpp, line 230]
Event: 3512.609 Thread 0x00000133554a5800 Exception <a 'java/lang/ClassNotFoundException'{0x000000008fde78f0}: org/jetbrains/plugins/gradle/model/web/WebConfigurationCustomizer> (0x000000008fde78f0) thrown at [src/hotspot/share/classfile/systemDictionary.cpp, line 230]
Event: 3512.613 Thread 0x00000133554a5800 Exception <a 'java/lang/ClassNotFoundException'{0x000000008fc191f0}: org/jetbrains/plugins/gradle/model/scala/ScalaModelBeanInfo> (0x000000008fc191f0) thrown at [src/hotspot/share/classfile/systemDictionary.cpp, line 230]
Event: 3512.613 Thread 0x00000133554a5800 Exception <a 'java/lang/ClassNotFoundException'{0x000000008fc292f8}: org/jetbrains/plugins/gradle/model/scala/ScalaModelCustomizer> (0x000000008fc292f8) thrown at [src/hotspot/share/classfile/systemDictionary.cpp, line 230]
Event: 3512.870 Thread 0x00000133554a5800 Exception <a 'java/lang/NoSuchMethodError'{0x000000009017ef80}: 'java.lang.Object java.lang.invoke.DelegatingMethodHandle$Holder.reinvoke_L(java.lang.Object, java.lang.Object, java.lang.Object, java.lang.Object, java.lang.Object, java.lang.Object, java.lang.Object, java.lang.Object, java.lang.Object, java.lang.Object, java.lang.Object, java.lang.Object, java.lang.Object, java.lang.Object, java.lang.Object, java.lang.Object, java.lang.Object, java.lang.Object, java.lang.Object, java.lang.Object, java.lang.O
Event: 3512.896 Thread 0x00000133554a5800 Exception <a 'java/lang/NoSuchMethodError'{0x00000000901d6e78}: 'java.lang.Object java.lang.invoke.DelegatingMethodHandle$Holder.reinvoke_L(java.lang.Object, java.lang.Object, java.lang.Object, java.lang.Object, java.lang.Object, java.lang.Object, java.lang.Object, java.lang.Object, java.lang.Object, java.lang.Object, java.lang.Object, java.lang.Object, java.lang.Object, java.lang.Object, java.lang.Object, java.lang.Object, java.lang.Object, java.lang.Object, java.lang.Object, java.lang.Object)'> (0x000000
Event: 3516.542 Thread 0x00000133554a5800 Exception <a 'java/lang/NoSuchMethodError'{0x000000008d229368}: 'void java.lang.invoke.DirectMethodHandle$Holder.invokeSpecialIFC(java.lang.Object, java.lang.Object, java.lang.Object)'> (0x000000008d229368) thrown at [src/hotspot/share/interpreter/linkResolver.cpp, line 773]
Event: 3516.851 Thread 0x00000133554a5800 Exception <a 'java/lang/NoSuchMethodError'{0x000000008cd24e38}: 'int java.lang.invoke.DirectMethodHandle$Holder.invokeStatic(java.lang.Object, int, java.lang.Object, java.lang.Object)'> (0x000000008cd24e38) thrown at [src/hotspot/share/interpreter/linkResolver.cpp, line 773]
Event: 3517.259 Thread 0x00000133554a5800 Implicit null exception at 0x0000013343a8a8ac to 0x0000013343a8b010
Event: 3517.286 Thread 0x00000133554a5800 Exception <a 'java/lang/ClassNotFoundException'{0x000000008fd75ff8}: build_9wyjtvu3vqh918t0yjeyeug9nBeanInfo> (0x000000008fd75ff8) thrown at [src/hotspot/share/classfile/systemDictionary.cpp, line 230]
Event: 3517.287 Thread 0x00000133554a5800 Exception <a 'java/lang/ClassNotFoundException'{0x000000008fd81ff8}: build_9wyjtvu3vqh918t0yjeyeug9nCustomizer> (0x000000008fd81ff8) thrown at [src/hotspot/share/classfile/systemDictionary.cpp, line 230]
Event: 3517.342 Thread 0x00000133554a5800 Implicit null exception at 0x000001334323871e to 0x0000013343239b94

Events (20 events):
Event: 3517.294 loading class groovy/runtime/metaclass/build_9wyjtvu3vqh918t0yjeyeug9n$_run_closure1MetaClass done
Event: 3517.295 Executing VM operation: RevokeBias
Event: 3517.295 Executing VM operation: RevokeBias done
Event: 3517.295 Executing VM operation: RevokeBias
Event: 3517.295 Executing VM operation: RevokeBias done
Event: 3517.296 Executing VM operation: RevokeBias
Event: 3517.296 Executing VM operation: RevokeBias done
Event: 3517.297 Executing VM operation: RevokeBias
Event: 3517.297 Executing VM operation: RevokeBias done
Event: 3517.313 Executing VM operation: RevokeBias
Event: 3517.314 Executing VM operation: RevokeBias done
Event: 3517.316 loading class com/android/build/gradle/LibraryPlugin
Event: 3517.316 loading class com/android/build/gradle/LibraryPlugin done
Event: 3517.325 loading class com/android/build/gradle/DynamicFeaturePlugin
Event: 3517.325 loading class com/android/build/gradle/DynamicFeaturePlugin done
Event: 3517.326 loading class com/android/build/gradle/TestPlugin
Event: 3517.326 loading class com/android/build/gradle/TestPlugin done
Event: 3517.372 loading class com/android/build/gradle/internal/profile/AnalyticsConfiguratorService$createAnalyticsService$1
Event: 3517.372 loading class com/android/build/gradle/internal/profile/AnalyticsConfiguratorService$createAnalyticsService$1 done
Event: 3517.376 Executing VM operation: CGC_Operation


Dynamic libraries:
0x00007ff6e0950000 - 0x00007ff6e095a000 	C:\Program Files\Android\Android Studio\jbr\bin\java.exe
0x00007fff0e270000 - 0x00007fff0e468000 	C:\WINDOWS\SYSTEM32\ntdll.dll
0x00007fff0c670000 - 0x00007fff0c72f000 	C:\WINDOWS\System32\KERNEL32.DLL
0x00007fff0ba00000 - 0x00007fff0bcf6000 	C:\WINDOWS\System32\KERNELBASE.dll
0x00007fff0bd70000 - 0x00007fff0be70000 	C:\WINDOWS\System32\ucrtbase.dll
0x00007ffef8b00000 - 0x00007ffef8b17000 	C:\Program Files\Android\Android Studio\jbr\bin\jli.dll
0x00007fff0ca00000 - 0x00007fff0cb9d000 	C:\WINDOWS\System32\USER32.dll
0x00007fff0c2a0000 - 0x00007fff0c2c2000 	C:\WINDOWS\System32\win32u.dll
0x00007ffef86f0000 - 0x00007ffef870b000 	C:\Program Files\Android\Android Studio\jbr\bin\VCRUNTIME140.dll
0x00007fff0cbc0000 - 0x00007fff0cbec000 	C:\WINDOWS\System32\GDI32.dll
0x00007fff0acd0000 - 0x00007fff0af6a000 	C:\WINDOWS\WinSxS\amd64_microsoft.windows.common-controls_6595b64144ccf1df_6.0.19041.1110_none_60b5254171f9507e\COMCTL32.dll
0x00007fff0c150000 - 0x00007fff0c265000 	C:\WINDOWS\System32\gdi32full.dll
0x00007fff0c730000 - 0x00007fff0c7ce000 	C:\WINDOWS\System32\msvcrt.dll
0x00007fff0c0b0000 - 0x00007fff0c14d000 	C:\WINDOWS\System32\msvcp_win.dll
0x00007fff0daa0000 - 0x00007fff0dad0000 	C:\WINDOWS\System32\IMM32.DLL
0x00007ffef8550000 - 0x00007ffef85dd000 	C:\Program Files\Android\Android Studio\jbr\bin\msvcp140.dll
0x00007ffef8160000 - 0x00007ffef816c000 	C:\WINDOWS\SYSTEM32\VCRUNTIME140_1.dll
0x00007ffed1690000 - 0x00007ffed224c000 	C:\Program Files\Android\Android Studio\jbr\bin\server\jvm.dll
0x00007fff0c5c0000 - 0x00007fff0c66f000 	C:\WINDOWS\System32\ADVAPI32.dll
0x00007fff0cc60000 - 0x00007fff0ccfc000 	C:\WINDOWS\System32\sechost.dll
0x00007fff0cd00000 - 0x00007fff0ce26000 	C:\WINDOWS\System32\RPCRT4.dll
0x00007fff0dad0000 - 0x00007fff0dad8000 	C:\WINDOWS\System32\PSAPI.DLL
0x00007ffefd2e0000 - 0x00007ffefd307000 	C:\WINDOWS\SYSTEM32\WINMM.dll
0x00007ffefd4e0000 - 0x00007ffefd4ea000 	C:\WINDOWS\SYSTEM32\VERSION.dll
0x00007ffef8150000 - 0x00007ffef8159000 	C:\WINDOWS\SYSTEM32\WSOCK32.dll
0x00007fff0cbf0000 - 0x00007fff0cc5b000 	C:\WINDOWS\System32\WS2_32.dll
0x00007fff08a10000 - 0x00007fff08a22000 	C:\WINDOWS\SYSTEM32\kernel.appcore.dll
0x00007ffef8140000 - 0x00007ffef8150000 	C:\Program Files\Android\Android Studio\jbr\bin\verify.dll
0x00007fff0b350000 - 0x00007fff0b534000 	C:\WINDOWS\SYSTEM32\DBGHELP.DLL
0x00007fff0b0f0000 - 0x00007fff0b124000 	C:\WINDOWS\SYSTEM32\dbgcore.DLL
0x00007fff0be70000 - 0x00007fff0bef2000 	C:\WINDOWS\System32\bcryptPrimitives.dll
0x00007ffee7a90000 - 0x00007ffee7ab8000 	C:\Program Files\Android\Android Studio\jbr\bin\java.dll
0x00007ffeef3c0000 - 0x00007ffeef3ca000 	C:\Program Files\Android\Android Studio\jbr\bin\jimage.dll
0x00007ffed1670000 - 0x00007ffed1688000 	C:\Program Files\Android\Android Studio\jbr\bin\zip.dll
0x00007fff0dae0000 - 0x00007fff0e224000 	C:\WINDOWS\System32\SHELL32.dll
0x00007fff08c10000 - 0x00007fff093a3000 	C:\WINDOWS\SYSTEM32\windows.storage.dll
0x00007fff0d070000 - 0x00007fff0d3c4000 	C:\WINDOWS\System32\combase.dll
0x00007fff0ac30000 - 0x00007fff0ac5e000 	C:\WINDOWS\SYSTEM32\Wldp.dll
0x00007fff0d9f0000 - 0x00007fff0da9d000 	C:\WINDOWS\System32\SHCORE.dll
0x00007fff0ce30000 - 0x00007fff0ce85000 	C:\WINDOWS\System32\shlwapi.dll
0x00007fff0b890000 - 0x00007fff0b8af000 	C:\WINDOWS\SYSTEM32\profapi.dll
0x00007ffed1650000 - 0x00007ffed1669000 	C:\Program Files\Android\Android Studio\jbr\bin\net.dll
0x00007fff02bd0000 - 0x00007fff02cda000 	C:\WINDOWS\SYSTEM32\WINHTTP.dll
0x00007fff0ab10000 - 0x00007fff0ab7a000 	C:\WINDOWS\system32\mswsock.dll
0x00007ffed1630000 - 0x00007ffed1643000 	C:\Program Files\Android\Android Studio\jbr\bin\nio.dll
0x00007ffef8a40000 - 0x00007ffef8a67000 	C:\Users\thima\AndroidStudioProjects\DemoApp\native\e1d6ef7f7dcc3fd88c89a11ec53ec762bb8ba0a96d01ffa2cd45eb1d1d8dd5c5\windows-amd64\native-platform.dll
0x00007ffef7bc0000 - 0x00007ffef7d04000 	C:\Users\thima\AndroidStudioProjects\DemoApp\native\0d407fdbe67a94daf76414ababcb853783967236a71b16ec16e742cd7a986fd3\windows-amd64\native-platform-file-events.dll
0x00007ffed1620000 - 0x00007ffed162a000 	C:\Program Files\Android\Android Studio\jbr\bin\management.dll
0x00007ffed1610000 - 0x00007ffed161b000 	C:\Program Files\Android\Android Studio\jbr\bin\management_ext.dll
0x00007fff0b670000 - 0x00007fff0b688000 	C:\WINDOWS\SYSTEM32\CRYPTSP.dll
0x00007fff0a320000 - 0x00007fff0a354000 	C:\WINDOWS\system32\rsaenh.dll
0x00007fff0c270000 - 0x00007fff0c297000 	C:\WINDOWS\System32\bcrypt.dll
0x00007fff0b850000 - 0x00007fff0b87e000 	C:\WINDOWS\SYSTEM32\USERENV.dll
0x00007fff0b540000 - 0x00007fff0b54c000 	C:\WINDOWS\SYSTEM32\CRYPTBASE.dll
0x00007fff0a690000 - 0x00007fff0a6cc000 	C:\WINDOWS\SYSTEM32\IPHLPAPI.DLL
0x00007fff0d3e0000 - 0x00007fff0d3e8000 	C:\WINDOWS\System32\NSI.dll
0x00007fff04ee0000 - 0x00007fff04ef7000 	C:\WINDOWS\SYSTEM32\dhcpcsvc6.DLL
0x00007fff04b10000 - 0x00007fff04b2d000 	C:\WINDOWS\SYSTEM32\dhcpcsvc.DLL
0x00007fff0a6d0000 - 0x00007fff0a79b000 	C:\WINDOWS\SYSTEM32\DNSAPI.dll
0x00007fff0b630000 - 0x00007fff0b663000 	C:\WINDOWS\SYSTEM32\ntmarta.dll
0x00007ffef8860000 - 0x00007ffef8887000 	C:\Program Files\Android\Android Studio\jbr\bin\sunec.dll

dbghelp: loaded successfully - version: 4.0.5 - missing functions: none
symbol engine: initialized successfully - sym options: 0x614 - pdb path: .;C:\Program Files\Android\Android Studio\jbr\bin;C:\WINDOWS\SYSTEM32;C:\WINDOWS\WinSxS\amd64_microsoft.windows.common-controls_6595b64144ccf1df_6.0.19041.1110_none_60b5254171f9507e;C:\Program Files\Android\Android Studio\jbr\bin\server;C:\Users\thima\AndroidStudioProjects\DemoApp\native\e1d6ef7f7dcc3fd88c89a11ec53ec762bb8ba0a96d01ffa2cd45eb1d1d8dd5c5\windows-amd64;C:\Users\thima\AndroidStudioProjects\DemoApp\native\0d407fdbe67a94daf76414ababcb853783967236a71b16ec16e742cd7a986fd3\windows-amd64

VM Arguments:
jvm_args: --add-opens=java.base/java.util=ALL-UNNAMED --add-opens=java.base/java.lang=ALL-UNNAMED --add-opens=java.base/java.lang.invoke=ALL-UNNAMED --add-opens=java.base/java.util=ALL-UNNAMED --add-opens=java.prefs/java.util.prefs=ALL-UNNAMED --add-opens=java.prefs/java.util.prefs=ALL-UNNAMED --add-opens=java.base/java.nio.charset=ALL-UNNAMED --add-opens=java.base/java.net=ALL-UNNAMED --add-opens=java.base/java.util.concurrent.atomic=ALL-UNNAMED -Xmx2048m -Dfile.encoding=UTF-8 -Duser.country=US -Duser.language=en -Duser.variant 
java_command: org.gradle.launcher.daemon.bootstrap.GradleDaemon 7.5
java_class_path (initial): C:\Users\thima\AndroidStudioProjects\DemoApp\wrapper\dists\gradle-7.5-bin\f1w0cc9nuo0eivz97x2xlu9sv\gradle-7.5\lib\gradle-launcher-7.5.jar
Launcher Type: SUN_STANDARD

[Global flags]
     intx CICompilerCount                          = 3                                         {product} {ergonomic}
     uint ConcGCThreads                            = 1                                         {product} {ergonomic}
     uint G1ConcRefinementThreads                  = 4                                         {product} {ergonomic}
   size_t G1HeapRegionSize                         = 1048576                                   {product} {ergonomic}
    uintx GCDrainStackTargetSize                   = 64                                        {product} {ergonomic}
   size_t InitialHeapSize                          = 67108864                                  {product} {ergonomic}
   size_t MarkStackSize                            = 4194304                                   {product} {ergonomic}
   size_t MaxHeapSize                              = 2147483648                                {product} {command line}
   size_t MaxNewSize                               = 1287651328                                {product} {ergonomic}
   size_t MinHeapDeltaBytes                        = 1048576                                   {product} {ergonomic}
    uintx NonNMethodCodeHeapSize                   = 5830732                                {pd product} {ergonomic}
    uintx NonProfiledCodeHeapSize                  = 122913754                              {pd product} {ergonomic}
    uintx ProfiledCodeHeapSize                     = 122913754                              {pd product} {ergonomic}
    uintx ReservedCodeCacheSize                    = 251658240                              {pd product} {ergonomic}
     bool SegmentedCodeCache                       = true                                      {product} {ergonomic}
     bool UseCompressedClassPointers               = true                                 {lp64_product} {ergonomic}
     bool UseCompressedOops                        = true                                 {lp64_product} {ergonomic}
     bool UseG1GC                                  = true                                      {product} {ergonomic}
     bool UseLargePagesIndividualAllocation        = false                                  {pd product} {ergonomic}

Logging:
Log output configuration:
 #0: stdout all=warning uptime,level,tags
 #1: stderr all=off uptime,level,tags

Environment Variables:
JAVA_HOME=C:\Program Files\Java\jdk1.8.0_333
PATH=C:\Python310\Scripts\;C:\Python310\;C:\Program Files (x86)\Common Files\Oracle\Java\javapath;C:\WINDOWS\system32;C:\WINDOWS;C:\WINDOWS\System32\Wbem;C:\WINDOWS\System32\WindowsPowerShell\v1.0\;C:\WINDOWS\System32\OpenSSH\;C:\Program Files\Java\jdk1.8.0_333\bin;C:\ProgramData\chocolatey\bin;C:\Program Files\nodejs\;C:\xampp\php;C:\ProgramData\ComposerSetup\bin;C:\Program Files\Git\cmd;C:\Users\thima\AppData\Local\Microsoft\WindowsApps;C:\Users\thima\AppData\Local\Programs\Microsoft VS Code\bin;C:\Users\thima\AppData\Roaming\npm;C:\Program Files\CodeBlocks\MinGW\bin;C:\Users\thima\AppData\Roaming\Composer\vendor\bin;C:\Program Files\Git\bin\git.exe;
USERNAME=thima
OS=Windows_NT
PROCESSOR_IDENTIFIER=Intel64 Family 6 Model 58 Stepping 9, GenuineIntel



---------------  S Y S T E M  ---------------

OS: Windows 10 , 64 bit Build 19041 (10.0.19041.2913)
OS uptime: 0 days 1:34 hours

CPU:total 4 (initial active 4) (2 cores per cpu, 2 threads per core) family 6 model 58 stepping 9 microcode 0x21, cmov, cx8, fxsr, mmx, sse, sse2, sse3, ssse3, sse4.1, sse4.2, popcnt, avx, aes, clmul, erms, ht, tsc, tscinvbit, tscinv

Memory: 4k page, system-wide physical 3969M (308M free)
TotalPageFile size 7407M (AvailPageFile size 1269M)
current process WorkingSet (physical memory assigned to process): 475M, peak: 589M
current process commit charge ("private bytes"): 651M, peak: 654M

vm_info: OpenJDK 64-Bit Server VM (11.0.15+0-b2043.56-8887301) for windows-amd64 JRE (11.0.15+0-b2043.56-8887301), built on Jul 29 2022 23:19:47 by "builduser" with unknown MS VC++:1929

END.
