#
# A fatal error has been detected by the Java Runtime Environment:
#
#  EXCEPTION_ACCESS_VIOLATION (0xc0000005) at pc=0x0000020eb658e47e, pid=7416, tid=11072
#
# JRE version: OpenJDK Runtime Environment (11.0.15) (build 11.0.15+0-b2043.56-8887301)
# Java VM: OpenJDK 64-Bit Server VM (11.0.15+0-b2043.56-8887301, mixed mode, tiered, compressed oops, g1 gc, windows-amd64)
# Problematic frame:
# j  java.lang.ref.Reference.processPendingReferences()V+96 java.base@11.0.15
#
# No core dump will be written. Minidumps are not enabled by default on client versions of Windows
#
# If you would like to submit a bug report, please visit:
#   https://bugreport.java.com/bugreport/crash.jsp
#

---------------  S U M M A R Y ------------

Command Line: --add-opens=java.base/java.util=ALL-UNNAMED --add-opens=java.base/java.lang=ALL-UNNAMED --add-opens=java.base/java.lang.invoke=ALL-UNNAMED --add-opens=java.base/java.util=ALL-UNNAMED --add-opens=java.prefs/java.util.prefs=ALL-UNNAMED --add-opens=java.prefs/java.util.prefs=ALL-UNNAMED --add-opens=java.base/java.nio.charset=ALL-UNNAMED --add-opens=java.base/java.net=ALL-UNNAMED --add-opens=java.base/java.util.concurrent.atomic=ALL-UNNAMED -Xmx2048m -Dfile.encoding=UTF-8 -Duser.country=US -Duser.language=en -Duser.variant org.gradle.launcher.daemon.bootstrap.GradleDaemon 7.5

Host: Intel(R) Core(TM) i5-3230M CPU @ 2.60GHz, 4 cores, 3G,  Windows 10 , 64 bit Build 19041 (10.0.19041.2788)
Time: Sun Apr 30 09:07:52 2023 Sri Lanka Standard Time elapsed time: 2792.688674 seconds (0d 0h 46m 32s)

---------------  T H R E A D  ---------------

Current thread (0x0000020eccd9e800):  JavaThread "Reference Handler" daemon [_thread_in_Java, id=11072, stack(0x000000f184e00000,0x000000f184f00000)]

Stack: [0x000000f184e00000,0x000000f184f00000],  sp=0x000000f184efee78,  free space=1019k
Native frames: (J=compiled Java code, j=interpreted, Vv=VM code, C=native code)
C  0x0000020eb658e47e


siginfo: EXCEPTION_ACCESS_VIOLATION (0xc0000005), reading address 0x00000003931b9b70


Register to memory mapping:

RIP=0x0000020eb658e47e is at code_begin+446 in an Interpreter codelet
instanceof  193 instanceof  [0x0000020eb658e2c0, 0x0000020eb658e520]  608 bytes
RAX=0x000000010001b998 is a pointer to class: 
jdk.internal.ref.Cleaner {0x000000010001b9a0}
RBX=0x0 is NULL
RCX=0x0000000000000048 is an unknown value
RDX=0x00000003931b9b28 is an unknown value
RSP=0x000000f184efee78 is pointing into the stack for thread: 0x0000020eccd9e800
RBP=0x000000f184efeed0 is pointing into the stack for thread: 0x0000020eccd9e800
RSI=0x000000000030b010 is an unknown value
RDI=0xffffffffffffffff is an unknown value
R8 =0x0000000000000863 is an unknown value
R9 =0x0000000080443f10 is an oop: java.lang.Class 
{0x0000000080443f10} - klass: 'java/lang/Class'
R10=0x00007ff9662890e0 jvm.dll
R11=0x00000000804b12a8 is an oop: java.lang.ref.ReferenceQueue$Lock 
{0x00000000804b12a8} - klass: 'java/lang/ref/ReferenceQueue$Lock'
R12=0x0 is NULL
R13=0x0000020ecce5544c is pointing into metadata
R14=0x000000f184efef00 is pointing into the stack for thread: 0x0000020eccd9e800
R15=0x0000020eccd9e800 is a thread


Registers:
RAX=0x000000010001b998, RBX=0x0000000000000000, RCX=0x0000000000000048, RDX=0x00000003931b9b28
RSP=0x000000f184efee78, RBP=0x000000f184efeed0, RSI=0x000000000030b010, RDI=0xffffffffffffffff
R8 =0x0000000000000863, R9 =0x0000000080443f10, R10=0x00007ff9662890e0, R11=0x00000000804b12a8
R12=0x0000000000000000, R13=0x0000020ecce5544c, R14=0x000000f184efef00, R15=0x0000020eccd9e800
RIP=0x0000020eb658e47e, EFLAGS=0x0000000000010206

Top of Stack: (sp=0x000000f184efee78)
0x000000f184efee78:   0000000000000001 0000000000000000
0x000000f184efee88:   000000f184efee78 0000020ecce55480
0x000000f184efee98:   000000f184efef00 0000020eccf22478
0x000000f184efeea8:   0000000000000000 00000000803fb258
0x000000f184efeeb8:   0000020ecce55528 0000000000000000
0x000000f184efeec8:   000000f184efef08 000000f184efef50
0x000000f184efeed8:   0000020eb657a4c3 0000000000000000
0x000000f184efeee8:   0000000000000000 00000000804b12b8
0x000000f184efeef8:   000000008636f310 00000000d9aad884
0x000000f184efef08:   000000f184efef08 0000020eccf6c0d8
0x000000f184efef18:   000000f184efef60 0000020eccf6c208
0x000000f184efef28:   0000000000000000 0000000080443e28
0x000000f184efef38:   0000020eccf6c0f8 000000f184efef08
0x000000f184efef48:   000000f184efef60 000000f184eff140
0x000000f184efef58:   0000020eb6571010 00000000803e3c68
0x000000f184efef68:   0000020eccc6e570 0000020eccc6c440 

Instructions: (pc=0x0000020eb658e47e)
0x0000020eb658e37e:   4d 89 97 30 03 00 00 c5 f8 77 49 81 7f 08 00 00
0x0000020eb658e38e:   00 00 0f 84 05 00 00 00 e9 65 2b fe ff 4c 8b 6d
0x0000020eb658e39e:   c0 4c 8b 75 c8 c3 49 8b 87 90 03 00 00 49 ba 00
0x0000020eb658e3ae:   00 00 00 00 00 00 00 4d 89 97 90 03 00 00 5a 8b
0x0000020eb658e3be:   52 08 48 c1 e2 03 eb 15 8b 50 08 48 c1 e2 03 66
0x0000020eb658e3ce:   8b 5c d9 40 48 8b 49 28 48 8b 44 d9 08 48 8b 4d
0x0000020eb658e3de:   d8 48 85 c9 0f 84 8a 00 00 00 48 8b 79 18 48 3b
0x0000020eb658e3ee:   fa 0f 85 0f 00 00 00 48 83 41 20 01 48 83 59 20
0x0000020eb658e3fe:   00 e9 66 00 00 00 48 85 ff 0f 84 37 00 00 00 48
0x0000020eb658e40e:   8b 79 28 48 3b fa 0f 85 0f 00 00 00 48 83 41 30
0x0000020eb658e41e:   01 48 83 59 30 00 e9 41 00 00 00 48 85 ff 0f 85
0x0000020eb658e42e:   38 00 00 00 48 89 51 28 bf 01 00 00 00 48 89 79
0x0000020eb658e43e:   30 e9 26 00 00 00 48 3b 51 28 0f 85 0f 00 00 00
0x0000020eb658e44e:   48 83 41 30 01 48 83 59 30 00 e9 0d 00 00 00 48
0x0000020eb658e45e:   89 51 18 bf 01 00 00 00 48 89 79 20 48 83 c1 38
0x0000020eb658e46e:   48 89 4d d8 48 3b d0 0f 84 59 00 00 00 8b 48 10
0x0000020eb658e47e:   48 3b 04 0a 0f 84 4c 00 00 00 83 f9 20 0f 85 22
0x0000020eb658e48e:   00 00 00 50 48 8b c0 57 48 8b 7a 28 8b 0f 48 83
0x0000020eb658e49e:   c7 08 48 85 c0 f2 48 af 5f 58 75 09 48 89 42 20
0x0000020eb658e4ae:   e9 21 00 00 00 48 8b 4d d8 48 85 c9 0f 84 10 00
0x0000020eb658e4be:   00 00 48 83 41 d0 ff 0f 88 05 00 00 00 48 83 41
0x0000020eb658e4ce:   d0 01 33 c0 eb 23 b8 01 00 00 00 e9 19 00 00 00
0x0000020eb658e4de:   48 8b 4d d8 48 85 c9 0f 84 0c 00 00 00 80 49 01
0x0000020eb658e4ee:   01 48 83 c1 38 48 89 4d d8 41 0f b6 5d 03 49 83
0x0000020eb658e4fe:   c5 03 49 ba e0 70 28 66 f9 7f 00 00 41 ff 24 da
0x0000020eb658e50e:   66 90 00 00 00 00 00 00 00 00 00 00 00 00 00 00
0x0000020eb658e51e:   00 00 20 02 00 00 00 00 00 00 60 69 02 66 f9 7f
0x0000020eb658e52e:   00 00 c2 00 00 00 00 00 00 00 00 00 00 00 00 00
0x0000020eb658e53e:   00 00 58 48 3b 00 33 d2 4c 8b 4d b8 4c 8d 45 b8
0x0000020eb658e54e:   eb 16 49 81 79 08 00 00 00 00 49 0f 44 d1 49 3b
0x0000020eb658e55e:   41 08 74 09 49 83 c1 10 4d 3b c8 75 e5 48 85 d2
0x0000020eb658e56e:   0f 85 28 00 00 00 48 8b 55 b8 48 83 ec 10 48 83 


Stack slot to memory mapping:
stack at sp + 0 slots: 0x0000000000000001 is an unknown value
stack at sp + 1 slots: 0x0 is NULL
stack at sp + 2 slots: 0x000000f184efee78 is pointing into the stack for thread: 0x0000020eccd9e800
stack at sp + 3 slots: 0x0000020ecce55480 is pointing into metadata
stack at sp + 4 slots: 0x000000f184efef00 is pointing into the stack for thread: 0x0000020eccd9e800
stack at sp + 5 slots: 0x0000020eccf22478 is pointing into metadata
stack at sp + 6 slots: 0x0 is NULL
stack at sp + 7 slots: 0x00000000803fb258 is an oop: java.lang.Class 
{0x00000000803fb258} - klass: 'java/lang/Class'

instanceof  193 instanceof  [0x0000020eb658e2c0, 0x0000020eb658e520]  608 bytes

---------------  P R O C E S S  ---------------

Threads class SMR info:
_java_thread_list=0x0000020ed51ad290, length=95, elements={
0x0000020eb1262000, 0x0000020eccd9e800, 0x0000020eccda7800, 0x0000020eccdf6800,
0x0000020eccdf7800, 0x0000020eccdfc000, 0x0000020ecce09000, 0x0000020ecce0d800,
0x0000020ecce0f800, 0x0000020ecd87c000, 0x0000020ecebaf000, 0x0000020ecea4e000,
0x0000020ecedf1800, 0x0000020ecf0e6800, 0x0000020ecf0e5800, 0x0000020ecf0e3000,
0x0000020ecf0e7000, 0x0000020ecf0e4000, 0x0000020ecf0e8000, 0x0000020ece8ab000,
0x0000020ece8a9800, 0x0000020ece8a7000, 0x0000020ece8ac000, 0x0000020ece8a6000,
0x0000020ece6ed000, 0x0000020ece6e7800, 0x0000020ecda59800, 0x0000020ecda65000,
0x0000020ed5588000, 0x0000020ece8af000, 0x0000020ece8ac800, 0x0000020ece8a8800,
0x0000020ecda61000, 0x0000020ecda62000, 0x0000020ed297b000, 0x0000020ed297a800,
0x0000020ed2978000, 0x0000020ed2979800, 0x0000020ed2974800, 0x0000020ed2975800,
0x0000020ed2976800, 0x0000020ed2978800, 0x0000020ed558c800, 0x0000020ed558a000,
0x0000020ed558b000, 0x0000020ed558c000, 0x0000020ed5588800, 0x0000020ed5587000,
0x0000020ed558e800, 0x0000020ed558d800, 0x0000020ed558f000, 0x0000020ed5589800,
0x0000020ed5590000, 0x0000020ed5590800, 0x0000020ed5591800, 0x0000020ed5592800,
0x0000020ed5595000, 0x0000020ed5593000, 0x0000020ed5595800, 0x0000020ed5594000,
0x0000020ece6e1800, 0x0000020ece6e0000, 0x0000020ece6de800, 0x0000020ece6e2800,
0x0000020ece6e4000, 0x0000020ece6e5000, 0x0000020ece6e3000, 0x0000020ece6e1000,
0x0000020ece6df000, 0x0000020ece6eb800, 0x0000020ece6e9000, 0x0000020ece6e5800,
0x0000020ece6ec000, 0x0000020ece6e6800, 0x0000020ece6e8000, 0x0000020ece6e9800,
0x0000020ecda5d000, 0x0000020ecda5c000, 0x0000020ecda5e800, 0x0000020ecda5a800,
0x0000020ecda5d800, 0x0000020ecda59000, 0x0000020ecda5f800, 0x0000020ecda63800,
0x0000020ecda64000, 0x0000020ecda66000, 0x0000020ecda62800, 0x0000020ecda60000,
0x0000020ecda66800, 0x0000020ece8b3000, 0x0000020ece8b0800, 0x0000020ece8b1800,
0x0000020ece8b2800, 0x0000020ece8b0000, 0x0000020ece8ad800
}

Java Threads: ( => current thread )
  0x0000020eb1262000 JavaThread "main" [_thread_blocked, id=10052, stack(0x000000f184700000,0x000000f184800000)]
=>0x0000020eccd9e800 JavaThread "Reference Handler" daemon [_thread_in_Java, id=11072, stack(0x000000f184e00000,0x000000f184f00000)]
  0x0000020eccda7800 JavaThread "Finalizer" daemon [_thread_blocked, id=5732, stack(0x000000f184f00000,0x000000f185000000)]
  0x0000020eccdf6800 JavaThread "Signal Dispatcher" daemon [_thread_blocked, id=11836, stack(0x000000f185000000,0x000000f185100000)]
  0x0000020eccdf7800 JavaThread "Attach Listener" daemon [_thread_blocked, id=11640, stack(0x000000f185100000,0x000000f185200000)]
  0x0000020eccdfc000 JavaThread "Service Thread" daemon [_thread_blocked, id=6832, stack(0x000000f185200000,0x000000f185300000)]
  0x0000020ecce09000 JavaThread "C2 CompilerThread0" daemon [_thread_in_native, id=11484, stack(0x000000f185300000,0x000000f185400000)]
  0x0000020ecce0d800 JavaThread "C1 CompilerThread0" daemon [_thread_blocked, id=3360, stack(0x000000f185400000,0x000000f185500000)]
  0x0000020ecce0f800 JavaThread "Sweeper thread" daemon [_thread_blocked, id=5364, stack(0x000000f185500000,0x000000f185600000)]
  0x0000020ecd87c000 JavaThread "Common-Cleaner" daemon [_thread_blocked, id=10792, stack(0x000000f185600000,0x000000f185700000)]
  0x0000020ecebaf000 JavaThread "Daemon health stats" [_thread_blocked, id=3564, stack(0x000000f185a00000,0x000000f185b00000)]
  0x0000020ecea4e000 JavaThread "Incoming local TCP Connector on port 54642" [_thread_in_native, id=424, stack(0x000000f185800000,0x000000f185900000)]
  0x0000020ecedf1800 JavaThread "Daemon periodic checks" [_thread_blocked, id=11476, stack(0x000000f185d00000,0x000000f185e00000)]
  0x0000020ecf0e6800 JavaThread "Cache worker for journal cache (C:\Users\thima\AndroidStudioProjects\DemoApp\caches\journal-1)" [_thread_blocked, id=1284, stack(0x000000f186500000,0x000000f186600000)]
  0x0000020ecf0e5800 JavaThread "File lock request listener" [_thread_in_native, id=5468, stack(0x000000f186600000,0x000000f186700000)]
  0x0000020ecf0e3000 JavaThread "Cache worker for file hash cache (C:\Users\thima\AndroidStudioProjects\DemoApp\caches\7.5\fileHashes)" [_thread_blocked, id=11432, stack(0x000000f186700000,0x000000f186800000)]
  0x0000020ecf0e7000 JavaThread "File watcher server" daemon [_thread_in_native, id=5536, stack(0x000000f186900000,0x000000f186a00000)]
  0x0000020ecf0e4000 JavaThread "File watcher consumer" daemon [_thread_blocked, id=10424, stack(0x000000f186a00000,0x000000f186b00000)]
  0x0000020ecf0e8000 JavaThread "Cache worker for file content cache (C:\Users\thima\AndroidStudioProjects\DemoApp\caches\7.5\fileContent)" [_thread_blocked, id=9432, stack(0x000000f186c00000,0x000000f186d00000)]
  0x0000020ece8ab000 JavaThread "Cache worker for execution history cache (C:\Users\thima\AndroidStudioProjects\DemoApp\caches\7.5\executionHistory)" [_thread_blocked, id=2844, stack(0x000000f187000000,0x000000f187100000)]
  0x0000020ece8a9800 JavaThread "jar transforms" [_thread_blocked, id=10292, stack(0x000000f186d00000,0x000000f186e00000)]
  0x0000020ece8a7000 JavaThread "jar transforms Thread 2" [_thread_blocked, id=11780, stack(0x000000f187100000,0x000000f187200000)]
  0x0000020ece8ac000 JavaThread "jar transforms Thread 3" [_thread_blocked, id=11276, stack(0x000000f187300000,0x000000f187400000)]
  0x0000020ece8a6000 JavaThread "jar transforms Thread 4" [_thread_blocked, id=9752, stack(0x000000f187400000,0x000000f187500000)]
  0x0000020ece6ed000 JavaThread "Memory manager" [_thread_blocked, id=5896, stack(0x000000f18a000000,0x000000f18a100000)]
  0x0000020ece6e7800 JavaThread "pool-3-thread-1" [_thread_blocked, id=8076, stack(0x000000f18a100000,0x000000f18a200000)]
  0x0000020ecda59800 JavaThread "Cache worker for Java compile cache (C:\Users\thima\AndroidStudioProjects\DemoApp\caches\7.5\javaCompile)" [_thread_blocked, id=11644, stack(0x000000f184400000,0x000000f184500000)]
  0x0000020ecda65000 JavaThread "ForkJoinPool.commonPool-worker-7" daemon [_thread_blocked, id=8676, stack(0x000000f18b100000,0x000000f18b200000)]
  0x0000020ed5588000 JavaThread "pool-7-thread-1" [_thread_blocked, id=4520, stack(0x000000f189d00000,0x000000f189e00000)]
  0x0000020ece8af000 JavaThread "pool-10-thread-1" [_thread_blocked, id=9820, stack(0x000000f189e00000,0x000000f189f00000)]
  0x0000020ece8ac800 JavaThread "Daemon Thread 4" [_thread_blocked, id=8680, stack(0x000000f184500000,0x000000f184600000)]
  0x0000020ece8a8800 JavaThread "Daemon worker Thread 4" [_thread_blocked, id=10952, stack(0x000000f185f00000,0x000000f186000000)]
  0x0000020ecda61000 JavaThread "pool-13-thread-1" [_thread_blocked, id=2444, stack(0x000000f189f00000,0x000000f18a000000)]
  0x0000020ecda62000 JavaThread "included builds" [_thread_blocked, id=8512, stack(0x000000f18a400000,0x000000f18a500000)]
  0x0000020ed297b000 JavaThread "ForkJoinPool.commonPool-worker-1" daemon [_thread_blocked, id=6624, stack(0x000000f18b300000,0x000000f18b400000)]
  0x0000020ed297a800 JavaThread "ForkJoinPool.commonPool-worker-3" daemon [_thread_blocked, id=4616, stack(0x000000f18b400000,0x000000f18b500000)]
  0x0000020ed2978000 JavaThread "Handler for socket connection from /127.0.0.1:54642 to /127.0.0.1:65473" [_thread_in_native, id=10408, stack(0x000000f184600000,0x000000f184700000)]
  0x0000020ed2979800 JavaThread "Cancel handler" [_thread_blocked, id=10044, stack(0x000000f185e00000,0x000000f185f00000)]
  0x0000020ed2974800 JavaThread "Asynchronous log dispatcher for DefaultDaemonConnection: socket connection from /127.0.0.1:54642 to /127.0.0.1:65473" [_thread_blocked, id=11688, stack(0x000000f186000000,0x000000f186100000)]
  0x0000020ed2975800 JavaThread "Stdin handler" [_thread_blocked, id=5508, stack(0x000000f186100000,0x000000f186200000)]
  0x0000020ed2976800 JavaThread "Daemon client event forwarder" [_thread_blocked, id=11772, stack(0x000000f186200000,0x000000f186300000)]
  0x0000020ed2978800 JavaThread "Cache worker for checksums cache (D:\Pits_stop\.gradle\7.5\checksums)" [_thread_blocked, id=484, stack(0x000000f186300000,0x000000f186400000)]
  0x0000020ed558c800 JavaThread "Cache worker for cache directory md-rule (C:\Users\thima\AndroidStudioProjects\DemoApp\caches\7.5\md-rule)" [_thread_blocked, id=10184, stack(0x000000f186400000,0x000000f186500000)]
  0x0000020ed558a000 JavaThread "Cache worker for file hash cache (D:\Pits_stop\.gradle\7.5\fileHashes)" [_thread_blocked, id=8280, stack(0x000000f186800000,0x000000f186900000)]
  0x0000020ed558b000 JavaThread "Cache worker for cache directory md-supplier (C:\Users\thima\AndroidStudioProjects\DemoApp\caches\7.5\md-supplier)" [_thread_blocked, id=3692, stack(0x000000f186b00000,0x000000f186c00000)]
  0x0000020ed558c000 JavaThread "Cache worker for dependencies-accessors (D:\Pits_stop\.gradle\7.5\dependencies-accessors)" [_thread_blocked, id=10488, stack(0x000000f186e00000,0x000000f186f00000)]
  0x0000020ed5588800 JavaThread "Cache worker for Build Output Cleanup Cache (D:\Pits_stop\.gradle\buildOutputCleanup)" [_thread_blocked, id=9532, stack(0x000000f186f00000,0x000000f187000000)]
  0x0000020ed5587000 JavaThread "Unconstrained build operations" [_thread_blocked, id=8856, stack(0x000000f187200000,0x000000f187300000)]
  0x0000020ed558e800 JavaThread "Unconstrained build operations Thread 2" [_thread_blocked, id=7404, stack(0x000000f187500000,0x000000f187600000)]
  0x0000020ed558d800 JavaThread "Unconstrained build operations Thread 3" [_thread_blocked, id=1812, stack(0x000000f187600000,0x000000f187700000)]
  0x0000020ed558f000 JavaThread "Unconstrained build operations Thread 4" [_thread_blocked, id=1032, stack(0x000000f187700000,0x000000f187800000)]
  0x0000020ed5589800 JavaThread "Unconstrained build operations Thread 5" [_thread_blocked, id=11948, stack(0x000000f187800000,0x000000f187900000)]
  0x0000020ed5590000 JavaThread "Unconstrained build operations Thread 6" [_thread_blocked, id=560, stack(0x000000f187900000,0x000000f187a00000)]
  0x0000020ed5590800 JavaThread "Unconstrained build operations Thread 7" [_thread_blocked, id=8580, stack(0x000000f187a00000,0x000000f187b00000)]
  0x0000020ed5591800 JavaThread "Unconstrained build operations Thread 8" [_thread_blocked, id=8944, stack(0x000000f187b00000,0x000000f187c00000)]
  0x0000020ed5592800 JavaThread "Unconstrained build operations Thread 9" [_thread_blocked, id=11004, stack(0x000000f187c00000,0x000000f187d00000)]
  0x0000020ed5595000 JavaThread "Unconstrained build operations Thread 10" [_thread_blocked, id=11056, stack(0x000000f187d00000,0x000000f187e00000)]
  0x0000020ed5593000 JavaThread "Unconstrained build operations Thread 11" [_thread_blocked, id=4908, stack(0x000000f187e00000,0x000000f187f00000)]
  0x0000020ed5595800 JavaThread "Unconstrained build operations Thread 12" [_thread_blocked, id=9232, stack(0x000000f187f00000,0x000000f188000000)]
  0x0000020ed5594000 JavaThread "Unconstrained build operations Thread 13" [_thread_blocked, id=8872, stack(0x000000f188000000,0x000000f188100000)]
  0x0000020ece6e1800 JavaThread "Unconstrained build operations Thread 14" [_thread_blocked, id=12076, stack(0x000000f188100000,0x000000f188200000)]
  0x0000020ece6e0000 JavaThread "Unconstrained build operations Thread 15" [_thread_blocked, id=9884, stack(0x000000f188200000,0x000000f188300000)]
  0x0000020ece6de800 JavaThread "Unconstrained build operations Thread 16" [_thread_blocked, id=10228, stack(0x000000f188300000,0x000000f188400000)]
  0x0000020ece6e2800 JavaThread "Unconstrained build operations Thread 17" [_thread_blocked, id=10432, stack(0x000000f188400000,0x000000f188500000)]
  0x0000020ece6e4000 JavaThread "Unconstrained build operations Thread 18" [_thread_blocked, id=10868, stack(0x000000f188500000,0x000000f188600000)]
  0x0000020ece6e5000 JavaThread "Unconstrained build operations Thread 19" [_thread_blocked, id=9360, stack(0x000000f188600000,0x000000f188700000)]
  0x0000020ece6e3000 JavaThread "Unconstrained build operations Thread 20" [_thread_blocked, id=11396, stack(0x000000f188700000,0x000000f188800000)]
  0x0000020ece6e1000 JavaThread "Unconstrained build operations Thread 21" [_thread_blocked, id=1816, stack(0x000000f188800000,0x000000f188900000)]
  0x0000020ece6df000 JavaThread "Unconstrained build operations Thread 22" [_thread_blocked, id=9812, stack(0x000000f188900000,0x000000f188a00000)]
  0x0000020ece6eb800 JavaThread "Unconstrained build operations Thread 23" [_thread_blocked, id=780, stack(0x000000f188a00000,0x000000f188b00000)]
  0x0000020ece6e9000 JavaThread "Unconstrained build operations Thread 24" [_thread_blocked, id=5928, stack(0x000000f188b00000,0x000000f188c00000)]
  0x0000020ece6e5800 JavaThread "Unconstrained build operations Thread 25" [_thread_blocked, id=5620, stack(0x000000f188c00000,0x000000f188d00000)]
  0x0000020ece6ec000 JavaThread "Unconstrained build operations Thread 26" [_thread_blocked, id=10712, stack(0x000000f188d00000,0x000000f188e00000)]
  0x0000020ece6e6800 JavaThread "Unconstrained build operations Thread 27" [_thread_blocked, id=11792, stack(0x000000f188e00000,0x000000f188f00000)]
  0x0000020ece6e8000 JavaThread "Unconstrained build operations Thread 28" [_thread_blocked, id=11608, stack(0x000000f188f00000,0x000000f189000000)]
  0x0000020ece6e9800 JavaThread "Unconstrained build operations Thread 29" [_thread_blocked, id=9460, stack(0x000000f189000000,0x000000f189100000)]
  0x0000020ecda5d000 JavaThread "Unconstrained build operations Thread 30" [_thread_blocked, id=9912, stack(0x000000f189100000,0x000000f189200000)]
  0x0000020ecda5c000 JavaThread "Unconstrained build operations Thread 31" [_thread_blocked, id=3324, stack(0x000000f189200000,0x000000f189300000)]
  0x0000020ecda5e800 JavaThread "Unconstrained build operations Thread 32" [_thread_blocked, id=4224, stack(0x000000f189300000,0x000000f189400000)]
  0x0000020ecda5a800 JavaThread "Unconstrained build operations Thread 33" [_thread_blocked, id=2216, stack(0x000000f189400000,0x000000f189500000)]
  0x0000020ecda5d800 JavaThread "Unconstrained build operations Thread 34" [_thread_blocked, id=5216, stack(0x000000f189500000,0x000000f189600000)]
  0x0000020ecda59000 JavaThread "Unconstrained build operations Thread 35" [_thread_blocked, id=9280, stack(0x000000f189600000,0x000000f189700000)]
  0x0000020ecda5f800 JavaThread "Unconstrained build operations Thread 36" [_thread_blocked, id=11356, stack(0x000000f189700000,0x000000f189800000)]
  0x0000020ecda63800 JavaThread "Unconstrained build operations Thread 37" [_thread_blocked, id=4468, stack(0x000000f189800000,0x000000f189900000)]
  0x0000020ecda64000 JavaThread "Unconstrained build operations Thread 38" [_thread_blocked, id=756, stack(0x000000f189900000,0x000000f189a00000)]
  0x0000020ecda66000 JavaThread "Unconstrained build operations Thread 39" [_thread_blocked, id=10796, stack(0x000000f189a00000,0x000000f189b00000)]
  0x0000020ecda62800 JavaThread "Unconstrained build operations Thread 40" [_thread_blocked, id=5560, stack(0x000000f189b00000,0x000000f189c00000)]
  0x0000020ecda60000 JavaThread "build event listener" [_thread_blocked, id=10032, stack(0x000000f189c00000,0x000000f189d00000)]
  0x0000020ecda66800 JavaThread "pool-18-thread-1" [_thread_blocked, id=2556, stack(0x000000f18a200000,0x000000f18a300000)]
  0x0000020ece8b3000 JavaThread "build event listener" [_thread_blocked, id=12204, stack(0x000000f18a500000,0x000000f18a600000)]
  0x0000020ece8b0800 JavaThread "included builds" [_thread_in_Java, id=12040, stack(0x000000f18a600000,0x000000f18a700000)]
  0x0000020ece8b1800 JavaThread "Execution worker" [_thread_blocked, id=5612, stack(0x000000f18a700000,0x000000f18a800000)]
  0x0000020ece8b2800 JavaThread "Execution worker Thread 2" [_thread_blocked, id=9196, stack(0x000000f18a800000,0x000000f18a900000)]
  0x0000020ece8b0000 JavaThread "Execution worker Thread 3" [_thread_blocked, id=11256, stack(0x000000f18aa00000,0x000000f18ab00000)]
  0x0000020ece8ad800 JavaThread "Cache worker for execution history cache (D:\Pits_stop\.gradle\7.5\executionHistory)" [_thread_blocked, id=7868, stack(0x000000f18ab00000,0x000000f18ac00000)]

Other Threads:
  0x0000020eccd9b000 VMThread "VM Thread" [stack: 0x000000f184d00000,0x000000f184e00000] [id=6280]
  0x0000020ecd8d1800 WatcherThread [stack: 0x000000f185700000,0x000000f185800000] [id=1084]
  0x0000020eb127a800 GCTaskThread "GC Thread#0" [stack: 0x000000f184800000,0x000000f184900000] [id=6316]
  0x0000020ece046800 GCTaskThread "GC Thread#1" [stack: 0x000000f185900000,0x000000f185a00000] [id=8132]
  0x0000020ed07ee000 GCTaskThread "GC Thread#2" [stack: 0x000000f185b00000,0x000000f185c00000] [id=10700]
  0x0000020ecf13c000 GCTaskThread "GC Thread#3" [stack: 0x000000f185c00000,0x000000f185d00000] [id=3672]
  0x0000020eb12ac000 ConcurrentGCThread "G1 Main Marker" [stack: 0x000000f184900000,0x000000f184a00000] [id=8916]
  0x0000020eb12ae800 ConcurrentGCThread "G1 Conc#0" [stack: 0x000000f184a00000,0x000000f184b00000] [id=9900]
  0x0000020eb1309800 ConcurrentGCThread "G1 Refine#0" [stack: 0x000000f184b00000,0x000000f184c00000] [id=7600]
  0x0000020ed4fbe000 ConcurrentGCThread "G1 Refine#1" [stack: 0x000000f18a300000,0x000000f18a400000] [id=6732]
  0x0000020ed0748800 ConcurrentGCThread "G1 Refine#2" [stack: 0x000000f18a900000,0x000000f18aa00000] [id=11812]
  0x0000020eb130a800 ConcurrentGCThread "G1 Young RemSet Sampling" [stack: 0x000000f184c00000,0x000000f184d00000] [id=7392]

Threads with active compile tasks:
C2 CompilerThread0  2792875 22344       4       org.apache.xerces.dom.DeferredDocumentImpl::ensureCapacity (358 bytes)

VM state:not at safepoint (normal execution)

VM Mutex/Monitor currently owned by a thread: None

Heap address: 0x0000000080000000, size: 2048 MB, Compressed Oops mode: 32-bit
Narrow klass base: 0x0000000000000000, Narrow klass shift: 3
Compressed class space size: 1073741824 Address: 0x0000000100000000

Heap:
 garbage-first heap   total 262144K, used 138491K [0x0000000080000000, 0x0000000100000000)
  region size 1024K, 24 young (24576K), 3 survivors (3072K)
 Metaspace       used 138807K, capacity 142704K, committed 142896K, reserved 1173504K
  class space    used 17328K, capacity 18784K, committed 18892K, reserved 1048576K
Heap Regions: E=young(eden), S=young(survivor), O=old, HS=humongous(starts), HC=humongous(continues), CS=collection set, F=free, A=archive, TAMS=top-at-mark-start (previous, next)
|   0|0x0000000080000000, 0x0000000080100000, 0x0000000080100000|100%|HS|  |TAMS 0x0000000080100000, 0x0000000080000000| Complete 
|   1|0x0000000080100000, 0x0000000080200000, 0x0000000080200000|100%|HC|  |TAMS 0x0000000080200000, 0x0000000080100000| Complete 
|   2|0x0000000080200000, 0x0000000080300000, 0x0000000080300000|100%|HC|  |TAMS 0x0000000080300000, 0x0000000080200000| Complete 
|   3|0x0000000080300000, 0x0000000080400000, 0x0000000080400000|100%| O|  |TAMS 0x0000000080400000, 0x0000000080300000| Updating 
|   4|0x0000000080400000, 0x0000000080500000, 0x0000000080500000|100%| O|  |TAMS 0x0000000080500000, 0x0000000080400000| Updating 
|   5|0x0000000080500000, 0x0000000080600000, 0x0000000080600000|100%| O|  |TAMS 0x0000000080600000, 0x0000000080500000| Updating 
|   6|0x0000000080600000, 0x0000000080700000, 0x0000000080700000|100%| O|  |TAMS 0x0000000080700000, 0x0000000080600000| Updating 
|   7|0x0000000080700000, 0x0000000080800000, 0x0000000080800000|100%| O|  |TAMS 0x0000000080800000, 0x0000000080700000| Updating 
|   8|0x0000000080800000, 0x0000000080900000, 0x0000000080900000|100%| O|  |TAMS 0x0000000080900000, 0x0000000080800000| Updating 
|   9|0x0000000080900000, 0x0000000080a00000, 0x0000000080a00000|100%| O|  |TAMS 0x0000000080a00000, 0x0000000080900000| Updating 
|  10|0x0000000080a00000, 0x0000000080b00000, 0x0000000080b00000|100%| O|  |TAMS 0x0000000080b00000, 0x0000000080a00000| Updating 
|  11|0x0000000080b00000, 0x0000000080c00000, 0x0000000080c00000|100%| O|  |TAMS 0x0000000080c00000, 0x0000000080b00000| Updating 
|  12|0x0000000080c00000, 0x0000000080d00000, 0x0000000080d00000|100%| O|  |TAMS 0x0000000080d00000, 0x0000000080c00000| Updating 
|  13|0x0000000080d00000, 0x0000000080e00000, 0x0000000080e00000|100%| O|  |TAMS 0x0000000080e00000, 0x0000000080d00000| Updating 
|  14|0x0000000080e00000, 0x0000000080f00000, 0x0000000080f00000|100%| O|  |TAMS 0x0000000080f00000, 0x0000000080e00000| Updating 
|  15|0x0000000080f00000, 0x0000000081000000, 0x0000000081000000|100%| O|  |TAMS 0x0000000081000000, 0x0000000080f00000| Updating 
|  16|0x0000000081000000, 0x0000000081100000, 0x0000000081100000|100%| O|  |TAMS 0x0000000081100000, 0x0000000081000000| Updating 
|  17|0x0000000081100000, 0x0000000081200000, 0x0000000081200000|100%| O|  |TAMS 0x0000000081200000, 0x0000000081100000| Updating 
|  18|0x0000000081200000, 0x0000000081300000, 0x0000000081300000|100%| O|  |TAMS 0x0000000081300000, 0x0000000081200000| Updating 
|  19|0x0000000081300000, 0x0000000081400000, 0x0000000081400000|100%| O|  |TAMS 0x0000000081400000, 0x0000000081300000| Updating 
|  20|0x0000000081400000, 0x0000000081500000, 0x0000000081500000|100%| O|  |TAMS 0x0000000081500000, 0x0000000081400000| Updating 
|  21|0x0000000081500000, 0x0000000081600000, 0x0000000081600000|100%| O|  |TAMS 0x0000000081600000, 0x0000000081500000| Updating 
|  22|0x0000000081600000, 0x0000000081700000, 0x0000000081700000|100%| O|  |TAMS 0x0000000081700000, 0x0000000081600000| Updating 
|  23|0x0000000081700000, 0x0000000081800000, 0x0000000081800000|100%| O|  |TAMS 0x0000000081800000, 0x0000000081700000| Updating 
|  24|0x0000000081800000, 0x0000000081900000, 0x0000000081900000|100%| O|  |TAMS 0x0000000081900000, 0x0000000081800000| Updating 
|  25|0x0000000081900000, 0x0000000081a00000, 0x0000000081a00000|100%| O|  |TAMS 0x0000000081a00000, 0x0000000081900000| Updating 
|  26|0x0000000081a00000, 0x0000000081b00000, 0x0000000081b00000|100%| O|  |TAMS 0x0000000081b00000, 0x0000000081a00000| Updating 
|  27|0x0000000081b00000, 0x0000000081c00000, 0x0000000081c00000|100%| O|  |TAMS 0x0000000081c00000, 0x0000000081b00000| Updating 
|  28|0x0000000081c00000, 0x0000000081d00000, 0x0000000081d00000|100%| O|  |TAMS 0x0000000081d00000, 0x0000000081c00000| Updating 
|  29|0x0000000081d00000, 0x0000000081e00000, 0x0000000081e00000|100%| O|  |TAMS 0x0000000081e00000, 0x0000000081d00000| Updating 
|  30|0x0000000081e00000, 0x0000000081f00000, 0x0000000081f00000|100%| O|  |TAMS 0x0000000081f00000, 0x0000000081e00000| Updating 
|  31|0x0000000081f00000, 0x0000000082000000, 0x0000000082000000|100%| O|  |TAMS 0x0000000082000000, 0x0000000081f00000| Updating 
|  32|0x0000000082000000, 0x0000000082100000, 0x0000000082100000|100%| O|  |TAMS 0x0000000082100000, 0x0000000082000000| Updating 
|  33|0x0000000082100000, 0x0000000082200000, 0x0000000082200000|100%| O|  |TAMS 0x0000000082200000, 0x0000000082100000| Updating 
|  34|0x0000000082200000, 0x0000000082300000, 0x0000000082300000|100%| O|  |TAMS 0x0000000082300000, 0x0000000082200000| Updating 
|  35|0x0000000082300000, 0x0000000082400000, 0x0000000082400000|100%|HS|  |TAMS 0x0000000082400000, 0x0000000082300000| Complete 
|  36|0x0000000082400000, 0x0000000082500000, 0x0000000082500000|100%|HS|  |TAMS 0x0000000082500000, 0x0000000082400000| Complete 
|  37|0x0000000082500000, 0x0000000082600000, 0x0000000082600000|100%| O|  |TAMS 0x0000000082600000, 0x0000000082500000| Updating 
|  38|0x0000000082600000, 0x0000000082700000, 0x0000000082700000|100%| O|  |TAMS 0x0000000082700000, 0x0000000082600000| Updating 
|  39|0x0000000082700000, 0x0000000082800000, 0x0000000082800000|100%| O|  |TAMS 0x0000000082800000, 0x0000000082700000| Updating 
|  40|0x0000000082800000, 0x0000000082900000, 0x0000000082900000|100%| O|  |TAMS 0x0000000082900000, 0x0000000082800000| Updating 
|  41|0x0000000082900000, 0x0000000082a00000, 0x0000000082a00000|100%| O|  |TAMS 0x0000000082a00000, 0x0000000082900000| Updating 
|  42|0x0000000082a00000, 0x0000000082b00000, 0x0000000082b00000|100%| O|  |TAMS 0x0000000082b00000, 0x0000000082a00000| Updating 
|  43|0x0000000082b00000, 0x0000000082c00000, 0x0000000082c00000|100%| O|  |TAMS 0x0000000082c00000, 0x0000000082b00000| Updating 
|  44|0x0000000082c00000, 0x0000000082d00000, 0x0000000082d00000|100%| O|  |TAMS 0x0000000082d00000, 0x0000000082c00000| Updating 
|  45|0x0000000082d00000, 0x0000000082e00000, 0x0000000082e00000|100%| O|  |TAMS 0x0000000082e00000, 0x0000000082d00000| Updating 
|  46|0x0000000082e00000, 0x0000000082f00000, 0x0000000082f00000|100%| O|  |TAMS 0x0000000082f00000, 0x0000000082e00000| Updating 
|  47|0x0000000082f00000, 0x0000000083000000, 0x0000000083000000|100%| O|  |TAMS 0x0000000083000000, 0x0000000082f00000| Updating 
|  48|0x0000000083000000, 0x0000000083100000, 0x0000000083100000|100%| O|  |TAMS 0x0000000083100000, 0x0000000083000000| Updating 
|  49|0x0000000083100000, 0x0000000083200000, 0x0000000083200000|100%| O|  |TAMS 0x0000000083200000, 0x0000000083100000| Updating 
|  50|0x0000000083200000, 0x0000000083300000, 0x0000000083300000|100%| O|  |TAMS 0x0000000083300000, 0x0000000083200000| Updating 
|  51|0x0000000083300000, 0x0000000083400000, 0x0000000083400000|100%| O|  |TAMS 0x0000000083400000, 0x0000000083300000| Updating 
|  52|0x0000000083400000, 0x0000000083500000, 0x0000000083500000|100%| O|  |TAMS 0x0000000083500000, 0x0000000083400000| Updating 
|  53|0x0000000083500000, 0x0000000083600000, 0x0000000083600000|100%| O|  |TAMS 0x0000000083600000, 0x0000000083500000| Updating 
|  54|0x0000000083600000, 0x0000000083700000, 0x0000000083700000|100%| O|  |TAMS 0x0000000083700000, 0x0000000083600000| Updating 
|  55|0x0000000083700000, 0x0000000083800000, 0x0000000083800000|100%| O|  |TAMS 0x0000000083800000, 0x0000000083700000| Updating 
|  56|0x0000000083800000, 0x0000000083900000, 0x0000000083900000|100%| O|  |TAMS 0x0000000083900000, 0x0000000083800000| Updating 
|  57|0x0000000083900000, 0x0000000083a00000, 0x0000000083a00000|100%| O|  |TAMS 0x0000000083a00000, 0x0000000083900000| Updating 
|  58|0x0000000083a00000, 0x0000000083b00000, 0x0000000083b00000|100%| O|  |TAMS 0x0000000083b00000, 0x0000000083a00000| Updating 
|  59|0x0000000083b00000, 0x0000000083c00000, 0x0000000083c00000|100%| O|  |TAMS 0x0000000083c00000, 0x0000000083b00000| Updating 
|  60|0x0000000083c00000, 0x0000000083d00000, 0x0000000083d00000|100%| O|  |TAMS 0x0000000083d00000, 0x0000000083c00000| Updating 
|  61|0x0000000083d00000, 0x0000000083e00000, 0x0000000083e00000|100%| O|  |TAMS 0x0000000083e00000, 0x0000000083d00000| Updating 
|  62|0x0000000083e00000, 0x0000000083f00000, 0x0000000083f00000|100%| O|  |TAMS 0x0000000083f00000, 0x0000000083e00000| Updating 
|  63|0x0000000083f00000, 0x0000000084000000, 0x0000000084000000|100%| O|  |TAMS 0x0000000084000000, 0x0000000083f00000| Updating 
|  64|0x0000000084000000, 0x0000000084100000, 0x0000000084100000|100%| O|  |TAMS 0x0000000084100000, 0x0000000084000000| Updating 
|  65|0x0000000084100000, 0x0000000084200000, 0x0000000084200000|100%| O|  |TAMS 0x0000000084200000, 0x0000000084100000| Updating 
|  66|0x0000000084200000, 0x0000000084200000, 0x0000000084300000|  0%| F|  |TAMS 0x0000000084200000, 0x0000000084200000| Untracked 
|  67|0x0000000084300000, 0x0000000084400000, 0x0000000084400000|100%| O|  |TAMS 0x0000000084400000, 0x0000000084300000| Updating 
|  68|0x0000000084400000, 0x0000000084500000, 0x0000000084500000|100%| O|  |TAMS 0x0000000084500000, 0x0000000084400000| Updating 
|  69|0x0000000084500000, 0x0000000084600000, 0x0000000084600000|100%| O|  |TAMS 0x0000000084600000, 0x0000000084500000| Updating 
|  70|0x0000000084600000, 0x0000000084700000, 0x0000000084700000|100%| O|  |TAMS 0x0000000084700000, 0x0000000084600000| Updating 
|  71|0x0000000084700000, 0x0000000084800000, 0x0000000084800000|100%| O|  |TAMS 0x0000000084800000, 0x0000000084700000| Updating 
|  72|0x0000000084800000, 0x0000000084900000, 0x0000000084900000|100%| O|  |TAMS 0x0000000084900000, 0x0000000084800000| Updating 
|  73|0x0000000084900000, 0x0000000084a00000, 0x0000000084a00000|100%| O|  |TAMS 0x0000000084a00000, 0x0000000084900000| Updating 
|  74|0x0000000084a00000, 0x0000000084b00000, 0x0000000084b00000|100%| O|  |TAMS 0x0000000084b00000, 0x0000000084a00000| Updating 
|  75|0x0000000084b00000, 0x0000000084c00000, 0x0000000084c00000|100%| O|  |TAMS 0x0000000084c00000, 0x0000000084b00000| Updating 
|  76|0x0000000084c00000, 0x0000000084d00000, 0x0000000084d00000|100%| O|  |TAMS 0x0000000084d00000, 0x0000000084c00000| Updating 
|  77|0x0000000084d00000, 0x0000000084e00000, 0x0000000084e00000|100%| O|  |TAMS 0x0000000084e00000, 0x0000000084d00000| Updating 
|  78|0x0000000084e00000, 0x0000000084f00000, 0x0000000084f00000|100%| O|  |TAMS 0x0000000084f00000, 0x0000000084e00000| Updating 
|  79|0x0000000084f00000, 0x0000000085000000, 0x0000000085000000|100%| O|  |TAMS 0x0000000085000000, 0x0000000084f00000| Updating 
|  80|0x0000000085000000, 0x0000000085100000, 0x0000000085100000|100%| O|  |TAMS 0x0000000085100000, 0x0000000085000000| Updating 
|  81|0x0000000085100000, 0x0000000085200000, 0x0000000085200000|100%| O|  |TAMS 0x0000000085200000, 0x0000000085100000| Updating 
|  82|0x0000000085200000, 0x0000000085300000, 0x0000000085300000|100%| O|  |TAMS 0x0000000085300000, 0x0000000085200000| Updating 
|  83|0x0000000085300000, 0x0000000085400000, 0x0000000085400000|100%| O|  |TAMS 0x0000000085400000, 0x0000000085300000| Updating 
|  84|0x0000000085400000, 0x0000000085500000, 0x0000000085500000|100%| O|  |TAMS 0x0000000085500000, 0x0000000085400000| Updating 
|  85|0x0000000085500000, 0x0000000085600000, 0x0000000085600000|100%| O|  |TAMS 0x0000000085600000, 0x0000000085500000| Updating 
|  86|0x0000000085600000, 0x0000000085700000, 0x0000000085700000|100%| O|  |TAMS 0x0000000085700000, 0x0000000085600000| Updating 
|  87|0x0000000085700000, 0x0000000085700000, 0x0000000085800000|  0%| F|  |TAMS 0x0000000085700000, 0x0000000085700000| Untracked 
|  88|0x0000000085800000, 0x0000000085900000, 0x0000000085900000|100%| O|  |TAMS 0x0000000085900000, 0x0000000085800000| Updating 
|  89|0x0000000085900000, 0x0000000085a00000, 0x0000000085a00000|100%| O|  |TAMS 0x0000000085a00000, 0x0000000085900000| Updating 
|  90|0x0000000085a00000, 0x0000000085b00000, 0x0000000085b00000|100%| O|  |TAMS 0x0000000085b00000, 0x0000000085a00000| Updating 
|  91|0x0000000085b00000, 0x0000000085b00000, 0x0000000085c00000|  0%| F|  |TAMS 0x0000000085b00000, 0x0000000085b00000| Untracked 
|  92|0x0000000085c00000, 0x0000000085d00000, 0x0000000085d00000|100%| O|  |TAMS 0x0000000085d00000, 0x0000000085c00000| Updating 
|  93|0x0000000085d00000, 0x0000000085e00000, 0x0000000085e00000|100%| O|  |TAMS 0x0000000085e00000, 0x0000000085d00000| Updating 
|  94|0x0000000085e00000, 0x0000000085f00000, 0x0000000085f00000|100%| O|  |TAMS 0x0000000085f00000, 0x0000000085e00000| Updating 
|  95|0x0000000085f00000, 0x0000000086000000, 0x0000000086000000|100%| O|  |TAMS 0x0000000086000000, 0x0000000085f00000| Updating 
|  96|0x0000000086000000, 0x0000000086100000, 0x0000000086100000|100%| O|  |TAMS 0x0000000086100000, 0x0000000086000000| Updating 
|  97|0x0000000086100000, 0x0000000086200000, 0x0000000086200000|100%| O|  |TAMS 0x0000000086200000, 0x0000000086100000| Updating 
|  98|0x0000000086200000, 0x0000000086300000, 0x0000000086300000|100%| O|  |TAMS 0x0000000086300000, 0x0000000086200000| Updating 
|  99|0x0000000086300000, 0x0000000086400000, 0x0000000086400000|100%|HS|  |TAMS 0x0000000086300000, 0x0000000086300000| Complete 
| 100|0x0000000086400000, 0x0000000086500000, 0x0000000086500000|100%|HC|  |TAMS 0x0000000086400000, 0x0000000086400000| Complete 
| 101|0x0000000086500000, 0x0000000086600000, 0x0000000086600000|100%| O|  |TAMS 0x0000000086600000, 0x0000000086500000| Updating 
| 102|0x0000000086600000, 0x0000000086700000, 0x0000000086700000|100%| O|  |TAMS 0x0000000086700000, 0x0000000086600000| Updating 
| 103|0x0000000086700000, 0x0000000086800000, 0x0000000086800000|100%| O|  |TAMS 0x0000000086800000, 0x0000000086700000| Updating 
| 104|0x0000000086800000, 0x0000000086800000, 0x0000000086900000|  0%| F|  |TAMS 0x0000000086800000, 0x0000000086800000| Untracked 
| 105|0x0000000086900000, 0x0000000086a00000, 0x0000000086a00000|100%| O|  |TAMS 0x0000000086a00000, 0x0000000086900000| Updating 
| 106|0x0000000086a00000, 0x0000000086b00000, 0x0000000086b00000|100%| O|  |TAMS 0x0000000086b00000, 0x0000000086a00000| Updating 
| 107|0x0000000086b00000, 0x0000000086c00000, 0x0000000086c00000|100%| O|  |TAMS 0x0000000086c00000, 0x0000000086b00000| Updating 
| 108|0x0000000086c00000, 0x0000000086d00000, 0x0000000086d00000|100%| O|  |TAMS 0x0000000086d00000, 0x0000000086c00000| Updating 
| 109|0x0000000086d00000, 0x0000000086e00000, 0x0000000086e00000|100%| O|  |TAMS 0x0000000086e00000, 0x0000000086d00000| Updating 
| 110|0x0000000086e00000, 0x0000000086f00000, 0x0000000086f00000|100%| O|  |TAMS 0x0000000086f00000, 0x0000000086e00000| Updating 
| 111|0x0000000086f00000, 0x0000000087000000, 0x0000000087000000|100%| O|  |TAMS 0x0000000087000000, 0x0000000086f00000| Updating 
| 112|0x0000000087000000, 0x0000000087000000, 0x0000000087100000|  0%| F|  |TAMS 0x0000000087000000, 0x0000000087000000| Untracked 
| 113|0x0000000087100000, 0x0000000087100000, 0x0000000087200000|  0%| F|  |TAMS 0x0000000087100000, 0x0000000087100000| Untracked 
| 114|0x0000000087200000, 0x0000000087200000, 0x0000000087300000|  0%| F|  |TAMS 0x0000000087200000, 0x0000000087200000| Untracked 
| 115|0x0000000087300000, 0x0000000087400000, 0x0000000087400000|100%| O|  |TAMS 0x0000000087400000, 0x0000000087300000| Updating 
| 116|0x0000000087400000, 0x0000000087400000, 0x0000000087500000|  0%| F|  |TAMS 0x0000000087400000, 0x0000000087400000| Untracked 
| 117|0x0000000087500000, 0x0000000087500000, 0x0000000087600000|  0%| F|  |TAMS 0x0000000087500000, 0x0000000087500000| Untracked 
| 118|0x0000000087600000, 0x0000000087600000, 0x0000000087700000|  0%| F|  |TAMS 0x0000000087600000, 0x0000000087600000| Untracked 
| 119|0x0000000087700000, 0x0000000087700000, 0x0000000087800000|  0%| F|  |TAMS 0x0000000087700000, 0x0000000087700000| Untracked 
| 120|0x0000000087800000, 0x0000000087800000, 0x0000000087900000|  0%| F|  |TAMS 0x0000000087800000, 0x0000000087800000| Untracked 
| 121|0x0000000087900000, 0x0000000087900000, 0x0000000087a00000|  0%| F|  |TAMS 0x0000000087900000, 0x0000000087900000| Untracked 
| 122|0x0000000087a00000, 0x0000000087a00000, 0x0000000087b00000|  0%| F|  |TAMS 0x0000000087a00000, 0x0000000087a00000| Untracked 
| 123|0x0000000087b00000, 0x0000000087b00000, 0x0000000087c00000|  0%| F|  |TAMS 0x0000000087b00000, 0x0000000087b00000| Untracked 
| 124|0x0000000087c00000, 0x0000000087c00000, 0x0000000087d00000|  0%| F|  |TAMS 0x0000000087c00000, 0x0000000087c00000| Untracked 
| 125|0x0000000087d00000, 0x0000000087d00000, 0x0000000087e00000|  0%| F|  |TAMS 0x0000000087d00000, 0x0000000087d00000| Untracked 
| 126|0x0000000087e00000, 0x0000000087e00000, 0x0000000087f00000|  0%| F|  |TAMS 0x0000000087e00000, 0x0000000087e00000| Untracked 
| 127|0x0000000087f00000, 0x0000000087f00000, 0x0000000088000000|  0%| F|  |TAMS 0x0000000087f00000, 0x0000000087f00000| Untracked 
| 128|0x0000000088000000, 0x0000000088000000, 0x0000000088100000|  0%| F|  |TAMS 0x0000000088000000, 0x0000000088000000| Untracked 
| 129|0x0000000088100000, 0x0000000088100000, 0x0000000088200000|  0%| F|  |TAMS 0x0000000088100000, 0x0000000088100000| Untracked 
| 130|0x0000000088200000, 0x0000000088200000, 0x0000000088300000|  0%| F|  |TAMS 0x0000000088200000, 0x0000000088200000| Untracked 
| 131|0x0000000088300000, 0x0000000088300000, 0x0000000088400000|  0%| F|  |TAMS 0x0000000088300000, 0x0000000088300000| Untracked 
| 132|0x0000000088400000, 0x0000000088400000, 0x0000000088500000|  0%| F|  |TAMS 0x0000000088400000, 0x0000000088400000| Untracked 
| 133|0x0000000088500000, 0x0000000088600000, 0x0000000088600000|100%| O|  |TAMS 0x0000000088600000, 0x0000000088500000| Updating 
| 134|0x0000000088600000, 0x0000000088600000, 0x0000000088700000|  0%| F|  |TAMS 0x0000000088600000, 0x0000000088600000| Untracked 
| 135|0x0000000088700000, 0x0000000088700000, 0x0000000088800000|  0%| F|  |TAMS 0x0000000088700000, 0x0000000088700000| Untracked 
| 136|0x0000000088800000, 0x0000000088800000, 0x0000000088900000|  0%| F|  |TAMS 0x0000000088800000, 0x0000000088800000| Untracked 
| 137|0x0000000088900000, 0x0000000088900000, 0x0000000088a00000|  0%| F|  |TAMS 0x0000000088900000, 0x0000000088900000| Untracked 
| 138|0x0000000088a00000, 0x0000000088a00000, 0x0000000088b00000|  0%| F|  |TAMS 0x0000000088a00000, 0x0000000088a00000| Untracked 
| 139|0x0000000088b00000, 0x0000000088b00000, 0x0000000088c00000|  0%| F|  |TAMS 0x0000000088b00000, 0x0000000088b00000| Untracked 
| 140|0x0000000088c00000, 0x0000000088c00000, 0x0000000088d00000|  0%| F|  |TAMS 0x0000000088c00000, 0x0000000088c00000| Untracked 
| 141|0x0000000088d00000, 0x0000000088d00000, 0x0000000088e00000|  0%| F|  |TAMS 0x0000000088d00000, 0x0000000088d00000| Untracked 
| 142|0x0000000088e00000, 0x0000000088e00000, 0x0000000088f00000|  0%| F|  |TAMS 0x0000000088e00000, 0x0000000088e00000| Untracked 
| 143|0x0000000088f00000, 0x0000000088f00000, 0x0000000089000000|  0%| F|  |TAMS 0x0000000088f00000, 0x0000000088f00000| Untracked 
| 144|0x0000000089000000, 0x0000000089000000, 0x0000000089100000|  0%| F|  |TAMS 0x0000000089000000, 0x0000000089000000| Untracked 
| 145|0x0000000089100000, 0x0000000089200000, 0x0000000089200000|100%| O|  |TAMS 0x0000000089200000, 0x0000000089100000| Updating 
| 146|0x0000000089200000, 0x0000000089200000, 0x0000000089300000|  0%| F|  |TAMS 0x0000000089200000, 0x0000000089200000| Untracked 
| 147|0x0000000089300000, 0x0000000089300000, 0x0000000089400000|  0%| F|  |TAMS 0x0000000089300000, 0x0000000089300000| Untracked 
| 148|0x0000000089400000, 0x0000000089400000, 0x0000000089500000|  0%| F|  |TAMS 0x0000000089400000, 0x0000000089400000| Untracked 
| 149|0x0000000089500000, 0x0000000089500000, 0x0000000089600000|  0%| F|  |TAMS 0x0000000089500000, 0x0000000089500000| Untracked 
| 150|0x0000000089600000, 0x0000000089600000, 0x0000000089700000|  0%| F|  |TAMS 0x0000000089600000, 0x0000000089600000| Untracked 
| 151|0x0000000089700000, 0x0000000089700000, 0x0000000089800000|  0%| F|  |TAMS 0x0000000089700000, 0x0000000089700000| Untracked 
| 152|0x0000000089800000, 0x0000000089800000, 0x0000000089900000|  0%| F|  |TAMS 0x0000000089800000, 0x0000000089800000| Untracked 
| 153|0x0000000089900000, 0x0000000089900000, 0x0000000089a00000|  0%| F|  |TAMS 0x0000000089900000, 0x0000000089900000| Untracked 
| 154|0x0000000089a00000, 0x0000000089a00000, 0x0000000089b00000|  0%| F|  |TAMS 0x0000000089a00000, 0x0000000089a00000| Untracked 
| 155|0x0000000089b00000, 0x0000000089b00000, 0x0000000089c00000|  0%| F|  |TAMS 0x0000000089b00000, 0x0000000089b00000| Untracked 
| 156|0x0000000089c00000, 0x0000000089c00000, 0x0000000089d00000|  0%| F|  |TAMS 0x0000000089c00000, 0x0000000089c00000| Untracked 
| 157|0x0000000089d00000, 0x0000000089e00000, 0x0000000089e00000|100%| O|  |TAMS 0x0000000089e00000, 0x0000000089d00000| Updating 
| 158|0x0000000089e00000, 0x0000000089e00000, 0x0000000089f00000|  0%| F|  |TAMS 0x0000000089e00000, 0x0000000089e00000| Untracked 
| 159|0x0000000089f00000, 0x000000008a000000, 0x000000008a000000|100%| O|  |TAMS 0x000000008a000000, 0x0000000089f00000| Updating 
| 160|0x000000008a000000, 0x000000008a000000, 0x000000008a100000|  0%| F|  |TAMS 0x000000008a000000, 0x000000008a000000| Untracked 
| 161|0x000000008a100000, 0x000000008a100000, 0x000000008a200000|  0%| F|  |TAMS 0x000000008a100000, 0x000000008a100000| Untracked 
| 162|0x000000008a200000, 0x000000008a200000, 0x000000008a300000|  0%| F|  |TAMS 0x000000008a200000, 0x000000008a200000| Untracked 
| 163|0x000000008a300000, 0x000000008a300000, 0x000000008a400000|  0%| F|  |TAMS 0x000000008a300000, 0x000000008a300000| Untracked 
| 164|0x000000008a400000, 0x000000008a400000, 0x000000008a500000|  0%| F|  |TAMS 0x000000008a400000, 0x000000008a400000| Untracked 
| 165|0x000000008a500000, 0x000000008a500000, 0x000000008a600000|  0%| F|  |TAMS 0x000000008a500000, 0x000000008a500000| Untracked 
| 166|0x000000008a600000, 0x000000008a600000, 0x000000008a700000|  0%| F|  |TAMS 0x000000008a600000, 0x000000008a600000| Untracked 
| 167|0x000000008a700000, 0x000000008a700000, 0x000000008a800000|  0%| F|  |TAMS 0x000000008a700000, 0x000000008a700000| Untracked 
| 168|0x000000008a800000, 0x000000008a800000, 0x000000008a900000|  0%| F|  |TAMS 0x000000008a800000, 0x000000008a800000| Untracked 
| 169|0x000000008a900000, 0x000000008a900000, 0x000000008aa00000|  0%| F|  |TAMS 0x000000008a900000, 0x000000008a900000| Untracked 
| 170|0x000000008aa00000, 0x000000008aa00000, 0x000000008ab00000|  0%| F|  |TAMS 0x000000008aa00000, 0x000000008aa00000| Untracked 
| 171|0x000000008ab00000, 0x000000008ab00000, 0x000000008ac00000|  0%| F|  |TAMS 0x000000008ab00000, 0x000000008ab00000| Untracked 
| 172|0x000000008ac00000, 0x000000008ac00000, 0x000000008ad00000|  0%| F|  |TAMS 0x000000008ac00000, 0x000000008ac00000| Untracked 
| 173|0x000000008ad00000, 0x000000008ad00000, 0x000000008ae00000|  0%| F|  |TAMS 0x000000008ad00000, 0x000000008ad00000| Untracked 
| 174|0x000000008ae00000, 0x000000008ae00000, 0x000000008af00000|  0%| F|  |TAMS 0x000000008ae00000, 0x000000008ae00000| Untracked 
| 175|0x000000008af00000, 0x000000008af00000, 0x000000008b000000|  0%| F|  |TAMS 0x000000008af00000, 0x000000008af00000| Untracked 
| 176|0x000000008b000000, 0x000000008b000000, 0x000000008b100000|  0%| F|  |TAMS 0x000000008b000000, 0x000000008b000000| Untracked 
| 177|0x000000008b100000, 0x000000008b100000, 0x000000008b200000|  0%| F|  |TAMS 0x000000008b100000, 0x000000008b100000| Untracked 
| 178|0x000000008b200000, 0x000000008b200000, 0x000000008b300000|  0%| F|  |TAMS 0x000000008b200000, 0x000000008b200000| Untracked 
| 179|0x000000008b300000, 0x000000008b300000, 0x000000008b400000|  0%| F|  |TAMS 0x000000008b300000, 0x000000008b300000| Untracked 
| 180|0x000000008b400000, 0x000000008b400000, 0x000000008b500000|  0%| F|  |TAMS 0x000000008b400000, 0x000000008b400000| Untracked 
| 181|0x000000008b500000, 0x000000008b500000, 0x000000008b600000|  0%| F|  |TAMS 0x000000008b500000, 0x000000008b500000| Untracked 
| 182|0x000000008b600000, 0x000000008b600000, 0x000000008b700000|  0%| F|  |TAMS 0x000000008b600000, 0x000000008b600000| Untracked 
| 183|0x000000008b700000, 0x000000008b700000, 0x000000008b800000|  0%| F|  |TAMS 0x000000008b700000, 0x000000008b700000| Untracked 
| 184|0x000000008b800000, 0x000000008b800000, 0x000000008b900000|  0%| F|  |TAMS 0x000000008b800000, 0x000000008b800000| Untracked 
| 185|0x000000008b900000, 0x000000008b900000, 0x000000008ba00000|  0%| F|  |TAMS 0x000000008b900000, 0x000000008b900000| Untracked 
| 186|0x000000008ba00000, 0x000000008ba00000, 0x000000008bb00000|  0%| F|  |TAMS 0x000000008ba00000, 0x000000008ba00000| Untracked 
| 187|0x000000008bb00000, 0x000000008bb00000, 0x000000008bc00000|  0%| F|  |TAMS 0x000000008bb00000, 0x000000008bb00000| Untracked 
| 188|0x000000008bc00000, 0x000000008bc00000, 0x000000008bd00000|  0%| F|  |TAMS 0x000000008bc00000, 0x000000008bc00000| Untracked 
| 189|0x000000008bd00000, 0x000000008bd00000, 0x000000008be00000|  0%| F|  |TAMS 0x000000008bd00000, 0x000000008bd00000| Untracked 
| 190|0x000000008be00000, 0x000000008be00000, 0x000000008bf00000|  0%| F|  |TAMS 0x000000008be00000, 0x000000008be00000| Untracked 
| 191|0x000000008bf00000, 0x000000008bf00000, 0x000000008c000000|  0%| F|  |TAMS 0x000000008bf00000, 0x000000008bf00000| Untracked 
| 192|0x000000008c000000, 0x000000008c000000, 0x000000008c100000|  0%| F|  |TAMS 0x000000008c000000, 0x000000008c000000| Untracked 
| 193|0x000000008c100000, 0x000000008c100000, 0x000000008c200000|  0%| F|  |TAMS 0x000000008c100000, 0x000000008c100000| Untracked 
| 194|0x000000008c200000, 0x000000008c200000, 0x000000008c300000|  0%| F|  |TAMS 0x000000008c200000, 0x000000008c200000| Untracked 
| 195|0x000000008c300000, 0x000000008c300000, 0x000000008c400000|  0%| F|  |TAMS 0x000000008c300000, 0x000000008c300000| Untracked 
| 196|0x000000008c400000, 0x000000008c400000, 0x000000008c500000|  0%| F|  |TAMS 0x000000008c400000, 0x000000008c400000| Untracked 
| 197|0x000000008c500000, 0x000000008c500000, 0x000000008c600000|  0%| F|  |TAMS 0x000000008c500000, 0x000000008c500000| Untracked 
| 198|0x000000008c600000, 0x000000008c600000, 0x000000008c700000|  0%| F|  |TAMS 0x000000008c600000, 0x000000008c600000| Untracked 
| 199|0x000000008c700000, 0x000000008c700000, 0x000000008c800000|  0%| F|  |TAMS 0x000000008c700000, 0x000000008c700000| Untracked 
| 200|0x000000008c800000, 0x000000008c800000, 0x000000008c900000|  0%| F|  |TAMS 0x000000008c800000, 0x000000008c800000| Untracked 
| 201|0x000000008c900000, 0x000000008c900000, 0x000000008ca00000|  0%| F|  |TAMS 0x000000008c900000, 0x000000008c900000| Untracked 
| 202|0x000000008ca00000, 0x000000008ca00000, 0x000000008cb00000|  0%| F|  |TAMS 0x000000008ca00000, 0x000000008ca00000| Untracked 
| 203|0x000000008cb00000, 0x000000008cb00000, 0x000000008cc00000|  0%| F|  |TAMS 0x000000008cb00000, 0x000000008cb00000| Untracked 
| 204|0x000000008cc00000, 0x000000008cc00000, 0x000000008cd00000|  0%| F|  |TAMS 0x000000008cc00000, 0x000000008cc00000| Untracked 
| 205|0x000000008cd00000, 0x000000008cd00000, 0x000000008ce00000|  0%| F|  |TAMS 0x000000008cd00000, 0x000000008cd00000| Untracked 
| 206|0x000000008ce00000, 0x000000008ce00000, 0x000000008cf00000|  0%| F|  |TAMS 0x000000008ce00000, 0x000000008ce00000| Untracked 
| 207|0x000000008cf00000, 0x000000008cf00000, 0x000000008d000000|  0%| F|  |TAMS 0x000000008cf00000, 0x000000008cf00000| Untracked 
| 208|0x000000008d000000, 0x000000008d000000, 0x000000008d100000|  0%| F|  |TAMS 0x000000008d000000, 0x000000008d000000| Untracked 
| 209|0x000000008d100000, 0x000000008d100000, 0x000000008d200000|  0%| F|  |TAMS 0x000000008d100000, 0x000000008d100000| Untracked 
| 210|0x000000008d200000, 0x000000008d200000, 0x000000008d300000|  0%| F|  |TAMS 0x000000008d200000, 0x000000008d200000| Untracked 
| 211|0x000000008d300000, 0x000000008d300000, 0x000000008d400000|  0%| F|  |TAMS 0x000000008d300000, 0x000000008d300000| Untracked 
| 212|0x000000008d400000, 0x000000008d400000, 0x000000008d500000|  0%| F|  |TAMS 0x000000008d400000, 0x000000008d400000| Untracked 
| 213|0x000000008d500000, 0x000000008d500000, 0x000000008d600000|  0%| F|  |TAMS 0x000000008d500000, 0x000000008d500000| Untracked 
| 214|0x000000008d600000, 0x000000008d600000, 0x000000008d700000|  0%| F|  |TAMS 0x000000008d600000, 0x000000008d600000| Untracked 
| 215|0x000000008d700000, 0x000000008d700000, 0x000000008d800000|  0%| F|  |TAMS 0x000000008d700000, 0x000000008d700000| Untracked 
| 216|0x000000008d800000, 0x000000008d800000, 0x000000008d900000|  0%| F|  |TAMS 0x000000008d800000, 0x000000008d800000| Untracked 
| 217|0x000000008d900000, 0x000000008d900000, 0x000000008da00000|  0%| F|  |TAMS 0x000000008d900000, 0x000000008d900000| Untracked 
| 218|0x000000008da00000, 0x000000008da00000, 0x000000008db00000|  0%| F|  |TAMS 0x000000008da00000, 0x000000008da00000| Untracked 
| 219|0x000000008db00000, 0x000000008db00000, 0x000000008dc00000|  0%| F|  |TAMS 0x000000008db00000, 0x000000008db00000| Untracked 
| 220|0x000000008dc00000, 0x000000008dc00000, 0x000000008dd00000|  0%| F|  |TAMS 0x000000008dc00000, 0x000000008dc00000| Untracked 
| 221|0x000000008dd00000, 0x000000008dd00000, 0x000000008de00000|  0%| F|  |TAMS 0x000000008dd00000, 0x000000008dd00000| Untracked 
| 222|0x000000008de00000, 0x000000008de00000, 0x000000008df00000|  0%| F|  |TAMS 0x000000008de00000, 0x000000008de00000| Untracked 
| 223|0x000000008df00000, 0x000000008df00000, 0x000000008e000000|  0%| F|  |TAMS 0x000000008df00000, 0x000000008df00000| Untracked 
| 224|0x000000008e000000, 0x000000008e000000, 0x000000008e100000|  0%| F|  |TAMS 0x000000008e000000, 0x000000008e000000| Untracked 
| 225|0x000000008e100000, 0x000000008e100000, 0x000000008e200000|  0%| F|  |TAMS 0x000000008e100000, 0x000000008e100000| Untracked 
| 226|0x000000008e200000, 0x000000008e200000, 0x000000008e300000|  0%| F|  |TAMS 0x000000008e200000, 0x000000008e200000| Untracked 
| 227|0x000000008e300000, 0x000000008e300000, 0x000000008e400000|  0%| F|  |TAMS 0x000000008e300000, 0x000000008e300000| Untracked 
| 228|0x000000008e400000, 0x000000008e400000, 0x000000008e500000|  0%| F|  |TAMS 0x000000008e400000, 0x000000008e400000| Untracked 
| 229|0x000000008e500000, 0x000000008e500000, 0x000000008e600000|  0%| F|  |TAMS 0x000000008e500000, 0x000000008e500000| Untracked 
| 230|0x000000008e600000, 0x000000008e600000, 0x000000008e700000|  0%| F|  |TAMS 0x000000008e600000, 0x000000008e600000| Untracked 
| 231|0x000000008e700000, 0x000000008e700000, 0x000000008e800000|  0%| F|  |TAMS 0x000000008e700000, 0x000000008e700000| Untracked 
| 232|0x000000008e800000, 0x000000008e8cc1f0, 0x000000008e900000| 79%| E|  |TAMS 0x000000008e800000, 0x000000008e800000| Complete 
| 233|0x000000008e900000, 0x000000008ea00000, 0x000000008ea00000|100%| E|CS|TAMS 0x000000008e900000, 0x000000008e900000| Complete 
| 234|0x000000008ea00000, 0x000000008eb00000, 0x000000008eb00000|100%| E|CS|TAMS 0x000000008ea00000, 0x000000008ea00000| Complete 
| 235|0x000000008eb00000, 0x000000008ec00000, 0x000000008ec00000|100%| E|CS|TAMS 0x000000008eb00000, 0x000000008eb00000| Complete 
| 236|0x000000008ec00000, 0x000000008ed00000, 0x000000008ed00000|100%| E|CS|TAMS 0x000000008ec00000, 0x000000008ec00000| Complete 
| 237|0x000000008ed00000, 0x000000008ee00000, 0x000000008ee00000|100%| E|CS|TAMS 0x000000008ed00000, 0x000000008ed00000| Complete 
| 238|0x000000008ee00000, 0x000000008ef00000, 0x000000008ef00000|100%| E|CS|TAMS 0x000000008ee00000, 0x000000008ee00000| Complete 
| 239|0x000000008ef00000, 0x000000008f000000, 0x000000008f000000|100%| E|CS|TAMS 0x000000008ef00000, 0x000000008ef00000| Complete 
| 240|0x000000008f000000, 0x000000008f100000, 0x000000008f100000|100%| E|CS|TAMS 0x000000008f000000, 0x000000008f000000| Complete 
| 241|0x000000008f100000, 0x000000008f200000, 0x000000008f200000|100%| E|CS|TAMS 0x000000008f100000, 0x000000008f100000| Complete 
| 242|0x000000008f200000, 0x000000008f300000, 0x000000008f300000|100%| E|CS|TAMS 0x000000008f200000, 0x000000008f200000| Complete 
| 243|0x000000008f300000, 0x000000008f400000, 0x000000008f400000|100%| E|CS|TAMS 0x000000008f300000, 0x000000008f300000| Complete 
| 244|0x000000008f400000, 0x000000008f500000, 0x000000008f500000|100%| E|CS|TAMS 0x000000008f400000, 0x000000008f400000| Complete 
| 245|0x000000008f500000, 0x000000008f600000, 0x000000008f600000|100%| E|CS|TAMS 0x000000008f500000, 0x000000008f500000| Complete 
| 246|0x000000008f600000, 0x000000008f63ee08, 0x000000008f700000| 24%| S|CS|TAMS 0x000000008f600000, 0x000000008f600000| Complete 
| 247|0x000000008f700000, 0x000000008f800000, 0x000000008f800000|100%| S|CS|TAMS 0x000000008f700000, 0x000000008f700000| Complete 
| 248|0x000000008f800000, 0x000000008f900000, 0x000000008f900000|100%| S|CS|TAMS 0x000000008f800000, 0x000000008f800000| Complete 
| 249|0x000000008f900000, 0x000000008fa00000, 0x000000008fa00000|100%| E|CS|TAMS 0x000000008f900000, 0x000000008f900000| Complete 
| 250|0x000000008fa00000, 0x000000008fb00000, 0x000000008fb00000|100%| E|CS|TAMS 0x000000008fa00000, 0x000000008fa00000| Complete 
| 251|0x000000008fb00000, 0x000000008fc00000, 0x000000008fc00000|100%| E|CS|TAMS 0x000000008fb00000, 0x000000008fb00000| Complete 
| 252|0x000000008fc00000, 0x000000008fd00000, 0x000000008fd00000|100%| E|CS|TAMS 0x000000008fc00000, 0x000000008fc00000| Complete 
| 253|0x000000008fd00000, 0x000000008fe00000, 0x000000008fe00000|100%| E|CS|TAMS 0x000000008fd00000, 0x000000008fd00000| Complete 
| 254|0x000000008fe00000, 0x000000008ff00000, 0x000000008ff00000|100%| E|CS|TAMS 0x000000008fe00000, 0x000000008fe00000| Complete 
| 255|0x000000008ff00000, 0x0000000090000000, 0x0000000090000000|100%| E|CS|TAMS 0x000000008ff00000, 0x000000008ff00000| Complete 

Card table byte_map: [0x0000020ec5f90000,0x0000020ec6390000] _byte_map_base: 0x0000020ec5b90000

Marking Bits (Prev, Next): (CMBitMap*) 0x0000020eb12a3710, (CMBitMap*) 0x0000020eb12a36d8
 Prev Bits: [0x0000020ec8790000, 0x0000020eca790000)
 Next Bits: [0x0000020ec6790000, 0x0000020ec8790000)

Polling page: 0x0000020eb1340000

Metaspace:

Usage:
  Non-class:    121.02 MB capacity,   118.63 MB ( 98%) used,     1.91 MB (  2%) free+waste,   485.38 KB ( <1%) overhead. 
      Class:     18.34 MB capacity,    16.92 MB ( 92%) used,     1.21 MB (  7%) free+waste,   213.44 KB (  1%) overhead. 
       Both:    139.36 MB capacity,   135.55 MB ( 97%) used,     3.12 MB (  2%) free+waste,   698.81 KB ( <1%) overhead. 

Virtual space:
  Non-class space:      122.00 MB reserved,     121.10 MB (>99%) committed 
      Class space:        1.00 GB reserved,      18.45 MB (  2%) committed 
             Both:        1.12 GB reserved,     139.55 MB ( 12%) committed 

Chunk freelists:
   Non-Class:  20.00 KB
       Class:  96.00 KB
        Both:  116.00 KB

MaxMetaspaceSize: 17179869184.00 GB
CompressedClassSpaceSize: 1.00 GB
Initial GC threshold: 20.80 MB
Current GC threshold: 232.58 MB
CDS: off

CodeHeap 'non-profiled nmethods': size=120064Kb used=15167Kb max_used=15167Kb free=104896Kb
 bounds [0x0000020ebe030000, 0x0000020ebef00000, 0x0000020ec5570000]
CodeHeap 'profiled nmethods': size=120000Kb used=47276Kb max_used=47276Kb free=72723Kb
 bounds [0x0000020eb6b00000, 0x0000020eb9930000, 0x0000020ebe030000]
CodeHeap 'non-nmethods': size=5696Kb used=2487Kb max_used=2542Kb free=3208Kb
 bounds [0x0000020eb6570000, 0x0000020eb6800000, 0x0000020eb6b00000]
 total_blobs=21604 nmethods=20575 adapters=939
 compilation: enabled
              stopped_count=0, restarted_count=0
 full_count=0

Compilation events (20 events):
Event: 2792.184 Thread 0x0000020ecce0d800 22356       2       org.apache.xerces.dom.ElementImpl::getAttribute (49 bytes)
Event: 2792.185 Thread 0x0000020ecce0d800 nmethod 22356 0x0000020eb9922e90 code [0x0000020eb9923080, 0x0000020eb9923358]
Event: 2792.186 Thread 0x0000020ecce0d800 22361       2       com.android.resources.ResourceFolderType::getFolderType (24 bytes)
Event: 2792.187 Thread 0x0000020ecce0d800 nmethod 22361 0x0000020eb9923510 code [0x0000020eb99236e0, 0x0000020eb9923898]
Event: 2792.189 Thread 0x0000020ecce0d800 22363   !   2       com.android.ide.common.resources.ResourceSet::createFileAndItemsFromXml (583 bytes)
Event: 2792.202 Thread 0x0000020ecce0d800 nmethod 22363 0x0000020eb9923a10 code [0x0000020eb9924280, 0x0000020eb99272e8]
Event: 2792.202 Thread 0x0000020ecce0d800 22364       2       com.android.ide.common.resources.configuration.FolderConfiguration::getConfigForQualifierString (26 bytes)
Event: 2792.203 Thread 0x0000020ecce0d800 nmethod 22364 0x0000020eb9929190 code [0x0000020eb99293c0, 0x0000020eb9929a98]
Event: 2792.210 Thread 0x0000020ecce0d800 22365       2       com.android.ide.common.resources.ResourceSet::<init> (37 bytes)
Event: 2792.210 Thread 0x0000020ecce0d800 nmethod 22365 0x0000020eb9929d90 code [0x0000020eb9929f60, 0x0000020eb992a1c8]
Event: 2792.210 Thread 0x0000020ecce0d800 22366       2       com.google.common.collect.LinkedListMultimap::create (8 bytes)
Event: 2792.212 Thread 0x0000020ecce0d800 nmethod 22366 0x0000020eb992a290 code [0x0000020eb992a480, 0x0000020eb992a6d8]
Event: 2792.254 Thread 0x0000020ecce0d800 22367       2       com.android.ide.common.resources.AndroidAaptIgnore::<init> (10 bytes)
Event: 2792.254 Thread 0x0000020ecce0d800 nmethod 22367 0x0000020eb992a810 code [0x0000020eb992a9c0, 0x0000020eb992aaf8]
Event: 2792.255 Thread 0x0000020ecce0d800 22368       2       com.android.ide.common.resources.PatternBasedFileFilter::<init> (65 bytes)
Event: 2792.257 Thread 0x0000020ecce0d800 nmethod 22368 0x0000020eb992ab90 code [0x0000020eb992adc0, 0x0000020eb992b368]
Event: 2792.258 Thread 0x0000020ecce0d800 22369       2       com.google.common.base.Splitter::<init> (26 bytes)
Event: 2792.258 Thread 0x0000020ecce0d800 nmethod 22369 0x0000020eb992b690 code [0x0000020eb992b840, 0x0000020eb992b9f8]
Event: 2792.275 Thread 0x0000020ecce09000 nmethod 22346 0x0000020ebeef3410 code [0x0000020ebeef36e0, 0x0000020ebeef5590]
Event: 2792.276 Thread 0x0000020ecce09000 22341       4       org.apache.xerces.impl.XMLEntityScanner::scanQName (479 bytes)

GC Heap History (20 events):
Event: 2736.320 GC heap before
{Heap before GC invocations=107 (full 0):
 garbage-first heap   total 262144K, used 149504K [0x0000000080000000, 0x0000000100000000)
  region size 1024K, 12 young (12288K), 2 survivors (2048K)
 Metaspace       used 135789K, capacity 139543K, committed 140208K, reserved 1171456K
  class space    used 17004K, capacity 18404K, committed 18764K, reserved 1048576K
}
Event: 2736.396 GC heap after
{Heap after GC invocations=108 (full 0):
 garbage-first heap   total 262144K, used 136428K [0x0000000080000000, 0x0000000100000000)
  region size 1024K, 1 young (1024K), 1 survivors (1024K)
 Metaspace       used 135789K, capacity 139543K, committed 140208K, reserved 1171456K
  class space    used 17004K, capacity 18404K, committed 18764K, reserved 1048576K
}
Event: 2738.766 GC heap before
{Heap before GC invocations=108 (full 0):
 garbage-first heap   total 262144K, used 146668K [0x0000000080000000, 0x0000000100000000)
  region size 1024K, 12 young (12288K), 1 survivors (1024K)
 Metaspace       used 136421K, capacity 140197K, committed 140976K, reserved 1171456K
  class space    used 17074K, capacity 18471K, committed 18764K, reserved 1048576K
}
Event: 2738.814 GC heap after
{Heap after GC invocations=109 (full 0):
 garbage-first heap   total 262144K, used 133120K [0x0000000080000000, 0x0000000100000000)
  region size 1024K, 1 young (1024K), 1 survivors (1024K)
 Metaspace       used 136421K, capacity 140197K, committed 140976K, reserved 1171456K
  class space    used 17074K, capacity 18471K, committed 18764K, reserved 1048576K
}
Event: 2741.249 GC heap before
{Heap before GC invocations=109 (full 0):
 garbage-first heap   total 262144K, used 144384K [0x0000000080000000, 0x0000000100000000)
  region size 1024K, 12 young (12288K), 1 survivors (1024K)
 Metaspace       used 136562K, capacity 140293K, committed 140976K, reserved 1171456K
  class space    used 17091K, capacity 18503K, committed 18764K, reserved 1048576K
}
Event: 2741.542 GC heap after
{Heap after GC invocations=110 (full 0):
 garbage-first heap   total 262144K, used 134529K [0x0000000080000000, 0x0000000100000000)
  region size 1024K, 2 young (2048K), 2 survivors (2048K)
 Metaspace       used 136562K, capacity 140293K, committed 140976K, reserved 1171456K
  class space    used 17091K, capacity 18503K, committed 18764K, reserved 1048576K
}
Event: 2748.180 GC heap before
{Heap before GC invocations=110 (full 0):
 garbage-first heap   total 262144K, used 161153K [0x0000000080000000, 0x0000000100000000)
  region size 1024K, 29 young (29696K), 2 survivors (2048K)
 Metaspace       used 138119K, capacity 141976K, committed 142384K, reserved 1173504K
  class space    used 17275K, capacity 18733K, committed 18892K, reserved 1048576K
}
Event: 2748.209 GC heap after
{Heap after GC invocations=111 (full 0):
 garbage-first heap   total 262144K, used 137061K [0x0000000080000000, 0x0000000100000000)
  region size 1024K, 4 young (4096K), 4 survivors (4096K)
 Metaspace       used 138119K, capacity 141976K, committed 142384K, reserved 1173504K
  class space    used 17275K, capacity 18733K, committed 18892K, reserved 1048576K
}
Event: 2787.886 GC heap before
{Heap before GC invocations=112 (full 0):
 garbage-first heap   total 262144K, used 194405K [0x0000000080000000, 0x0000000100000000)
  region size 1024K, 55 young (56320K), 4 survivors (4096K)
 Metaspace       used 138595K, capacity 142538K, committed 142896K, reserved 1173504K
  class space    used 17326K, capacity 18780K, committed 18892K, reserved 1048576K
}
Event: 2787.968 GC heap after
{Heap after GC invocations=113 (full 0):
 garbage-first heap   total 262144K, used 128041K [0x0000000080000000, 0x0000000100000000)
  region size 1024K, 4 young (4096K), 4 survivors (4096K)
 Metaspace       used 138595K, capacity 142538K, committed 142896K, reserved 1173504K
  class space    used 17326K, capacity 18780K, committed 18892K, reserved 1048576K
}
Event: 2789.225 GC heap before
{Heap before GC invocations=113 (full 0):
 garbage-first heap   total 262144K, used 136233K [0x0000000080000000, 0x0000000100000000)
  region size 1024K, 12 young (12288K), 4 survivors (4096K)
 Metaspace       used 138610K, capacity 142538K, committed 142896K, reserved 1173504K
  class space    used 17326K, capacity 18780K, committed 18892K, reserved 1048576K
}
Event: 2789.330 GC heap after
{Heap after GC invocations=114 (full 0):
 garbage-first heap   total 262144K, used 120794K [0x0000000080000000, 0x0000000100000000)
  region size 1024K, 2 young (2048K), 2 survivors (2048K)
 Metaspace       used 138610K, capacity 142538K, committed 142896K, reserved 1173504K
  class space    used 17326K, capacity 18780K, committed 18892K, reserved 1048576K
}
Event: 2789.675 GC heap before
{Heap before GC invocations=114 (full 0):
 garbage-first heap   total 262144K, used 130010K [0x0000000080000000, 0x0000000100000000)
  region size 1024K, 12 young (12288K), 2 survivors (2048K)
 Metaspace       used 138618K, capacity 142539K, committed 142896K, reserved 1173504K
  class space    used 17326K, capacity 18780K, committed 18892K, reserved 1048576K
}
Event: 2789.775 GC heap after
{Heap after GC invocations=115 (full 0):
 garbage-first heap   total 262144K, used 115038K [0x0000000080000000, 0x0000000100000000)
  region size 1024K, 1 young (1024K), 1 survivors (1024K)
 Metaspace       used 138618K, capacity 142539K, committed 142896K, reserved 1173504K
  class space    used 17326K, capacity 18780K, committed 18892K, reserved 1048576K
}
Event: 2790.527 GC heap before
{Heap before GC invocations=115 (full 0):
 garbage-first heap   total 262144K, used 126302K [0x0000000080000000, 0x0000000100000000)
  region size 1024K, 12 young (12288K), 1 survivors (1024K)
 Metaspace       used 138705K, capacity 142612K, committed 142896K, reserved 1173504K
  class space    used 17326K, capacity 18780K, committed 18892K, reserved 1048576K
}
Event: 2790.688 GC heap after
{Heap after GC invocations=116 (full 0):
 garbage-first heap   total 262144K, used 113662K [0x0000000080000000, 0x0000000100000000)
  region size 1024K, 2 young (2048K), 2 survivors (2048K)
 Metaspace       used 138705K, capacity 142612K, committed 142896K, reserved 1173504K
  class space    used 17326K, capacity 18780K, committed 18892K, reserved 1048576K
}
Event: 2791.518 GC heap before
{Heap before GC invocations=116 (full 0):
 garbage-first heap   total 262144K, used 123902K [0x0000000080000000, 0x0000000100000000)
  region size 1024K, 12 young (12288K), 2 survivors (2048K)
 Metaspace       used 138766K, capacity 142692K, committed 142896K, reserved 1173504K
  class space    used 17327K, capacity 18782K, committed 18892K, reserved 1048576K
}
Event: 2791.552 GC heap after
{Heap after GC invocations=117 (full 0):
 garbage-first heap   total 262144K, used 115484K [0x0000000080000000, 0x0000000100000000)
  region size 1024K, 2 young (2048K), 2 survivors (2048K)
 Metaspace       used 138766K, capacity 142692K, committed 142896K, reserved 1173504K
  class space    used 17327K, capacity 18782K, committed 18892K, reserved 1048576K
}
Event: 2791.744 GC heap before
{Heap before GC invocations=117 (full 0):
 garbage-first heap   total 262144K, used 121628K [0x0000000080000000, 0x0000000100000000)
  region size 1024K, 9 young (9216K), 2 survivors (2048K)
 Metaspace       used 138773K, capacity 142692K, committed 142896K, reserved 1173504K
  class space    used 17327K, capacity 18782K, committed 18892K, reserved 1048576K
}
Event: 2791.778 GC heap after
{Heap after GC invocations=118 (full 0):
 garbage-first heap   total 262144K, used 115963K [0x0000000080000000, 0x0000000100000000)
  region size 1024K, 3 young (3072K), 3 survivors (3072K)
 Metaspace       used 138773K, capacity 142692K, committed 142896K, reserved 1173504K
  class space    used 17327K, capacity 18782K, committed 18892K, reserved 1048576K
}

Deoptimization events (20 events):
Event: 2790.113 Thread 0x0000020ece8a8800 DEOPT PACKING pc=0x0000020ebeecb754 sp=0x000000f185ff93e0
Event: 2790.113 Thread 0x0000020ece8a8800 DEOPT UNPACKING pc=0x0000020eb65ba1af sp=0x000000f185ff93b8 mode 2
Event: 2790.127 Thread 0x0000020ece8a8800 Uncommon trap: trap_request=0xffffffc6 fr.pc=0x0000020ebeecb754 relative=0x0000000000000df4
Event: 2790.127 Thread 0x0000020ece8a8800 Uncommon trap: reason=bimorphic_or_optimized_type_check action=maybe_recompile pc=0x0000020ebeecb754 method=com.google.common.collect.ImmutableMap.copyOf(Ljava/util/Map;)Lcom/google/common/collect/ImmutableMap; @ 49 c2
Event: 2790.127 Thread 0x0000020ece8a8800 DEOPT PACKING pc=0x0000020ebeecb754 sp=0x000000f185ff93d0
Event: 2790.127 Thread 0x0000020ece8a8800 DEOPT UNPACKING pc=0x0000020eb65ba1af sp=0x000000f185ff93a8 mode 2
Event: 2790.132 Thread 0x0000020ece8a8800 Uncommon trap: trap_request=0xffffffc6 fr.pc=0x0000020ebeecb754 relative=0x0000000000000df4
Event: 2790.132 Thread 0x0000020ece8a8800 Uncommon trap: reason=bimorphic_or_optimized_type_check action=maybe_recompile pc=0x0000020ebeecb754 method=com.google.common.collect.ImmutableMap.copyOf(Ljava/util/Map;)Lcom/google/common/collect/ImmutableMap; @ 49 c2
Event: 2790.132 Thread 0x0000020ece8a8800 DEOPT PACKING pc=0x0000020ebeecb754 sp=0x000000f185ff93d0
Event: 2790.132 Thread 0x0000020ece8a8800 DEOPT UNPACKING pc=0x0000020eb65ba1af sp=0x000000f185ff93a8 mode 2
Event: 2790.143 Thread 0x0000020ece8a8800 Uncommon trap: trap_request=0xffffffc6 fr.pc=0x0000020ebeecb754 relative=0x0000000000000df4
Event: 2790.143 Thread 0x0000020ece8a8800 Uncommon trap: reason=bimorphic_or_optimized_type_check action=maybe_recompile pc=0x0000020ebeecb754 method=com.google.common.collect.ImmutableMap.copyOf(Ljava/util/Map;)Lcom/google/common/collect/ImmutableMap; @ 49 c2
Event: 2790.143 Thread 0x0000020ece8a8800 DEOPT PACKING pc=0x0000020ebeecb754 sp=0x000000f185ff93e0
Event: 2790.143 Thread 0x0000020ece8a8800 DEOPT UNPACKING pc=0x0000020eb65ba1af sp=0x000000f185ff93b8 mode 2
Event: 2791.575 Thread 0x0000020ece8b0800 DEOPT PACKING pc=0x0000020eb83b4b67 sp=0x000000f18a6fa740
Event: 2791.579 Thread 0x0000020ece8b0800 DEOPT UNPACKING pc=0x0000020eb65ba95e sp=0x000000f18a6f9d18 mode 0
Event: 2792.169 Thread 0x0000020ece8b0800 Uncommon trap: trap_request=0xffffff4d fr.pc=0x0000020ebed75224 relative=0x00000000000022a4
Event: 2792.169 Thread 0x0000020ece8b0800 Uncommon trap: reason=unstable_if action=reinterpret pc=0x0000020ebed75224 method=org.apache.xerces.dom.DeferredAttrNSImpl.synchronizeData()V @ 36 c2
Event: 2792.169 Thread 0x0000020ece8b0800 DEOPT PACKING pc=0x0000020ebed75224 sp=0x000000f18a6f9680
Event: 2792.170 Thread 0x0000020ece8b0800 DEOPT UNPACKING pc=0x0000020eb65ba1af sp=0x000000f18a6f9548 mode 2

Classes redefined (0 events):
No events

Internal exceptions (20 events):
Event: 2747.717 Thread 0x0000020ecda64000 Exception <a 'java/lang/NoSuchMethodError'{0x000000008eaa0bb8}: <clinit>> (0x000000008eaa0bb8) thrown at [src/hotspot/share/prims/jni.cpp, line 1367]
Event: 2751.174 Thread 0x0000020ecf0e4800 Exception <a 'java/lang/NoSuchMethodError'{0x000000008f981ac0}: 'void java.lang.invoke.DirectMethodHandle$Holder.invokeStatic(java.lang.Object, long)'> (0x000000008f981ac0) thrown at [src/hotspot/share/interpreter/linkResolver.cpp, line 773]
Event: 2751.182 Thread 0x0000020ecf0e4800 Exception <a 'java/lang/NoSuchMethodError'{0x000000008f98c9b0}: 'java.lang.Object java.lang.invoke.DirectMethodHandle$Holder.invokeStaticInit(java.lang.Object, java.lang.Object, long, java.lang.Object)'> (0x000000008f98c9b0) thrown at [src/hotspot/share/interpreter/linkResolver.cpp, line 773]
Event: 2754.285 Thread 0x0000020ecf0e4800 Exception <a 'java/lang/NoSuchMethodError'{0x000000008f8be0e0}: 'int java.lang.invoke.DirectMethodHandle$Holder.invokeSpecialIFC(java.lang.Object, java.lang.Object, java.lang.Object)'> (0x000000008f8be0e0) thrown at [src/hotspot/share/interpreter/linkResolver.cpp, line 773]
Event: 2779.643 Thread 0x0000020ecf0e4800 Exception <a 'sun/nio/fs/WindowsException'{0x000000008eaeaf30}> (0x000000008eaeaf30) thrown at [src/hotspot/share/prims/jni.cpp, line 617]
Event: 2779.643 Thread 0x0000020ecf0e4800 Exception <a 'sun/nio/fs/WindowsException'{0x000000008eaeb020}> (0x000000008eaeb020) thrown at [src/hotspot/share/prims/jni.cpp, line 617]
Event: 2779.645 Thread 0x0000020ecf0e4800 Implicit null exception at 0x0000020ebe40f6f8 to 0x0000020ebe40f870
Event: 2779.646 Thread 0x0000020ecf0e4800 Implicit null exception at 0x0000020ebe41005f to 0x0000020ebe4101b4
Event: 2782.097 Thread 0x0000020ed2975800 Exception <a 'sun/nio/fs/WindowsException'{0x000000008cb24030}> (0x000000008cb24030) thrown at [src/hotspot/share/prims/jni.cpp, line 617]
Event: 2782.143 Thread 0x0000020ece8a8800 Exception <a 'sun/nio/fs/WindowsException'{0x000000008f7494a8}> (0x000000008f7494a8) thrown at [src/hotspot/share/prims/jni.cpp, line 617]
Event: 2782.143 Thread 0x0000020ece8a8800 Exception <a 'sun/nio/fs/WindowsException'{0x000000008f749530}> (0x000000008f749530) thrown at [src/hotspot/share/prims/jni.cpp, line 617]
Event: 2782.144 Thread 0x0000020ece8a8800 Exception <a 'sun/nio/fs/WindowsException'{0x000000008f74ad90}> (0x000000008f74ad90) thrown at [src/hotspot/share/prims/jni.cpp, line 617]
Event: 2789.987 Thread 0x0000020ece8a8800 Exception <a 'sun/nio/fs/WindowsException'{0x000000008fd970e8}> (0x000000008fd970e8) thrown at [src/hotspot/share/prims/jni.cpp, line 617]
Event: 2790.294 Thread 0x0000020ece8a8800 Exception <a 'java/lang/NoClassDefFoundError'{0x000000008f827d38}: org/jetbrains/kotlin/gradle/plugin/KotlinBasePluginWrapper> (0x000000008f827d38) thrown at [src/hotspot/share/oops/constantPool.cpp, line 775]
Event: 2790.387 Thread 0x0000020ece8a8800 Exception <a 'sun/nio/fs/WindowsException'{0x000000008f7c1750}> (0x000000008f7c1750) thrown at [src/hotspot/share/prims/jni.cpp, line 617]
Event: 2790.446 Thread 0x0000020ece8a8800 Exception <a 'sun/nio/fs/WindowsException'{0x000000008f65f460}> (0x000000008f65f460) thrown at [src/hotspot/share/prims/jni.cpp, line 617]
Event: 2790.448 Thread 0x0000020ece8a8800 Exception <a 'sun/nio/fs/WindowsException'{0x000000008f6607d8}> (0x000000008f6607d8) thrown at [src/hotspot/share/prims/jni.cpp, line 617]
Event: 2790.448 Thread 0x0000020ece8a8800 Exception <a 'sun/nio/fs/WindowsException'{0x000000008f661ba0}> (0x000000008f661ba0) thrown at [src/hotspot/share/prims/jni.cpp, line 617]
Event: 2790.448 Thread 0x0000020ece8a8800 Exception <a 'sun/nio/fs/WindowsException'{0x000000008f662f68}> (0x000000008f662f68) thrown at [src/hotspot/share/prims/jni.cpp, line 617]
Event: 2791.010 Thread 0x0000020ece8a8800 Exception <a 'sun/nio/fs/WindowsException'{0x000000008fd969e8}> (0x000000008fd969e8) thrown at [src/hotspot/share/prims/jni.cpp, line 617]

Events (20 events):
Event: 2791.031 Thread 0x0000020ece8b0000 Thread added: 0x0000020ece8b0000
Event: 2791.034 Thread 0x0000020ece8ad800 Thread added: 0x0000020ece8ad800
Event: 2791.086 Executing VM operation: RevokeBias
Event: 2791.088 Executing VM operation: RevokeBias done
Event: 2791.098 Executing VM operation: RevokeBias
Event: 2791.099 Executing VM operation: RevokeBias done
Event: 2791.112 Executing VM operation: RevokeBias
Event: 2791.113 Executing VM operation: RevokeBias done
Event: 2791.258 Executing VM operation: RevokeBias
Event: 2791.260 Executing VM operation: RevokeBias done
Event: 2791.386 Executing VM operation: RevokeBias
Event: 2791.386 Executing VM operation: RevokeBias done
Event: 2791.386 Executing VM operation: RevokeBias
Event: 2791.387 Executing VM operation: RevokeBias done
Event: 2791.517 Executing VM operation: G1CollectForAllocation
Event: 2791.552 Executing VM operation: G1CollectForAllocation done
Event: 2791.744 Executing VM operation: G1CollectForAllocation
Event: 2791.778 Executing VM operation: G1CollectForAllocation done
Event: 2792.404 Executing VM operation: CGC_Operation
Event: 2792.672 Executing VM operation: CGC_Operation done


Dynamic libraries:
0x00007ff6c9010000 - 0x00007ff6c901a000 	C:\Program Files\Android\Android Studio\jbr\bin\java.exe
0x00007ff9a0470000 - 0x00007ff9a0668000 	C:\WINDOWS\SYSTEM32\ntdll.dll
0x00007ff99f900000 - 0x00007ff99f9bf000 	C:\WINDOWS\System32\KERNEL32.DLL
0x00007ff99de60000 - 0x00007ff99e13a000 	C:\WINDOWS\System32\KERNELBASE.dll
0x00007ff99e220000 - 0x00007ff99e320000 	C:\WINDOWS\System32\ucrtbase.dll
0x00007ff98d420000 - 0x00007ff98d43b000 	C:\Program Files\Android\Android Studio\jbr\bin\VCRUNTIME140.dll
0x00007ff98ac30000 - 0x00007ff98ac47000 	C:\Program Files\Android\Android Studio\jbr\bin\jli.dll
0x00007ff99f2c0000 - 0x00007ff99f45d000 	C:\WINDOWS\System32\USER32.dll
0x00007ff99e1f0000 - 0x00007ff99e212000 	C:\WINDOWS\System32\win32u.dll
0x00007ff99fba0000 - 0x00007ff99fbcb000 	C:\WINDOWS\System32\GDI32.dll
0x00007ff99e320000 - 0x00007ff99e430000 	C:\WINDOWS\System32\gdi32full.dll
0x00007ff99db80000 - 0x00007ff99dc1d000 	C:\WINDOWS\System32\msvcp_win.dll
0x00007ff98e900000 - 0x00007ff98eb9a000 	C:\WINDOWS\WinSxS\amd64_microsoft.windows.common-controls_6595b64144ccf1df_6.0.19041.1110_none_60b5254171f9507e\COMCTL32.dll
0x00007ff99eeb0000 - 0x00007ff99ef4e000 	C:\WINDOWS\System32\msvcrt.dll
0x00007ff99f1f0000 - 0x00007ff99f220000 	C:\WINDOWS\System32\IMM32.DLL
0x00007ff988180000 - 0x00007ff98820d000 	C:\Program Files\Android\Android Studio\jbr\bin\msvcp140.dll
0x00007ff98cf00000 - 0x00007ff98cf0c000 	C:\WINDOWS\SYSTEM32\VCRUNTIME140_1.dll
0x00007ff965780000 - 0x00007ff96633c000 	C:\Program Files\Android\Android Studio\jbr\bin\server\jvm.dll
0x00007ff99f9c0000 - 0x00007ff99fa6e000 	C:\WINDOWS\System32\ADVAPI32.dll
0x00007ff99f220000 - 0x00007ff99f2bc000 	C:\WINDOWS\System32\sechost.dll
0x00007ff99ef50000 - 0x00007ff99f076000 	C:\WINDOWS\System32\RPCRT4.dll
0x00007ff98f050000 - 0x00007ff98f077000 	C:\WINDOWS\SYSTEM32\WINMM.dll
0x00007ff99edb0000 - 0x00007ff99edb8000 	C:\WINDOWS\System32\PSAPI.DLL
0x00007ff98e7e0000 - 0x00007ff98e7ea000 	C:\WINDOWS\SYSTEM32\VERSION.dll
0x00007ff991070000 - 0x00007ff991079000 	C:\WINDOWS\SYSTEM32\WSOCK32.dll
0x00007ff99f460000 - 0x00007ff99f4cb000 	C:\WINDOWS\System32\ws2_32.DLL
0x00007ff99ba40000 - 0x00007ff99ba52000 	C:\WINDOWS\SYSTEM32\kernel.appcore.dll
0x00007ff98a030000 - 0x00007ff98a040000 	C:\Program Files\Android\Android Studio\jbr\bin\verify.dll
0x00007ff98db50000 - 0x00007ff98dd34000 	C:\WINDOWS\SYSTEM32\DBGHELP.DLL
0x00007ff98db10000 - 0x00007ff98db44000 	C:\WINDOWS\SYSTEM32\dbgcore.DLL
0x00007ff99ddd0000 - 0x00007ff99de52000 	C:\WINDOWS\System32\bcryptPrimitives.dll
0x00007ff987d20000 - 0x00007ff987d48000 	C:\Program Files\Android\Android Studio\jbr\bin\java.dll
0x00007ff989eb0000 - 0x00007ff989eba000 	C:\Program Files\Android\Android Studio\jbr\bin\jimage.dll
0x00007ff97d710000 - 0x00007ff97d728000 	C:\Program Files\Android\Android Studio\jbr\bin\zip.dll
0x00007ff99e580000 - 0x00007ff99ecc4000 	C:\WINDOWS\System32\SHELL32.dll
0x00007ff99bc40000 - 0x00007ff99c3d3000 	C:\WINDOWS\SYSTEM32\windows.storage.dll
0x00007ff99f530000 - 0x00007ff99f884000 	C:\WINDOWS\System32\combase.dll
0x00007ff99d500000 - 0x00007ff99d52e000 	C:\WINDOWS\SYSTEM32\Wldp.dll
0x00007ff99e4d0000 - 0x00007ff99e57d000 	C:\WINDOWS\System32\SHCORE.dll
0x00007ff99f4d0000 - 0x00007ff99f525000 	C:\WINDOWS\System32\shlwapi.dll
0x00007ff99dac0000 - 0x00007ff99dadf000 	C:\WINDOWS\SYSTEM32\profapi.dll
0x00007ff979740000 - 0x00007ff979759000 	C:\Program Files\Android\Android Studio\jbr\bin\net.dll
0x00007ff992220000 - 0x00007ff99232a000 	C:\WINDOWS\SYSTEM32\WINHTTP.dll
0x00007ff99d260000 - 0x00007ff99d2ca000 	C:\WINDOWS\system32\mswsock.dll
0x00007ff977c50000 - 0x00007ff977c63000 	C:\Program Files\Android\Android Studio\jbr\bin\nio.dll
0x00007ff98a920000 - 0x00007ff98a947000 	C:\Users\thima\AndroidStudioProjects\DemoApp\native\e1d6ef7f7dcc3fd88c89a11ec53ec762bb8ba0a96d01ffa2cd45eb1d1d8dd5c5\windows-amd64\native-platform.dll
0x00007ff97e270000 - 0x00007ff97e3b4000 	C:\Users\thima\AndroidStudioProjects\DemoApp\native\0d407fdbe67a94daf76414ababcb853783967236a71b16ec16e742cd7a986fd3\windows-amd64\native-platform-file-events.dll
0x00007ff988830000 - 0x00007ff98883a000 	C:\Program Files\Android\Android Studio\jbr\bin\management.dll
0x00007ff986290000 - 0x00007ff98629b000 	C:\Program Files\Android\Android Studio\jbr\bin\management_ext.dll
0x00007ff99d460000 - 0x00007ff99d478000 	C:\WINDOWS\SYSTEM32\CRYPTSP.dll
0x00007ff99cb80000 - 0x00007ff99cbb4000 	C:\WINDOWS\system32\rsaenh.dll
0x00007ff99e4a0000 - 0x00007ff99e4c7000 	C:\WINDOWS\System32\bcrypt.dll
0x00007ff99da40000 - 0x00007ff99da6e000 	C:\WINDOWS\SYSTEM32\USERENV.dll
0x00007ff99d450000 - 0x00007ff99d45c000 	C:\WINDOWS\SYSTEM32\CRYPTBASE.dll
0x00007ff99cf50000 - 0x00007ff99cf8c000 	C:\WINDOWS\SYSTEM32\IPHLPAPI.DLL
0x00007ff99ff00000 - 0x00007ff99ff08000 	C:\WINDOWS\System32\NSI.dll
0x00007ff993ef0000 - 0x00007ff993f07000 	C:\WINDOWS\SYSTEM32\dhcpcsvc6.DLL
0x00007ff993a70000 - 0x00007ff993a8d000 	C:\WINDOWS\SYSTEM32\dhcpcsvc.DLL
0x00007ff99cf90000 - 0x00007ff99d05b000 	C:\WINDOWS\SYSTEM32\DNSAPI.dll
0x00007ff9738d0000 - 0x00007ff9738f7000 	C:\Program Files\Android\Android Studio\jbr\bin\sunec.dll
0x00007ff995f80000 - 0x00007ff995f8a000 	C:\Windows\System32\rasadhlp.dll
0x00007ff990e10000 - 0x00007ff990e90000 	C:\WINDOWS\System32\fwpuclnt.dll
0x00007ff99cca0000 - 0x00007ff99ccd3000 	C:\WINDOWS\SYSTEM32\ntmarta.dll

dbghelp: loaded successfully - version: 4.0.5 - missing functions: none
symbol engine: initialized successfully - sym options: 0x614 - pdb path: .;C:\Program Files\Android\Android Studio\jbr\bin;C:\WINDOWS\SYSTEM32;C:\WINDOWS\WinSxS\amd64_microsoft.windows.common-controls_6595b64144ccf1df_6.0.19041.1110_none_60b5254171f9507e;C:\Program Files\Android\Android Studio\jbr\bin\server;C:\Users\thima\AndroidStudioProjects\DemoApp\native\e1d6ef7f7dcc3fd88c89a11ec53ec762bb8ba0a96d01ffa2cd45eb1d1d8dd5c5\windows-amd64;C:\Users\thima\AndroidStudioProjects\DemoApp\native\0d407fdbe67a94daf76414ababcb853783967236a71b16ec16e742cd7a986fd3\windows-amd64

VM Arguments:
jvm_args: --add-opens=java.base/java.util=ALL-UNNAMED --add-opens=java.base/java.lang=ALL-UNNAMED --add-opens=java.base/java.lang.invoke=ALL-UNNAMED --add-opens=java.base/java.util=ALL-UNNAMED --add-opens=java.prefs/java.util.prefs=ALL-UNNAMED --add-opens=java.prefs/java.util.prefs=ALL-UNNAMED --add-opens=java.base/java.nio.charset=ALL-UNNAMED --add-opens=java.base/java.net=ALL-UNNAMED --add-opens=java.base/java.util.concurrent.atomic=ALL-UNNAMED -Xmx2048m -Dfile.encoding=UTF-8 -Duser.country=US -Duser.language=en -Duser.variant 
java_command: org.gradle.launcher.daemon.bootstrap.GradleDaemon 7.5
java_class_path (initial): C:\Users\thima\AndroidStudioProjects\DemoApp\wrapper\dists\gradle-7.5-bin\f1w0cc9nuo0eivz97x2xlu9sv\gradle-7.5\lib\gradle-launcher-7.5.jar
Launcher Type: SUN_STANDARD

[Global flags]
     intx CICompilerCount                          = 3                                         {product} {ergonomic}
     uint ConcGCThreads                            = 1                                         {product} {ergonomic}
     uint G1ConcRefinementThreads                  = 4                                         {product} {ergonomic}
   size_t G1HeapRegionSize                         = 1048576                                   {product} {ergonomic}
    uintx GCDrainStackTargetSize                   = 64                                        {product} {ergonomic}
   size_t InitialHeapSize                          = 67108864                                  {product} {ergonomic}
   size_t MarkStackSize                            = 4194304                                   {product} {ergonomic}
   size_t MaxHeapSize                              = 2147483648                                {product} {command line}
   size_t MaxNewSize                               = 1287651328                                {product} {ergonomic}
   size_t MinHeapDeltaBytes                        = 1048576                                   {product} {ergonomic}
    uintx NonNMethodCodeHeapSize                   = 5830732                                {pd product} {ergonomic}
    uintx NonProfiledCodeHeapSize                  = 122913754                              {pd product} {ergonomic}
    uintx ProfiledCodeHeapSize                     = 122913754                              {pd product} {ergonomic}
    uintx ReservedCodeCacheSize                    = 251658240                              {pd product} {ergonomic}
     bool SegmentedCodeCache                       = true                                      {product} {ergonomic}
     bool UseCompressedClassPointers               = true                                 {lp64_product} {ergonomic}
     bool UseCompressedOops                        = true                                 {lp64_product} {ergonomic}
     bool UseG1GC                                  = true                                      {product} {ergonomic}
     bool UseLargePagesIndividualAllocation        = false                                  {pd product} {ergonomic}

Logging:
Log output configuration:
 #0: stdout all=warning uptime,level,tags
 #1: stderr all=off uptime,level,tags

Environment Variables:
JAVA_HOME=C:\Program Files\Java\jdk1.8.0_333
PATH=C:\Python310\Scripts\;C:\Python310\;C:\Program Files (x86)\Common Files\Oracle\Java\javapath;C:\WINDOWS\system32;C:\WINDOWS;C:\WINDOWS\System32\Wbem;C:\WINDOWS\System32\WindowsPowerShell\v1.0\;C:\WINDOWS\System32\OpenSSH\;C:\Program Files\Java\jdk1.8.0_333\bin;C:\ProgramData\chocolatey\bin;C:\Program Files\nodejs\;C:\xampp\php;C:\ProgramData\ComposerSetup\bin;C:\Program Files\Git\cmd;C:\Users\thima\AppData\Local\Microsoft\WindowsApps;C:\Users\thima\AppData\Local\Programs\Microsoft VS Code\bin;C:\Users\thima\AppData\Roaming\npm;C:\Program Files\CodeBlocks\MinGW\bin;C:\Users\thima\AppData\Roaming\Composer\vendor\bin;C:\Program Files\Git\bin\git.exe
USERNAME=thima
OS=Windows_NT
PROCESSOR_IDENTIFIER=Intel64 Family 6 Model 58 Stepping 9, GenuineIntel



---------------  S Y S T E M  ---------------

OS: Windows 10 , 64 bit Build 19041 (10.0.19041.2788)
OS uptime: 0 days 2:54 hours

CPU:total 4 (initial active 4) (2 cores per cpu, 2 threads per core) family 6 model 58 stepping 9 microcode 0x21, cmov, cx8, fxsr, mmx, sse, sse2, sse3, ssse3, sse4.1, sse4.2, popcnt, avx, aes, clmul, erms, ht, tsc, tscinvbit, tscinv

Memory: 4k page, system-wide physical 3969M (320M free)
TotalPageFile size 7938M (AvailPageFile size 1283M)
current process WorkingSet (physical memory assigned to process): 410M, peak: 562M
current process commit charge ("private bytes"): 647M, peak: 651M

vm_info: OpenJDK 64-Bit Server VM (11.0.15+0-b2043.56-8887301) for windows-amd64 JRE (11.0.15+0-b2043.56-8887301), built on Jul 29 2022 23:19:47 by "builduser" with unknown MS VC++:1929

END.
