#
# A fatal error has been detected by the Java Runtime Environment:
#
#  EXCEPTION_ACCESS_VIOLATION (0xc0000005) at pc=0x00007ff8d35e88a6, pid=6164, tid=2196
#
# JRE version: OpenJDK Runtime Environment (11.0.15) (build 11.0.15+0-b2043.56-8887301)
# Java VM: OpenJDK 64-Bit Server VM (11.0.15+0-b2043.56-8887301, mixed mode, tiered, compressed oops, g1 gc, windows-amd64)
# Problematic frame:
# V  [jvm.dll+0x1a88a6]
#
# No core dump will be written. Minidumps are not enabled by default on client versions of Windows
#
# If you would like to submit a bug report, please visit:
#   https://bugreport.java.com/bugreport/crash.jsp
#

---------------  S U M M A R Y ------------

Command Line: --add-opens=java.base/java.util=ALL-UNNAMED --add-opens=java.base/java.lang=ALL-UNNAMED --add-opens=java.base/java.lang.invoke=ALL-UNNAMED --add-opens=java.base/java.util=ALL-UNNAMED --add-opens=java.prefs/java.util.prefs=ALL-UNNAMED --add-opens=java.prefs/java.util.prefs=ALL-UNNAMED --add-opens=java.base/java.nio.charset=ALL-UNNAMED --add-opens=java.base/java.net=ALL-UNNAMED --add-opens=java.base/java.util.concurrent.atomic=ALL-UNNAMED -Xmx2048m -Dfile.encoding=UTF-8 -Duser.country=US -Duser.language=en -Duser.variant org.gradle.launcher.daemon.bootstrap.GradleDaemon 7.5

Host: Intel(R) Core(TM) i5-3230M CPU @ 2.60GHz, 4 cores, 3G,  Windows 10 , 64 bit Build 19041 (10.0.19041.2913)
Time: Tue Jun  6 23:24:37 2023 Sri Lanka Standard Time elapsed time: 3097.833460 seconds (0d 0h 51m 37s)

---------------  T H R E A D  ---------------

Current thread (0x000002341cc4d000):  GCTaskThread "GC Thread#2" [stack: 0x0000005a32100000,0x0000005a32200000] [id=2196]

Stack: [0x0000005a32100000,0x0000005a32200000],  sp=0x0000005a321ff868,  free space=1022k
Native frames: (J=compiled Java code, j=interpreted, Vv=VM code, C=native code)
V  [jvm.dll+0x1a88a6]


siginfo: EXCEPTION_ACCESS_VIOLATION (0xc0000005), reading address 0x00000001043748a0


Register to memory mapping:

RIP=0x00007ff8d35e88a6 jvm.dll
RAX=0x0000005a321ff801 points into unknown readable memory: 04 00 00 00 00 00 00
RBX=
[error occurred during error reporting (printing register info), id 0xc0000005, EXCEPTION_ACCESS_VIOLATION (0xc0000005) at pc=0x00007ff8d35e88a6]

Registers:
RAX=0x0000005a321ff801, RBX=0x000000008997f7b8, RCX=0x000000008997f7b8, RDX=0x000000008997f7b8
RSP=0x0000005a321ff868, RBP=0x0000000089992c00, RSI=0x00000234210b78a8, RDI=0x00000234210b7850
R8 =0x0000000000020000, R9 =0x0000000104374898, R10=0x0000000000000003, R11=0x0000005a321ffb08
R12=0x0000005a321ffb08, R13=0x00007ff8d3d20940, R14=0x00000234210b7850, R15=0x0000000089992e00
RIP=0x00007ff8d35e88a6, EFLAGS=0x0000000000010202

Top of Stack: (sp=0x0000005a321ff868)
0x0000005a321ff868:   00007ff8d37add70 000000008997f7b8
0x0000005a321ff878:   00000234210b78a8 00007ff8d3d20940
0x0000005a321ff888:   0000005a321ffb08 000000008997f7b8
0x0000005a321ff898:   00007ff8d3735cb6 0000000089900000
0x0000005a321ff8a8:   0000005a321ff8f0 000000008997f7b8
0x0000005a321ff8b8:   00007ff8d37add70 000000008997f608
0x0000005a321ff8c8:   0000000089992c00 00000234210b78a8
0x0000005a321ff8d8:   0000000089992c00 0000000000000100
0x0000005a321ff8e8:   00007ff8d37adfaa 000000008997f800
0x0000005a321ff8f8:   000000008997dfd0 000000000004cbfc
0x0000005a321ff908:   00000234210b7850 0000000089992c00
0x0000005a321ff918:   00007ff8d376edbc 0000005a321ffae0
0x0000005a321ff928:   000002347e6cf620 00000000899a81e8
0x0000005a321ff938:   0000000081177e60 000002347c4bce50
0x0000005a321ff948:   00007ff8d3a50be0 0000005a321ffb08
0x0000005a321ff958:   0000005a321ffae0 00007ff8d3d20940 

Instructions: (pc=0x00007ff8d35e88a6)
0x00007ff8d35e87a6:   eb 04 48 8b 43 08 81 78 08 00 00 00 c0 0f 83 81
0x00007ff8d35e87b6:   00 00 00 48 8b 4f 38 48 8b d3 48 8b 01 ff 50 20
0x00007ff8d35e87c6:   84 c0 75 70 38 05 d1 e7 93 00 74 15 8b 53 08 8b
0x00007ff8d35e87d6:   0d 7d 2f 8f 00 48 d3 e2 48 03 15 6b 2f 8f 00 eb
0x00007ff8d35e87e6:   04 48 8b 53 08 48 8b cb 48 89 5c 24 20 e8 a8 00
0x00007ff8d35e87f6:   00 00 80 7f 30 00 48 63 c8 48 89 4c 24 28 74 1c
0x00007ff8d35e8806:   0f 10 44 24 20 0f 11 86 98 03 00 00 48 8b 5c 24
0x00007ff8d35e8816:   40 48 8b 74 24 48 48 83 c4 30 5f c3 48 8b 07 48
0x00007ff8d35e8826:   8d 54 24 20 48 89 4c 24 28 48 8b cf 48 89 5c 24
0x00007ff8d35e8836:   20 ff 50 38 48 8b 5c 24 40 48 8b 74 24 48 48 83
0x00007ff8d35e8846:   c4 30 5f c3 cc cc cc cc cc cc 48 8b 49 38 48 8b
0x00007ff8d35e8856:   01 48 ff 60 28 cc cc cc cc cc 80 3d 3a e7 93 00
0x00007ff8d35e8866:   00 48 8b c1 74 1b 8b 51 08 8b 0d e3 2e 8f 00 48
0x00007ff8d35e8876:   d3 e2 48 8b c8 48 03 15 ce 2e 8f 00 e9 19 00 00
0x00007ff8d35e8886:   00 48 8b 51 08 48 8b c8 e9 0d 00 00 00 cc cc cc
0x00007ff8d35e8896:   cc cc cc cc cc cc cc cc cc cc 4c 8b ca 48 8b d1
0x00007ff8d35e88a6:   45 8b 41 08 45 85 c0 7e 0e 41 f6 c0 01 75 56 41
0x00007ff8d35e88b6:   c1 f8 03 41 8b c0 c3 79 4c 80 3d db e6 93 00 00
0x00007ff8d35e88c6:   b8 0c 00 00 00 b9 10 00 00 00 0f 45 c8 8b 05 9b
0x00007ff8d35e88d6:   5e 8d 00 ff c8 4c 63 c8 48 63 14 11 41 8b c8 83
0x00007ff8d35e88e6:   e1 3f 48 d3 e2 41 8b c8 48 c1 f9 10 0f b6 c1 49
0x00007ff8d35e88f6:   8d 0c 11 49 f7 d1 48 03 c1 49 c1 e9 03 48 c1 e8
0x00007ff8d35e8906:   03 41 23 c1 c3 49 8b 01 49 8b c9 48 ff a0 10 01
0x00007ff8d35e8916:   00 00 cc cc cc cc cc cc cc cc 48 8b c2 c3 cc cc
0x00007ff8d35e8926:   cc cc cc cc cc cc cc cc cc cc 48 83 ec 38 48 8b
0x00007ff8d35e8936:   c1 48 8b 49 38 80 79 08 00 74 05 90 48 8b 48 38
0x00007ff8d35e8946:   0f 10 02 48 8d 54 24 20 0f 29 44 24 20 e8 28 f0
0x00007ff8d35e8956:   ff ff 48 83 c4 38 c3 cc cc cc 48 83 ec 38 0f 10
0x00007ff8d35e8966:   02 48 8b 01 48 8d 54 24 20 0f 29 44 24 20 ff 50
0x00007ff8d35e8976:   38 48 83 c4 38 c3 cc cc cc cc 48 89 5c 24 08 55
0x00007ff8d35e8986:   56 57 41 54 41 55 41 56 41 57 48 8d 6c 24 e0 48
0x00007ff8d35e8996:   81 ec 20 01 00 00 48 8b 05 85 b6 90 00 48 33 c4 


Stack slot to memory mapping:
stack at sp + 0 slots: 0x00007ff8d37add70 jvm.dll
stack at sp + 1 slots: 
[error occurred during error reporting (inspecting top of stack), id 0xc0000005, EXCEPTION_ACCESS_VIOLATION (0xc0000005) at pc=0x00007ff8d35e88a6]


---------------  P R O C E S S  ---------------

Threads class SMR info:
_java_thread_list=0x0000023428ae7320, length=47, elements={
0x000002347e6c1000, 0x000002341a2bc800, 0x000002341a2be000, 0x000002341a31d800,
0x000002341a31e800, 0x000002341a321800, 0x000002341a325000, 0x000002341a32a000,
0x000002341a32e000, 0x000002341ad90800, 0x000002341bf16800, 0x000002341ce14800,
0x000002341d3f1000, 0x000002341cc55800, 0x000002341cc5c000, 0x000002341cc59000,
0x000002341cc56800, 0x000002341cc57800, 0x000002341cc5a800, 0x000002341e29b800,
0x000002341e298800, 0x000002341e29c800, 0x000002341e29f000, 0x000002341e299000,
0x000002341bb86800, 0x000002341bb87800, 0x0000023421778000, 0x000002342610c000,
0x000002341cc58000, 0x000002341bb8f800, 0x0000023421770000, 0x000002341cc5b800,
0x000002341bb0b000, 0x000002341bb0e000, 0x000002341bb10000, 0x000002341bb10800,
0x000002341bb0b800, 0x000002341bb11800, 0x000002341bb12800, 0x000002341bb0f000,
0x000002341bb0c800, 0x000002341bb13000, 0x000002341bb0d800, 0x000002341bb19000,
0x000002341ebb3800, 0x000002341bb15800, 0x000002341bb14800
}

Java Threads: ( => current thread )
  0x000002347e6c1000 JavaThread "main" [_thread_blocked, id=9764, stack(0x0000005a30d00000,0x0000005a30e00000)]
  0x000002341a2bc800 JavaThread "Reference Handler" daemon [_thread_blocked, id=2592, stack(0x0000005a31400000,0x0000005a31500000)]
  0x000002341a2be000 JavaThread "Finalizer" daemon [_thread_blocked, id=3952, stack(0x0000005a31500000,0x0000005a31600000)]
  0x000002341a31d800 JavaThread "Signal Dispatcher" daemon [_thread_blocked, id=1272, stack(0x0000005a31600000,0x0000005a31700000)]
  0x000002341a31e800 JavaThread "Attach Listener" daemon [_thread_blocked, id=4256, stack(0x0000005a31700000,0x0000005a31800000)]
  0x000002341a321800 JavaThread "Service Thread" daemon [_thread_blocked, id=10348, stack(0x0000005a31800000,0x0000005a31900000)]
  0x000002341a325000 JavaThread "C2 CompilerThread0" daemon [_thread_blocked, id=10284, stack(0x0000005a31900000,0x0000005a31a00000)]
  0x000002341a32a000 JavaThread "C1 CompilerThread0" daemon [_thread_blocked, id=1300, stack(0x0000005a31a00000,0x0000005a31b00000)]
  0x000002341a32e000 JavaThread "Sweeper thread" daemon [_thread_blocked, id=10088, stack(0x0000005a31b00000,0x0000005a31c00000)]
  0x000002341ad90800 JavaThread "Common-Cleaner" daemon [_thread_blocked, id=7440, stack(0x0000005a31c00000,0x0000005a31d00000)]
  0x000002341bf16800 JavaThread "Daemon health stats" [_thread_blocked, id=4904, stack(0x0000005a32000000,0x0000005a32100000)]
  0x000002341ce14800 JavaThread "Incoming local TCP Connector on port 52092" [_thread_in_native, id=10996, stack(0x0000005a31e00000,0x0000005a31f00000)]
  0x000002341d3f1000 JavaThread "Daemon periodic checks" [_thread_blocked, id=4636, stack(0x0000005a32300000,0x0000005a32400000)]
  0x000002341cc55800 JavaThread "Cache worker for journal cache (C:\Users\thima\AndroidStudioProjects\DemoApp\caches\journal-1)" [_thread_blocked, id=8288, stack(0x0000005a32b00000,0x0000005a32c00000)]
  0x000002341cc5c000 JavaThread "File lock request listener" [_thread_in_native, id=5324, stack(0x0000005a32c00000,0x0000005a32d00000)]
  0x000002341cc59000 JavaThread "Cache worker for file hash cache (C:\Users\thima\AndroidStudioProjects\DemoApp\caches\7.5\fileHashes)" [_thread_blocked, id=6552, stack(0x0000005a32d00000,0x0000005a32e00000)]
  0x000002341cc56800 JavaThread "File watcher server" daemon [_thread_blocked, id=10772, stack(0x0000005a32f00000,0x0000005a33000000)]
  0x000002341cc57800 JavaThread "File watcher consumer" daemon [_thread_blocked, id=9180, stack(0x0000005a33000000,0x0000005a33100000)]
  0x000002341cc5a800 JavaThread "Cache worker for file content cache (C:\Users\thima\AndroidStudioProjects\DemoApp\caches\7.5\fileContent)" [_thread_blocked, id=5496, stack(0x0000005a33300000,0x0000005a33400000)]
  0x000002341e29b800 JavaThread "Cache worker for execution history cache (C:\Users\thima\AndroidStudioProjects\DemoApp\caches\7.5\executionHistory)" [_thread_blocked, id=2796, stack(0x0000005a33600000,0x0000005a33700000)]
  0x000002341e298800 JavaThread "jar transforms" [_thread_blocked, id=10784, stack(0x0000005a33700000,0x0000005a33800000)]
  0x000002341e29c800 JavaThread "jar transforms Thread 2" [_thread_blocked, id=9468, stack(0x0000005a33800000,0x0000005a33900000)]
  0x000002341e29f000 JavaThread "jar transforms Thread 3" [_thread_blocked, id=3760, stack(0x0000005a32e00000,0x0000005a32f00000)]
  0x000002341e299000 JavaThread "jar transforms Thread 4" [_thread_blocked, id=2772, stack(0x0000005a33900000,0x0000005a33a00000)]
  0x000002341bb86800 JavaThread "Memory manager" [_thread_blocked, id=3840, stack(0x0000005a36500000,0x0000005a36600000)]
  0x000002341bb87800 JavaThread "pool-3-thread-1" [_thread_blocked, id=5680, stack(0x0000005a36600000,0x0000005a36700000)]
  0x0000023421778000 JavaThread "pool-7-thread-1" [_thread_blocked, id=5944, stack(0x0000005a36300000,0x0000005a36400000)]
  0x000002342610c000 JavaThread "Cache worker for Java compile cache (C:\Users\thima\AndroidStudioProjects\DemoApp\caches\7.5\javaCompile)" [_thread_blocked, id=1888, stack(0x0000005a36c00000,0x0000005a36d00000)]
  0x000002341cc58000 JavaThread "pool-11-thread-1" [_thread_blocked, id=8672, stack(0x0000005a36400000,0x0000005a36500000)]
  0x000002341bb8f800 JavaThread "pool-16-thread-1" [_thread_blocked, id=476, stack(0x0000005a36200000,0x0000005a36300000)]
  0x0000023421770000 JavaThread "pool-19-thread-1" [_thread_blocked, id=9576, stack(0x0000005a36800000,0x0000005a36900000)]
  0x000002341cc5b800 JavaThread "ForkJoinPool.commonPool-worker-7" daemon [_thread_blocked, id=4984, stack(0x0000005a37800000,0x0000005a37900000)]
  0x000002341bb0b000 JavaThread "pool-24-thread-1" [_thread_blocked, id=7988, stack(0x0000005a36700000,0x0000005a36800000)]
  0x000002341bb0e000 JavaThread "Daemon Thread 6" [_thread_blocked, id=3972, stack(0x0000005a30a00000,0x0000005a30b00000)]
  0x000002341bb10000 JavaThread "Handler for socket connection from /127.0.0.1:52092 to /127.0.0.1:54308" [_thread_in_native, id=10844, stack(0x0000005a30b00000,0x0000005a30c00000)]
  0x000002341bb10800 JavaThread "Cancel handler" [_thread_blocked, id=7020, stack(0x0000005a30c00000,0x0000005a30d00000)]
  0x000002341bb0b800 JavaThread "Daemon worker Thread 6" [_thread_blocked, id=10876, stack(0x0000005a32400000,0x0000005a32500000)]
  0x000002341bb11800 JavaThread "Asynchronous log dispatcher for DefaultDaemonConnection: socket connection from /127.0.0.1:52092 to /127.0.0.1:54308" [_thread_blocked, id=6432, stack(0x0000005a32500000,0x0000005a32600000)]
  0x000002341bb12800 JavaThread "Stdin handler" [_thread_blocked, id=10624, stack(0x0000005a32600000,0x0000005a32700000)]
  0x000002341bb0f000 JavaThread "Daemon client event forwarder" [_thread_blocked, id=10576, stack(0x0000005a32700000,0x0000005a32800000)]
  0x000002341bb0c800 JavaThread "Cache worker for checksums cache (D:\Pits_stop\.gradle\7.5\checksums)" [_thread_blocked, id=5572, stack(0x0000005a32800000,0x0000005a32900000)]
  0x000002341bb13000 JavaThread "Cache worker for cache directory md-rule (C:\Users\thima\AndroidStudioProjects\DemoApp\caches\7.5\md-rule)" [_thread_blocked, id=4568, stack(0x0000005a32900000,0x0000005a32a00000)]
  0x000002341bb0d800 JavaThread "Cache worker for file hash cache (D:\Pits_stop\.gradle\7.5\fileHashes)" [_thread_blocked, id=3192, stack(0x0000005a32a00000,0x0000005a32b00000)]
  0x000002341bb19000 JavaThread "Cache worker for cache directory md-supplier (C:\Users\thima\AndroidStudioProjects\DemoApp\caches\7.5\md-supplier)" [_thread_blocked, id=9000, stack(0x0000005a33100000,0x0000005a33200000)]
  0x000002341ebb3800 JavaThread "C2 CompilerThread1" daemon [_thread_blocked, id=4680, stack(0x0000005a33200000,0x0000005a33300000)]
  0x000002341bb15800 JavaThread "Cache worker for dependencies-accessors (D:\Pits_stop\.gradle\7.5\dependencies-accessors)" [_thread_blocked, id=8092, stack(0x0000005a33400000,0x0000005a33500000)]
  0x000002341bb14800 JavaThread "Cache worker for Build Output Cleanup Cache (D:\Pits_stop\.gradle\buildOutputCleanup)" [_thread_blocked, id=7396, stack(0x0000005a33500000,0x0000005a33600000)]

Other Threads:
  0x000002341a2b8000 VMThread "VM Thread" [stack: 0x0000005a31300000,0x0000005a31400000] [id=10592]
  0x000002341ad94800 WatcherThread [stack: 0x0000005a31d00000,0x0000005a31e00000] [id=10804]
  0x000002347e6da000 GCTaskThread "GC Thread#0" [stack: 0x0000005a30e00000,0x0000005a30f00000] [id=5036]
  0x000002341b21a800 GCTaskThread "GC Thread#1" [stack: 0x0000005a31f00000,0x0000005a32000000] [id=7032]
=>0x000002341cc4d000 GCTaskThread "GC Thread#2" [stack: 0x0000005a32100000,0x0000005a32200000] [id=2196]
  0x000002341ccc2000 GCTaskThread "GC Thread#3" [stack: 0x0000005a32200000,0x0000005a32300000] [id=7796]
  0x000002347e70c800 ConcurrentGCThread "G1 Main Marker" [stack: 0x0000005a30f00000,0x0000005a31000000] [id=7348]
  0x000002347e70e000 ConcurrentGCThread "G1 Conc#0" [stack: 0x0000005a31000000,0x0000005a31100000] [id=4492]
  0x000002347e766800 ConcurrentGCThread "G1 Refine#0" [stack: 0x0000005a31100000,0x0000005a31200000] [id=10916]
  0x000002347e767800 ConcurrentGCThread "G1 Young RemSet Sampling" [stack: 0x0000005a31200000,0x0000005a31300000] [id=7172]

Threads with active compile tasks:
C2 CompilerThread0  3097869 21492       4       org.gradle.api.internal.artifacts.ivyservice.modulecache.ModuleMetadataSerializer$Reader::readMavenDependencyExcludes (68 bytes)
C2 CompilerThread1  3097870 21502       4       org.gradle.api.internal.artifacts.ivyservice.modulecache.ModuleMetadataSerializer$Reader::readMavenDependency (142 bytes)

VM state:at safepoint (normal execution)

VM Mutex/Monitor currently owned by a thread:  ([mutex/lock_event])
[0x000002347e6bd640] Threads_lock - owner thread: 0x000002341a2b8000
[0x000002347e6bc9e0] Heap_lock - owner thread: 0x000002341bb0b800

Heap address: 0x0000000080000000, size: 2048 MB, Compressed Oops mode: 32-bit
Narrow klass base: 0x0000000000000000, Narrow klass shift: 3
Compressed class space size: 1073741824 Address: 0x0000000100000000

Heap:
 garbage-first heap   total 239616K, used 166636K [0x0000000080000000, 0x0000000100000000)
  region size 1024K, 12 young (12288K), 2 survivors (2048K)
 Metaspace       used 135003K, capacity 139434K, committed 139728K, reserved 1169408K
  class space    used 17170K, capacity 18841K, committed 19020K, reserved 1048576K
Heap Regions: E=young(eden), S=young(survivor), O=old, HS=humongous(starts), HC=humongous(continues), CS=collection set, F=free, A=archive, TAMS=top-at-mark-start (previous, next)
|   0|0x0000000080000000, 0x0000000080100000, 0x0000000080100000|100%|HS|  |TAMS 0x0000000080100000, 0x0000000080000000| Complete 
|   1|0x0000000080100000, 0x0000000080200000, 0x0000000080200000|100%|HC|  |TAMS 0x0000000080200000, 0x0000000080100000| Complete 
|   2|0x0000000080200000, 0x0000000080300000, 0x0000000080300000|100%|HC|  |TAMS 0x0000000080300000, 0x0000000080200000| Complete 
|   3|0x0000000080300000, 0x0000000080400000, 0x0000000080400000|100%| O|  |TAMS 0x0000000080400000, 0x0000000080300000| Untracked 
|   4|0x0000000080400000, 0x0000000080500000, 0x0000000080500000|100%| O|  |TAMS 0x0000000080500000, 0x0000000080400000| Complete 
|   5|0x0000000080500000, 0x0000000080600000, 0x0000000080600000|100%| O|  |TAMS 0x0000000080600000, 0x0000000080500000| Untracked 
|   6|0x0000000080600000, 0x0000000080700000, 0x0000000080700000|100%| O|  |TAMS 0x0000000080700000, 0x0000000080600000| Untracked 
|   7|0x0000000080700000, 0x0000000080800000, 0x0000000080800000|100%| O|  |TAMS 0x0000000080800000, 0x0000000080700000| Untracked 
|   8|0x0000000080800000, 0x0000000080900000, 0x0000000080900000|100%| O|  |TAMS 0x0000000080900000, 0x0000000080800000| Untracked 
|   9|0x0000000080900000, 0x0000000080a00000, 0x0000000080a00000|100%| O|  |TAMS 0x0000000080a00000, 0x0000000080900000| Untracked 
|  10|0x0000000080a00000, 0x0000000080b00000, 0x0000000080b00000|100%| O|  |TAMS 0x0000000080b00000, 0x0000000080a00000| Complete 
|  11|0x0000000080b00000, 0x0000000080c00000, 0x0000000080c00000|100%| O|  |TAMS 0x0000000080c00000, 0x0000000080b00000| Untracked 
|  12|0x0000000080c00000, 0x0000000080d00000, 0x0000000080d00000|100%| O|  |TAMS 0x0000000080d00000, 0x0000000080c00000| Untracked 
|  13|0x0000000080d00000, 0x0000000080e00000, 0x0000000080e00000|100%| O|  |TAMS 0x0000000080e00000, 0x0000000080d00000| Untracked 
|  14|0x0000000080e00000, 0x0000000080f00000, 0x0000000080f00000|100%| O|  |TAMS 0x0000000080f00000, 0x0000000080e00000| Untracked 
|  15|0x0000000080f00000, 0x0000000081000000, 0x0000000081000000|100%| O|  |TAMS 0x0000000081000000, 0x0000000080f00000| Complete 
|  16|0x0000000081000000, 0x0000000081100000, 0x0000000081100000|100%| O|  |TAMS 0x0000000081100000, 0x0000000081000000| Complete 
|  17|0x0000000081100000, 0x0000000081200000, 0x0000000081200000|100%| O|  |TAMS 0x0000000081200000, 0x0000000081100000| Complete 
|  18|0x0000000081200000, 0x0000000081300000, 0x0000000081300000|100%| O|  |TAMS 0x0000000081300000, 0x0000000081200000| Complete 
|  19|0x0000000081300000, 0x0000000081400000, 0x0000000081400000|100%| O|  |TAMS 0x0000000081400000, 0x0000000081300000| Complete 
|  20|0x0000000081400000, 0x0000000081500000, 0x0000000081500000|100%| O|  |TAMS 0x0000000081500000, 0x0000000081400000| Untracked 
|  21|0x0000000081500000, 0x0000000081600000, 0x0000000081600000|100%| O|  |TAMS 0x0000000081600000, 0x0000000081500000| Complete 
|  22|0x0000000081600000, 0x0000000081700000, 0x0000000081700000|100%| O|  |TAMS 0x0000000081700000, 0x0000000081600000| Untracked 
|  23|0x0000000081700000, 0x0000000081800000, 0x0000000081800000|100%| O|  |TAMS 0x0000000081800000, 0x0000000081700000| Complete 
|  24|0x0000000081800000, 0x0000000081900000, 0x0000000081900000|100%| O|  |TAMS 0x0000000081900000, 0x0000000081800000| Complete 
|  25|0x0000000081900000, 0x0000000081a00000, 0x0000000081a00000|100%| O|  |TAMS 0x0000000081a00000, 0x0000000081900000| Untracked 
|  26|0x0000000081a00000, 0x0000000081b00000, 0x0000000081b00000|100%| O|  |TAMS 0x0000000081b00000, 0x0000000081a00000| Untracked 
|  27|0x0000000081b00000, 0x0000000081c00000, 0x0000000081c00000|100%| O|  |TAMS 0x0000000081c00000, 0x0000000081b00000| Untracked 
|  28|0x0000000081c00000, 0x0000000081d00000, 0x0000000081d00000|100%| O|  |TAMS 0x0000000081d00000, 0x0000000081c00000| Complete 
|  29|0x0000000081d00000, 0x0000000081e00000, 0x0000000081e00000|100%| O|  |TAMS 0x0000000081e00000, 0x0000000081d00000| Untracked 
|  30|0x0000000081e00000, 0x0000000081f00000, 0x0000000081f00000|100%|HS|  |TAMS 0x0000000081f00000, 0x0000000081e00000| Complete 
|  31|0x0000000081f00000, 0x0000000082000000, 0x0000000082000000|100%|HS|  |TAMS 0x0000000082000000, 0x0000000081f00000| Complete 
|  32|0x0000000082000000, 0x0000000082100000, 0x0000000082100000|100%| O|  |TAMS 0x0000000082100000, 0x0000000082000000| Untracked 
|  33|0x0000000082100000, 0x0000000082200000, 0x0000000082200000|100%| O|  |TAMS 0x0000000082200000, 0x0000000082100000| Untracked 
|  34|0x0000000082200000, 0x0000000082300000, 0x0000000082300000|100%| O|  |TAMS 0x0000000082200000, 0x0000000082200000| Untracked 
|  35|0x0000000082300000, 0x0000000082400000, 0x0000000082400000|100%| O|  |TAMS 0x000000008239f200, 0x0000000082300000| Untracked 
|  36|0x0000000082400000, 0x0000000082500000, 0x0000000082500000|100%| O|  |TAMS 0x0000000082500000, 0x0000000082400000| Complete 
|  37|0x0000000082500000, 0x0000000082600000, 0x0000000082600000|100%| O|  |TAMS 0x0000000082600000, 0x0000000082500000| Untracked 
|  38|0x0000000082600000, 0x0000000082700000, 0x0000000082700000|100%| O|  |TAMS 0x0000000082700000, 0x0000000082600000| Untracked 
|  39|0x0000000082700000, 0x0000000082800000, 0x0000000082800000|100%| O|  |TAMS 0x0000000082800000, 0x0000000082700000| Untracked 
|  40|0x0000000082800000, 0x0000000082900000, 0x0000000082900000|100%| O|  |TAMS 0x0000000082900000, 0x0000000082800000| Untracked 
|  41|0x0000000082900000, 0x0000000082a00000, 0x0000000082a00000|100%| O|  |TAMS 0x0000000082900000, 0x0000000082900000| Untracked 
|  42|0x0000000082a00000, 0x0000000082b00000, 0x0000000082b00000|100%| O|CS|TAMS 0x0000000082b00000, 0x0000000082a00000| Complete 
|  43|0x0000000082b00000, 0x0000000082c00000, 0x0000000082c00000|100%| O|  |TAMS 0x0000000082c00000, 0x0000000082b00000| Complete 
|  44|0x0000000082c00000, 0x0000000082d00000, 0x0000000082d00000|100%| O|  |TAMS 0x0000000082c00000, 0x0000000082c00000| Untracked 
|  45|0x0000000082d00000, 0x0000000082e00000, 0x0000000082e00000|100%| O|  |TAMS 0x0000000082e00000, 0x0000000082d00000| Complete 
|  46|0x0000000082e00000, 0x0000000082e00000, 0x0000000082f00000|  0%| F|  |TAMS 0x0000000082e00000, 0x0000000082e00000| Untracked 
|  47|0x0000000082f00000, 0x0000000083000000, 0x0000000083000000|100%| O|  |TAMS 0x0000000083000000, 0x0000000082f00000| Complete 
|  48|0x0000000083000000, 0x0000000083000000, 0x0000000083100000|  0%| F|  |TAMS 0x0000000083000000, 0x0000000083000000| Untracked 
|  49|0x0000000083100000, 0x0000000083200000, 0x0000000083200000|100%| O|  |TAMS 0x0000000083200000, 0x0000000083100000| Complete 
|  50|0x0000000083200000, 0x0000000083300000, 0x0000000083300000|100%| O|  |TAMS 0x0000000083300000, 0x0000000083200000| Untracked 
|  51|0x0000000083300000, 0x0000000083300000, 0x0000000083400000|  0%| F|  |TAMS 0x0000000083300000, 0x0000000083300000| Untracked 
|  52|0x0000000083400000, 0x0000000083500000, 0x0000000083500000|100%| O|  |TAMS 0x0000000083500000, 0x0000000083400000| Untracked 
|  53|0x0000000083500000, 0x0000000083600000, 0x0000000083600000|100%| O|  |TAMS 0x0000000083600000, 0x0000000083500000| Complete 
|  54|0x0000000083600000, 0x0000000083700000, 0x0000000083700000|100%| O|  |TAMS 0x0000000083700000, 0x0000000083600000| Complete 
|  55|0x0000000083700000, 0x0000000083800000, 0x0000000083800000|100%| O|  |TAMS 0x0000000083800000, 0x0000000083700000| Complete 
|  56|0x0000000083800000, 0x0000000083900000, 0x0000000083900000|100%| O|  |TAMS 0x0000000083900000, 0x0000000083800000| Untracked 
|  57|0x0000000083900000, 0x0000000083a00000, 0x0000000083a00000|100%| O|  |TAMS 0x0000000083a00000, 0x0000000083900000| Complete 
|  58|0x0000000083a00000, 0x0000000083b00000, 0x0000000083b00000|100%| O|  |TAMS 0x0000000083b00000, 0x0000000083a00000| Complete 
|  59|0x0000000083b00000, 0x0000000083c00000, 0x0000000083c00000|100%| O|  |TAMS 0x0000000083c00000, 0x0000000083b00000| Complete 
|  60|0x0000000083c00000, 0x0000000083d00000, 0x0000000083d00000|100%| O|  |TAMS 0x0000000083d00000, 0x0000000083c00000| Untracked 
|  61|0x0000000083d00000, 0x0000000083e00000, 0x0000000083e00000|100%| O|  |TAMS 0x0000000083e00000, 0x0000000083d00000| Complete 
|  62|0x0000000083e00000, 0x0000000083e00000, 0x0000000083f00000|  0%| F|  |TAMS 0x0000000083e00000, 0x0000000083e00000| Untracked 
|  63|0x0000000083f00000, 0x0000000083f00000, 0x0000000084000000|  0%| F|  |TAMS 0x0000000083f00000, 0x0000000083f00000| Untracked 
|  64|0x0000000084000000, 0x0000000084100000, 0x0000000084100000|100%| O|  |TAMS 0x0000000084100000, 0x0000000084000000| Untracked 
|  65|0x0000000084100000, 0x0000000084200000, 0x0000000084200000|100%| O|  |TAMS 0x0000000084200000, 0x0000000084100000| Complete 
|  66|0x0000000084200000, 0x0000000084300000, 0x0000000084300000|100%| O|  |TAMS 0x0000000084300000, 0x0000000084200000| Complete 
|  67|0x0000000084300000, 0x0000000084400000, 0x0000000084400000|100%| O|  |TAMS 0x0000000084400000, 0x0000000084300000| Untracked 
|  68|0x0000000084400000, 0x0000000084500000, 0x0000000084500000|100%| O|  |TAMS 0x0000000084500000, 0x0000000084400000| Untracked 
|  69|0x0000000084500000, 0x0000000084600000, 0x0000000084600000|100%| O|  |TAMS 0x0000000084600000, 0x0000000084500000| Untracked 
|  70|0x0000000084600000, 0x0000000084700000, 0x0000000084700000|100%| O|  |TAMS 0x0000000084600000, 0x0000000084600000| Untracked 
|  71|0x0000000084700000, 0x0000000084800000, 0x0000000084800000|100%| O|  |TAMS 0x0000000084800000, 0x0000000084700000| Untracked 
|  72|0x0000000084800000, 0x0000000084900000, 0x0000000084900000|100%| O|  |TAMS 0x0000000084900000, 0x0000000084800000| Untracked 
|  73|0x0000000084900000, 0x0000000084a00000, 0x0000000084a00000|100%| O|  |TAMS 0x0000000084a00000, 0x0000000084900000| Complete 
|  74|0x0000000084a00000, 0x0000000084b00000, 0x0000000084b00000|100%| O|  |TAMS 0x0000000084b00000, 0x0000000084a00000| Complete 
|  75|0x0000000084b00000, 0x0000000084c00000, 0x0000000084c00000|100%| O|  |TAMS 0x0000000084c00000, 0x0000000084b00000| Complete 
|  76|0x0000000084c00000, 0x0000000084d00000, 0x0000000084d00000|100%| O|  |TAMS 0x0000000084d00000, 0x0000000084c00000| Untracked 
|  77|0x0000000084d00000, 0x0000000084e00000, 0x0000000084e00000|100%| O|  |TAMS 0x0000000084e00000, 0x0000000084d00000| Untracked 
|  78|0x0000000084e00000, 0x0000000084e00000, 0x0000000084f00000|  0%| F|  |TAMS 0x0000000084e00000, 0x0000000084e00000| Untracked 
|  79|0x0000000084f00000, 0x0000000085000000, 0x0000000085000000|100%| O|  |TAMS 0x0000000085000000, 0x0000000084f00000| Complete 
|  80|0x0000000085000000, 0x0000000085100000, 0x0000000085100000|100%| O|  |TAMS 0x0000000085100000, 0x0000000085000000| Untracked 
|  81|0x0000000085100000, 0x0000000085200000, 0x0000000085200000|100%| O|  |TAMS 0x0000000085200000, 0x0000000085100000| Untracked 
|  82|0x0000000085200000, 0x0000000085300000, 0x0000000085300000|100%| O|  |TAMS 0x0000000085300000, 0x0000000085200000| Untracked 
|  83|0x0000000085300000, 0x0000000085400000, 0x0000000085400000|100%| O|  |TAMS 0x0000000085400000, 0x0000000085300000| Complete 
|  84|0x0000000085400000, 0x0000000085500000, 0x0000000085500000|100%| O|  |TAMS 0x0000000085500000, 0x0000000085400000| Complete 
|  85|0x0000000085500000, 0x0000000085600000, 0x0000000085600000|100%| O|  |TAMS 0x0000000085600000, 0x0000000085500000| Complete 
|  86|0x0000000085600000, 0x0000000085700000, 0x0000000085700000|100%| O|  |TAMS 0x0000000085700000, 0x0000000085600000| Untracked 
|  87|0x0000000085700000, 0x0000000085800000, 0x0000000085800000|100%| O|  |TAMS 0x0000000085800000, 0x0000000085700000| Untracked 
|  88|0x0000000085800000, 0x0000000085900000, 0x0000000085900000|100%| O|  |TAMS 0x0000000085900000, 0x0000000085800000| Untracked 
|  89|0x0000000085900000, 0x0000000085a00000, 0x0000000085a00000|100%| O|  |TAMS 0x0000000085a00000, 0x0000000085900000| Complete 
|  90|0x0000000085a00000, 0x0000000085b00000, 0x0000000085b00000|100%| O|  |TAMS 0x0000000085b00000, 0x0000000085a00000| Untracked 
|  91|0x0000000085b00000, 0x0000000085b00000, 0x0000000085c00000|  0%| F|  |TAMS 0x0000000085b00000, 0x0000000085b00000| Untracked 
|  92|0x0000000085c00000, 0x0000000085d00000, 0x0000000085d00000|100%| O|  |TAMS 0x0000000085c00000, 0x0000000085c00000| Untracked 
|  93|0x0000000085d00000, 0x0000000085d00000, 0x0000000085e00000|  0%| F|  |TAMS 0x0000000085d00000, 0x0000000085d00000| Untracked 
|  94|0x0000000085e00000, 0x0000000085f00000, 0x0000000085f00000|100%| O|  |TAMS 0x0000000085f00000, 0x0000000085e00000| Complete 
|  95|0x0000000085f00000, 0x0000000086000000, 0x0000000086000000|100%| O|CS|TAMS 0x0000000086000000, 0x0000000085f00000| Complete 
|  96|0x0000000086000000, 0x0000000086100000, 0x0000000086100000|100%|HS|  |TAMS 0x0000000086000000, 0x0000000086000000| Complete 
|  97|0x0000000086100000, 0x0000000086200000, 0x0000000086200000|100%|HC|  |TAMS 0x0000000086100000, 0x0000000086100000| Complete 
|  98|0x0000000086200000, 0x0000000086200000, 0x0000000086300000|  0%| F|  |TAMS 0x0000000086200000, 0x0000000086200000| Untracked 
|  99|0x0000000086300000, 0x0000000086400000, 0x0000000086400000|100%|HS|  |TAMS 0x0000000086300000, 0x0000000086300000| Complete 
| 100|0x0000000086400000, 0x0000000086500000, 0x0000000086500000|100%|HC|  |TAMS 0x0000000086400000, 0x0000000086400000| Complete 
| 101|0x0000000086500000, 0x0000000086600000, 0x0000000086600000|100%|HC|  |TAMS 0x0000000086500000, 0x0000000086500000| Complete 
| 102|0x0000000086600000, 0x0000000086600000, 0x0000000086700000|  0%| F|  |TAMS 0x0000000086600000, 0x0000000086600000| Untracked 
| 103|0x0000000086700000, 0x0000000086700000, 0x0000000086800000|  0%| F|  |TAMS 0x0000000086700000, 0x0000000086700000| Untracked 
| 104|0x0000000086800000, 0x0000000086900000, 0x0000000086900000|100%|HS|  |TAMS 0x0000000086800000, 0x0000000086800000| Complete 
| 105|0x0000000086900000, 0x0000000086a00000, 0x0000000086a00000|100%|HC|  |TAMS 0x0000000086900000, 0x0000000086900000| Complete 
| 106|0x0000000086a00000, 0x0000000086b00000, 0x0000000086b00000|100%| O|  |TAMS 0x0000000086a00000, 0x0000000086a00000| Untracked 
| 107|0x0000000086b00000, 0x0000000086c00000, 0x0000000086c00000|100%|HS|  |TAMS 0x0000000086b00000, 0x0000000086b00000| Complete 
| 108|0x0000000086c00000, 0x0000000086d00000, 0x0000000086d00000|100%|HC|  |TAMS 0x0000000086c00000, 0x0000000086c00000| Complete 
| 109|0x0000000086d00000, 0x0000000086d00000, 0x0000000086e00000|  0%| F|  |TAMS 0x0000000086d00000, 0x0000000086d00000| Untracked 
| 110|0x0000000086e00000, 0x0000000086e00000, 0x0000000086f00000|  0%| F|  |TAMS 0x0000000086e00000, 0x0000000086e00000| Untracked 
| 111|0x0000000086f00000, 0x0000000087000000, 0x0000000087000000|100%| O|  |TAMS 0x0000000087000000, 0x0000000086f00000| Complete 
| 112|0x0000000087000000, 0x0000000087100000, 0x0000000087100000|100%| O|  |TAMS 0x0000000087100000, 0x0000000087000000| Complete 
| 113|0x0000000087100000, 0x0000000087200000, 0x0000000087200000|100%| O|  |TAMS 0x0000000087100000, 0x0000000087100000| Untracked 
| 114|0x0000000087200000, 0x0000000087300000, 0x0000000087300000|100%| O|  |TAMS 0x0000000087300000, 0x0000000087200000| Untracked 
| 115|0x0000000087300000, 0x0000000087400000, 0x0000000087400000|100%| O|  |TAMS 0x0000000087300000, 0x0000000087300000| Untracked 
| 116|0x0000000087400000, 0x0000000087500000, 0x0000000087500000|100%| O|  |TAMS 0x0000000087400000, 0x0000000087400000| Untracked 
| 117|0x0000000087500000, 0x0000000087600000, 0x0000000087600000|100%| O|  |TAMS 0x0000000087600000, 0x0000000087500000| Complete 
| 118|0x0000000087600000, 0x0000000087700000, 0x0000000087700000|100%| O|  |TAMS 0x0000000087600000, 0x0000000087600000| Untracked 
| 119|0x0000000087700000, 0x0000000087700000, 0x0000000087800000|  0%| F|  |TAMS 0x0000000087700000, 0x0000000087700000| Untracked 
| 120|0x0000000087800000, 0x0000000087900000, 0x0000000087900000|100%| O|  |TAMS 0x0000000087900000, 0x0000000087800000| Untracked 
| 121|0x0000000087900000, 0x0000000087a00000, 0x0000000087a00000|100%| O|  |TAMS 0x0000000087a00000, 0x0000000087900000| Complete 
| 122|0x0000000087a00000, 0x0000000087b00000, 0x0000000087b00000|100%|HS|  |TAMS 0x0000000087a00000, 0x0000000087a00000| Complete 
| 123|0x0000000087b00000, 0x0000000087c00000, 0x0000000087c00000|100%|HC|  |TAMS 0x0000000087b00000, 0x0000000087b00000| Complete 
| 124|0x0000000087c00000, 0x0000000087d00000, 0x0000000087d00000|100%|HC|  |TAMS 0x0000000087c00000, 0x0000000087c00000| Complete 
| 125|0x0000000087d00000, 0x0000000087e00000, 0x0000000087e00000|100%|HS|  |TAMS 0x0000000087d00000, 0x0000000087d00000| Complete 
| 126|0x0000000087e00000, 0x0000000087f00000, 0x0000000087f00000|100%|HC|  |TAMS 0x0000000087e00000, 0x0000000087e00000| Complete 
| 127|0x0000000087f00000, 0x0000000088000000, 0x0000000088000000|100%|HC|  |TAMS 0x0000000087f00000, 0x0000000087f00000| Complete 
| 128|0x0000000088000000, 0x0000000088100000, 0x0000000088100000|100%| O|  |TAMS 0x0000000088100000, 0x0000000088000000| Complete 
| 129|0x0000000088100000, 0x0000000088200000, 0x0000000088200000|100%|HS|  |TAMS 0x0000000088100000, 0x0000000088100000| Complete 
| 130|0x0000000088200000, 0x0000000088300000, 0x0000000088300000|100%|HC|  |TAMS 0x0000000088200000, 0x0000000088200000| Complete 
| 131|0x0000000088300000, 0x0000000088400000, 0x0000000088400000|100%| O|  |TAMS 0x0000000088400000, 0x0000000088300000| Complete 
| 132|0x0000000088400000, 0x0000000088500000, 0x0000000088500000|100%| O|  |TAMS 0x0000000088500000, 0x0000000088400000| Untracked 
| 133|0x0000000088500000, 0x0000000088500000, 0x0000000088600000|  0%| F|  |TAMS 0x0000000088500000, 0x0000000088500000| Untracked 
| 134|0x0000000088600000, 0x0000000088700000, 0x0000000088700000|100%| O|  |TAMS 0x0000000088700000, 0x0000000088600000| Untracked 
| 135|0x0000000088700000, 0x0000000088800000, 0x0000000088800000|100%| O|  |TAMS 0x0000000088800000, 0x0000000088700000| Complete 
| 136|0x0000000088800000, 0x0000000088900000, 0x0000000088900000|100%|HS|  |TAMS 0x0000000088800000, 0x0000000088800000| Complete 
| 137|0x0000000088900000, 0x0000000088a00000, 0x0000000088a00000|100%|HC|  |TAMS 0x0000000088900000, 0x0000000088900000| Complete 
| 138|0x0000000088a00000, 0x0000000088b00000, 0x0000000088b00000|100%|HC|  |TAMS 0x0000000088a00000, 0x0000000088a00000| Complete 
| 139|0x0000000088b00000, 0x0000000088c00000, 0x0000000088c00000|100%|HC|  |TAMS 0x0000000088b00000, 0x0000000088b00000| Complete 
| 140|0x0000000088c00000, 0x0000000088d00000, 0x0000000088d00000|100%|HC|  |TAMS 0x0000000088c00000, 0x0000000088c00000| Complete 
| 141|0x0000000088d00000, 0x0000000088e00000, 0x0000000088e00000|100%|HC|  |TAMS 0x0000000088d00000, 0x0000000088d00000| Complete 
| 142|0x0000000088e00000, 0x0000000088f00000, 0x0000000088f00000|100%|HC|  |TAMS 0x0000000088e00000, 0x0000000088e00000| Complete 
| 143|0x0000000088f00000, 0x0000000089000000, 0x0000000089000000|100%|HC|  |TAMS 0x0000000088f00000, 0x0000000088f00000| Complete 
| 144|0x0000000089000000, 0x0000000089100000, 0x0000000089100000|100%|HC|  |TAMS 0x0000000089000000, 0x0000000089000000| Complete 
| 145|0x0000000089100000, 0x0000000089200000, 0x0000000089200000|100%|HC|  |TAMS 0x0000000089100000, 0x0000000089100000| Complete 
| 146|0x0000000089200000, 0x0000000089300000, 0x0000000089300000|100%|HS|  |TAMS 0x0000000089200000, 0x0000000089200000| Complete 
| 147|0x0000000089300000, 0x0000000089400000, 0x0000000089400000|100%|HC|  |TAMS 0x0000000089300000, 0x0000000089300000| Complete 
| 148|0x0000000089400000, 0x0000000089500000, 0x0000000089500000|100%|HC|  |TAMS 0x0000000089400000, 0x0000000089400000| Complete 
| 149|0x0000000089500000, 0x0000000089600000, 0x0000000089600000|100%|HC|  |TAMS 0x0000000089500000, 0x0000000089500000| Complete 
| 150|0x0000000089600000, 0x0000000089700000, 0x0000000089700000|100%|HC|  |TAMS 0x0000000089600000, 0x0000000089600000| Complete 
| 151|0x0000000089700000, 0x0000000089800000, 0x0000000089800000|100%| O|  |TAMS 0x0000000089700000, 0x0000000089700000| Untracked 
| 152|0x0000000089800000, 0x0000000089900000, 0x0000000089900000|100%| O|  |TAMS 0x0000000089800000, 0x0000000089800000| Untracked 
| 153|0x0000000089900000, 0x0000000089a00000, 0x0000000089a00000|100%| O|  |TAMS 0x0000000089900000, 0x0000000089900000| Untracked 
| 154|0x0000000089a00000, 0x0000000089b00000, 0x0000000089b00000|100%| O|  |TAMS 0x0000000089a00000, 0x0000000089a00000| Untracked 
| 155|0x0000000089b00000, 0x0000000089c00000, 0x0000000089c00000|100%| O|  |TAMS 0x0000000089b00000, 0x0000000089b00000| Untracked 
| 156|0x0000000089c00000, 0x0000000089d00000, 0x0000000089d00000|100%| O|  |TAMS 0x0000000089c00000, 0x0000000089c00000| Untracked 
| 157|0x0000000089d00000, 0x0000000089e00000, 0x0000000089e00000|100%| O|  |TAMS 0x0000000089d00000, 0x0000000089d00000| Untracked 
| 158|0x0000000089e00000, 0x0000000089f00000, 0x0000000089f00000|100%| O|  |TAMS 0x0000000089e00000, 0x0000000089e00000| Untracked 
| 159|0x0000000089f00000, 0x000000008a000000, 0x000000008a000000|100%| O|  |TAMS 0x0000000089f00000, 0x0000000089f00000| Untracked 
| 160|0x000000008a000000, 0x000000008a100000, 0x000000008a100000|100%| O|  |TAMS 0x000000008a000000, 0x000000008a000000| Untracked 
| 161|0x000000008a100000, 0x000000008a200000, 0x000000008a200000|100%|HS|  |TAMS 0x000000008a100000, 0x000000008a100000| Complete 
| 162|0x000000008a200000, 0x000000008a300000, 0x000000008a300000|100%|HC|  |TAMS 0x000000008a200000, 0x000000008a200000| Complete 
| 163|0x000000008a300000, 0x000000008a400000, 0x000000008a400000|100%|HC|  |TAMS 0x000000008a300000, 0x000000008a300000| Complete 
| 164|0x000000008a400000, 0x000000008a500000, 0x000000008a500000|100%| O|  |TAMS 0x000000008a400000, 0x000000008a400000| Untracked 
| 165|0x000000008a500000, 0x000000008a600000, 0x000000008a600000|100%|HS|  |TAMS 0x000000008a500000, 0x000000008a500000| Complete 
| 166|0x000000008a600000, 0x000000008a700000, 0x000000008a700000|100%|HC|  |TAMS 0x000000008a600000, 0x000000008a600000| Complete 
| 167|0x000000008a700000, 0x000000008a800000, 0x000000008a800000|100%|HC|  |TAMS 0x000000008a700000, 0x000000008a700000| Complete 
| 168|0x000000008a800000, 0x000000008a900000, 0x000000008a900000|100%|HC|  |TAMS 0x000000008a800000, 0x000000008a800000| Complete 
| 169|0x000000008a900000, 0x000000008aa00000, 0x000000008aa00000|100%|HC|  |TAMS 0x000000008a900000, 0x000000008a900000| Complete 
| 170|0x000000008aa00000, 0x000000008aa00000, 0x000000008ab00000|  0%| F|  |TAMS 0x000000008aa00000, 0x000000008aa00000| Untracked 
| 171|0x000000008ab00000, 0x000000008ab00000, 0x000000008ac00000|  0%| F|  |TAMS 0x000000008ab00000, 0x000000008ab00000| Untracked 
| 172|0x000000008ac00000, 0x000000008ac00000, 0x000000008ad00000|  0%| F|  |TAMS 0x000000008ac00000, 0x000000008ac00000| Untracked 
| 173|0x000000008ad00000, 0x000000008ad00000, 0x000000008ae00000|  0%| F|  |TAMS 0x000000008ad00000, 0x000000008ad00000| Untracked 
| 174|0x000000008ae00000, 0x000000008ae00000, 0x000000008af00000|  0%| F|  |TAMS 0x000000008ae00000, 0x000000008ae00000| Untracked 
| 175|0x000000008af00000, 0x000000008af00000, 0x000000008b000000|  0%| F|  |TAMS 0x000000008af00000, 0x000000008af00000| Untracked 
| 176|0x000000008b000000, 0x000000008b000000, 0x000000008b100000|  0%| F|  |TAMS 0x000000008b000000, 0x000000008b000000| Untracked 
| 177|0x000000008b100000, 0x000000008b100000, 0x000000008b200000|  0%| F|  |TAMS 0x000000008b100000, 0x000000008b100000| Untracked 
| 178|0x000000008b200000, 0x000000008b200000, 0x000000008b300000|  0%| F|  |TAMS 0x000000008b200000, 0x000000008b200000| Untracked 
| 179|0x000000008b300000, 0x000000008b300000, 0x000000008b400000|  0%| F|  |TAMS 0x000000008b300000, 0x000000008b300000| Untracked 
| 180|0x000000008b400000, 0x000000008b400000, 0x000000008b500000|  0%| F|  |TAMS 0x000000008b400000, 0x000000008b400000| Untracked 
| 181|0x000000008b500000, 0x000000008b500000, 0x000000008b600000|  0%| F|  |TAMS 0x000000008b500000, 0x000000008b500000| Untracked 
| 182|0x000000008b600000, 0x000000008b600000, 0x000000008b700000|  0%| F|  |TAMS 0x000000008b600000, 0x000000008b600000| Untracked 
| 183|0x000000008b700000, 0x000000008b700000, 0x000000008b800000|  0%| F|  |TAMS 0x000000008b700000, 0x000000008b700000| Untracked 
| 184|0x000000008b800000, 0x000000008b800000, 0x000000008b900000|  0%| F|  |TAMS 0x000000008b800000, 0x000000008b800000| Untracked 
| 185|0x000000008b900000, 0x000000008b900000, 0x000000008ba00000|  0%| F|  |TAMS 0x000000008b900000, 0x000000008b900000| Untracked 
| 186|0x000000008ba00000, 0x000000008ba00000, 0x000000008bb00000|  0%| F|  |TAMS 0x000000008ba00000, 0x000000008ba00000| Untracked 
| 187|0x000000008bb00000, 0x000000008bb00000, 0x000000008bc00000|  0%| F|  |TAMS 0x000000008bb00000, 0x000000008bb00000| Untracked 
| 188|0x000000008bc00000, 0x000000008bc00000, 0x000000008bd00000|  0%| F|  |TAMS 0x000000008bc00000, 0x000000008bc00000| Untracked 
| 189|0x000000008bd00000, 0x000000008bd00000, 0x000000008be00000|  0%| F|  |TAMS 0x000000008bd00000, 0x000000008bd00000| Untracked 
| 190|0x000000008be00000, 0x000000008be00000, 0x000000008bf00000|  0%| F|  |TAMS 0x000000008be00000, 0x000000008be00000| Untracked 
| 191|0x000000008bf00000, 0x000000008bf00000, 0x000000008c000000|  0%| F|  |TAMS 0x000000008bf00000, 0x000000008bf00000| Untracked 
| 192|0x000000008c000000, 0x000000008c000000, 0x000000008c100000|  0%| F|  |TAMS 0x000000008c000000, 0x000000008c000000| Untracked 
| 193|0x000000008c100000, 0x000000008c100000, 0x000000008c200000|  0%| F|  |TAMS 0x000000008c100000, 0x000000008c100000| Untracked 
| 194|0x000000008c200000, 0x000000008c200000, 0x000000008c300000|  0%| F|  |TAMS 0x000000008c200000, 0x000000008c200000| Untracked 
| 195|0x000000008c300000, 0x000000008c300000, 0x000000008c400000|  0%| F|  |TAMS 0x000000008c300000, 0x000000008c300000| Untracked 
| 196|0x000000008c400000, 0x000000008c400000, 0x000000008c500000|  0%| F|  |TAMS 0x000000008c400000, 0x000000008c400000| Untracked 
| 197|0x000000008c500000, 0x000000008c500000, 0x000000008c600000|  0%| F|  |TAMS 0x000000008c500000, 0x000000008c500000| Untracked 
| 198|0x000000008c600000, 0x000000008c600000, 0x000000008c700000|  0%| F|  |TAMS 0x000000008c600000, 0x000000008c600000| Untracked 
| 199|0x000000008c700000, 0x000000008c700000, 0x000000008c800000|  0%| F|  |TAMS 0x000000008c700000, 0x000000008c700000| Untracked 
| 200|0x000000008c800000, 0x000000008c800000, 0x000000008c900000|  0%| F|  |TAMS 0x000000008c800000, 0x000000008c800000| Untracked 
| 201|0x000000008c900000, 0x000000008c900000, 0x000000008ca00000|  0%| F|  |TAMS 0x000000008c900000, 0x000000008c900000| Untracked 
| 202|0x000000008ca00000, 0x000000008ca00000, 0x000000008cb00000|  0%| F|  |TAMS 0x000000008ca00000, 0x000000008ca00000| Untracked 
| 203|0x000000008cb00000, 0x000000008cb00000, 0x000000008cc00000|  0%| F|  |TAMS 0x000000008cb00000, 0x000000008cb00000| Untracked 
| 204|0x000000008cc00000, 0x000000008cc00000, 0x000000008cd00000|  0%| F|  |TAMS 0x000000008cc00000, 0x000000008cc00000| Untracked 
| 205|0x000000008cd00000, 0x000000008cd00000, 0x000000008ce00000|  0%| F|  |TAMS 0x000000008cd00000, 0x000000008cd00000| Untracked 
| 206|0x000000008ce00000, 0x000000008ce00000, 0x000000008cf00000|  0%| F|  |TAMS 0x000000008ce00000, 0x000000008ce00000| Untracked 
| 207|0x000000008cf00000, 0x000000008cf00000, 0x000000008d000000|  0%| F|  |TAMS 0x000000008cf00000, 0x000000008cf00000| Untracked 
| 208|0x000000008d000000, 0x000000008d000000, 0x000000008d100000|  0%| F|  |TAMS 0x000000008d000000, 0x000000008d000000| Untracked 
| 209|0x000000008d100000, 0x000000008d100000, 0x000000008d200000|  0%| F|  |TAMS 0x000000008d100000, 0x000000008d100000| Untracked 
| 210|0x000000008d200000, 0x000000008d200000, 0x000000008d300000|  0%| F|  |TAMS 0x000000008d200000, 0x000000008d200000| Untracked 
| 211|0x000000008d300000, 0x000000008d300000, 0x000000008d400000|  0%| F|  |TAMS 0x000000008d300000, 0x000000008d300000| Untracked 
| 212|0x000000008d400000, 0x000000008d400000, 0x000000008d500000|  0%| F|  |TAMS 0x000000008d400000, 0x000000008d400000| Untracked 
| 213|0x000000008d500000, 0x000000008d500000, 0x000000008d600000|  0%| F|  |TAMS 0x000000008d500000, 0x000000008d500000| Untracked 
| 214|0x000000008d600000, 0x000000008d600000, 0x000000008d700000|  0%| F|  |TAMS 0x000000008d600000, 0x000000008d600000| Untracked 
| 215|0x000000008d700000, 0x000000008d700000, 0x000000008d800000|  0%| F|  |TAMS 0x000000008d700000, 0x000000008d700000| Untracked 
| 216|0x000000008d800000, 0x000000008d800000, 0x000000008d900000|  0%| F|  |TAMS 0x000000008d800000, 0x000000008d800000| Untracked 
| 217|0x000000008d900000, 0x000000008d900000, 0x000000008da00000|  0%| F|  |TAMS 0x000000008d900000, 0x000000008d900000| Untracked 
| 218|0x000000008da00000, 0x000000008da00000, 0x000000008db00000|  0%| F|  |TAMS 0x000000008da00000, 0x000000008da00000| Untracked 
| 219|0x000000008db00000, 0x000000008db00000, 0x000000008dc00000|  0%| F|  |TAMS 0x000000008db00000, 0x000000008db00000| Untracked 
| 220|0x000000008dc00000, 0x000000008dc00000, 0x000000008dd00000|  0%| F|  |TAMS 0x000000008dc00000, 0x000000008dc00000| Untracked 
| 221|0x000000008dd00000, 0x000000008de00000, 0x000000008de00000|100%| S|  |TAMS 0x000000008dd00000, 0x000000008dd00000| Complete 
| 222|0x000000008de00000, 0x000000008df00000, 0x000000008df00000|100%| S|  |TAMS 0x000000008de00000, 0x000000008de00000| Complete 
| 223|0x000000008df00000, 0x000000008e000000, 0x000000008e000000|100%| E|CS|TAMS 0x000000008df00000, 0x000000008df00000| Complete 
| 224|0x000000008e000000, 0x000000008e100000, 0x000000008e100000|100%| E|CS|TAMS 0x000000008e000000, 0x000000008e000000| Complete 
| 225|0x000000008e100000, 0x000000008e200000, 0x000000008e200000|100%| E|CS|TAMS 0x000000008e100000, 0x000000008e100000| Complete 
| 226|0x000000008e200000, 0x000000008e300000, 0x000000008e300000|100%| E|CS|TAMS 0x000000008e200000, 0x000000008e200000| Complete 
| 227|0x000000008e300000, 0x000000008e3f1200, 0x000000008e400000| 94%| E|CS|TAMS 0x000000008e300000, 0x000000008e300000| Complete 
| 228|0x000000008e400000, 0x000000008e500000, 0x000000008e500000|100%| E|CS|TAMS 0x000000008e400000, 0x000000008e400000| Complete 
| 229|0x000000008e500000, 0x000000008e600000, 0x000000008e600000|100%| E|CS|TAMS 0x000000008e500000, 0x000000008e500000| Complete 
| 230|0x000000008e600000, 0x000000008e700000, 0x000000008e700000|100%| E|CS|TAMS 0x000000008e600000, 0x000000008e600000| Complete 
| 231|0x000000008e700000, 0x000000008e800000, 0x000000008e800000|100%| E|CS|TAMS 0x000000008e700000, 0x000000008e700000| Complete 
| 232|0x000000008e800000, 0x000000008e900000, 0x000000008e900000|100%| E|CS|TAMS 0x000000008e800000, 0x000000008e800000| Complete 
| 233|0x000000008e900000, 0x000000008ea00000, 0x000000008ea00000|100%| E|CS|TAMS 0x000000008e900000, 0x000000008e900000| Complete 

Card table byte_map: [0x00000234134b0000,0x00000234138b0000] _byte_map_base: 0x00000234130b0000

Marking Bits (Prev, Next): (CMBitMap*) 0x000002347e703bd8, (CMBitMap*) 0x000002347e703c10
 Prev Bits: [0x0000023413cb0000, 0x0000023415cb0000)
 Next Bits: [0x0000023415cb0000, 0x0000023417cb0000)

Polling page: 0x0000023400000000

Metaspace:

Usage:
  Non-class:    117.77 MB capacity,   115.07 MB ( 98%) used,     2.21 MB (  2%) free+waste,   498.69 KB ( <1%) overhead. 
      Class:     18.40 MB capacity,    16.77 MB ( 91%) used,     1.41 MB (  8%) free+waste,   226.31 KB (  1%) overhead. 
       Both:    136.17 MB capacity,   131.84 MB ( 97%) used,     3.62 MB (  3%) free+waste,   725.00 KB ( <1%) overhead. 

Virtual space:
  Non-class space:      118.00 MB reserved,     117.88 MB (>99%) committed 
      Class space:        1.00 GB reserved,      18.57 MB (  2%) committed 
             Both:        1.12 GB reserved,     136.45 MB ( 12%) committed 

Chunk freelists:
   Non-Class:  51.00 KB
       Class:  71.00 KB
        Both:  122.00 KB

MaxMetaspaceSize: 17179869184.00 GB
CompressedClassSpaceSize: 1.00 GB
Initial GC threshold: 20.80 MB
Current GC threshold: 225.34 MB
CDS: off

CodeHeap 'non-profiled nmethods': size=120064Kb used=13204Kb max_used=13348Kb free=106859Kb
 bounds [0x000002340b530000, 0x000002340c270000, 0x0000023412a70000]
CodeHeap 'profiled nmethods': size=120000Kb used=39730Kb max_used=41875Kb free=80269Kb
 bounds [0x0000023404000000, 0x00000234068f0000, 0x000002340b530000]
CodeHeap 'non-nmethods': size=5696Kb used=2466Kb max_used=2523Kb free=3229Kb
 bounds [0x0000023403a70000, 0x0000023403d00000, 0x0000023404000000]
 total_blobs=20313 nmethods=19303 adapters=921
 compilation: enabled
              stopped_count=0, restarted_count=0
 full_count=0

Compilation events (20 events):
Event: 3097.625 Thread 0x000002341a32a000 21495       3       org.gradle.api.internal.artifacts.ivyservice.modulecache.PersistentModuleMetadataCache$RevisionKeySerializer::write (10 bytes)
Event: 3097.625 Thread 0x000002341a32a000 nmethod 21495 0x000002340435c890 code [0x000002340435ca80, 0x000002340435ce58]
Event: 3097.625 Thread 0x000002341a32a000 21494       3       org.gradle.api.internal.artifacts.ivyservice.modulecache.PersistentModuleMetadataCache$$Lambda$529/0x000000010062a440::create (16 bytes)
Event: 3097.626 Thread 0x000002341a32a000 nmethod 21494 0x0000023404a51110 code [0x0000023404a512c0, 0x0000023404a51408]
Event: 3097.626 Thread 0x000002341a32a000 21496       3       org.gradle.api.internal.artifacts.ivyservice.modulecache.ModuleMetadataCacheEntrySerializer::read (6 bytes)
Event: 3097.626 Thread 0x000002341a32a000 nmethod 21496 0x00000234048b3b90 code [0x00000234048b3d40, 0x00000234048b3e88]
Event: 3097.626 Thread 0x000002341a32a000 21497       3       org.gradle.api.internal.artifacts.ivyservice.modulecache.ModuleMetadataCacheEntrySerializer::read (106 bytes)
Event: 3097.628 Thread 0x000002341a32a000 nmethod 21497 0x0000023404384290 code [0x0000023404384560, 0x00000234043853b8]
Event: 3097.664 Thread 0x000002341ebb3800 nmethod 21394 0x000002340c25d490 code [0x000002340c25d800, 0x000002340c260958]
Event: 3097.664 Thread 0x000002341ebb3800 21498       4       com.google.common.primitives.Ints::saturatedCast (25 bytes)
Event: 3097.666 Thread 0x000002341ebb3800 nmethod 21498 0x000002340baa5310 code [0x000002340baa54a0, 0x000002340baa5538]
Event: 3097.683 Thread 0x000002341ebb3800 21499       4       org.gradle.api.internal.artifacts.ivyservice.resolveengine.graph.builder.EdgeState::safeGetAttributes (38 bytes)
Event: 3097.687 Thread 0x000002341a32a000 21501       3       org.gradle.internal.resource.local.GroupedAndNamedUniqueFileStore::toPath (61 bytes)
Event: 3097.688 Thread 0x000002341a32a000 nmethod 21501 0x000002340456d790 code [0x000002340456da40, 0x000002340456e588]
Event: 3097.690 Thread 0x000002341ebb3800 nmethod 21499 0x000002340b97b490 code [0x000002340b97b640, 0x000002340b97b8d8]
Event: 3097.690 Thread 0x000002341ebb3800 21500       4       org.gradle.api.internal.artifacts.ivyservice.resolveengine.graph.builder.ResolveState$SelectorCacheKey::hashCode (35 bytes)
Event: 3097.699 Thread 0x000002341ebb3800 nmethod 21500 0x000002340baa4d10 code [0x000002340baa4ec0, 0x000002340baa51d8]
Event: 3097.699 Thread 0x000002341ebb3800 21502       4       org.gradle.api.internal.artifacts.ivyservice.modulecache.ModuleMetadataSerializer$Reader::readMavenDependency (142 bytes)
Event: 3097.758 Thread 0x000002341a32a000 21506       3       org.gradle.api.internal.artifacts.ivyservice.modulecache.PersistentModuleMetadataCache::lambda$get$0 (81 bytes)
Event: 3097.759 Thread 0x000002341a32a000 nmethod 21506 0x0000023404169910 code [0x0000023404169b80, 0x000002340416a7f8]

GC Heap History (20 events):
Event: 2225.456 GC heap after
{Heap after GC invocations=69 (full 0):
 garbage-first heap   total 239616K, used 122608K [0x0000000080000000, 0x0000000100000000)
  region size 1024K, 3 young (3072K), 3 survivors (3072K)
 Metaspace       used 132752K, capacity 136943K, committed 137552K, reserved 1169408K
  class space    used 16867K, capacity 18470K, committed 18636K, reserved 1048576K
}
Event: 2225.865 GC heap before
{Heap before GC invocations=69 (full 0):
 garbage-first heap   total 239616K, used 138992K [0x0000000080000000, 0x0000000100000000)
  region size 1024K, 20 young (20480K), 3 survivors (3072K)
 Metaspace       used 132755K, capacity 136943K, committed 137552K, reserved 1169408K
  class space    used 16867K, capacity 18470K, committed 18636K, reserved 1048576K
}
Event: 2225.876 GC heap after
{Heap after GC invocations=70 (full 0):
 garbage-first heap   total 239616K, used 122951K [0x0000000080000000, 0x0000000100000000)
  region size 1024K, 1 young (1024K), 1 survivors (1024K)
 Metaspace       used 132755K, capacity 136943K, committed 137552K, reserved 1169408K
  class space    used 16867K, capacity 18470K, committed 18636K, reserved 1048576K
}
Event: 2226.924 GC heap before
{Heap before GC invocations=70 (full 0):
 garbage-first heap   total 239616K, used 131143K [0x0000000080000000, 0x0000000100000000)
  region size 1024K, 11 young (11264K), 1 survivors (1024K)
 Metaspace       used 132783K, capacity 137020K, committed 137552K, reserved 1169408K
  class space    used 16869K, capacity 18473K, committed 18636K, reserved 1048576K
}
Event: 2226.931 GC heap after
{Heap after GC invocations=71 (full 0):
 garbage-first heap   total 239616K, used 123334K [0x0000000080000000, 0x0000000100000000)
  region size 1024K, 1 young (1024K), 1 survivors (1024K)
 Metaspace       used 132783K, capacity 137020K, committed 137552K, reserved 1169408K
  class space    used 16869K, capacity 18473K, committed 18636K, reserved 1048576K
}
Event: 2335.488 GC heap before
{Heap before GC invocations=72 (full 0):
 garbage-first heap   total 239616K, used 189894K [0x0000000080000000, 0x0000000100000000)
  region size 1024K, 51 young (52224K), 1 survivors (1024K)
 Metaspace       used 133026K, capacity 137220K, committed 137552K, reserved 1169408K
  class space    used 16880K, capacity 18494K, committed 18636K, reserved 1048576K
}
Event: 2335.507 GC heap after
{Heap after GC invocations=73 (full 0):
 garbage-first heap   total 239616K, used 128432K [0x0000000080000000, 0x0000000100000000)
  region size 1024K, 6 young (6144K), 6 survivors (6144K)
 Metaspace       used 133026K, capacity 137220K, committed 137552K, reserved 1169408K
  class space    used 16880K, capacity 18494K, committed 18636K, reserved 1048576K
}
Event: 2335.644 GC heap before
{Heap before GC invocations=73 (full 0):
 garbage-first heap   total 239616K, used 132528K [0x0000000080000000, 0x0000000100000000)
  region size 1024K, 11 young (11264K), 6 survivors (6144K)
 Metaspace       used 133032K, capacity 137221K, committed 137552K, reserved 1169408K
  class space    used 16880K, capacity 18494K, committed 18636K, reserved 1048576K
}
Event: 2335.684 GC heap after
{Heap after GC invocations=74 (full 0):
 garbage-first heap   total 239616K, used 120158K [0x0000000080000000, 0x0000000100000000)
  region size 1024K, 1 young (1024K), 1 survivors (1024K)
 Metaspace       used 133032K, capacity 137221K, committed 137552K, reserved 1169408K
  class space    used 16880K, capacity 18494K, committed 18636K, reserved 1048576K
}
Event: 2336.111 GC heap before
{Heap before GC invocations=74 (full 0):
 garbage-first heap   total 239616K, used 130398K [0x0000000080000000, 0x0000000100000000)
  region size 1024K, 11 young (11264K), 1 survivors (1024K)
 Metaspace       used 133069K, capacity 137294K, committed 137552K, reserved 1169408K
  class space    used 16880K, capacity 18494K, committed 18636K, reserved 1048576K
}
Event: 2336.141 GC heap after
{Heap after GC invocations=75 (full 0):
 garbage-first heap   total 239616K, used 115850K [0x0000000080000000, 0x0000000100000000)
  region size 1024K, 2 young (2048K), 2 survivors (2048K)
 Metaspace       used 133069K, capacity 137294K, committed 137552K, reserved 1169408K
  class space    used 16880K, capacity 18494K, committed 18636K, reserved 1048576K
}
Event: 2336.348 GC heap before
{Heap before GC invocations=75 (full 0):
 garbage-first heap   total 239616K, used 125066K [0x0000000080000000, 0x0000000100000000)
  region size 1024K, 11 young (11264K), 2 survivors (2048K)
 Metaspace       used 133092K, capacity 137361K, committed 137808K, reserved 1169408K
  class space    used 16880K, capacity 18495K, committed 18636K, reserved 1048576K
}
Event: 2336.367 GC heap after
{Heap after GC invocations=76 (full 0):
 garbage-first heap   total 239616K, used 116794K [0x0000000080000000, 0x0000000100000000)
  region size 1024K, 2 young (2048K), 2 survivors (2048K)
 Metaspace       used 133092K, capacity 137361K, committed 137808K, reserved 1169408K
  class space    used 16880K, capacity 18495K, committed 18636K, reserved 1048576K
}
Event: 3091.959 GC heap before
{Heap before GC invocations=76 (full 0):
 garbage-first heap   total 239616K, used 149562K [0x0000000080000000, 0x0000000100000000)
  region size 1024K, 36 young (36864K), 2 survivors (2048K)
 Metaspace       used 133211K, capacity 137517K, committed 137808K, reserved 1169408K
  class space    used 16898K, capacity 18516K, committed 18636K, reserved 1048576K
}
Event: 3092.161 GC heap after
{Heap after GC invocations=77 (full 0):
 garbage-first heap   total 239616K, used 117824K [0x0000000080000000, 0x0000000100000000)
  region size 1024K, 3 young (3072K), 3 survivors (3072K)
 Metaspace       used 133211K, capacity 137517K, committed 137808K, reserved 1169408K
  class space    used 16898K, capacity 18516K, committed 18636K, reserved 1048576K
}
Event: 3096.666 GC heap before
{Heap before GC invocations=78 (full 0):
 garbage-first heap   total 239616K, used 200768K [0x0000000080000000, 0x0000000100000000)
  region size 1024K, 39 young (39936K), 3 survivors (3072K)
 Metaspace       used 134515K, capacity 138972K, committed 139344K, reserved 1169408K
  class space    used 17086K, capacity 18728K, committed 18892K, reserved 1048576K
}
Event: 3096.746 GC heap after
{Heap after GC invocations=79 (full 0):
 garbage-first heap   total 239616K, used 160410K [0x0000000080000000, 0x0000000100000000)
  region size 1024K, 5 young (5120K), 5 survivors (5120K)
 Metaspace       used 134515K, capacity 138972K, committed 139344K, reserved 1169408K
  class space    used 17086K, capacity 18728K, committed 18892K, reserved 1048576K
}
Event: 3097.254 GC heap before
{Heap before GC invocations=79 (full 0):
 garbage-first heap   total 239616K, used 166554K [0x0000000080000000, 0x0000000100000000)
  region size 1024K, 11 young (11264K), 5 survivors (5120K)
 Metaspace       used 134897K, capacity 139250K, committed 139600K, reserved 1169408K
  class space    used 17155K, capacity 18801K, committed 18892K, reserved 1048576K
}
Event: 3097.319 GC heap after
{Heap after GC invocations=80 (full 0):
 garbage-first heap   total 239616K, used 151276K [0x0000000080000000, 0x0000000100000000)
  region size 1024K, 1 young (1024K), 1 survivors (1024K)
 Metaspace       used 134897K, capacity 139250K, committed 139600K, reserved 1169408K
  class space    used 17155K, capacity 18801K, committed 18892K, reserved 1048576K
}
Event: 3097.777 GC heap before
{Heap before GC invocations=80 (full 0):
 garbage-first heap   total 239616K, used 166636K [0x0000000080000000, 0x0000000100000000)
  region size 1024K, 11 young (11264K), 1 survivors (1024K)
 Metaspace       used 135003K, capacity 139434K, committed 139728K, reserved 1169408K
  class space    used 17170K, capacity 18841K, committed 19020K, reserved 1048576K
}

Deoptimization events (20 events):
Event: 3096.860 Thread 0x000002341bb0b800 DEOPT PACKING pc=0x000002340508047e sp=0x0000005a324f7310
Event: 3096.860 Thread 0x000002341bb0b800 DEOPT UNPACKING pc=0x0000023403aba95e sp=0x0000005a324f67d8 mode 0
Event: 3097.087 Thread 0x000002341bb0b800 Uncommon trap: trap_request=0xffffff4d fr.pc=0x000002340be0ee68 relative=0x0000000000000128
Event: 3097.087 Thread 0x000002341bb0b800 Uncommon trap: reason=unstable_if action=reinterpret pc=0x000002340be0ee68 method=java.lang.ref.SoftReference.get()Ljava/lang/Object; @ 6 c2
Event: 3097.087 Thread 0x000002341bb0b800 DEOPT PACKING pc=0x000002340be0ee68 sp=0x0000005a324fae50
Event: 3097.092 Thread 0x000002341bb0b800 DEOPT UNPACKING pc=0x0000023403aba1af sp=0x0000005a324fad90 mode 2
Event: 3097.159 Thread 0x000002341bb0b800 Uncommon trap: trap_request=0xffffff4d fr.pc=0x000002340bea53d0 relative=0x0000000000000210
Event: 3097.159 Thread 0x000002341bb0b800 Uncommon trap: reason=unstable_if action=reinterpret pc=0x000002340bea53d0 method=java.util.concurrent.locks.ReentrantReadWriteLock$Sync.tryAcquireShared(I)I @ 13 c2
Event: 3097.159 Thread 0x000002341bb0b800 DEOPT PACKING pc=0x000002340bea53d0 sp=0x0000005a324fbdf0
Event: 3097.159 Thread 0x000002341bb0b800 DEOPT UNPACKING pc=0x0000023403aba1af sp=0x0000005a324fbce0 mode 2
Event: 3097.168 Thread 0x000002341bb0b800 Uncommon trap: trap_request=0xffffff4d fr.pc=0x000002340bd100cc relative=0x000000000000020c
Event: 3097.168 Thread 0x000002341bb0b800 Uncommon trap: reason=unstable_if action=reinterpret pc=0x000002340bd100cc method=java.util.concurrent.locks.ReentrantReadWriteLock$Sync.tryAcquireShared(I)I @ 13 c2
Event: 3097.168 Thread 0x000002341bb0b800 DEOPT PACKING pc=0x000002340bd100cc sp=0x0000005a324fbd50
Event: 3097.168 Thread 0x000002341bb0b800 DEOPT UNPACKING pc=0x0000023403aba1af sp=0x0000005a324fbcf0 mode 2
Event: 3097.168 Thread 0x000002341bb0b800 Uncommon trap: trap_request=0xffffff4d fr.pc=0x000002340b7d20e4 relative=0x0000000000000604
Event: 3097.168 Thread 0x000002341bb0b800 Uncommon trap: reason=unstable_if action=reinterpret pc=0x000002340b7d20e4 method=java.lang.ref.SoftReference.get()Ljava/lang/Object; @ 6 c2
Event: 3097.168 Thread 0x000002341bb0b800 DEOPT PACKING pc=0x000002340b7d20e4 sp=0x0000005a324fbda0
Event: 3097.169 Thread 0x000002341bb0b800 DEOPT UNPACKING pc=0x0000023403aba1af sp=0x0000005a324fbc28 mode 2
Event: 3097.411 Thread 0x000002341bb0b800 DEOPT PACKING pc=0x0000023404a7418c sp=0x0000005a324f1490
Event: 3097.411 Thread 0x000002341bb0b800 DEOPT UNPACKING pc=0x0000023403aba95e sp=0x0000005a324f0a68 mode 0

Classes redefined (0 events):
No events

Internal exceptions (20 events):
Event: 3096.659 Thread 0x000002341bb0b800 Exception <a 'java/lang/ClassNotFoundException'{0x000000008c6cbab8}: org/jetbrains/plugins/gradle/tooling/builder/ExternalProjectBuilderImplBeanInfo> (0x000000008c6cbab8) thrown at [src/hotspot/share/classfile/systemDictionary.cpp, line 230]
Event: 3096.660 Thread 0x000002341bb0b800 Exception <a 'java/lang/ClassNotFoundException'{0x000000008c6d8420}: org/jetbrains/plugins/gradle/tooling/builder/ExternalProjectBuilderImplCustomizer> (0x000000008c6d8420) thrown at [src/hotspot/share/classfile/systemDictionary.cpp, line 230]
Event: 3096.791 Thread 0x000002341bb0b800 Exception <a 'java/lang/ClassNotFoundException'{0x000000008e995030}: org/jetbrains/plugins/gradle/tooling/tasks/DependenciesReport$ReportGeneratorBeanInfo> (0x000000008e995030) thrown at [src/hotspot/share/classfile/systemDictionary.cpp, line 230]
Event: 3096.792 Thread 0x000002341bb0b800 Exception <a 'java/lang/ClassNotFoundException'{0x000000008e9a1b70}: org/jetbrains/plugins/gradle/tooling/tasks/DependenciesReport$ReportGeneratorCustomizer> (0x000000008e9a1b70) thrown at [src/hotspot/share/classfile/systemDictionary.cpp, line 230]
Event: 3096.799 Thread 0x000002341bb0b800 Exception <a 'java/lang/ClassNotFoundException'{0x000000008e9ddee8}: org/jetbrains/plugins/gradle/tooling/builder/DependencyGraphModelBuilderImplBeanInfo> (0x000000008e9ddee8) thrown at [src/hotspot/share/classfile/systemDictionary.cpp, line 230]
Event: 3096.804 Thread 0x000002341bb0b800 Exception <a 'java/lang/ClassNotFoundException'{0x000000008e9eaa28}: org/jetbrains/plugins/gradle/tooling/builder/DependencyGraphModelBuilderImplCustomizer> (0x000000008e9eaa28) thrown at [src/hotspot/share/classfile/systemDictionary.cpp, line 230]
Event: 3096.830 Thread 0x000002341bb0b800 Exception <a 'java/lang/ClassNotFoundException'{0x000000008e83dc18}: org/jetbrains/plugins/gradle/tooling/builder/ExternalTestsModelBuilderImplBeanInfo> (0x000000008e83dc18) thrown at [src/hotspot/share/classfile/systemDictionary.cpp, line 230]
Event: 3096.831 Thread 0x000002341bb0b800 Exception <a 'java/lang/ClassNotFoundException'{0x000000008e84a6d0}: org/jetbrains/plugins/gradle/tooling/builder/ExternalTestsModelBuilderImplCustomizer> (0x000000008e84a6d0) thrown at [src/hotspot/share/classfile/systemDictionary.cpp, line 230]
Event: 3096.862 Thread 0x000002341bb0b800 Exception <a 'java/lang/ClassNotFoundException'{0x000000008e8aed60}: org/jetbrains/plugins/gradle/tooling/builder/ProjectExtensionsDataBuilderImplBeanInfo> (0x000000008e8aed60) thrown at [src/hotspot/share/classfile/systemDictionary.cpp, line 230]
Event: 3096.862 Thread 0x000002341bb0b800 Exception <a 'java/lang/ClassNotFoundException'{0x000000008e8bb808}: org/jetbrains/plugins/gradle/tooling/builder/ProjectExtensionsDataBuilderImplCustomizer> (0x000000008e8bb808) thrown at [src/hotspot/share/classfile/systemDictionary.cpp, line 230]
Event: 3096.972 Thread 0x000002341bb0b800 Exception <a 'java/lang/ClassNotFoundException'{0x000000008e8f34e8}: org/jetbrains/plugins/gradle/tooling/builder/IntelliJSettingsBuilderBeanInfo> (0x000000008e8f34e8) thrown at [src/hotspot/share/classfile/systemDictionary.cpp, line 230]
Event: 3096.973 Thread 0x000002341bb0b800 Exception <a 'java/lang/ClassNotFoundException'{0x000000008e700000}: org/jetbrains/plugins/gradle/tooling/builder/IntelliJSettingsBuilderCustomizer> (0x000000008e700000) thrown at [src/hotspot/share/classfile/systemDictionary.cpp, line 230]
Event: 3096.983 Thread 0x000002341bb0b800 Exception <a 'java/lang/ClassNotFoundException'{0x000000008e7380c8}: org/jetbrains/plugins/gradle/tooling/builder/IntelliJProjectSettingsBuilderBeanInfo> (0x000000008e7380c8) thrown at [src/hotspot/share/classfile/systemDictionary.cpp, line 230]
Event: 3096.983 Thread 0x000002341bb0b800 Exception <a 'java/lang/ClassNotFoundException'{0x000000008e744c40}: org/jetbrains/plugins/gradle/tooling/builder/IntelliJProjectSettingsBuilderCustomizer> (0x000000008e744c40) thrown at [src/hotspot/share/classfile/systemDictionary.cpp, line 230]
Event: 3097.087 Thread 0x000002341bb0b800 Implicit null exception at 0x000002340be0eda4 to 0x000002340be0ee58
Event: 3097.168 Thread 0x000002341bb0b800 Implicit null exception at 0x000002340b7d1d37 to 0x000002340b7d20c8
Event: 3097.226 Thread 0x000002341bb0b800 Exception <a 'java/lang/ClassNotFoundException'{0x000000008e4515a0}: org/jetbrains/plugins/gradle/model/web/WebConfigurationBeanInfo> (0x000000008e4515a0) thrown at [src/hotspot/share/classfile/systemDictionary.cpp, line 230]
Event: 3097.226 Thread 0x000002341bb0b800 Exception <a 'java/lang/ClassNotFoundException'{0x000000008e461718}: org/jetbrains/plugins/gradle/model/web/WebConfigurationCustomizer> (0x000000008e461718) thrown at [src/hotspot/share/classfile/systemDictionary.cpp, line 230]
Event: 3097.231 Thread 0x000002341bb0b800 Exception <a 'java/lang/ClassNotFoundException'{0x000000008e493ad0}: org/jetbrains/plugins/gradle/model/scala/ScalaModelBeanInfo> (0x000000008e493ad0) thrown at [src/hotspot/share/classfile/systemDictionary.cpp, line 230]
Event: 3097.232 Thread 0x000002341bb0b800 Exception <a 'java/lang/ClassNotFoundException'{0x000000008e4a3d60}: org/jetbrains/plugins/gradle/model/scala/ScalaModelCustomizer> (0x000000008e4a3d60) thrown at [src/hotspot/share/classfile/systemDictionary.cpp, line 230]

Events (20 events):
Event: 3097.459 loading class com/android/ide/gradle/model/builder/LegacyApplicationIdModelBuilder$Companion$maybeRegister$4
Event: 3097.459 loading class com/android/ide/gradle/model/builder/LegacyApplicationIdModelBuilder$Companion$maybeRegister$4 done
Event: 3097.461 loading class com/android/ide/gradle/model/builder/LegacyApplicationIdModelBuilder$Companion$maybeRegister$5
Event: 3097.461 loading class com/android/ide/gradle/model/builder/LegacyApplicationIdModelBuilder$Companion$maybeRegister$5 done
Event: 3097.464 Thread 0x000002341bb14800 Thread added: 0x000002341bb14800
Event: 3097.469 loading class com/android/ide/gradle/model/artifacts/samples/SamplesVariantRule
Event: 3097.469 loading class com/android/ide/gradle/model/artifacts/samples/SamplesVariantRule done
Event: 3097.471 loading class org/gradle/api/artifacts/ComponentMetadataRule
Event: 3097.471 loading class org/gradle/api/artifacts/ComponentMetadataRule done
Event: 3097.471 loading class org/gradle/api/artifacts/ComponentMetadataRule
Event: 3097.471 loading class org/gradle/api/artifacts/ComponentMetadataRule done
Event: 3097.475 loading class org/gradle/api/artifacts/dsl/ComponentMetadataHandler
Event: 3097.475 loading class org/gradle/api/artifacts/dsl/ComponentMetadataHandler done
Event: 3097.475 loading class org/gradle/api/artifacts/CacheableRule
Event: 3097.475 loading class org/gradle/api/artifacts/CacheableRule done
Event: 3097.477 loading class org/gradle/api/internal/artifacts/dsl/ClassBasedMetadataRuleWrapper
Event: 3097.477 loading class org/gradle/api/internal/artifacts/dsl/ClassBasedMetadataRuleWrapper done
Event: 3097.481 loading class com/android/ide/gradle/model/artifacts/builder/AdditionalClassifierArtifactsModelBuilder
Event: 3097.481 loading class com/android/ide/gradle/model/artifacts/builder/AdditionalClassifierArtifactsModelBuilder done
Event: 3097.777 Executing VM operation: G1CollectForAllocation


Dynamic libraries:
0x00007ff6b93c0000 - 0x00007ff6b93ca000 	C:\Program Files\Android\Android Studio\jbr\bin\java.exe
0x00007ff8fdc10000 - 0x00007ff8fde08000 	C:\WINDOWS\SYSTEM32\ntdll.dll
0x00007ff8fbd10000 - 0x00007ff8fbdcf000 	C:\WINDOWS\System32\KERNEL32.DLL
0x00007ff8fb2f0000 - 0x00007ff8fb5e6000 	C:\WINDOWS\System32\KERNELBASE.dll
0x00007ff8fb6c0000 - 0x00007ff8fb7c0000 	C:\WINDOWS\System32\ucrtbase.dll
0x00007ff8e5760000 - 0x00007ff8e5777000 	C:\Program Files\Android\Android Studio\jbr\bin\jli.dll
0x00007ff8e5780000 - 0x00007ff8e579b000 	C:\Program Files\Android\Android Studio\jbr\bin\VCRUNTIME140.dll
0x00007ff8fc560000 - 0x00007ff8fc6fd000 	C:\WINDOWS\System32\USER32.dll
0x00007ff8fb5f0000 - 0x00007ff8fb612000 	C:\WINDOWS\System32\win32u.dll
0x00007ff8fa680000 - 0x00007ff8fa91a000 	C:\WINDOWS\WinSxS\amd64_microsoft.windows.common-controls_6595b64144ccf1df_6.0.19041.1110_none_60b5254171f9507e\COMCTL32.dll
0x00007ff8fc700000 - 0x00007ff8fc72c000 	C:\WINDOWS\System32\GDI32.dll
0x00007ff8fbc70000 - 0x00007ff8fbd0e000 	C:\WINDOWS\System32\msvcrt.dll
0x00007ff8fbb00000 - 0x00007ff8fbc15000 	C:\WINDOWS\System32\gdi32full.dll
0x00007ff8fb620000 - 0x00007ff8fb6bd000 	C:\WINDOWS\System32\msvcp_win.dll
0x00007ff8fc990000 - 0x00007ff8fc9c0000 	C:\WINDOWS\System32\IMM32.DLL
0x00007ff8d80c0000 - 0x00007ff8d814d000 	C:\Program Files\Android\Android Studio\jbr\bin\msvcp140.dll
0x00007ff8f6260000 - 0x00007ff8f626c000 	C:\WINDOWS\SYSTEM32\VCRUNTIME140_1.dll
0x00007ff8d3440000 - 0x00007ff8d3ffc000 	C:\Program Files\Android\Android Studio\jbr\bin\server\jvm.dll
0x00007ff8fcc00000 - 0x00007ff8fccaf000 	C:\WINDOWS\System32\ADVAPI32.dll
0x00007ff8fbe30000 - 0x00007ff8fbecc000 	C:\WINDOWS\System32\sechost.dll
0x00007ff8fd680000 - 0x00007ff8fd7a6000 	C:\WINDOWS\System32\RPCRT4.dll
0x00007ff8fcb20000 - 0x00007ff8fcb28000 	C:\WINDOWS\System32\PSAPI.DLL
0x00007ff8f60a0000 - 0x00007ff8f60a9000 	C:\WINDOWS\SYSTEM32\WSOCK32.dll
0x00007ff8fcec0000 - 0x00007ff8fcf2b000 	C:\WINDOWS\System32\WS2_32.dll
0x00007ff8ecfd0000 - 0x00007ff8ecff7000 	C:\WINDOWS\SYSTEM32\WINMM.dll
0x00007ff8ec1d0000 - 0x00007ff8ec1da000 	C:\WINDOWS\SYSTEM32\VERSION.dll
0x00007ff8f83b0000 - 0x00007ff8f83c2000 	C:\WINDOWS\SYSTEM32\kernel.appcore.dll
0x00007ff8f6090000 - 0x00007ff8f60a0000 	C:\Program Files\Android\Android Studio\jbr\bin\verify.dll
0x00007ff8fad00000 - 0x00007ff8faee4000 	C:\WINDOWS\SYSTEM32\DBGHELP.DLL
0x00007ff8faaa0000 - 0x00007ff8faad4000 	C:\WINDOWS\SYSTEM32\dbgcore.DLL
0x00007ff8fb830000 - 0x00007ff8fb8b2000 	C:\WINDOWS\System32\bcryptPrimitives.dll
0x00007ff8f6040000 - 0x00007ff8f6068000 	C:\Program Files\Android\Android Studio\jbr\bin\java.dll
0x00007ff8f6010000 - 0x00007ff8f601a000 	C:\Program Files\Android\Android Studio\jbr\bin\jimage.dll
0x00007ff8f2780000 - 0x00007ff8f2798000 	C:\Program Files\Android\Android Studio\jbr\bin\zip.dll
0x00007ff8fcf30000 - 0x00007ff8fd674000 	C:\WINDOWS\System32\SHELL32.dll
0x00007ff8f85b0000 - 0x00007ff8f8d43000 	C:\WINDOWS\SYSTEM32\windows.storage.dll
0x00007ff8fd7c0000 - 0x00007ff8fdb14000 	C:\WINDOWS\System32\combase.dll
0x00007ff8fa5e0000 - 0x00007ff8fa60e000 	C:\WINDOWS\SYSTEM32\Wldp.dll
0x00007ff8fbed0000 - 0x00007ff8fbf7d000 	C:\WINDOWS\System32\SHCORE.dll
0x00007ff8fbdd0000 - 0x00007ff8fbe25000 	C:\WINDOWS\System32\shlwapi.dll
0x00007ff8fb230000 - 0x00007ff8fb24f000 	C:\WINDOWS\SYSTEM32\profapi.dll
0x00007ff8eb250000 - 0x00007ff8eb269000 	C:\Program Files\Android\Android Studio\jbr\bin\net.dll
0x00007ff8f0fe0000 - 0x00007ff8f10ea000 	C:\WINDOWS\SYSTEM32\WINHTTP.dll
0x00007ff8fa4b0000 - 0x00007ff8fa51a000 	C:\WINDOWS\system32\mswsock.dll
0x00007ff8eb230000 - 0x00007ff8eb243000 	C:\Program Files\Android\Android Studio\jbr\bin\nio.dll
0x00007ff8e57a0000 - 0x00007ff8e57c7000 	C:\Users\thima\AndroidStudioProjects\DemoApp\native\e1d6ef7f7dcc3fd88c89a11ec53ec762bb8ba0a96d01ffa2cd45eb1d1d8dd5c5\windows-amd64\native-platform.dll
0x00007ff8d7020000 - 0x00007ff8d7164000 	C:\Users\thima\AndroidStudioProjects\DemoApp\native\0d407fdbe67a94daf76414ababcb853783967236a71b16ec16e742cd7a986fd3\windows-amd64\native-platform-file-events.dll
0x00007ff8f5fe0000 - 0x00007ff8f5fea000 	C:\Program Files\Android\Android Studio\jbr\bin\management.dll
0x00007ff8f2770000 - 0x00007ff8f277b000 	C:\Program Files\Android\Android Studio\jbr\bin\management_ext.dll
0x00007ff8fb010000 - 0x00007ff8fb028000 	C:\WINDOWS\SYSTEM32\CRYPTSP.dll
0x00007ff8f9cc0000 - 0x00007ff8f9cf4000 	C:\WINDOWS\system32\rsaenh.dll
0x00007ff8fbad0000 - 0x00007ff8fbaf7000 	C:\WINDOWS\System32\bcrypt.dll
0x00007ff8fb1b0000 - 0x00007ff8fb1de000 	C:\WINDOWS\SYSTEM32\USERENV.dll
0x00007ff8fa5a0000 - 0x00007ff8fa5ac000 	C:\WINDOWS\SYSTEM32\CRYPTBASE.dll
0x00007ff8fa030000 - 0x00007ff8fa06c000 	C:\WINDOWS\SYSTEM32\IPHLPAPI.DLL
0x00007ff8fd7b0000 - 0x00007ff8fd7b8000 	C:\WINDOWS\System32\NSI.dll
0x00007ff8f37f0000 - 0x00007ff8f3807000 	C:\WINDOWS\SYSTEM32\dhcpcsvc6.DLL
0x00007ff8f37a0000 - 0x00007ff8f37bd000 	C:\WINDOWS\SYSTEM32\dhcpcsvc.DLL
0x00007ff8fa070000 - 0x00007ff8fa13b000 	C:\WINDOWS\SYSTEM32\DNSAPI.dll
0x00007ff8e7a00000 - 0x00007ff8e7a27000 	C:\Program Files\Android\Android Studio\jbr\bin\sunec.dll
0x00007ff8fafd0000 - 0x00007ff8fb003000 	C:\WINDOWS\SYSTEM32\ntmarta.dll

dbghelp: loaded successfully - version: 4.0.5 - missing functions: none
symbol engine: initialized successfully - sym options: 0x614 - pdb path: .;C:\Program Files\Android\Android Studio\jbr\bin;C:\WINDOWS\SYSTEM32;C:\WINDOWS\WinSxS\amd64_microsoft.windows.common-controls_6595b64144ccf1df_6.0.19041.1110_none_60b5254171f9507e;C:\Program Files\Android\Android Studio\jbr\bin\server;C:\Users\thima\AndroidStudioProjects\DemoApp\native\e1d6ef7f7dcc3fd88c89a11ec53ec762bb8ba0a96d01ffa2cd45eb1d1d8dd5c5\windows-amd64;C:\Users\thima\AndroidStudioProjects\DemoApp\native\0d407fdbe67a94daf76414ababcb853783967236a71b16ec16e742cd7a986fd3\windows-amd64

VM Arguments:
jvm_args: --add-opens=java.base/java.util=ALL-UNNAMED --add-opens=java.base/java.lang=ALL-UNNAMED --add-opens=java.base/java.lang.invoke=ALL-UNNAMED --add-opens=java.base/java.util=ALL-UNNAMED --add-opens=java.prefs/java.util.prefs=ALL-UNNAMED --add-opens=java.prefs/java.util.prefs=ALL-UNNAMED --add-opens=java.base/java.nio.charset=ALL-UNNAMED --add-opens=java.base/java.net=ALL-UNNAMED --add-opens=java.base/java.util.concurrent.atomic=ALL-UNNAMED -Xmx2048m -Dfile.encoding=UTF-8 -Duser.country=US -Duser.language=en -Duser.variant 
java_command: org.gradle.launcher.daemon.bootstrap.GradleDaemon 7.5
java_class_path (initial): C:\Users\thima\AndroidStudioProjects\DemoApp\wrapper\dists\gradle-7.5-bin\f1w0cc9nuo0eivz97x2xlu9sv\gradle-7.5\lib\gradle-launcher-7.5.jar
Launcher Type: SUN_STANDARD

[Global flags]
     intx CICompilerCount                          = 3                                         {product} {ergonomic}
     uint ConcGCThreads                            = 1                                         {product} {ergonomic}
     uint G1ConcRefinementThreads                  = 4                                         {product} {ergonomic}
   size_t G1HeapRegionSize                         = 1048576                                   {product} {ergonomic}
    uintx GCDrainStackTargetSize                   = 64                                        {product} {ergonomic}
   size_t InitialHeapSize                          = 67108864                                  {product} {ergonomic}
   size_t MarkStackSize                            = 4194304                                   {product} {ergonomic}
   size_t MaxHeapSize                              = 2147483648                                {product} {command line}
   size_t MaxNewSize                               = 1287651328                                {product} {ergonomic}
   size_t MinHeapDeltaBytes                        = 1048576                                   {product} {ergonomic}
    uintx NonNMethodCodeHeapSize                   = 5830732                                {pd product} {ergonomic}
    uintx NonProfiledCodeHeapSize                  = 122913754                              {pd product} {ergonomic}
    uintx ProfiledCodeHeapSize                     = 122913754                              {pd product} {ergonomic}
    uintx ReservedCodeCacheSize                    = 251658240                              {pd product} {ergonomic}
     bool SegmentedCodeCache                       = true                                      {product} {ergonomic}
     bool UseCompressedClassPointers               = true                                 {lp64_product} {ergonomic}
     bool UseCompressedOops                        = true                                 {lp64_product} {ergonomic}
     bool UseG1GC                                  = true                                      {product} {ergonomic}
     bool UseLargePagesIndividualAllocation        = false                                  {pd product} {ergonomic}

Logging:
Log output configuration:
 #0: stdout all=warning uptime,level,tags
 #1: stderr all=off uptime,level,tags

Environment Variables:
JAVA_HOME=C:\Program Files\Java\jdk1.8.0_333
PATH=C:\Python310\Scripts\;C:\Python310\;C:\Program Files (x86)\Common Files\Oracle\Java\javapath;C:\WINDOWS\system32;C:\WINDOWS;C:\WINDOWS\System32\Wbem;C:\WINDOWS\System32\WindowsPowerShell\v1.0\;C:\WINDOWS\System32\OpenSSH\;C:\Program Files\Java\jdk1.8.0_333\bin;C:\ProgramData\chocolatey\bin;C:\Program Files\nodejs\;C:\xampp\php;C:\ProgramData\ComposerSetup\bin;C:\Program Files\Git\cmd;C:\Users\thima\AppData\Local\Microsoft\WindowsApps;C:\Users\thima\AppData\Local\Programs\Microsoft VS Code\bin;C:\Users\thima\AppData\Roaming\npm;C:\Program Files\CodeBlocks\MinGW\bin;C:\Users\thima\AppData\Roaming\Composer\vendor\bin;C:\Program Files\Git\bin\git.exe;
USERNAME=thima
OS=Windows_NT
PROCESSOR_IDENTIFIER=Intel64 Family 6 Model 58 Stepping 9, GenuineIntel



---------------  S Y S T E M  ---------------

OS: Windows 10 , 64 bit Build 19041 (10.0.19041.2913)
OS uptime: 0 days 3:37 hours

CPU:total 4 (initial active 4) (2 cores per cpu, 2 threads per core) family 6 model 58 stepping 9 microcode 0x21, cmov, cx8, fxsr, mmx, sse, sse2, sse3, ssse3, sse4.1, sse4.2, popcnt, avx, aes, clmul, erms, ht, tsc, tscinvbit, tscinv

Memory: 4k page, system-wide physical 3969M (487M free)
TotalPageFile size 8536M (AvailPageFile size 2825M)
current process WorkingSet (physical memory assigned to process): 473M, peak: 508M
current process commit charge ("private bytes"): 615M, peak: 620M

vm_info: OpenJDK 64-Bit Server VM (11.0.15+0-b2043.56-8887301) for windows-amd64 JRE (11.0.15+0-b2043.56-8887301), built on Jul 29 2022 23:19:47 by "builduser" with unknown MS VC++:1929

END.
